[ 2017-02-12T00:28:07+08:00 ] 106.38.231.218 http://106.2.112.147/proxyip/check
INFO: [ app_init ] --START--
INFO: Run Behavior\BuildLiteBehavior [ RunTime:0.000023s ]
INFO: [ app_init ] --END-- [ RunTime:0.000363s ]
ERR: æ— æ³•åŠ è½½æ¨¡å—:Proxyip

[ 2017-02-12T01:17:59+08:00 ] 42.120.161.65 /forum.php?mod=viewthread&tid=47510
INFO: [ app_init ] --START--
INFO: Run Behavior\BuildLiteBehavior [ RunTime:0.000020s ]
INFO: [ app_init ] --END-- [ RunTime:0.000344s ]
ERR: æ— æ³•åŠ è½½æ¨¡å—:Forum

[ 2017-02-12T01:56:00+08:00 ] 178.154.189.36 /favicon.ico
INFO: [ app_init ] --START--
INFO: Run Behavior\BuildLiteBehavior [ RunTime:0.000019s ]
INFO: [ app_init ] --END-- [ RunTime:0.000333s ]
ERR: æ— æ³•åŠ è½½æ¨¡å—:Favicon

[ 2017-02-12T02:08:04+08:00 ] 139.162.88.63 http://clientapi.ipip.net/echo.php?info=1234567890
INFO: [ app_init ] --START--
INFO: Run Behavior\BuildLiteBehavior [ RunTime:0.000024s ]
INFO: [ app_init ] --END-- [ RunTime:0.000435s ]
ERR: æ— æ³•åŠ è½½æ¨¡å—:Echo

[ 2017-02-12T02:21:13+08:00 ] 207.46.13.213 /robots.txt
INFO: [ app_init ] --START--
INFO: Run Behavior\BuildLiteBehavior [ RunTime:0.000027s ]
INFO: [ app_init ] --END-- [ RunTime:0.000483s ]
ERR: æ— æ³•åŠ è½½æ¨¡å—:Robots

[ 2017-02-12T02:27:15+08:00 ] 106.38.231.219 http://106.2.112.147/proxyip/check
INFO: [ app_init ] --START--
INFO: Run Behavior\BuildLiteBehavior [ RunTime:0.000024s ]
INFO: [ app_init ] --END-- [ RunTime:0.000450s ]
ERR: æ— æ³•åŠ è½½æ¨¡å—:Proxyip

[ 2017-02-12T03:50:26+08:00 ] 46.165.197.141 /robots.txt
INFO: [ app_init ] --START--
INFO: Run Behavior\BuildLiteBehavior [ RunTime:0.000024s ]
INFO: [ app_init ] --END-- [ RunTime:0.000395s ]
ERR: æ— æ³•åŠ è½½æ¨¡å—:Robots

[ 2017-02-12T03:50:41+08:00 ] 46.165.197.141 /robots.txt
INFO: [ app_init ] --START--
INFO: Run Behavior\BuildLiteBehavior [ RunTime:0.000020s ]
INFO: [ app_init ] --END-- [ RunTime:0.000322s ]
ERR: æ— æ³•åŠ è½½æ¨¡å—:Robots

[ 2017-02-12T04:32:27+08:00 ] 123.126.94.252 http://106.2.112.147/proxyip/check
INFO: [ app_init ] --START--
INFO: Run Behavior\BuildLiteBehavior [ RunTime:0.000028s ]
INFO: [ app_init ] --END-- [ RunTime:0.000414s ]
ERR: æ— æ³•åŠ è½½æ¨¡å—:Proxyip

[ 2017-02-12T05:05:14+08:00 ] 111.202.102.70 /robots.txt
INFO: [ app_init ] --START--
INFO: Run Behavior\BuildLiteBehavior [ RunTime:0.000019s ]
INFO: [ app_init ] --END-- [ RunTime:0.000407s ]
ERR: æ— æ³•åŠ è½½æ¨¡å—:Robots

[ 2017-02-12T05:34:52+08:00 ] 91.196.50.33 http://testp1.piwo.pila.pl/testproxy.php
INFO: [ app_init ] --START--
INFO: Run Behavior\BuildLiteBehavior [ RunTime:0.000028s ]
INFO: [ app_init ] --END-- [ RunTime:0.000706s ]
ERR: æ— æ³•åŠ è½½æ¨¡å—:Testproxy

[ 2017-02-12T06:01:10+08:00 ] 141.8.142.88 /robots.txt
INFO: [ app_init ] --START--
INFO: Run Behavior\BuildLiteBehavior [ RunTime:0.000019s ]
INFO: [ app_init ] --END-- [ RunTime:0.000323s ]
ERR: æ— æ³•åŠ è½½æ¨¡å—:Robots

[ 2017-02-12T06:12:23+08:00 ] 42.236.99.23 /forum.php?mod=viewthread&tid=30664
INFO: [ app_init ] --START--
INFO: Run Behavior\BuildLiteBehavior [ RunTime:0.000020s ]
INFO: [ app_init ] --END-- [ RunTime:0.004431s ]
ERR: æ— æ³•åŠ è½½æ¨¡å—:Forum

[ 2017-02-12T06:12:23+08:00 ] 42.236.99.58 /forum.php?mod=viewthread&tid=28054
INFO: [ app_init ] --START--
INFO: Run Behavior\BuildLiteBehavior [ RunTime:0.000023s ]
INFO: [ app_init ] --END-- [ RunTime:0.000342s ]
ERR: æ— æ³•åŠ è½½æ¨¡å—:Forum

[ 2017-02-12T06:12:23+08:00 ] 42.236.10.106 /forum.php?fromuid=49760&mod=viewthread&tid=46081
INFO: [ app_init ] --START--
INFO: Run Behavior\BuildLiteBehavior [ RunTime:0.000029s ]
INFO: [ app_init ] --END-- [ RunTime:0.005465s ]
ERR: æ— æ³•åŠ è½½æ¨¡å—:Forum

[ 2017-02-12T06:37:25+08:00 ] 106.38.231.218 http://106.2.112.147/proxyip/check
INFO: [ app_init ] --START--
INFO: Run Behavior\BuildLiteBehavior [ RunTime:0.000021s ]
INFO: [ app_init ] --END-- [ RunTime:0.000344s ]
ERR: æ— æ³•åŠ è½½æ¨¡å—:Proxyip

[ 2017-02-12T08:43:13+08:00 ] 123.126.94.201 http://106.2.112.147/proxyip/check
INFO: [ app_init ] --START--
INFO: Run Behavior\BuildLiteBehavior [ RunTime:0.000022s ]
INFO: [ app_init ] --END-- [ RunTime:0.000346s ]
ERR: æ— æ³•åŠ è½½æ¨¡å—:Proxyip

[ 2017-02-12T08:58:43+08:00 ] 66.249.66.102 /robots.txt
INFO: [ app_init ] --START--
INFO: Run Behavior\BuildLiteBehavior [ RunTime:0.000020s ]
INFO: [ app_init ] --END-- [ RunTime:0.000458s ]
ERR: æ— æ³•åŠ è½½æ¨¡å—:Robots

[ 2017-02-12T08:58:43+08:00 ] 66.249.66.102 /forum.php?mod=viewthread&tid=70469&extra=
INFO: [ app_init ] --START--
INFO: Run Behavior\BuildLiteBehavior [ RunTime:0.000021s ]
INFO: [ app_init ] --END-- [ RunTime:0.000333s ]
ERR: æ— æ³•åŠ è½½æ¨¡å—:Forum

[ 2017-02-12T09:39:39+08:00 ] 66.249.66.42 /robots.txt
INFO: [ app_init ] --START--
INFO: Run Behavior\BuildLiteBehavior [ RunTime:0.000018s ]
INFO: [ app_init ] --END-- [ RunTime:0.000320s ]
ERR: æ— æ³•åŠ è½½æ¨¡å—:Robots

[ 2017-02-12T09:39:39+08:00 ] 66.249.66.42 /Pandlq.html
INFO: [ app_init ] --START--
INFO: Run Behavior\BuildLiteBehavior [ RunTime:0.000024s ]
INFO: [ app_init ] --END-- [ RunTime:0.000452s ]
ERR: æ— æ³•åŠ è½½æ¨¡å—:Pandlq

[ 2017-02-12T10:52:54+08:00 ] 123.126.94.201 http://106.2.112.147/proxyip/check
INFO: [ app_init ] --START--
INFO: Run Behavior\BuildLiteBehavior [ RunTime:0.000025s ]
INFO: [ app_init ] --END-- [ RunTime:0.000453s ]
ERR: æ— æ³•åŠ è½½æ¨¡å—:Proxyip

[ 2017-02-12T12:58:37+08:00 ] 106.38.231.219 http://106.2.112.147/proxyip/check
INFO: [ app_init ] --START--
INFO: Run Behavior\BuildLiteBehavior [ RunTime:0.000025s ]
INFO: [ app_init ] --END-- [ RunTime:0.000445s ]
ERR: æ— æ³•åŠ è½½æ¨¡å—:Proxyip

[ 2017-02-12T13:13:20+08:00 ] 66.249.66.104 /forum.php?mod=viewthread&tid=15150&extra=
INFO: [ app_init ] --START--
INFO: Run Behavior\BuildLiteBehavior [ RunTime:0.000022s ]
INFO: [ app_init ] --END-- [ RunTime:0.000349s ]
ERR: æ— æ³•åŠ è½½æ¨¡å—:Forum

[ 2017-02-12T13:33:19+08:00 ] 66.249.66.102 /forum.php?mod=viewthread&tid=48138&extra=
INFO: [ app_init ] --START--
INFO: Run Behavior\BuildLiteBehavior [ RunTime:0.000024s ]
INFO: [ app_init ] --END-- [ RunTime:0.000361s ]
ERR: æ— æ³•åŠ è½½æ¨¡å—:Forum

[ 2017-02-12T14:14:46+08:00 ] 120.25.103.140 /admin
INFO: [ app_init ] --START--
INFO: Run Behavior\BuildLiteBehavior [ RunTime:0.000029s ]
INFO: [ app_init ] --END-- [ RunTime:0.000528s ]
ERR: æ— æ³•åŠ è½½æ¨¡å—:Admin

[ 2017-02-12T14:26:14+08:00 ] 46.229.164.102 /robots.txt
INFO: [ app_init ] --START--
INFO: Run Behavior\BuildLiteBehavior [ RunTime:0.000031s ]
INFO: [ app_init ] --END-- [ RunTime:0.000658s ]
ERR: æ— æ³•åŠ è½½æ¨¡å—:Robots

[ 2017-02-12T15:02:10+08:00 ] 106.38.231.220 http://106.2.112.147/proxyip/check
INFO: [ app_init ] --START--
INFO: Run Behavior\BuildLiteBehavior [ RunTime:0.000020s ]
INFO: [ app_init ] --END-- [ RunTime:0.000336s ]
ERR: æ— æ³•åŠ è½½æ¨¡å—:Proxyip

[ 2017-02-12T15:04:28+08:00 ] 180.76.15.136 /forum.php?mod=viewthread&tid=9793&fromuid=10031
INFO: [ app_init ] --START--
INFO: Run Behavior\BuildLiteBehavior [ RunTime:0.000021s ]
INFO: [ app_init ] --END-- [ RunTime:0.000340s ]
ERR: æ— æ³•åŠ è½½æ¨¡å—:Forum

[ 2017-02-12T15:14:50+08:00 ] 66.249.66.102 /forum.php?mod=viewthread&tid=64183&extra=
INFO: [ app_init ] --START--
INFO: Run Behavior\BuildLiteBehavior [ RunTime:0.000018s ]
INFO: [ app_init ] --END-- [ RunTime:0.000322s ]
ERR: æ— æ³•åŠ è½½æ¨¡å—:Forum

[ 2017-02-12T16:24:19+08:00 ] 140.205.201.35 /wohgexbjyikl
INFO: [ app_init ] --START--
INFO: Run Behavior\BuildLiteBehavior [ RunTime:0.000022s ]
INFO: [ app_init ] --END-- [ RunTime:0.000405s ]
ERR: æ— æ³•åŠ è½½æ¨¡å—:Wohgexbjyikl

[ 2017-02-12T16:24:19+08:00 ] 140.205.201.35 /wohgexbjyikl
INFO: [ app_init ] --START--
INFO: Run Behavior\BuildLiteBehavior [ RunTime:0.000016s ]
INFO: [ app_init ] --END-- [ RunTime:0.000361s ]
ERR: æ— æ³•åŠ è½½æ¨¡å—:Wohgexbjyikl

[ 2017-02-12T16:24:20+08:00 ] 140.205.201.35 /wohgexbjyikl
INFO: [ app_init ] --START--
INFO: Run Behavior\BuildLiteBehavior [ RunTime:0.000016s ]
INFO: [ app_init ] --END-- [ RunTime:0.000308s ]
ERR: æ— æ³•åŠ è½½æ¨¡å—:Wohgexbjyikl

[ 2017-02-12T16:24:20+08:00 ] 140.205.201.35 /about/
INFO: [ app_init ] --START--
INFO: Run Behavior\BuildLiteBehavior [ RunTime:0.000035s ]
INFO: [ app_init ] --END-- [ RunTime:0.000627s ]
ERR: æ— æ³•åŠ è½½æ¨¡å—:About

[ 2017-02-12T16:28:10+08:00 ] 140.205.201.35 /clusters.jsf
INFO: [ app_init ] --START--
INFO: Run Behavior\BuildLiteBehavior [ RunTime:0.000022s ]
INFO: [ app_init ] --END-- [ RunTime:0.000346s ]
ERR: æ— æ³•åŠ è½½æ¨¡å—:Clusters

[ 2017-02-12T16:43:17+08:00 ] 140.205.201.35 /hwi/
INFO: [ app_init ] --START--
INFO: Run Behavior\BuildLiteBehavior [ RunTime:0.000029s ]
INFO: [ app_init ] --END-- [ RunTime:0.000597s ]
ERR: æ— æ³•åŠ è½½æ¨¡å—:Hwi

[ 2017-02-12T16:53:16+08:00 ] 140.205.201.35 /wp-json/wp/v2/posts
INFO: [ app_init ] --START--
INFO: Run Behavior\BuildLiteBehavior [ RunTime:0.000023s ]
INFO: [ app_init ] --END-- [ RunTime:0.000408s ]
ERR: æ— æ³•åŠ è½½æ¨¡å—:Wp-json

[ 2017-02-12T16:54:39+08:00 ] 140.205.201.35 /jobs/
INFO: [ app_init ] --START--
INFO: Run Behavior\BuildLiteBehavior [ RunTime:0.000021s ]
INFO: [ app_init ] --END-- [ RunTime:0.000340s ]
ERR: æ— æ³•åŠ è½½æ¨¡å—:Jobs

[ 2017-02-12T16:54:41+08:00 ] 140.205.201.35 /ganglia/index.php
INFO: [ app_init ] --START--
INFO: Run Behavior\BuildLiteBehavior [ RunTime:0.000023s ]
INFO: [ app_init ] --END-- [ RunTime:0.000419s ]
ERR: æ— æ³•åŠ è½½æ¨¡å—:Ganglia

[ 2017-02-12T16:54:46+08:00 ] 140.205.201.35 /rs-status
INFO: [ app_init ] --START--
INFO: Run Behavior\BuildLiteBehavior [ RunTime:0.000025s ]
INFO: [ app_init ] --END-- [ RunTime:0.000490s ]
ERR: æ— æ³•åŠ è½½æ¨¡å—:Rs-status

[ 2017-02-12T16:54:54+08:00 ] 140.205.201.35 /master-status
INFO: [ app_init ] --START--
INFO: Run Behavior\BuildLiteBehavior [ RunTime:0.000018s ]
INFO: [ app_init ] --END-- [ RunTime:0.000368s ]
ERR: æ— æ³•åŠ è½½æ¨¡å—:Master-status

[ 2017-02-12T16:54:57+08:00 ] 140.205.201.35 /dfshealth.html
INFO: [ app_init ] --START--
INFO: Run Behavior\BuildLiteBehavior [ RunTime:0.000021s ]
INFO: [ app_init ] --END-- [ RunTime:0.000353s ]
ERR: æ— æ³•åŠ è½½æ¨¡å—:Dfshealth

[ 2017-02-12T16:55:02+08:00 ] 140.205.201.35 /warning
INFO: [ app_init ] --START--
INFO: Run Behavior\BuildLiteBehavior [ RunTime:0.000020s ]
INFO: [ app_init ] --END-- [ RunTime:0.000355s ]
ERR: æ— æ³•åŠ è½½æ¨¡å—:Warning

[ 2017-02-12T16:55:05+08:00 ] 140.205.201.35 /pleasereadthis
INFO: [ app_init ] --START--
INFO: Run Behavior\BuildLiteBehavior [ RunTime:0.000017s ]
INFO: [ app_init ] --END-- [ RunTime:0.000351s ]
ERR: æ— æ³•åŠ è½½æ¨¡å—:Pleasereadthis

[ 2017-02-12T16:55:07+08:00 ] 140.205.201.35 /please_read/_search
INFO: [ app_init ] --START--
INFO: Run Behavior\BuildLiteBehavior [ RunTime:0.000018s ]
INFO: [ app_init ] --END-- [ RunTime:0.000381s ]
ERR: æ— æ³•åŠ è½½æ¨¡å—:Please_read

[ 2017-02-12T16:55:10+08:00 ] 140.205.201.35 /dfshealth.jsp
INFO: [ app_init ] --START--
INFO: Run Behavior\BuildLiteBehavior [ RunTime:0.000027s ]
INFO: [ app_init ] --END-- [ RunTime:0.000516s ]
ERR: æ— æ³•åŠ è½½æ¨¡å—:Dfshealth

[ 2017-02-12T16:55:12+08:00 ] 140.205.201.35 /hadoop/dfshealth.jsp
INFO: [ app_init ] --START--
INFO: Run Behavior\BuildLiteBehavior [ RunTime:0.000021s ]
INFO: [ app_init ] --END-- [ RunTime:0.000349s ]
ERR: æ— æ³•åŠ è½½æ¨¡å—:Hadoop

[ 2017-02-12T16:55:15+08:00 ] 140.205.201.35 /solr/
INFO: [ app_init ] --START--
INFO: Run Behavior\BuildLiteBehavior [ RunTime:0.000016s ]
INFO: [ app_init ] --END-- [ RunTime:0.000368s ]
ERR: æ— æ³•åŠ è½½æ¨¡å—:Solr

[ 2017-02-12T16:55:25+08:00 ] 140.205.201.35 /info
INFO: [ app_init ] --START--
INFO: Run Behavior\BuildLiteBehavior [ RunTime:0.000020s ]
INFO: [ app_init ] --END-- [ RunTime:0.000328s ]
ERR: æ— æ³•åŠ è½½æ¨¡å—:Info

[ 2017-02-12T17:04:48+08:00 ] 123.126.94.252 http://106.2.112.147/proxyip/check
INFO: [ app_init ] --START--
INFO: Run Behavior\BuildLiteBehavior [ RunTime:0.000019s ]
INFO: [ app_init ] --END-- [ RunTime:0.000316s ]
ERR: æ— æ³•åŠ è½½æ¨¡å—:Proxyip

[ 2017-02-12T17:24:38+08:00 ] 140.205.201.35 /j_acegi_security_check
INFO: [ app_init ] --START--
INFO: Run Behavior\BuildLiteBehavior [ RunTime:0.000020s ]
INFO: [ app_init ] --END-- [ RunTime:0.000385s ]
ERR: æ— æ³•åŠ è½½æ¨¡å—:J_acegi_security_check

[ 2017-02-12T17:54:44+08:00 ] 140.205.201.35 /admin/
INFO: [ app_init ] --START--
INFO: Run Behavior\BuildLiteBehavior [ RunTime:0.000023s ]
INFO: [ app_init ] --END-- [ RunTime:0.000439s ]
ERR: æ— æ³•åŠ è½½æ¨¡å—:Admin

[ 2017-02-12T18:35:44+08:00 ] 91.196.50.33 http://testp1.piwo.pila.pl/testproxy.php
INFO: [ app_init ] --START--
INFO: Run Behavior\BuildLiteBehavior [ RunTime:0.000029s ]
INFO: [ app_init ] --END-- [ RunTime:0.000466s ]
ERR: æ— æ³•åŠ è½½æ¨¡å—:Testproxy

[ 2017-02-12T19:01:02+08:00 ] 121.41.88.1 /phpmyadmin
INFO: [ app_init ] --START--
INFO: Run Behavior\BuildLiteBehavior [ RunTime:0.000023s ]
INFO: [ app_init ] --END-- [ RunTime:0.000334s ]
ERR: æ— æ³•åŠ è½½æ¨¡å—:Phpmyadmin

[ 2017-02-12T19:01:20+08:00 ] 121.41.88.1 /phpmyadmin
INFO: [ app_init ] --START--
INFO: Run Behavior\BuildLiteBehavior [ RunTime:0.000027s ]
INFO: [ app_init ] --END-- [ RunTime:0.000424s ]
ERR: æ— æ³•åŠ è½½æ¨¡å—:Phpmyadmin

[ 2017-02-12T19:09:40+08:00 ] 106.38.230.19 http://106.2.112.147/proxyip/check
INFO: [ app_init ] --START--
INFO: Run Behavior\BuildLiteBehavior [ RunTime:0.000027s ]
INFO: [ app_init ] --END-- [ RunTime:0.000412s ]
ERR: æ— æ³•åŠ è½½æ¨¡å—:Proxyip

[ 2017-02-12T19:19:24+08:00 ] 80.82.78.38 http://www.baidu.com/cache/global/img/gs.gif
INFO: [ app_init ] --START--
INFO: Run Behavior\BuildLiteBehavior [ RunTime:0.000030s ]
INFO: [ app_init ] --END-- [ RunTime:0.000378s ]
ERR: æ— æ³•åŠ è½½æ¨¡å—:Cache

[ 2017-02-12T19:44:30+08:00 ] 54.221.206.141 /forum.php?mod=viewthread&tid=1757&extra=page%3D1
INFO: [ app_init ] --START--
INFO: Run Behavior\BuildLiteBehavior [ RunTime:0.000176s ]
INFO: [ app_init ] --END-- [ RunTime:0.000712s ]
ERR: æ— æ³•åŠ è½½æ¨¡å—:Forum

[ 2017-02-12T19:44:31+08:00 ] 54.221.206.141 /forum.php?mod=viewthread&tid=1757&extra=page%3D1
INFO: [ app_init ] --START--
INFO: Run Behavior\BuildLiteBehavior [ RunTime:0.000022s ]
INFO: [ app_init ] --END-- [ RunTime:0.000344s ]
ERR: æ— æ³•åŠ è½½æ¨¡å—:Forum

[ 2017-02-12T19:44:32+08:00 ] 54.221.206.141 /robots.txt
INFO: [ app_init ] --START--
INFO: Run Behavior\BuildLiteBehavior [ RunTime:0.000022s ]
INFO: [ app_init ] --END-- [ RunTime:0.000341s ]
ERR: æ— æ³•åŠ è½½æ¨¡å—:Robots

[ 2017-02-12T20:48:42+08:00 ] 54.83.5.6 /forum.php?mod=viewthread&tid=1757&extra=page%3D1
INFO: [ app_init ] --START--
INFO: Run Behavior\BuildLiteBehavior [ RunTime:0.000023s ]
INFO: [ app_init ] --END-- [ RunTime:0.000448s ]
ERR: æ— æ³•åŠ è½½æ¨¡å—:Forum

[ 2017-02-12T20:48:43+08:00 ] 54.83.5.6 /forum.php?mod=viewthread&tid=1757&extra=page%3D1
INFO: [ app_init ] --START--
INFO: Run Behavior\BuildLiteBehavior [ RunTime:0.000027s ]
INFO: [ app_init ] --END-- [ RunTime:0.000487s ]
ERR: æ— æ³•åŠ è½½æ¨¡å—:Forum

[ 2017-02-12T20:54:09+08:00 ] 27.159.203.144 /member.php?mod=logging&action=login&infloat=yes&handlekey=login&inajax=1&ajaxtarget=fwin_content_login
INFO: [ app_init ] --START--
INFO: Run Behavior\BuildLiteBehavior [ RunTime:0.000026s ]
INFO: [ app_init ] --END-- [ RunTime:0.000504s ]
ERR: æ— æ³•åŠ è½½æ¨¡å—:Member

[ 2017-02-12T20:54:09+08:00 ] 27.159.203.144 /member.php?mod=logging&action=login&infloat=yes&handlekey=login&inajax=1&ajaxtarget=fwin_content_login
INFO: [ app_init ] --START--
INFO: Run Behavior\BuildLiteBehavior [ RunTime:0.000084s ]
INFO: [ app_init ] --END-- [ RunTime:0.000402s ]
ERR: æ— æ³•åŠ è½½æ¨¡å—:Member

[ 2017-02-12T20:54:09+08:00 ] 27.159.203.144 /member.php?mod=logging&action=login&infloat=yes&handlekey=login&inajax=1&ajaxtarget=fwin_content_login
INFO: [ app_init ] --START--
INFO: Run Behavior\BuildLiteBehavior [ RunTime:0.000022s ]
INFO: [ app_init ] --END-- [ RunTime:0.000431s ]
ERR: æ— æ³•åŠ è½½æ¨¡å—:Member

[ 2017-02-12T20:54:09+08:00 ] 27.159.203.144 /member.php?mod=logging&action=login&infloat=yes&handlekey=login&inajax=1&ajaxtarget=fwin_content_login
INFO: [ app_init ] --START--
INFO: Run Behavior\BuildLiteBehavior [ RunTime:0.000024s ]
INFO: [ app_init ] --END-- [ RunTime:0.000454s ]
ERR: æ— æ³•åŠ è½½æ¨¡å—:Member

[ 2017-02-12T20:54:09+08:00 ] 27.159.203.144 /member.php?mod=logging&action=login&infloat=yes&handlekey=login&inajax=1&ajaxtarget=fwin_content_login
INFO: [ app_init ] --START--
INFO: Run Behavior\BuildLiteBehavior [ RunTime:0.000026s ]
INFO: [ app_init ] --END-- [ RunTime:0.000397s ]
ERR: æ— æ³•åŠ è½½æ¨¡å—:Member

[ 2017-02-12T20:54:09+08:00 ] 27.159.203.144 /member.php?mod=logging&action=login&infloat=yes&handlekey=login&inajax=1&ajaxtarget=fwin_content_login
INFO: [ app_init ] --START--
INFO: Run Behavior\BuildLiteBehavior [ RunTime:0.000024s ]
INFO: [ app_init ] --END-- [ RunTime:0.000452s ]
ERR: æ— æ³•åŠ è½½æ¨¡å—:Member

[ 2017-02-12T21:34:09+08:00 ] 66.249.66.195 /robots.txt
INFO: [ app_init ] --START--
INFO: Run Behavior\BuildLiteBehavior [ RunTime:0.000016s ]
INFO: [ app_init ] --END-- [ RunTime:0.000314s ]
ERR: æ— æ³•åŠ è½½æ¨¡å—:Robots

[ 2017-02-12T21:34:09+08:00 ] 66.249.66.205 /catalog.asp?page=9
INFO: [ app_init ] --START--
INFO: Run Behavior\BuildLiteBehavior [ RunTime:0.000022s ]
INFO: [ app_init ] --END-- [ RunTime:0.000345s ]
ERR: æ— æ³•åŠ è½½æ¨¡å—:Catalog

[ 2017-02-12T21:55:35+08:00 ] 218.93.207.201 /Mirserver%20-%20¸±±¾.rar
INFO: [ app_init ] --START--
INFO: Run Behavior\BuildLiteBehavior [ RunTime:0.000025s ]
INFO: [ app_init ] --END-- [ RunTime:0.000481s ]
ERR: æ— æ³•åŠ è½½æ¨¡å—:Mirserver - ¸±±¾

[ 2017-02-12T21:55:35+08:00 ] 218.93.207.201 /Mirserver0%20-%20¸±±¾.rar
INFO: [ app_init ] --START--
INFO: Run Behavior\BuildLiteBehavior [ RunTime:0.000024s ]
INFO: [ app_init ] --END-- [ RunTime:0.000568s ]
ERR: æ— æ³•åŠ è½½æ¨¡å—:Mirserver0 - ¸±±¾

[ 2017-02-12T21:55:35+08:00 ] 218.93.207.201 /Mirserver1%20-%20¸±±¾.rar
INFO: [ app_init ] --START--
INFO: Run Behavior\BuildLiteBehavior [ RunTime:0.000023s ]
INFO: [ app_init ] --END-- [ RunTime:0.000355s ]
ERR: æ— æ³•åŠ è½½æ¨¡å—:Mirserver1 - ¸±±¾

[ 2017-02-12T21:55:35+08:00 ] 218.93.207.201 /Mirserver2%20-%20¸±±¾.rar
INFO: [ app_init ] --START--
INFO: Run Behavior\BuildLiteBehavior [ RunTime:0.000034s ]
INFO: [ app_init ] --END-- [ RunTime:0.000833s ]
ERR: æ— æ³•åŠ è½½æ¨¡å—:Mirserver2 - ¸±±¾

[ 2017-02-12T21:55:35+08:00 ] 218.93.207.201 /Mirserver3%20-%20¸±±¾.rar
INFO: [ app_init ] --START--
INFO: Run Behavior\BuildLiteBehavior [ RunTime:0.000020s ]
INFO: [ app_init ] --END-- [ RunTime:0.000388s ]
ERR: æ— æ³•åŠ è½½æ¨¡å—:Mirserver3 - ¸±±¾

[ 2017-02-12T21:55:35+08:00 ] 218.93.207.201 /Mirserver4%20-%20¸±±¾.rar
INFO: [ app_init ] --START--
INFO: Run Behavior\BuildLiteBehavior [ RunTime:0.000024s ]
INFO: [ app_init ] --END-- [ RunTime:0.000367s ]
ERR: æ— æ³•åŠ è½½æ¨¡å—:Mirserver4 - ¸±±¾

[ 2017-02-12T21:55:35+08:00 ] 218.93.207.201 /Mirserver5%20-%20¸±±¾.rar
INFO: [ app_init ] --START--
INFO: Run Behavior\BuildLiteBehavior [ RunTime:0.000021s ]
INFO: [ app_init ] --END-- [ RunTime:0.000336s ]
ERR: æ— æ³•åŠ è½½æ¨¡å—:Mirserver5 - ¸±±¾

[ 2017-02-12T21:55:35+08:00 ] 218.93.207.201 /Mirserver6%20-%20¸±±¾.rar
INFO: [ app_init ] --START--
INFO: Run Behavior\BuildLiteBehavior [ RunTime:0.000022s ]
INFO: [ app_init ] --END-- [ RunTime:0.000346s ]
ERR: æ— æ³•åŠ è½½æ¨¡å—:Mirserver6 - ¸±±¾

[ 2017-02-12T21:55:35+08:00 ] 218.93.207.201 /Mirserver7%20-%20¸±±¾.rar
INFO: [ app_init ] --START--
INFO: Run Behavior\BuildLiteBehavior [ RunTime:0.000024s ]
INFO: [ app_init ] --END-- [ RunTime:0.000426s ]
ERR: æ— æ³•åŠ è½½æ¨¡å—:Mirserver7 - ¸±±¾

[ 2017-02-12T21:55:35+08:00 ] 218.93.207.201 /Mirserver8%20-%20¸±±¾.rar
INFO: [ app_init ] --START--
INFO: Run Behavior\BuildLiteBehavior [ RunTime:0.000021s ]
INFO: [ app_init ] --END-- [ RunTime:0.000395s ]
ERR: æ— æ³•åŠ è½½æ¨¡å—:Mirserver8 - ¸±±¾

[ 2017-02-12T21:55:35+08:00 ] 218.93.207.201 /Mirserver9%20-%20¸±±¾.rar
INFO: [ app_init ] --START--
INFO: Run Behavior\BuildLiteBehavior [ RunTime:0.000022s ]
INFO: [ app_init ] --END-- [ RunTime:0.000364s ]
ERR: æ— æ³•åŠ è½½æ¨¡å—:Mirserver9 - ¸±±¾

[ 2017-02-12T21:55:35+08:00 ] 218.93.207.201 /Mirserver10%20-%20¸±±¾.rar
INFO: [ app_init ] --START--
INFO: Run Behavior\BuildLiteBehavior [ RunTime:0.000024s ]
INFO: [ app_init ] --END-- [ RunTime:0.000374s ]
ERR: æ— æ³•åŠ è½½æ¨¡å—:Mirserver10 - ¸±±¾

[ 2017-02-12T21:55:35+08:00 ] 218.93.207.201 /Mirserver11%20-%20¸±±¾.rar
INFO: [ app_init ] --START--
INFO: Run Behavior\BuildLiteBehavior [ RunTime:0.000021s ]
INFO: [ app_init ] --END-- [ RunTime:0.000416s ]
ERR: æ— æ³•åŠ è½½æ¨¡å—:Mirserver11 - ¸±±¾

[ 2017-02-12T21:55:35+08:00 ] 218.93.207.201 /Mirserver12%20-%20¸±±¾.rar
INFO: [ app_init ] --START--
INFO: Run Behavior\BuildLiteBehavior [ RunTime:0.000024s ]
INFO: [ app_init ] --END-- [ RunTime:0.000358s ]
ERR: æ— æ³•åŠ è½½æ¨¡å—:Mirserver12 - ¸±±¾

[ 2017-02-12T21:55:36+08:00 ] 218.93.207.201 /Mirserver13%20-%20¸±±¾.rar
INFO: [ app_init ] --START--
INFO: Run Behavior\BuildLiteBehavior [ RunTime:0.000025s ]
INFO: [ app_init ] --END-- [ RunTime:0.000491s ]
ERR: æ— æ³•åŠ è½½æ¨¡å—:Mirserver13 - ¸±±¾

[ 2017-02-12T21:55:36+08:00 ] 218.93.207.201 /Mirserver14%20-%20¸±±¾.rar
INFO: [ app_init ] --START--
INFO: Run Behavior\BuildLiteBehavior [ RunTime:0.000026s ]
INFO: [ app_init ] --END-- [ RunTime:0.000482s ]
ERR: æ— æ³•åŠ è½½æ¨¡å—:Mirserver14 - ¸±±¾

[ 2017-02-12T21:55:36+08:00 ] 218.93.207.201 /Mirserver15%20-%20¸±±¾.rar
INFO: [ app_init ] --START--
INFO: Run Behavior\BuildLiteBehavior [ RunTime:0.000021s ]
INFO: [ app_init ] --END-- [ RunTime:0.000355s ]
ERR: æ— æ³•åŠ è½½æ¨¡å—:Mirserver15 - ¸±±¾

[ 2017-02-12T21:55:36+08:00 ] 218.93.207.201 /¸´¼ş%20MirServer.rar
INFO: [ app_init ] --START--
INFO: Run Behavior\BuildLiteBehavior [ RunTime:0.000022s ]
INFO: [ app_init ] --END-- [ RunTime:0.000407s ]
ERR: æ— æ³•åŠ è½½æ¨¡å—:¸´¼ş MirServer

[ 2017-02-12T21:55:36+08:00 ] 218.93.207.201 /¸´¼ş%20MirServer0.rar
INFO: [ app_init ] --START--
INFO: Run Behavior\BuildLiteBehavior [ RunTime:0.000022s ]
INFO: [ app_init ] --END-- [ RunTime:0.000402s ]
ERR: æ— æ³•åŠ è½½æ¨¡å—:¸´¼ş MirServer0

[ 2017-02-12T21:55:36+08:00 ] 218.93.207.201 /¸´¼ş%20MirServer1.rar
INFO: [ app_init ] --START--
INFO: Run Behavior\BuildLiteBehavior [ RunTime:0.000024s ]
INFO: [ app_init ] --END-- [ RunTime:0.000354s ]
ERR: æ— æ³•åŠ è½½æ¨¡å—:¸´¼ş MirServer1

[ 2017-02-12T21:55:36+08:00 ] 218.93.207.201 /¸´¼ş%20MirServer2.rar
INFO: [ app_init ] --START--
INFO: Run Behavior\BuildLiteBehavior [ RunTime:0.000022s ]
INFO: [ app_init ] --END-- [ RunTime:0.000344s ]
ERR: æ— æ³•åŠ è½½æ¨¡å—:¸´¼ş MirServer2

[ 2017-02-12T21:55:36+08:00 ] 218.93.207.201 /¸´¼ş%20MirServer3.rar
INFO: [ app_init ] --START--
INFO: Run Behavior\BuildLiteBehavior [ RunTime:0.000022s ]
INFO: [ app_init ] --END-- [ RunTime:0.000439s ]
ERR: æ— æ³•åŠ è½½æ¨¡å—:¸´¼ş MirServer3

[ 2017-02-12T21:55:36+08:00 ] 218.93.207.201 /¸´¼ş%20MirServer4.rar
INFO: [ app_init ] --START--
INFO: Run Behavior\BuildLiteBehavior [ RunTime:0.000022s ]
INFO: [ app_init ] --END-- [ RunTime:0.000400s ]
ERR: æ— æ³•åŠ è½½æ¨¡å—:¸´¼ş MirServer4

[ 2017-02-12T21:55:36+08:00 ] 218.93.207.201 /¸´¼ş%20MirServer5.rar
INFO: [ app_init ] --START--
INFO: Run Behavior\BuildLiteBehavior [ RunTime:0.000021s ]
INFO: [ app_init ] --END-- [ RunTime:0.000337s ]
ERR: æ— æ³•åŠ è½½æ¨¡å—:¸´¼ş MirServer5

[ 2017-02-12T21:55:36+08:00 ] 218.93.207.201 /¸´¼ş%20MirServer6.rar
INFO: [ app_init ] --START--
INFO: Run Behavior\BuildLiteBehavior [ RunTime:0.000022s ]
INFO: [ app_init ] --END-- [ RunTime:0.000525s ]
ERR: æ— æ³•åŠ è½½æ¨¡å—:¸´¼ş MirServer6

[ 2017-02-12T21:55:36+08:00 ] 218.93.207.201 /¸´¼ş%20MirServer7.rar
INFO: [ app_init ] --START--
INFO: Run Behavior\BuildLiteBehavior [ RunTime:0.000030s ]
INFO: [ app_init ] --END-- [ RunTime:0.000422s ]
ERR: æ— æ³•åŠ è½½æ¨¡å—:¸´¼ş MirServer7

[ 2017-02-12T21:55:36+08:00 ] 218.93.207.201 /¸´¼ş%20MirServer8.rar
INFO: [ app_init ] --START--
INFO: Run Behavior\BuildLiteBehavior [ RunTime:0.000021s ]
INFO: [ app_init ] --END-- [ RunTime:0.000338s ]
ERR: æ— æ³•åŠ è½½æ¨¡å—:¸´¼ş MirServer8

[ 2017-02-12T21:55:36+08:00 ] 218.93.207.201 /¸´¼ş%20MirServer9.rar
INFO: [ app_init ] --START--
INFO: Run Behavior\BuildLiteBehavior [ RunTime:0.000022s ]
INFO: [ app_init ] --END-- [ RunTime:0.000345s ]
ERR: æ— æ³•åŠ è½½æ¨¡å—:¸´¼ş MirServer9

[ 2017-02-12T21:55:36+08:00 ] 218.93.207.201 /¸´¼ş%20MirServer10.rar
INFO: [ app_init ] --START--
INFO: Run Behavior\BuildLiteBehavior [ RunTime:0.000029s ]
INFO: [ app_init ] --END-- [ RunTime:0.000474s ]
ERR: æ— æ³•åŠ è½½æ¨¡å—:¸´¼ş MirServer10

[ 2017-02-12T21:55:36+08:00 ] 218.93.207.201 /¸´¼ş%20MirServer11.rar
INFO: [ app_init ] --START--
INFO: Run Behavior\BuildLiteBehavior [ RunTime:0.000022s ]
INFO: [ app_init ] --END-- [ RunTime:0.000344s ]
ERR: æ— æ³•åŠ è½½æ¨¡å—:¸´¼ş MirServer11

[ 2017-02-12T21:55:36+08:00 ] 218.93.207.201 /¸´¼ş%20MirServer12.rar
INFO: [ app_init ] --START--
INFO: Run Behavior\BuildLiteBehavior [ RunTime:0.000021s ]
INFO: [ app_init ] --END-- [ RunTime:0.000329s ]
ERR: æ— æ³•åŠ è½½æ¨¡å—:¸´¼ş MirServer12

[ 2017-02-12T21:55:36+08:00 ] 218.93.207.201 /¸´¼ş%20MirServer13.rar
INFO: [ app_init ] --START--
INFO: Run Behavior\BuildLiteBehavior [ RunTime:0.000022s ]
INFO: [ app_init ] --END-- [ RunTime:0.000405s ]
ERR: æ— æ³•åŠ è½½æ¨¡å—:¸´¼ş MirServer13

[ 2017-02-12T21:55:37+08:00 ] 218.93.207.201 /¸´¼ş%20MirServer14.rar
INFO: [ app_init ] --START--
INFO: Run Behavior\BuildLiteBehavior [ RunTime:0.000023s ]
INFO: [ app_init ] --END-- [ RunTime:0.000348s ]
ERR: æ— æ³•åŠ è½½æ¨¡å—:¸´¼ş MirServer14

[ 2017-02-12T21:55:37+08:00 ] 218.93.207.201 /1.70Mirserver.rar
INFO: [ app_init ] --START--
INFO: Run Behavior\BuildLiteBehavior [ RunTime:0.000022s ]
INFO: [ app_init ] --END-- [ RunTime:0.000348s ]
ERR: æ— æ³•åŠ è½½æ¨¡å—:1.70Mirserver

[ 2017-02-12T21:55:37+08:00 ] 218.93.207.201 /1.76Mirserver.rar
INFO: [ app_init ] --START--
INFO: Run Behavior\BuildLiteBehavior [ RunTime:0.000019s ]
INFO: [ app_init ] --END-- [ RunTime:0.000400s ]
ERR: æ— æ³•åŠ è½½æ¨¡å—:1.76Mirserver

[ 2017-02-12T21:55:37+08:00 ] 218.93.207.201 /1.80Mirserver.rar
INFO: [ app_init ] --START--
INFO: Run Behavior\BuildLiteBehavior [ RunTime:0.000023s ]
INFO: [ app_init ] --END-- [ RunTime:0.000366s ]
ERR: æ— æ³•åŠ è½½æ¨¡å—:1.80Mirserver

[ 2017-02-12T21:55:37+08:00 ] 218.93.207.201 /1.85Mirserver.rar
INFO: [ app_init ] --START--
INFO: Run Behavior\BuildLiteBehavior [ RunTime:0.000023s ]
INFO: [ app_init ] --END-- [ RunTime:0.000369s ]
ERR: æ— æ³•åŠ è½½æ¨¡å—:1.85Mirserver

[ 2017-02-12T21:55:37+08:00 ] 218.93.207.201 /1.90Mirserver.rar
INFO: [ app_init ] --START--
INFO: Run Behavior\BuildLiteBehavior [ RunTime:0.000018s ]
INFO: [ app_init ] --END-- [ RunTime:0.000372s ]
ERR: æ— æ³•åŠ è½½æ¨¡å—:1.90Mirserver

[ 2017-02-12T21:55:37+08:00 ] 218.93.207.201 /1.96Mirserver.rar
INFO: [ app_init ] --START--
INFO: Run Behavior\BuildLiteBehavior [ RunTime:0.000021s ]
INFO: [ app_init ] --END-- [ RunTime:0.000348s ]
ERR: æ— æ³•åŠ è½½æ¨¡å—:1.96Mirserver

[ 2017-02-12T21:55:37+08:00 ] 218.93.207.201 /1.99Mirserver.rar
INFO: [ app_init ] --START--
INFO: Run Behavior\BuildLiteBehavior [ RunTime:0.000023s ]
INFO: [ app_init ] --END-- [ RunTime:0.000385s ]
ERR: æ— æ³•åŠ è½½æ¨¡å—:1.99Mirserver

[ 2017-02-12T21:55:37+08:00 ] 218.93.207.201 /1.70.rar
INFO: [ app_init ] --START--
INFO: Run Behavior\BuildLiteBehavior [ RunTime:0.000020s ]
INFO: [ app_init ] --END-- [ RunTime:0.000332s ]
ERR: æ— æ³•åŠ è½½æ¨¡å—:1.70

[ 2017-02-12T21:55:37+08:00 ] 218.93.207.201 /1.76.rar
INFO: [ app_init ] --START--
INFO: Run Behavior\BuildLiteBehavior [ RunTime:0.000084s ]
INFO: [ app_init ] --END-- [ RunTime:0.000538s ]
ERR: æ— æ³•åŠ è½½æ¨¡å—:1.76

[ 2017-02-12T21:55:37+08:00 ] 218.93.207.201 /1.80.rar
INFO: [ app_init ] --START--
INFO: Run Behavior\BuildLiteBehavior [ RunTime:0.000026s ]
INFO: [ app_init ] --END-- [ RunTime:0.000380s ]
ERR: æ— æ³•åŠ è½½æ¨¡å—:1.80

[ 2017-02-12T21:55:37+08:00 ] 218.93.207.201 /1.85.rar
INFO: [ app_init ] --START--
INFO: Run Behavior\BuildLiteBehavior [ RunTime:0.000024s ]
INFO: [ app_init ] --END-- [ RunTime:0.000424s ]
ERR: æ— æ³•åŠ è½½æ¨¡å—:1.85

[ 2017-02-12T21:55:37+08:00 ] 218.93.207.201 /1.90.rar
INFO: [ app_init ] --START--
INFO: Run Behavior\BuildLiteBehavior [ RunTime:0.000023s ]
INFO: [ app_init ] --END-- [ RunTime:0.000419s ]
ERR: æ— æ³•åŠ è½½æ¨¡å—:1.90

[ 2017-02-12T21:55:37+08:00 ] 218.93.207.201 /1.96.rar
INFO: [ app_init ] --START--
INFO: Run Behavior\BuildLiteBehavior [ RunTime:0.000022s ]
INFO: [ app_init ] --END-- [ RunTime:0.000353s ]
ERR: æ— æ³•åŠ è½½æ¨¡å—:1.96

[ 2017-02-12T21:55:37+08:00 ] 218.93.207.201 /1.99.rar
INFO: [ app_init ] --START--
INFO: Run Behavior\BuildLiteBehavior [ RunTime:0.000023s ]
INFO: [ app_init ] --END-- [ RunTime:0.000385s ]
ERR: æ— æ³•åŠ è½½æ¨¡å—:1.99

[ 2017-02-12T21:55:37+08:00 ] 218.93.207.201 /176.rar
INFO: [ app_init ] --START--
INFO: Run Behavior\BuildLiteBehavior [ RunTime:0.000024s ]
INFO: [ app_init ] --END-- [ RunTime:0.000355s ]
ERR: æ— æ³•åŠ è½½æ¨¡å—:176

[ 2017-02-12T21:55:37+08:00 ] 218.93.207.201 /180.rar
INFO: [ app_init ] --START--
INFO: Run Behavior\BuildLiteBehavior [ RunTime:0.000022s ]
INFO: [ app_init ] --END-- [ RunTime:0.000391s ]
ERR: æ— æ³•åŠ è½½æ¨¡å—:180

[ 2017-02-12T21:55:37+08:00 ] 218.93.207.201 /185.rar
INFO: [ app_init ] --START--
INFO: Run Behavior\BuildLiteBehavior [ RunTime:0.000023s ]
INFO: [ app_init ] --END-- [ RunTime:0.000410s ]
ERR: æ— æ³•åŠ è½½æ¨¡å—:185

[ 2017-02-12T21:55:38+08:00 ] 218.93.207.201 /189.rar
INFO: [ app_init ] --START--
INFO: Run Behavior\BuildLiteBehavior [ RunTime:0.000023s ]
INFO: [ app_init ] --END-- [ RunTime:0.000458s ]
ERR: æ— æ³•åŠ è½½æ¨¡å—:189

[ 2017-02-12T21:55:38+08:00 ] 218.93.207.201 /195.rar
INFO: [ app_init ] --START--
INFO: Run Behavior\BuildLiteBehavior [ RunTime:0.000081s ]
INFO: [ app_init ] --END-- [ RunTime:0.000414s ]
ERR: æ— æ³•åŠ è½½æ¨¡å—:195

[ 2017-02-12T21:55:38+08:00 ] 218.93.207.201 /199.rar
INFO: [ app_init ] --START--
INFO: Run Behavior\BuildLiteBehavior [ RunTime:0.000024s ]
INFO: [ app_init ] --END-- [ RunTime:0.000354s ]
ERR: æ— æ³•åŠ è½½æ¨¡å—:199

[ 2017-02-12T21:55:38+08:00 ] 218.93.207.201 /1.rar
INFO: [ app_init ] --START--
INFO: Run Behavior\BuildLiteBehavior [ RunTime:0.000030s ]
INFO: [ app_init ] --END-- [ RunTime:0.000588s ]
ERR: æ— æ³•åŠ è½½æ¨¡å—:1

[ 2017-02-12T21:55:38+08:00 ] 218.93.207.201 /2.rar
INFO: [ app_init ] --START--
INFO: Run Behavior\BuildLiteBehavior [ RunTime:0.000088s ]
INFO: [ app_init ] --END-- [ RunTime:0.000427s ]
ERR: æ— æ³•åŠ è½½æ¨¡å—:2

[ 2017-02-12T21:55:38+08:00 ] 218.93.207.201 /3.rar
INFO: [ app_init ] --START--
INFO: Run Behavior\BuildLiteBehavior [ RunTime:0.000020s ]
INFO: [ app_init ] --END-- [ RunTime:0.000332s ]
ERR: æ— æ³•åŠ è½½æ¨¡å—:3

[ 2017-02-12T21:55:38+08:00 ] 218.93.207.201 /4.rar
INFO: [ app_init ] --START--
INFO: Run Behavior\BuildLiteBehavior [ RunTime:0.000024s ]
INFO: [ app_init ] --END-- [ RunTime:0.000361s ]
ERR: æ— æ³•åŠ è½½æ¨¡å—:4

[ 2017-02-12T21:55:38+08:00 ] 218.93.207.201 /5.rar
INFO: [ app_init ] --START--
INFO: Run Behavior\BuildLiteBehavior [ RunTime:0.000106s ]
INFO: [ app_init ] --END-- [ RunTime:0.000640s ]
ERR: æ— æ³•åŠ è½½æ¨¡å—:5

[ 2017-02-12T21:55:38+08:00 ] 218.93.207.201 /6.rar
INFO: [ app_init ] --START--
INFO: Run Behavior\BuildLiteBehavior [ RunTime:0.000023s ]
INFO: [ app_init ] --END-- [ RunTime:0.000413s ]
ERR: æ— æ³•åŠ è½½æ¨¡å—:6

[ 2017-02-12T21:55:38+08:00 ] 218.93.207.201 /7.rar
INFO: [ app_init ] --START--
INFO: Run Behavior\BuildLiteBehavior [ RunTime:0.000023s ]
INFO: [ app_init ] --END-- [ RunTime:0.000410s ]
ERR: æ— æ³•åŠ è½½æ¨¡å—:7

[ 2017-02-12T21:55:38+08:00 ] 218.93.207.201 /8.rar
INFO: [ app_init ] --START--
INFO: Run Behavior\BuildLiteBehavior [ RunTime:0.000025s ]
INFO: [ app_init ] --END-- [ RunTime:0.000368s ]
ERR: æ— æ³•åŠ è½½æ¨¡å—:8

[ 2017-02-12T21:55:38+08:00 ] 218.93.207.201 /9.rar
INFO: [ app_init ] --START--
INFO: Run Behavior\BuildLiteBehavior [ RunTime:0.000023s ]
INFO: [ app_init ] --END-- [ RunTime:0.000401s ]
ERR: æ— æ³•åŠ è½½æ¨¡å—:9

[ 2017-02-12T21:55:38+08:00 ] 218.93.207.201 /11.rar
INFO: [ app_init ] --START--
INFO: Run Behavior\BuildLiteBehavior [ RunTime:0.000036s ]
INFO: [ app_init ] --END-- [ RunTime:0.000641s ]
ERR: æ— æ³•åŠ è½½æ¨¡å—:11

[ 2017-02-12T21:55:38+08:00 ] 218.93.207.201 /12.rar
INFO: [ app_init ] --START--
INFO: Run Behavior\BuildLiteBehavior [ RunTime:0.000032s ]
INFO: [ app_init ] --END-- [ RunTime:0.000565s ]
ERR: æ— æ³•åŠ è½½æ¨¡å—:12

[ 2017-02-12T21:55:38+08:00 ] 218.93.207.201 /22.rar
INFO: [ app_init ] --START--
INFO: Run Behavior\BuildLiteBehavior [ RunTime:0.000021s ]
INFO: [ app_init ] --END-- [ RunTime:0.000393s ]
ERR: æ— æ³•åŠ è½½æ¨¡å—:22

[ 2017-02-12T21:55:38+08:00 ] 218.93.207.201 /33.rar
INFO: [ app_init ] --START--
INFO: Run Behavior\BuildLiteBehavior [ RunTime:0.000020s ]
INFO: [ app_init ] --END-- [ RunTime:0.000420s ]
ERR: æ— æ³•åŠ è½½æ¨¡å—:33

[ 2017-02-12T21:55:38+08:00 ] 218.93.207.201 /44.rar
INFO: [ app_init ] --START--
INFO: Run Behavior\BuildLiteBehavior [ RunTime:0.000029s ]
INFO: [ app_init ] --END-- [ RunTime:0.000384s ]
ERR: æ— æ³•åŠ è½½æ¨¡å—:44

[ 2017-02-12T21:55:39+08:00 ] 218.93.207.201 /76.rar
INFO: [ app_init ] --START--
INFO: Run Behavior\BuildLiteBehavior [ RunTime:0.000109s ]
INFO: [ app_init ] --END-- [ RunTime:0.000631s ]
ERR: æ— æ³•åŠ è½½æ¨¡å—:76

[ 2017-02-12T21:55:39+08:00 ] 218.93.207.201 /80.rar
INFO: [ app_init ] --START--
INFO: Run Behavior\BuildLiteBehavior [ RunTime:0.000021s ]
INFO: [ app_init ] --END-- [ RunTime:0.000377s ]
ERR: æ— æ³•åŠ è½½æ¨¡å—:80

[ 2017-02-12T21:55:39+08:00 ] 218.93.207.201 /00.rar
INFO: [ app_init ] --START--
INFO: Run Behavior\BuildLiteBehavior [ RunTime:0.000020s ]
INFO: [ app_init ] --END-- [ RunTime:0.000388s ]
ERR: æ— æ³•åŠ è½½æ¨¡å—:00

[ 2017-02-12T21:55:39+08:00 ] 218.93.207.201 /000.rar
INFO: [ app_init ] --START--
INFO: Run Behavior\BuildLiteBehavior [ RunTime:0.000022s ]
INFO: [ app_init ] --END-- [ RunTime:0.000361s ]
ERR: æ— æ³•åŠ è½½æ¨¡å—:000

[ 2017-02-12T21:55:39+08:00 ] 218.93.207.201 /111.rar
INFO: [ app_init ] --START--
INFO: Run Behavior\BuildLiteBehavior [ RunTime:0.000020s ]
INFO: [ app_init ] --END-- [ RunTime:0.000331s ]
ERR: æ— æ³•åŠ è½½æ¨¡å—:111

[ 2017-02-12T21:55:39+08:00 ] 218.93.207.201 /112.rar
INFO: [ app_init ] --START--
INFO: Run Behavior\BuildLiteBehavior [ RunTime:0.000019s ]
INFO: [ app_init ] --END-- [ RunTime:0.000319s ]
ERR: æ— æ³•åŠ è½½æ¨¡å—:112

[ 2017-02-12T21:55:39+08:00 ] 218.93.207.201 /120.rar
INFO: [ app_init ] --START--
INFO: Run Behavior\BuildLiteBehavior [ RunTime:0.000023s ]
INFO: [ app_init ] --END-- [ RunTime:0.000410s ]
ERR: æ— æ³•åŠ è½½æ¨¡å—:120

[ 2017-02-12T21:55:39+08:00 ] 218.93.207.201 /123.rar
INFO: [ app_init ] --START--
INFO: Run Behavior\BuildLiteBehavior [ RunTime:0.000034s ]
INFO: [ app_init ] --END-- [ RunTime:0.000726s ]
ERR: æ— æ³•åŠ è½½æ¨¡å—:123

[ 2017-02-12T21:55:39+08:00 ] 218.93.207.201 /222.rar
INFO: [ app_init ] --START--
INFO: Run Behavior\BuildLiteBehavior [ RunTime:0.000019s ]
INFO: [ app_init ] --END-- [ RunTime:0.000322s ]
ERR: æ— æ³•åŠ è½½æ¨¡å—:222

[ 2017-02-12T21:55:39+08:00 ] 218.93.207.201 /321.rar
INFO: [ app_init ] --START--
INFO: Run Behavior\BuildLiteBehavior [ RunTime:0.000022s ]
INFO: [ app_init ] --END-- [ RunTime:0.000417s ]
ERR: æ— æ³•åŠ è½½æ¨¡å—:321

[ 2017-02-12T21:55:39+08:00 ] 218.93.207.201 /333.rar
INFO: [ app_init ] --START--
INFO: Run Behavior\BuildLiteBehavior [ RunTime:0.000030s ]
INFO: [ app_init ] --END-- [ RunTime:0.000511s ]
ERR: æ— æ³•åŠ è½½æ¨¡å—:333

[ 2017-02-12T21:55:39+08:00 ] 218.93.207.201 /1111.rar
INFO: [ app_init ] --START--
INFO: Run Behavior\BuildLiteBehavior [ RunTime:0.000023s ]
INFO: [ app_init ] --END-- [ RunTime:0.000424s ]
ERR: æ— æ³•åŠ è½½æ¨¡å—:1111

[ 2017-02-12T21:55:39+08:00 ] 218.93.207.201 /1122.rar
INFO: [ app_init ] --START--
INFO: Run Behavior\BuildLiteBehavior [ RunTime:0.000022s ]
INFO: [ app_init ] --END-- [ RunTime:0.000368s ]
ERR: æ— æ³•åŠ è½½æ¨¡å—:1122

[ 2017-02-12T21:55:39+08:00 ] 218.93.207.201 /1234.rar
INFO: [ app_init ] --START--
INFO: Run Behavior\BuildLiteBehavior [ RunTime:0.000023s ]
INFO: [ app_init ] --END-- [ RunTime:0.000349s ]
ERR: æ— æ³•åŠ è½½æ¨¡å—:1234

[ 2017-02-12T21:55:39+08:00 ] 218.93.207.201 /123456.rar
INFO: [ app_init ] --START--
INFO: Run Behavior\BuildLiteBehavior [ RunTime:0.000024s ]
INFO: [ app_init ] --END-- [ RunTime:0.000406s ]
ERR: æ— æ³•åŠ è½½æ¨¡å—:123456

[ 2017-02-12T21:55:39+08:00 ] 218.93.207.201 /123456789.rar
INFO: [ app_init ] --START--
INFO: Run Behavior\BuildLiteBehavior [ RunTime:0.000023s ]
INFO: [ app_init ] --END-- [ RunTime:0.000373s ]
ERR: æ— æ³•åŠ è½½æ¨¡å—:123456789

[ 2017-02-12T21:55:39+08:00 ] 218.93.207.201 /2222.rar
INFO: [ app_init ] --START--
INFO: Run Behavior\BuildLiteBehavior [ RunTime:0.000029s ]
INFO: [ app_init ] --END-- [ RunTime:0.000498s ]
ERR: æ— æ³•åŠ è½½æ¨¡å—:2222

[ 2017-02-12T21:55:39+08:00 ] 218.93.207.201 /11111.rar
INFO: [ app_init ] --START--
INFO: Run Behavior\BuildLiteBehavior [ RunTime:0.000025s ]
INFO: [ app_init ] --END-- [ RunTime:0.000371s ]
ERR: æ— æ³•åŠ è½½æ¨¡å—:11111

[ 2017-02-12T21:55:40+08:00 ] 218.93.207.201 /a.rar
INFO: [ app_init ] --START--
INFO: Run Behavior\BuildLiteBehavior [ RunTime:0.000100s ]
INFO: [ app_init ] --END-- [ RunTime:0.000580s ]
ERR: æ— æ³•åŠ è½½æ¨¡å—:A

[ 2017-02-12T21:55:40+08:00 ] 218.93.207.201 /aa.rar
INFO: [ app_init ] --START--
INFO: Run Behavior\BuildLiteBehavior [ RunTime:0.000028s ]
INFO: [ app_init ] --END-- [ RunTime:0.000396s ]
ERR: æ— æ³•åŠ è½½æ¨¡å—:Aa

[ 2017-02-12T21:55:40+08:00 ] 218.93.207.201 /aaa.rar
INFO: [ app_init ] --START--
INFO: Run Behavior\BuildLiteBehavior [ RunTime:0.000030s ]
INFO: [ app_init ] --END-- [ RunTime:0.000614s ]
ERR: æ— æ³•åŠ è½½æ¨¡å—:Aaa

[ 2017-02-12T21:55:40+08:00 ] 218.93.207.201 /amirserver.rar
INFO: [ app_init ] --START--
INFO: Run Behavior\BuildLiteBehavior [ RunTime:0.000019s ]
INFO: [ app_init ] --END-- [ RunTime:0.000382s ]
ERR: æ— æ³•åŠ è½½æ¨¡å—:Amirserver

[ 2017-02-12T21:55:40+08:00 ] 218.93.207.201 /DMirserver.rar
INFO: [ app_init ] --START--
INFO: Run Behavior\BuildLiteBehavior [ RunTime:0.000023s ]
INFO: [ app_init ] --END-- [ RunTime:0.000394s ]
ERR: æ— æ³•åŠ è½½æ¨¡å—:DMirserver

[ 2017-02-12T21:55:40+08:00 ] 218.93.207.201 /EMirserver.rar
INFO: [ app_init ] --START--
INFO: Run Behavior\BuildLiteBehavior [ RunTime:0.000034s ]
INFO: [ app_init ] --END-- [ RunTime:0.000659s ]
ERR: æ— æ³•åŠ è½½æ¨¡å—:EMirserver

[ 2017-02-12T21:55:40+08:00 ] 218.93.207.201 /FMirserver.rar
INFO: [ app_init ] --START--
INFO: Run Behavior\BuildLiteBehavior [ RunTime:0.000018s ]
INFO: [ app_init ] --END-- [ RunTime:0.000319s ]
ERR: æ— æ³•åŠ è½½æ¨¡å—:FMirserver

[ 2017-02-12T21:55:40+08:00 ] 218.93.207.201 /gmirserver.rar
INFO: [ app_init ] --START--
INFO: Run Behavior\BuildLiteBehavior [ RunTime:0.000029s ]
INFO: [ app_init ] --END-- [ RunTime:0.000415s ]
ERR: æ— æ³•åŠ è½½æ¨¡å—:Gmirserver

[ 2017-02-12T21:55:40+08:00 ] 218.93.207.201 /Mirserver.rar
INFO: [ app_init ] --START--
INFO: Run Behavior\BuildLiteBehavior [ RunTime:0.000026s ]
INFO: [ app_init ] --END-- [ RunTime:0.000429s ]
ERR: æ— æ³•åŠ è½½æ¨¡å—:Mirserver

[ 2017-02-12T21:55:40+08:00 ] 218.93.207.201 /Mirservera.rar
INFO: [ app_init ] --START--
INFO: Run Behavior\BuildLiteBehavior [ RunTime:0.000025s ]
INFO: [ app_init ] --END-- [ RunTime:0.000410s ]
ERR: æ— æ³•åŠ è½½æ¨¡å—:Mirservera

[ 2017-02-12T21:55:40+08:00 ] 218.93.207.201 /mirserver0.rar
INFO: [ app_init ] --START--
INFO: Run Behavior\BuildLiteBehavior [ RunTime:0.000019s ]
INFO: [ app_init ] --END-- [ RunTime:0.000345s ]
ERR: æ— æ³•åŠ è½½æ¨¡å—:Mirserver0

[ 2017-02-12T21:55:40+08:00 ] 218.93.207.201 /mirserver01.rar
INFO: [ app_init ] --START--
INFO: Run Behavior\BuildLiteBehavior [ RunTime:0.000024s ]
INFO: [ app_init ] --END-- [ RunTime:0.000365s ]
ERR: æ— æ³•åŠ è½½æ¨¡å—:Mirserver01

[ 2017-02-12T21:55:40+08:00 ] 218.93.207.201 /mirserver02.rar
INFO: [ app_init ] --START--
INFO: Run Behavior\BuildLiteBehavior [ RunTime:0.000031s ]
INFO: [ app_init ] --END-- [ RunTime:0.000600s ]
ERR: æ— æ³•åŠ è½½æ¨¡å—:Mirserver02

[ 2017-02-12T21:55:40+08:00 ] 218.93.207.201 /mirserver03.rar
INFO: [ app_init ] --START--
INFO: Run Behavior\BuildLiteBehavior [ RunTime:0.000091s ]
INFO: [ app_init ] --END-- [ RunTime:0.000466s ]
ERR: æ— æ³•åŠ è½½æ¨¡å—:Mirserver03

[ 2017-02-12T21:55:40+08:00 ] 218.93.207.201 /mirserver176.rar
INFO: [ app_init ] --START--
INFO: Run Behavior\BuildLiteBehavior [ RunTime:0.000022s ]
INFO: [ app_init ] --END-- [ RunTime:0.000344s ]
ERR: æ— æ³•åŠ è½½æ¨¡å—:Mirserver176

[ 2017-02-12T21:55:40+08:00 ] 218.93.207.201 /mirserver180.rar
INFO: [ app_init ] --START--
INFO: Run Behavior\BuildLiteBehavior [ RunTime:0.000023s ]
INFO: [ app_init ] --END-- [ RunTime:0.000381s ]
ERR: æ— æ³•åŠ è½½æ¨¡å—:Mirserver180

[ 2017-02-12T21:55:40+08:00 ] 218.93.207.201 /Mirserver76.rar
INFO: [ app_init ] --START--
INFO: Run Behavior\BuildLiteBehavior [ RunTime:0.000105s ]
INFO: [ app_init ] --END-- [ RunTime:0.000458s ]
ERR: æ— æ³•åŠ è½½æ¨¡å—:Mirserver76

[ 2017-02-12T21:55:40+08:00 ] 218.93.207.201 /Mirserver80.rar
INFO: [ app_init ] --START--
INFO: Run Behavior\BuildLiteBehavior [ RunTime:0.000022s ]
INFO: [ app_init ] --END-- [ RunTime:0.000358s ]
ERR: æ— æ³•åŠ è½½æ¨¡å—:Mirserver80

[ 2017-02-12T21:55:40+08:00 ] 218.93.207.201 /Mirserver85.rar
INFO: [ app_init ] --START--
INFO: Run Behavior\BuildLiteBehavior [ RunTime:0.000028s ]
INFO: [ app_init ] --END-- [ RunTime:0.000471s ]
ERR: æ— æ³•åŠ è½½æ¨¡å—:Mirserver85

[ 2017-02-12T21:55:41+08:00 ] 218.93.207.201 /mirserver1.rar
INFO: [ app_init ] --START--
INFO: Run Behavior\BuildLiteBehavior [ RunTime:0.000021s ]
INFO: [ app_init ] --END-- [ RunTime:0.000386s ]
ERR: æ— æ³•åŠ è½½æ¨¡å—:Mirserver1

[ 2017-02-12T21:55:41+08:00 ] 218.93.207.201 /mirserver2.rar
INFO: [ app_init ] --START--
INFO: Run Behavior\BuildLiteBehavior [ RunTime:0.000016s ]
INFO: [ app_init ] --END-- [ RunTime:0.000308s ]
ERR: æ— æ³•åŠ è½½æ¨¡å—:Mirserver2

[ 2017-02-12T21:55:41+08:00 ] 218.93.207.201 /Mirserver2.rar
INFO: [ app_init ] --START--
INFO: Run Behavior\BuildLiteBehavior [ RunTime:0.000017s ]
INFO: [ app_init ] --END-- [ RunTime:0.000310s ]
ERR: æ— æ³•åŠ è½½æ¨¡å—:Mirserver2

[ 2017-02-12T21:55:41+08:00 ] 218.93.207.201 /Mirserver3.rar
INFO: [ app_init ] --START--
INFO: Run Behavior\BuildLiteBehavior [ RunTime:0.000023s ]
INFO: [ app_init ] --END-- [ RunTime:0.000383s ]
ERR: æ— æ³•åŠ è½½æ¨¡å—:Mirserver3

[ 2017-02-12T21:55:41+08:00 ] 218.93.207.201 /Mirserver4.rar
INFO: [ app_init ] --START--
INFO: Run Behavior\BuildLiteBehavior [ RunTime:0.000019s ]
INFO: [ app_init ] --END-- [ RunTime:0.000339s ]
ERR: æ— æ³•åŠ è½½æ¨¡å—:Mirserver4

[ 2017-02-12T21:55:41+08:00 ] 218.93.207.201 /Mirserver5.rar
INFO: [ app_init ] --START--
INFO: Run Behavior\BuildLiteBehavior [ RunTime:0.000023s ]
INFO: [ app_init ] --END-- [ RunTime:0.000407s ]
ERR: æ— æ³•åŠ è½½æ¨¡å—:Mirserver5

[ 2017-02-12T21:55:41+08:00 ] 218.93.207.201 /Mirserver6.rar
INFO: [ app_init ] --START--
INFO: Run Behavior\BuildLiteBehavior [ RunTime:0.000023s ]
INFO: [ app_init ] --END-- [ RunTime:0.000364s ]
ERR: æ— æ³•åŠ è½½æ¨¡å—:Mirserver6

[ 2017-02-12T21:55:41+08:00 ] 218.93.207.201 /Mirserver7.rar
INFO: [ app_init ] --START--
INFO: Run Behavior\BuildLiteBehavior [ RunTime:0.000023s ]
INFO: [ app_init ] --END-- [ RunTime:0.000357s ]
ERR: æ— æ³•åŠ è½½æ¨¡å—:Mirserver7

[ 2017-02-12T21:55:41+08:00 ] 218.93.207.201 /Mirserver8.rar
INFO: [ app_init ] --START--
INFO: Run Behavior\BuildLiteBehavior [ RunTime:0.000022s ]
INFO: [ app_init ] --END-- [ RunTime:0.000408s ]
ERR: æ— æ³•åŠ è½½æ¨¡å—:Mirserver8

[ 2017-02-12T21:55:41+08:00 ] 218.93.207.201 /Mirserver9.rar
INFO: [ app_init ] --START--
INFO: Run Behavior\BuildLiteBehavior [ RunTime:0.000027s ]
INFO: [ app_init ] --END-- [ RunTime:0.000440s ]
ERR: æ— æ³•åŠ è½½æ¨¡å—:Mirserver9

[ 2017-02-12T21:55:41+08:00 ] 218.93.207.201 /Mirserver10.rar
INFO: [ app_init ] --START--
INFO: Run Behavior\BuildLiteBehavior [ RunTime:0.000019s ]
INFO: [ app_init ] --END-- [ RunTime:0.000396s ]
ERR: æ— æ³•åŠ è½½æ¨¡å—:Mirserver10

[ 2017-02-12T21:55:41+08:00 ] 218.93.207.201 /mirserver11.rar
INFO: [ app_init ] --START--
INFO: Run Behavior\BuildLiteBehavior [ RunTime:0.000024s ]
INFO: [ app_init ] --END-- [ RunTime:0.000358s ]
ERR: æ— æ³•åŠ è½½æ¨¡å—:Mirserver11

[ 2017-02-12T21:55:41+08:00 ] 218.93.207.201 /mirserver12.rar
INFO: [ app_init ] --START--
INFO: Run Behavior\BuildLiteBehavior [ RunTime:0.000019s ]
INFO: [ app_init ] --END-- [ RunTime:0.000333s ]
ERR: æ— æ³•åŠ è½½æ¨¡å—:Mirserver12

[ 2017-02-12T21:55:41+08:00 ] 218.93.207.201 /mirserver22.rar
INFO: [ app_init ] --START--
INFO: Run Behavior\BuildLiteBehavior [ RunTime:0.000031s ]
INFO: [ app_init ] --END-- [ RunTime:0.000529s ]
ERR: æ— æ³•åŠ è½½æ¨¡å—:Mirserver22

[ 2017-02-12T21:55:41+08:00 ] 218.93.207.201 /mirserver33.rar
INFO: [ app_init ] --START--
INFO: Run Behavior\BuildLiteBehavior [ RunTime:0.000027s ]
INFO: [ app_init ] --END-- [ RunTime:0.000479s ]
ERR: æ— æ³•åŠ è½½æ¨¡å—:Mirserver33

[ 2017-02-12T21:55:41+08:00 ] 218.93.207.201 /mirserver44.rar
INFO: [ app_init ] --START--
INFO: Run Behavior\BuildLiteBehavior [ RunTime:0.000020s ]
INFO: [ app_init ] --END-- [ RunTime:0.000320s ]
ERR: æ— æ³•åŠ è½½æ¨¡å—:Mirserver44

[ 2017-02-12T21:55:41+08:00 ] 218.93.207.201 /mirserver55.rar
INFO: [ app_init ] --START--
INFO: Run Behavior\BuildLiteBehavior [ RunTime:0.000031s ]
INFO: [ app_init ] --END-- [ RunTime:0.000568s ]
ERR: æ— æ³•åŠ è½½æ¨¡å—:Mirserver55

[ 2017-02-12T21:55:41+08:00 ] 218.93.207.201 /mirserver66.rar
INFO: [ app_init ] --START--
INFO: Run Behavior\BuildLiteBehavior [ RunTime:0.000023s ]
INFO: [ app_init ] --END-- [ RunTime:0.000403s ]
ERR: æ— æ³•åŠ è½½æ¨¡å—:Mirserver66

[ 2017-02-12T21:55:41+08:00 ] 218.93.207.201 /mirserver100.rar
INFO: [ app_init ] --START--
INFO: Run Behavior\BuildLiteBehavior [ RunTime:0.000022s ]
INFO: [ app_init ] --END-- [ RunTime:0.000343s ]
ERR: æ— æ³•åŠ è½½æ¨¡å—:Mirserver100

[ 2017-02-12T21:55:41+08:00 ] 218.93.207.201 /mirserver111.rar
INFO: [ app_init ] --START--
INFO: Run Behavior\BuildLiteBehavior [ RunTime:0.000023s ]
INFO: [ app_init ] --END-- [ RunTime:0.000399s ]
ERR: æ— æ³•åŠ è½½æ¨¡å—:Mirserver111

[ 2017-02-12T21:55:41+08:00 ] 218.93.207.201 /Mirserver123.rar
INFO: [ app_init ] --START--
INFO: Run Behavior\BuildLiteBehavior [ RunTime:0.000076s ]
INFO: [ app_init ] --END-- [ RunTime:0.000420s ]
ERR: æ— æ³•åŠ è½½æ¨¡å—:Mirserver123

[ 2017-02-12T21:55:41+08:00 ] 218.93.207.201 /mirserver456.rar
INFO: [ app_init ] --START--
INFO: Run Behavior\BuildLiteBehavior [ RunTime:0.000020s ]
INFO: [ app_init ] --END-- [ RunTime:0.000382s ]
ERR: æ— æ³•åŠ è½½æ¨¡å—:Mirserver456

[ 2017-02-12T21:55:41+08:00 ] 218.93.207.201 /mirserver789.rar
INFO: [ app_init ] --START--
INFO: Run Behavior\BuildLiteBehavior [ RunTime:0.000022s ]
INFO: [ app_init ] --END-- [ RunTime:0.000337s ]
ERR: æ— æ³•åŠ è½½æ¨¡å—:Mirserver789

[ 2017-02-12T21:55:41+08:00 ] 218.93.207.201 /mirserver1111.rar
INFO: [ app_init ] --START--
INFO: Run Behavior\BuildLiteBehavior [ RunTime:0.000022s ]
INFO: [ app_init ] --END-- [ RunTime:0.000334s ]
ERR: æ— æ³•åŠ è½½æ¨¡å—:Mirserver1111

[ 2017-02-12T21:55:41+08:00 ] 218.93.207.201 /mirserver11111.rar
INFO: [ app_init ] --START--
INFO: Run Behavior\BuildLiteBehavior [ RunTime:0.000020s ]
INFO: [ app_init ] --END-- [ RunTime:0.000473s ]
ERR: æ— æ³•åŠ è½½æ¨¡å—:Mirserver11111

[ 2017-02-12T21:55:42+08:00 ] 218.93.207.201 /mirserver111111.rar
INFO: [ app_init ] --START--
INFO: Run Behavior\BuildLiteBehavior [ RunTime:0.000025s ]
INFO: [ app_init ] --END-- [ RunTime:0.000368s ]
ERR: æ— æ³•åŠ è½½æ¨¡å—:Mirserver111111

[ 2017-02-12T21:55:42+08:00 ] 218.93.207.201 /Mirserver123456.rar
INFO: [ app_init ] --START--
INFO: Run Behavior\BuildLiteBehavior [ RunTime:0.000023s ]
INFO: [ app_init ] --END-- [ RunTime:0.000347s ]
ERR: æ— æ³•åŠ è½½æ¨¡å—:Mirserver123456

[ 2017-02-12T21:55:42+08:00 ] 218.93.207.201 /mirserver123456789.rar
INFO: [ app_init ] --START--
INFO: Run Behavior\BuildLiteBehavior [ RunTime:0.000025s ]
INFO: [ app_init ] --END-- [ RunTime:0.000385s ]
ERR: æ— æ³•åŠ è½½æ¨¡å—:Mirserver123456789

[ 2017-02-12T21:55:42+08:00 ] 218.93.207.201 /mirserver¸´¹Å.rar
INFO: [ app_init ] --START--
INFO: Run Behavior\BuildLiteBehavior [ RunTime:0.000022s ]
INFO: [ app_init ] --END-- [ RunTime:0.000343s ]
ERR: æ— æ³•åŠ è½½æ¨¡å—:Mirserver¸´¹Å

[ 2017-02-12T21:55:42+08:00 ] 218.93.207.201 /1mirserver.rar
INFO: [ app_init ] --START--
INFO: Run Behavior\BuildLiteBehavior [ RunTime:0.000026s ]
INFO: [ app_init ] --END-- [ RunTime:0.000485s ]
ERR: æ— æ³•åŠ è½½æ¨¡å—:1mirserver

[ 2017-02-12T21:55:42+08:00 ] 218.93.207.201 /°æ±¾.rar
INFO: [ app_init ] --START--
INFO: Run Behavior\BuildLiteBehavior [ RunTime:0.000023s ]
INFO: [ app_init ] --END-- [ RunTime:0.000358s ]
ERR: æ— æ³•åŠ è½½æ¨¡å—:°æ±¾

[ 2017-02-12T21:55:42+08:00 ] 218.93.207.201 /°æ±¾1.rar
INFO: [ app_init ] --START--
INFO: Run Behavior\BuildLiteBehavior [ RunTime:0.000024s ]
INFO: [ app_init ] --END-- [ RunTime:0.000392s ]
ERR: æ— æ³•åŠ è½½æ¨¡å—:°æ±¾1

[ 2017-02-12T21:55:42+08:00 ] 218.93.207.201 /±¸·İ.rar
INFO: [ app_init ] --START--
INFO: Run Behavior\BuildLiteBehavior [ RunTime:0.000020s ]
INFO: [ app_init ] --END-- [ RunTime:0.000384s ]
ERR: æ— æ³•åŠ è½½æ¨¡å—:±¸·İ

[ 2017-02-12T21:55:42+08:00 ] 218.93.207.201 /²âÊÔ.rar
INFO: [ app_init ] --START--
INFO: Run Behavior\BuildLiteBehavior [ RunTime:0.000019s ]
INFO: [ app_init ] --END-- [ RunTime:0.000322s ]
ERR: æ— æ³•åŠ è½½æ¨¡å—:²âÊÔ

[ 2017-02-12T21:55:42+08:00 ] 218.93.207.201 /²âÊÔ°æ±¾.rar
INFO: [ app_init ] --START--
INFO: Run Behavior\BuildLiteBehavior [ RunTime:0.000023s ]
INFO: [ app_init ] --END-- [ RunTime:0.000362s ]
ERR: æ— æ³•åŠ è½½æ¨¡å—:²âÊÔ°æ±¾

[ 2017-02-12T21:55:42+08:00 ] 218.93.207.201 /¸´¹Å.rar
INFO: [ app_init ] --START--
INFO: Run Behavior\BuildLiteBehavior [ RunTime:0.000023s ]
INFO: [ app_init ] --END-- [ RunTime:0.000408s ]
ERR: æ— æ³•åŠ è½½æ¨¡å—:¸´¹Å

[ 2017-02-12T21:55:42+08:00 ] 218.93.207.201 /¸´¼ş%20ĞÂ½¨ÎÄ¼ş¼Ğ.rar
INFO: [ app_init ] --START--
INFO: Run Behavior\BuildLiteBehavior [ RunTime:0.000023s ]
INFO: [ app_init ] --END-- [ RunTime:0.000440s ]
ERR: æ— æ³•åŠ è½½æ¨¡å—:¸´¼ş ĞÂ½¨ÎÄ¼ş¼Ğ

[ 2017-02-12T21:55:42+08:00 ] 218.93.207.201 /¸´¼ş%20ĞÂ½¨ÎÄ¼ş¼Ğ1.rar
INFO: [ app_init ] --START--
INFO: Run Behavior\BuildLiteBehavior [ RunTime:0.000032s ]
INFO: [ app_init ] --END-- [ RunTime:0.000634s ]
ERR: æ— æ³•åŠ è½½æ¨¡å—:¸´¼ş ĞÂ½¨ÎÄ¼ş¼Ğ1

[ 2017-02-12T21:55:42+08:00 ] 218.93.207.201 /¸´¼ş%20ĞÂ½¨ÎÄ¼ş¼Ğ2.rar
INFO: [ app_init ] --START--
INFO: Run Behavior\BuildLiteBehavior [ RunTime:0.000023s ]
INFO: [ app_init ] --END-- [ RunTime:0.000371s ]
ERR: æ— æ³•åŠ è½½æ¨¡å—:¸´¼ş ĞÂ½¨ÎÄ¼ş¼Ğ2

[ 2017-02-12T21:55:42+08:00 ] 218.93.207.201 /¸´¼ş%20ĞÂ½¨ÎÄ¼ş¼Ğ3.rar
INFO: [ app_init ] --START--
INFO: Run Behavior\BuildLiteBehavior [ RunTime:0.000023s ]
INFO: [ app_init ] --END-- [ RunTime:0.000464s ]
ERR: æ— æ³•åŠ è½½æ¨¡å—:¸´¼ş ĞÂ½¨ÎÄ¼ş¼Ğ3

[ 2017-02-12T21:55:42+08:00 ] 218.93.207.201 /¸´¼ş.rar
INFO: [ app_init ] --START--
INFO: Run Behavior\BuildLiteBehavior [ RunTime:0.000023s ]
INFO: [ app_init ] --END-- [ RunTime:0.000360s ]
ERR: æ— æ³•åŠ è½½æ¨¡å—:¸´¼ş

[ 2017-02-12T21:55:42+08:00 ] 218.93.207.201 /¸´¼ş1.rar
INFO: [ app_init ] --START--
INFO: Run Behavior\BuildLiteBehavior [ RunTime:0.000022s ]
INFO: [ app_init ] --END-- [ RunTime:0.000350s ]
ERR: æ— æ³•åŠ è½½æ¨¡å—:¸´¼ş1

[ 2017-02-12T21:55:42+08:00 ] 218.93.207.201 /¸´¼şmirserver.rar
INFO: [ app_init ] --START--
INFO: Run Behavior\BuildLiteBehavior [ RunTime:0.000022s ]
INFO: [ app_init ] --END-- [ RunTime:0.000345s ]
ERR: æ— æ³•åŠ è½½æ¨¡å—:¸´¼şmirserver

[ 2017-02-12T21:55:42+08:00 ] 218.93.207.201 /¾«Æ·.rar
INFO: [ app_init ] --START--
INFO: Run Behavior\BuildLiteBehavior [ RunTime:0.000024s ]
INFO: [ app_init ] --END-- [ RunTime:0.000593s ]
ERR: æ— æ³•åŠ è½½æ¨¡å—:¾«Æ·

[ 2017-02-12T21:55:42+08:00 ] 218.93.207.201 /ÀÏ°æ±¾.rar
INFO: [ app_init ] --START--
INFO: Run Behavior\BuildLiteBehavior [ RunTime:0.000021s ]
INFO: [ app_init ] --END-- [ RunTime:0.000347s ]
ERR: æ— æ³•åŠ è½½æ¨¡å—:ÀÏ°æ±¾

[ 2017-02-12T21:55:42+08:00 ] 218.93.207.201 /ÀÏ°æ±¾Mirserver.rar
INFO: [ app_init ] --START--
INFO: Run Behavior\BuildLiteBehavior [ RunTime:0.000024s ]
INFO: [ app_init ] --END-- [ RunTime:0.000358s ]
ERR: æ— æ³•åŠ è½½æ¨¡å—:ÀÏ°æ±¾Mirserver

[ 2017-02-12T21:55:42+08:00 ] 218.93.207.201 /ÀÏÇø.rar
INFO: [ app_init ] --START--
INFO: Run Behavior\BuildLiteBehavior [ RunTime:0.000032s ]
INFO: [ app_init ] --END-- [ RunTime:0.000444s ]
ERR: æ— æ³•åŠ è½½æ¨¡å—:ÀÏÇø

[ 2017-02-12T21:55:42+08:00 ] 218.93.207.201 /Çá±ä.rar
INFO: [ app_init ] --START--
INFO: Run Behavior\BuildLiteBehavior [ RunTime:0.000023s ]
INFO: [ app_init ] --END-- [ RunTime:0.000346s ]
ERR: æ— æ³•åŠ è½½æ¨¡å—:Çá±ä

[ 2017-02-12T21:55:42+08:00 ] 218.93.207.201 /ĞÂ°æ±¾.rar
INFO: [ app_init ] --START--
INFO: Run Behavior\BuildLiteBehavior [ RunTime:0.000024s ]
INFO: [ app_init ] --END-- [ RunTime:0.000376s ]
ERR: æ— æ³•åŠ è½½æ¨¡å—:ĞÂ°æ±¾

[ 2017-02-12T21:55:42+08:00 ] 218.93.207.201 /ĞÂ°æ±¾Mirserver.rar
INFO: [ app_init ] --START--
INFO: Run Behavior\BuildLiteBehavior [ RunTime:0.000021s ]
INFO: [ app_init ] --END-- [ RunTime:0.000390s ]
ERR: æ— æ³•åŠ è½½æ¨¡å—:ĞÂ°æ±¾Mirserver

[ 2017-02-12T21:55:42+08:00 ] 218.93.207.201 /ĞÂ½¨ÎÄ¼ş¼Ğ.rar
INFO: [ app_init ] --START--
INFO: Run Behavior\BuildLiteBehavior [ RunTime:0.000020s ]
INFO: [ app_init ] --END-- [ RunTime:0.000374s ]
ERR: æ— æ³•åŠ è½½æ¨¡å—:ĞÂ½¨ÎÄ¼ş¼Ğ

[ 2017-02-12T21:55:43+08:00 ] 218.93.207.201 /ĞÂ½¨ÎÄ¼ş¼Ğ1.rar
INFO: [ app_init ] --START--
INFO: Run Behavior\BuildLiteBehavior [ RunTime:0.000022s ]
INFO: [ app_init ] --END-- [ RunTime:0.000348s ]
ERR: æ— æ³•åŠ è½½æ¨¡å—:ĞÂ½¨ÎÄ¼ş¼Ğ1

[ 2017-02-12T21:55:43+08:00 ] 218.93.207.201 /GOM.rar
INFO: [ app_init ] --START--
INFO: Run Behavior\BuildLiteBehavior [ RunTime:0.000023s ]
INFO: [ app_init ] --END-- [ RunTime:0.000357s ]
ERR: æ— æ³•åŠ è½½æ¨¡å—:GOM

[ 2017-02-12T21:55:43+08:00 ] 218.93.207.201 /hero.rar
INFO: [ app_init ] --START--
INFO: Run Behavior\BuildLiteBehavior [ RunTime:0.000025s ]
INFO: [ app_init ] --END-- [ RunTime:0.000453s ]
ERR: æ— æ³•åŠ è½½æ¨¡å—:Hero

[ 2017-02-12T21:55:43+08:00 ] 218.93.207.201 /blue.rar
INFO: [ app_init ] --START--
INFO: Run Behavior\BuildLiteBehavior [ RunTime:0.000025s ]
INFO: [ app_init ] --END-- [ RunTime:0.000362s ]
ERR: æ— æ³•åŠ è½½æ¨¡å—:Blue

[ 2017-02-12T21:55:43+08:00 ] 218.93.207.201 /ĞÂÇø.rar
INFO: [ app_init ] --START--
INFO: Run Behavior\BuildLiteBehavior [ RunTime:0.000021s ]
INFO: [ app_init ] --END-- [ RunTime:0.000393s ]
ERR: æ— æ³•åŠ è½½æ¨¡å—:ĞÂÇø

[ 2017-02-12T21:55:43+08:00 ] 218.93.207.201 /ÖĞ±ä.rar
INFO: [ app_init ] --START--
INFO: Run Behavior\BuildLiteBehavior [ RunTime:0.000029s ]
INFO: [ app_init ] --END-- [ RunTime:0.000492s ]
ERR: æ— æ³•åŠ è½½æ¨¡å—:ÖĞ±ä

[ 2017-02-12T21:55:43+08:00 ] 218.93.207.201 /cmirserver.rar
INFO: [ app_init ] --START--
INFO: Run Behavior\BuildLiteBehavior [ RunTime:0.000019s ]
INFO: [ app_init ] --END-- [ RunTime:0.000322s ]
ERR: æ— æ³•åŠ è½½æ¨¡å—:Cmirserver

[ 2017-02-12T21:55:43+08:00 ] 218.93.207.201 /cmirserver01.rar
INFO: [ app_init ] --START--
INFO: Run Behavior\BuildLiteBehavior [ RunTime:0.000022s ]
INFO: [ app_init ] --END-- [ RunTime:0.000341s ]
ERR: æ— æ³•åŠ è½½æ¨¡å—:Cmirserver01

[ 2017-02-12T21:55:43+08:00 ] 218.93.207.201 /cmirserver1.rar
INFO: [ app_init ] --START--
INFO: Run Behavior\BuildLiteBehavior [ RunTime:0.000078s ]
INFO: [ app_init ] --END-- [ RunTime:0.000410s ]
ERR: æ— æ³•åŠ è½½æ¨¡å—:Cmirserver1

[ 2017-02-12T21:55:43+08:00 ] 218.93.207.201 /cmirserver11.rar
INFO: [ app_init ] --START--
INFO: Run Behavior\BuildLiteBehavior [ RunTime:0.000023s ]
INFO: [ app_init ] --END-- [ RunTime:0.000346s ]
ERR: æ— æ³•åŠ è½½æ¨¡å—:Cmirserver11

[ 2017-02-12T21:55:43+08:00 ] 218.93.207.201 /cmirserver2.rar
INFO: [ app_init ] --START--
INFO: Run Behavior\BuildLiteBehavior [ RunTime:0.000022s ]
INFO: [ app_init ] --END-- [ RunTime:0.000416s ]
ERR: æ— æ³•åŠ è½½æ¨¡å—:Cmirserver2

[ 2017-02-12T21:55:43+08:00 ] 218.93.207.201 /cmirserver3.rar
INFO: [ app_init ] --START--
INFO: Run Behavior\BuildLiteBehavior [ RunTime:0.000018s ]
INFO: [ app_init ] --END-- [ RunTime:0.000361s ]
ERR: æ— æ³•åŠ è½½æ¨¡å—:Cmirserver3

[ 2017-02-12T21:55:43+08:00 ] 218.93.207.201 /Mirserver%20-%20¸±±¾.zip
INFO: [ app_init ] --START--
INFO: Run Behavior\BuildLiteBehavior [ RunTime:0.000021s ]
INFO: [ app_init ] --END-- [ RunTime:0.000340s ]
ERR: æ— æ³•åŠ è½½æ¨¡å—:Mirserver - ¸±±¾

[ 2017-02-12T21:55:43+08:00 ] 218.93.207.201 /Mirserver0%20-%20¸±±¾.zip
INFO: [ app_init ] --START--
INFO: Run Behavior\BuildLiteBehavior [ RunTime:0.000016s ]
INFO: [ app_init ] --END-- [ RunTime:0.000368s ]
ERR: æ— æ³•åŠ è½½æ¨¡å—:Mirserver0 - ¸±±¾

[ 2017-02-12T21:55:43+08:00 ] 218.93.207.201 /Mirserver1%20-%20¸±±¾.zip
INFO: [ app_init ] --START--
INFO: Run Behavior\BuildLiteBehavior [ RunTime:0.000023s ]
INFO: [ app_init ] --END-- [ RunTime:0.000918s ]
ERR: æ— æ³•åŠ è½½æ¨¡å—:Mirserver1 - ¸±±¾

[ 2017-02-12T21:55:43+08:00 ] 218.93.207.201 /Mirserver2%20-%20¸±±¾.zip
INFO: [ app_init ] --START--
INFO: Run Behavior\BuildLiteBehavior [ RunTime:0.000023s ]
INFO: [ app_init ] --END-- [ RunTime:0.000413s ]
ERR: æ— æ³•åŠ è½½æ¨¡å—:Mirserver2 - ¸±±¾

[ 2017-02-12T21:55:43+08:00 ] 218.93.207.201 /Mirserver3%20-%20¸±±¾.zip
INFO: [ app_init ] --START--
INFO: Run Behavior\BuildLiteBehavior [ RunTime:0.000024s ]
INFO: [ app_init ] --END-- [ RunTime:0.000458s ]
ERR: æ— æ³•åŠ è½½æ¨¡å—:Mirserver3 - ¸±±¾

[ 2017-02-12T21:55:43+08:00 ] 218.93.207.201 /Mirserver4%20-%20¸±±¾.zip
INFO: [ app_init ] --START--
INFO: Run Behavior\BuildLiteBehavior [ RunTime:0.000024s ]
INFO: [ app_init ] --END-- [ RunTime:0.000424s ]
ERR: æ— æ³•åŠ è½½æ¨¡å—:Mirserver4 - ¸±±¾

[ 2017-02-12T21:55:43+08:00 ] 218.93.207.201 /Mirserver5%20-%20¸±±¾.zip
INFO: [ app_init ] --START--
INFO: Run Behavior\BuildLiteBehavior [ RunTime:0.000022s ]
INFO: [ app_init ] --END-- [ RunTime:0.000413s ]
ERR: æ— æ³•åŠ è½½æ¨¡å—:Mirserver5 - ¸±±¾

[ 2017-02-12T21:55:43+08:00 ] 218.93.207.201 /Mirserver6%20-%20¸±±¾.zip
INFO: [ app_init ] --START--
INFO: Run Behavior\BuildLiteBehavior [ RunTime:0.000023s ]
INFO: [ app_init ] --END-- [ RunTime:0.000379s ]
ERR: æ— æ³•åŠ è½½æ¨¡å—:Mirserver6 - ¸±±¾

[ 2017-02-12T21:55:43+08:00 ] 218.93.207.201 /Mirserver7%20-%20¸±±¾.zip
INFO: [ app_init ] --START--
INFO: Run Behavior\BuildLiteBehavior [ RunTime:0.000024s ]
INFO: [ app_init ] --END-- [ RunTime:0.000377s ]
ERR: æ— æ³•åŠ è½½æ¨¡å—:Mirserver7 - ¸±±¾

[ 2017-02-12T21:55:43+08:00 ] 218.93.207.201 /Mirserver8%20-%20¸±±¾.zip
INFO: [ app_init ] --START--
INFO: Run Behavior\BuildLiteBehavior [ RunTime:0.000023s ]
INFO: [ app_init ] --END-- [ RunTime:0.000435s ]
ERR: æ— æ³•åŠ è½½æ¨¡å—:Mirserver8 - ¸±±¾

[ 2017-02-12T21:55:43+08:00 ] 218.93.207.201 /Mirserver9%20-%20¸±±¾.zip
INFO: [ app_init ] --START--
INFO: Run Behavior\BuildLiteBehavior [ RunTime:0.000034s ]
INFO: [ app_init ] --END-- [ RunTime:0.000655s ]
ERR: æ— æ³•åŠ è½½æ¨¡å—:Mirserver9 - ¸±±¾

[ 2017-02-12T21:55:43+08:00 ] 218.93.207.201 /Mirserver10%20-%20¸±±¾.zip
INFO: [ app_init ] --START--
INFO: Run Behavior\BuildLiteBehavior [ RunTime:0.000022s ]
INFO: [ app_init ] --END-- [ RunTime:0.000340s ]
ERR: æ— æ³•åŠ è½½æ¨¡å—:Mirserver10 - ¸±±¾

[ 2017-02-12T21:55:43+08:00 ] 218.93.207.201 /Mirserver11%20-%20¸±±¾.zip
INFO: [ app_init ] --START--
INFO: Run Behavior\BuildLiteBehavior [ RunTime:0.000019s ]
INFO: [ app_init ] --END-- [ RunTime:0.000320s ]
ERR: æ— æ³•åŠ è½½æ¨¡å—:Mirserver11 - ¸±±¾

[ 2017-02-12T21:55:43+08:00 ] 218.93.207.201 /Mirserver12%20-%20¸±±¾.zip
INFO: [ app_init ] --START--
INFO: Run Behavior\BuildLiteBehavior [ RunTime:0.000027s ]
INFO: [ app_init ] --END-- [ RunTime:0.000535s ]
ERR: æ— æ³•åŠ è½½æ¨¡å—:Mirserver12 - ¸±±¾

[ 2017-02-12T21:55:44+08:00 ] 218.93.207.201 /Mirserver13%20-%20¸±±¾.zip
INFO: [ app_init ] --START--
INFO: Run Behavior\BuildLiteBehavior [ RunTime:0.000023s ]
INFO: [ app_init ] --END-- [ RunTime:0.000415s ]
ERR: æ— æ³•åŠ è½½æ¨¡å—:Mirserver13 - ¸±±¾

[ 2017-02-12T21:55:44+08:00 ] 218.93.207.201 /Mirserver14%20-%20¸±±¾.zip
INFO: [ app_init ] --START--
INFO: Run Behavior\BuildLiteBehavior [ RunTime:0.000024s ]
INFO: [ app_init ] --END-- [ RunTime:0.000465s ]
ERR: æ— æ³•åŠ è½½æ¨¡å—:Mirserver14 - ¸±±¾

[ 2017-02-12T21:55:44+08:00 ] 218.93.207.201 /Mirserver15%20-%20¸±±¾.zip
INFO: [ app_init ] --START--
INFO: Run Behavior\BuildLiteBehavior [ RunTime:0.000023s ]
INFO: [ app_init ] --END-- [ RunTime:0.000453s ]
ERR: æ— æ³•åŠ è½½æ¨¡å—:Mirserver15 - ¸±±¾

[ 2017-02-12T21:55:44+08:00 ] 218.93.207.201 /¸´¼ş%20MirServer.zip
INFO: [ app_init ] --START--
INFO: Run Behavior\BuildLiteBehavior [ RunTime:0.000022s ]
INFO: [ app_init ] --END-- [ RunTime:0.000347s ]
ERR: æ— æ³•åŠ è½½æ¨¡å—:¸´¼ş MirServer

[ 2017-02-12T21:55:44+08:00 ] 218.93.207.201 /¸´¼ş%20MirServer0.zip
INFO: [ app_init ] --START--
INFO: Run Behavior\BuildLiteBehavior [ RunTime:0.000030s ]
INFO: [ app_init ] --END-- [ RunTime:0.000636s ]
ERR: æ— æ³•åŠ è½½æ¨¡å—:¸´¼ş MirServer0

[ 2017-02-12T21:55:44+08:00 ] 218.93.207.201 /¸´¼ş%20MirServer1.zip
INFO: [ app_init ] --START--
INFO: Run Behavior\BuildLiteBehavior [ RunTime:0.000022s ]
INFO: [ app_init ] --END-- [ RunTime:0.000335s ]
ERR: æ— æ³•åŠ è½½æ¨¡å—:¸´¼ş MirServer1

[ 2017-02-12T21:55:44+08:00 ] 218.93.207.201 /¸´¼ş%20MirServer2.zip
INFO: [ app_init ] --START--
INFO: Run Behavior\BuildLiteBehavior [ RunTime:0.000025s ]
INFO: [ app_init ] --END-- [ RunTime:0.000491s ]
ERR: æ— æ³•åŠ è½½æ¨¡å—:¸´¼ş MirServer2

[ 2017-02-12T21:55:44+08:00 ] 218.93.207.201 /¸´¼ş%20MirServer3.zip
INFO: [ app_init ] --START--
INFO: Run Behavior\BuildLiteBehavior [ RunTime:0.000023s ]
INFO: [ app_init ] --END-- [ RunTime:0.000404s ]
ERR: æ— æ³•åŠ è½½æ¨¡å—:¸´¼ş MirServer3

[ 2017-02-12T21:55:44+08:00 ] 218.93.207.201 /¸´¼ş%20MirServer4.zip
INFO: [ app_init ] --START--
INFO: Run Behavior\BuildLiteBehavior [ RunTime:0.000023s ]
INFO: [ app_init ] --END-- [ RunTime:0.000462s ]
ERR: æ— æ³•åŠ è½½æ¨¡å—:¸´¼ş MirServer4

[ 2017-02-12T21:55:44+08:00 ] 218.93.207.201 /¸´¼ş%20MirServer5.zip
INFO: [ app_init ] --START--
INFO: Run Behavior\BuildLiteBehavior [ RunTime:0.000022s ]
INFO: [ app_init ] --END-- [ RunTime:0.000365s ]
ERR: æ— æ³•åŠ è½½æ¨¡å—:¸´¼ş MirServer5

[ 2017-02-12T21:55:44+08:00 ] 218.93.207.201 /¸´¼ş%20MirServer6.zip
INFO: [ app_init ] --START--
INFO: Run Behavior\BuildLiteBehavior [ RunTime:0.000021s ]
INFO: [ app_init ] --END-- [ RunTime:0.000394s ]
ERR: æ— æ³•åŠ è½½æ¨¡å—:¸´¼ş MirServer6

[ 2017-02-12T21:55:44+08:00 ] 218.93.207.201 /¸´¼ş%20MirServer7.zip
INFO: [ app_init ] --START--
INFO: Run Behavior\BuildLiteBehavior [ RunTime:0.000023s ]
INFO: [ app_init ] --END-- [ RunTime:0.000353s ]
ERR: æ— æ³•åŠ è½½æ¨¡å—:¸´¼ş MirServer7

[ 2017-02-12T21:55:44+08:00 ] 218.93.207.201 /¸´¼ş%20MirServer8.zip
INFO: [ app_init ] --START--
INFO: Run Behavior\BuildLiteBehavior [ RunTime:0.000017s ]
INFO: [ app_init ] --END-- [ RunTime:0.000316s ]
ERR: æ— æ³•åŠ è½½æ¨¡å—:¸´¼ş MirServer8

[ 2017-02-12T21:55:44+08:00 ] 218.93.207.201 /¸´¼ş%20MirServer9.zip
INFO: [ app_init ] --START--
INFO: Run Behavior\BuildLiteBehavior [ RunTime:0.000023s ]
INFO: [ app_init ] --END-- [ RunTime:0.000348s ]
ERR: æ— æ³•åŠ è½½æ¨¡å—:¸´¼ş MirServer9

[ 2017-02-12T21:55:44+08:00 ] 218.93.207.201 /¸´¼ş%20MirServer10.zip
INFO: [ app_init ] --START--
INFO: Run Behavior\BuildLiteBehavior [ RunTime:0.000021s ]
INFO: [ app_init ] --END-- [ RunTime:0.000336s ]
ERR: æ— æ³•åŠ è½½æ¨¡å—:¸´¼ş MirServer10

[ 2017-02-12T21:55:44+08:00 ] 218.93.207.201 /¸´¼ş%20MirServer11.zip
INFO: [ app_init ] --START--
INFO: Run Behavior\BuildLiteBehavior [ RunTime:0.000021s ]
INFO: [ app_init ] --END-- [ RunTime:0.000448s ]
ERR: æ— æ³•åŠ è½½æ¨¡å—:¸´¼ş MirServer11

[ 2017-02-12T21:55:44+08:00 ] 218.93.207.201 /¸´¼ş%20MirServer12.zip
INFO: [ app_init ] --START--
INFO: Run Behavior\BuildLiteBehavior [ RunTime:0.000025s ]
INFO: [ app_init ] --END-- [ RunTime:0.000532s ]
ERR: æ— æ³•åŠ è½½æ¨¡å—:¸´¼ş MirServer12

[ 2017-02-12T21:55:44+08:00 ] 218.93.207.201 /¸´¼ş%20MirServer13.zip
INFO: [ app_init ] --START--
INFO: Run Behavior\BuildLiteBehavior [ RunTime:0.000021s ]
INFO: [ app_init ] --END-- [ RunTime:0.000339s ]
ERR: æ— æ³•åŠ è½½æ¨¡å—:¸´¼ş MirServer13

[ 2017-02-12T21:55:44+08:00 ] 218.93.207.201 /¸´¼ş%20MirServer14.zip
INFO: [ app_init ] --START--
INFO: Run Behavior\BuildLiteBehavior [ RunTime:0.000021s ]
INFO: [ app_init ] --END-- [ RunTime:0.000391s ]
ERR: æ— æ³•åŠ è½½æ¨¡å—:¸´¼ş MirServer14

[ 2017-02-12T21:55:44+08:00 ] 218.93.207.201 /1.70Mirserver.zip
INFO: [ app_init ] --START--
INFO: Run Behavior\BuildLiteBehavior [ RunTime:0.000032s ]
INFO: [ app_init ] --END-- [ RunTime:0.000397s ]
ERR: æ— æ³•åŠ è½½æ¨¡å—:1.70Mirserver

[ 2017-02-12T21:55:44+08:00 ] 218.93.207.201 /1.76Mirserver.zip
INFO: [ app_init ] --START--
INFO: Run Behavior\BuildLiteBehavior [ RunTime:0.000021s ]
INFO: [ app_init ] --END-- [ RunTime:0.000336s ]
ERR: æ— æ³•åŠ è½½æ¨¡å—:1.76Mirserver

[ 2017-02-12T21:55:44+08:00 ] 218.93.207.201 /1.80Mirserver.zip
INFO: [ app_init ] --START--
INFO: Run Behavior\BuildLiteBehavior [ RunTime:0.000026s ]
INFO: [ app_init ] --END-- [ RunTime:0.000399s ]
ERR: æ— æ³•åŠ è½½æ¨¡å—:1.80Mirserver

[ 2017-02-12T21:55:44+08:00 ] 218.93.207.201 /1.85Mirserver.zip
INFO: [ app_init ] --START--
INFO: Run Behavior\BuildLiteBehavior [ RunTime:0.000024s ]
INFO: [ app_init ] --END-- [ RunTime:0.000520s ]
ERR: æ— æ³•åŠ è½½æ¨¡å—:1.85Mirserver

[ 2017-02-12T21:55:45+08:00 ] 218.93.207.201 /1.90Mirserver.zip
INFO: [ app_init ] --START--
INFO: Run Behavior\BuildLiteBehavior [ RunTime:0.000019s ]
INFO: [ app_init ] --END-- [ RunTime:0.000321s ]
ERR: æ— æ³•åŠ è½½æ¨¡å—:1.90Mirserver

[ 2017-02-12T21:55:45+08:00 ] 218.93.207.201 /1.96Mirserver.zip
INFO: [ app_init ] --START--
INFO: Run Behavior\BuildLiteBehavior [ RunTime:0.000020s ]
INFO: [ app_init ] --END-- [ RunTime:0.001313s ]
ERR: æ— æ³•åŠ è½½æ¨¡å—:1.96Mirserver

[ 2017-02-12T21:55:45+08:00 ] 218.93.207.201 /1.99Mirserver.zip
INFO: [ app_init ] --START--
INFO: Run Behavior\BuildLiteBehavior [ RunTime:0.000022s ]
INFO: [ app_init ] --END-- [ RunTime:0.000336s ]
ERR: æ— æ³•åŠ è½½æ¨¡å—:1.99Mirserver

[ 2017-02-12T21:55:45+08:00 ] 218.93.207.201 /1.70.zip
INFO: [ app_init ] --START--
INFO: Run Behavior\BuildLiteBehavior [ RunTime:0.000018s ]
INFO: [ app_init ] --END-- [ RunTime:0.000376s ]
ERR: æ— æ³•åŠ è½½æ¨¡å—:1.70

[ 2017-02-12T21:55:45+08:00 ] 218.93.207.201 /1.76.zip
INFO: [ app_init ] --START--
INFO: Run Behavior\BuildLiteBehavior [ RunTime:0.000023s ]
INFO: [ app_init ] --END-- [ RunTime:0.000347s ]
ERR: æ— æ³•åŠ è½½æ¨¡å—:1.76

[ 2017-02-12T21:55:45+08:00 ] 218.93.207.201 /1.80.zip
INFO: [ app_init ] --START--
INFO: Run Behavior\BuildLiteBehavior [ RunTime:0.000023s ]
INFO: [ app_init ] --END-- [ RunTime:0.000358s ]
ERR: æ— æ³•åŠ è½½æ¨¡å—:1.80

[ 2017-02-12T21:55:45+08:00 ] 218.93.207.201 /1.85.zip
INFO: [ app_init ] --START--
INFO: Run Behavior\BuildLiteBehavior [ RunTime:0.000019s ]
INFO: [ app_init ] --END-- [ RunTime:0.000326s ]
ERR: æ— æ³•åŠ è½½æ¨¡å—:1.85

[ 2017-02-12T21:55:45+08:00 ] 218.93.207.201 /1.90.zip
INFO: [ app_init ] --START--
INFO: Run Behavior\BuildLiteBehavior [ RunTime:0.000022s ]
INFO: [ app_init ] --END-- [ RunTime:0.000418s ]
ERR: æ— æ³•åŠ è½½æ¨¡å—:1.90

[ 2017-02-12T21:55:45+08:00 ] 218.93.207.201 /1.96.zip
INFO: [ app_init ] --START--
INFO: Run Behavior\BuildLiteBehavior [ RunTime:0.000022s ]
INFO: [ app_init ] --END-- [ RunTime:0.000364s ]
ERR: æ— æ³•åŠ è½½æ¨¡å—:1.96

[ 2017-02-12T21:55:45+08:00 ] 218.93.207.201 /1.99.zip
INFO: [ app_init ] --START--
INFO: Run Behavior\BuildLiteBehavior [ RunTime:0.000023s ]
INFO: [ app_init ] --END-- [ RunTime:0.000401s ]
ERR: æ— æ³•åŠ è½½æ¨¡å—:1.99

[ 2017-02-12T21:55:45+08:00 ] 218.93.207.201 /176.zip
INFO: [ app_init ] --START--
INFO: Run Behavior\BuildLiteBehavior [ RunTime:0.000021s ]
INFO: [ app_init ] --END-- [ RunTime:0.000336s ]
ERR: æ— æ³•åŠ è½½æ¨¡å—:176

[ 2017-02-12T21:55:45+08:00 ] 218.93.207.201 /180.zip
INFO: [ app_init ] --START--
INFO: Run Behavior\BuildLiteBehavior [ RunTime:0.000024s ]
INFO: [ app_init ] --END-- [ RunTime:0.000357s ]
ERR: æ— æ³•åŠ è½½æ¨¡å—:180

[ 2017-02-12T21:55:45+08:00 ] 218.93.207.201 /185.zip
INFO: [ app_init ] --START--
INFO: Run Behavior\BuildLiteBehavior [ RunTime:0.000018s ]
INFO: [ app_init ] --END-- [ RunTime:0.000368s ]
ERR: æ— æ³•åŠ è½½æ¨¡å—:185

[ 2017-02-12T21:55:45+08:00 ] 218.93.207.201 /189.zip
INFO: [ app_init ] --START--
INFO: Run Behavior\BuildLiteBehavior [ RunTime:0.000019s ]
INFO: [ app_init ] --END-- [ RunTime:0.000330s ]
ERR: æ— æ³•åŠ è½½æ¨¡å—:189

[ 2017-02-12T21:55:45+08:00 ] 218.93.207.201 /195.zip
INFO: [ app_init ] --START--
INFO: Run Behavior\BuildLiteBehavior [ RunTime:0.000020s ]
INFO: [ app_init ] --END-- [ RunTime:0.000336s ]
ERR: æ— æ³•åŠ è½½æ¨¡å—:195

[ 2017-02-12T21:55:45+08:00 ] 218.93.207.201 /199.zip
INFO: [ app_init ] --START--
INFO: Run Behavior\BuildLiteBehavior [ RunTime:0.000021s ]
INFO: [ app_init ] --END-- [ RunTime:0.000335s ]
ERR: æ— æ³•åŠ è½½æ¨¡å—:199

[ 2017-02-12T21:55:45+08:00 ] 218.93.207.201 /1.zip
INFO: [ app_init ] --START--
INFO: Run Behavior\BuildLiteBehavior [ RunTime:0.000020s ]
INFO: [ app_init ] --END-- [ RunTime:0.000441s ]
ERR: æ— æ³•åŠ è½½æ¨¡å—:1

[ 2017-02-12T21:55:45+08:00 ] 218.93.207.201 /2.zip
INFO: [ app_init ] --START--
INFO: Run Behavior\BuildLiteBehavior [ RunTime:0.000024s ]
INFO: [ app_init ] --END-- [ RunTime:0.000368s ]
ERR: æ— æ³•åŠ è½½æ¨¡å—:2

[ 2017-02-12T21:55:45+08:00 ] 218.93.207.201 /3.zip
INFO: [ app_init ] --START--
INFO: Run Behavior\BuildLiteBehavior [ RunTime:0.000082s ]
INFO: [ app_init ] --END-- [ RunTime:0.000422s ]
ERR: æ— æ³•åŠ è½½æ¨¡å—:3

[ 2017-02-12T21:55:45+08:00 ] 218.93.207.201 /4.zip
INFO: [ app_init ] --START--
INFO: Run Behavior\BuildLiteBehavior [ RunTime:0.000027s ]
INFO: [ app_init ] --END-- [ RunTime:0.000407s ]
ERR: æ— æ³•åŠ è½½æ¨¡å—:4

[ 2017-02-12T21:55:45+08:00 ] 218.93.207.201 /5.zip
INFO: [ app_init ] --START--
INFO: Run Behavior\BuildLiteBehavior [ RunTime:0.000025s ]
INFO: [ app_init ] --END-- [ RunTime:0.000395s ]
ERR: æ— æ³•åŠ è½½æ¨¡å—:5

[ 2017-02-12T21:55:46+08:00 ] 218.93.207.201 /6.zip
INFO: [ app_init ] --START--
INFO: Run Behavior\BuildLiteBehavior [ RunTime:0.000024s ]
INFO: [ app_init ] --END-- [ RunTime:0.000374s ]
ERR: æ— æ³•åŠ è½½æ¨¡å—:6

[ 2017-02-12T21:55:46+08:00 ] 218.93.207.201 /7.zip
INFO: [ app_init ] --START--
INFO: Run Behavior\BuildLiteBehavior [ RunTime:0.000021s ]
INFO: [ app_init ] --END-- [ RunTime:0.000334s ]
ERR: æ— æ³•åŠ è½½æ¨¡å—:7

[ 2017-02-12T21:55:46+08:00 ] 218.93.207.201 /8.zip
INFO: [ app_init ] --START--
INFO: Run Behavior\BuildLiteBehavior [ RunTime:0.000022s ]
INFO: [ app_init ] --END-- [ RunTime:0.000348s ]
ERR: æ— æ³•åŠ è½½æ¨¡å—:8

[ 2017-02-12T21:55:46+08:00 ] 218.93.207.201 /9.zip
INFO: [ app_init ] --START--
INFO: Run Behavior\BuildLiteBehavior [ RunTime:0.000022s ]
INFO: [ app_init ] --END-- [ RunTime:0.000336s ]
ERR: æ— æ³•åŠ è½½æ¨¡å—:9

[ 2017-02-12T21:55:46+08:00 ] 218.93.207.201 /11.zip
INFO: [ app_init ] --START--
INFO: Run Behavior\BuildLiteBehavior [ RunTime:0.000020s ]
INFO: [ app_init ] --END-- [ RunTime:0.000396s ]
ERR: æ— æ³•åŠ è½½æ¨¡å—:11

[ 2017-02-12T21:55:46+08:00 ] 218.93.207.201 /12.zip
INFO: [ app_init ] --START--
INFO: Run Behavior\BuildLiteBehavior [ RunTime:0.000024s ]
INFO: [ app_init ] --END-- [ RunTime:0.000361s ]
ERR: æ— æ³•åŠ è½½æ¨¡å—:12

[ 2017-02-12T21:55:46+08:00 ] 218.93.207.201 /22.zip
INFO: [ app_init ] --START--
INFO: Run Behavior\BuildLiteBehavior [ RunTime:0.000041s ]
INFO: [ app_init ] --END-- [ RunTime:0.000391s ]
ERR: æ— æ³•åŠ è½½æ¨¡å—:22

[ 2017-02-12T21:55:46+08:00 ] 218.93.207.201 /33.zip
INFO: [ app_init ] --START--
INFO: Run Behavior\BuildLiteBehavior [ RunTime:0.000023s ]
INFO: [ app_init ] --END-- [ RunTime:0.000389s ]
ERR: æ— æ³•åŠ è½½æ¨¡å—:33

[ 2017-02-12T21:55:46+08:00 ] 218.93.207.201 /44.zip
INFO: [ app_init ] --START--
INFO: Run Behavior\BuildLiteBehavior [ RunTime:0.000028s ]
INFO: [ app_init ] --END-- [ RunTime:0.000431s ]
ERR: æ— æ³•åŠ è½½æ¨¡å—:44

[ 2017-02-12T21:55:46+08:00 ] 218.93.207.201 /76.zip
INFO: [ app_init ] --START--
INFO: Run Behavior\BuildLiteBehavior [ RunTime:0.000023s ]
INFO: [ app_init ] --END-- [ RunTime:0.000372s ]
ERR: æ— æ³•åŠ è½½æ¨¡å—:76

[ 2017-02-12T21:55:46+08:00 ] 218.93.207.201 /80.zip
INFO: [ app_init ] --START--
INFO: Run Behavior\BuildLiteBehavior [ RunTime:0.000023s ]
INFO: [ app_init ] --END-- [ RunTime:0.000355s ]
ERR: æ— æ³•åŠ è½½æ¨¡å—:80

[ 2017-02-12T21:55:46+08:00 ] 218.93.207.201 /00.zip
INFO: [ app_init ] --START--
INFO: Run Behavior\BuildLiteBehavior [ RunTime:0.000026s ]
INFO: [ app_init ] --END-- [ RunTime:0.000561s ]
ERR: æ— æ³•åŠ è½½æ¨¡å—:00

[ 2017-02-12T21:55:46+08:00 ] 218.93.207.201 /000.zip
INFO: [ app_init ] --START--
INFO: Run Behavior\BuildLiteBehavior [ RunTime:0.000023s ]
INFO: [ app_init ] --END-- [ RunTime:0.000354s ]
ERR: æ— æ³•åŠ è½½æ¨¡å—:000

[ 2017-02-12T21:55:46+08:00 ] 218.93.207.201 /111.zip
INFO: [ app_init ] --START--
INFO: Run Behavior\BuildLiteBehavior [ RunTime:0.000021s ]
INFO: [ app_init ] --END-- [ RunTime:0.000396s ]
ERR: æ— æ³•åŠ è½½æ¨¡å—:111

[ 2017-02-12T21:55:46+08:00 ] 218.93.207.201 /112.zip
INFO: [ app_init ] --START--
INFO: Run Behavior\BuildLiteBehavior [ RunTime:0.000020s ]
INFO: [ app_init ] --END-- [ RunTime:0.000379s ]
ERR: æ— æ³•åŠ è½½æ¨¡å—:112

[ 2017-02-12T21:55:46+08:00 ] 218.93.207.201 /120.zip
INFO: [ app_init ] --START--
INFO: Run Behavior\BuildLiteBehavior [ RunTime:0.000020s ]
INFO: [ app_init ] --END-- [ RunTime:0.000333s ]
ERR: æ— æ³•åŠ è½½æ¨¡å—:120

[ 2017-02-12T21:55:46+08:00 ] 218.93.207.201 /123.zip
INFO: [ app_init ] --START--
INFO: Run Behavior\BuildLiteBehavior [ RunTime:0.000024s ]
INFO: [ app_init ] --END-- [ RunTime:0.000415s ]
ERR: æ— æ³•åŠ è½½æ¨¡å—:123

[ 2017-02-12T21:55:46+08:00 ] 218.93.207.201 /222.zip
INFO: [ app_init ] --START--
INFO: Run Behavior\BuildLiteBehavior [ RunTime:0.000023s ]
INFO: [ app_init ] --END-- [ RunTime:0.000358s ]
ERR: æ— æ³•åŠ è½½æ¨¡å—:222

[ 2017-02-12T21:55:46+08:00 ] 218.93.207.201 /321.zip
INFO: [ app_init ] --START--
INFO: Run Behavior\BuildLiteBehavior [ RunTime:0.000025s ]
INFO: [ app_init ] --END-- [ RunTime:0.000391s ]
ERR: æ— æ³•åŠ è½½æ¨¡å—:321

[ 2017-02-12T21:55:46+08:00 ] 218.93.207.201 /333.zip
INFO: [ app_init ] --START--
INFO: Run Behavior\BuildLiteBehavior [ RunTime:0.000020s ]
INFO: [ app_init ] --END-- [ RunTime:0.000334s ]
ERR: æ— æ³•åŠ è½½æ¨¡å—:333

[ 2017-02-12T21:55:46+08:00 ] 218.93.207.201 /1111.zip
INFO: [ app_init ] --START--
INFO: Run Behavior\BuildLiteBehavior [ RunTime:0.000023s ]
INFO: [ app_init ] --END-- [ RunTime:0.000417s ]
ERR: æ— æ³•åŠ è½½æ¨¡å—:1111

[ 2017-02-12T21:55:47+08:00 ] 218.93.207.201 /1122.zip
INFO: [ app_init ] --START--
INFO: Run Behavior\BuildLiteBehavior [ RunTime:0.000024s ]
INFO: [ app_init ] --END-- [ RunTime:0.000464s ]
ERR: æ— æ³•åŠ è½½æ¨¡å—:1122

[ 2017-02-12T21:55:47+08:00 ] 218.93.207.201 /1234.zip
INFO: [ app_init ] --START--
INFO: Run Behavior\BuildLiteBehavior [ RunTime:0.000024s ]
INFO: [ app_init ] --END-- [ RunTime:0.000424s ]
ERR: æ— æ³•åŠ è½½æ¨¡å—:1234

[ 2017-02-12T21:55:47+08:00 ] 218.93.207.201 /123456.zip
INFO: [ app_init ] --START--
INFO: Run Behavior\BuildLiteBehavior [ RunTime:0.000022s ]
INFO: [ app_init ] --END-- [ RunTime:0.000348s ]
ERR: æ— æ³•åŠ è½½æ¨¡å—:123456

[ 2017-02-12T21:55:47+08:00 ] 218.93.207.201 /123456789.zip
INFO: [ app_init ] --START--
INFO: Run Behavior\BuildLiteBehavior [ RunTime:0.000024s ]
INFO: [ app_init ] --END-- [ RunTime:0.000470s ]
ERR: æ— æ³•åŠ è½½æ¨¡å—:123456789

[ 2017-02-12T21:55:47+08:00 ] 218.93.207.201 /2222.zip
INFO: [ app_init ] --START--
INFO: Run Behavior\BuildLiteBehavior [ RunTime:0.000035s ]
INFO: [ app_init ] --END-- [ RunTime:0.000673s ]
ERR: æ— æ³•åŠ è½½æ¨¡å—:2222

[ 2017-02-12T21:55:47+08:00 ] 218.93.207.201 /11111.zip
INFO: [ app_init ] --START--
INFO: Run Behavior\BuildLiteBehavior [ RunTime:0.000020s ]
INFO: [ app_init ] --END-- [ RunTime:0.000341s ]
ERR: æ— æ³•åŠ è½½æ¨¡å—:11111

[ 2017-02-12T21:55:47+08:00 ] 218.93.207.201 /a.zip
INFO: [ app_init ] --START--
INFO: Run Behavior\BuildLiteBehavior [ RunTime:0.000020s ]
INFO: [ app_init ] --END-- [ RunTime:0.000401s ]
ERR: æ— æ³•åŠ è½½æ¨¡å—:A

[ 2017-02-12T21:55:47+08:00 ] 218.93.207.201 /aa.zip
INFO: [ app_init ] --START--
INFO: Run Behavior\BuildLiteBehavior [ RunTime:0.000023s ]
INFO: [ app_init ] --END-- [ RunTime:0.000450s ]
ERR: æ— æ³•åŠ è½½æ¨¡å—:Aa

[ 2017-02-12T21:55:47+08:00 ] 218.93.207.201 /aaa.zip
INFO: [ app_init ] --START--
INFO: Run Behavior\BuildLiteBehavior [ RunTime:0.000019s ]
INFO: [ app_init ] --END-- [ RunTime:0.000378s ]
ERR: æ— æ³•åŠ è½½æ¨¡å—:Aaa

[ 2017-02-12T21:55:47+08:00 ] 218.93.207.201 /amirserver.zip
INFO: [ app_init ] --START--
INFO: Run Behavior\BuildLiteBehavior [ RunTime:0.000023s ]
INFO: [ app_init ] --END-- [ RunTime:0.000348s ]
ERR: æ— æ³•åŠ è½½æ¨¡å—:Amirserver

[ 2017-02-12T21:55:47+08:00 ] 218.93.207.201 /DMirserver.zip
INFO: [ app_init ] --START--
INFO: Run Behavior\BuildLiteBehavior [ RunTime:0.000024s ]
INFO: [ app_init ] --END-- [ RunTime:0.000502s ]
ERR: æ— æ³•åŠ è½½æ¨¡å—:DMirserver

[ 2017-02-12T21:55:47+08:00 ] 218.93.207.201 /EMirserver.zip
INFO: [ app_init ] --START--
INFO: Run Behavior\BuildLiteBehavior [ RunTime:0.000016s ]
INFO: [ app_init ] --END-- [ RunTime:0.000306s ]
ERR: æ— æ³•åŠ è½½æ¨¡å—:EMirserver

[ 2017-02-12T21:55:47+08:00 ] 218.93.207.201 /FMirserver.zip
INFO: [ app_init ] --START--
INFO: Run Behavior\BuildLiteBehavior [ RunTime:0.000017s ]
INFO: [ app_init ] --END-- [ RunTime:0.000407s ]
ERR: æ— æ³•åŠ è½½æ¨¡å—:FMirserver

[ 2017-02-12T21:55:47+08:00 ] 218.93.207.201 /gmirserver.zip
INFO: [ app_init ] --START--
INFO: Run Behavior\BuildLiteBehavior [ RunTime:0.000028s ]
INFO: [ app_init ] --END-- [ RunTime:0.000729s ]
ERR: æ— æ³•åŠ è½½æ¨¡å—:Gmirserver

[ 2017-02-12T21:55:47+08:00 ] 218.93.207.201 /mirserver.zip
INFO: [ app_init ] --START--
INFO: Run Behavior\BuildLiteBehavior [ RunTime:0.000079s ]
INFO: [ app_init ] --END-- [ RunTime:0.000412s ]
ERR: æ— æ³•åŠ è½½æ¨¡å—:Mirserver

[ 2017-02-12T21:55:47+08:00 ] 218.93.207.201 /Mirservera.zip
INFO: [ app_init ] --START--
INFO: Run Behavior\BuildLiteBehavior [ RunTime:0.000020s ]
INFO: [ app_init ] --END-- [ RunTime:0.000340s ]
ERR: æ— æ³•åŠ è½½æ¨¡å—:Mirservera

[ 2017-02-12T21:55:47+08:00 ] 218.93.207.201 /mirserver0.zip
INFO: [ app_init ] --START--
INFO: Run Behavior\BuildLiteBehavior [ RunTime:0.000023s ]
INFO: [ app_init ] --END-- [ RunTime:0.000885s ]
ERR: æ— æ³•åŠ è½½æ¨¡å—:Mirserver0

[ 2017-02-12T21:55:47+08:00 ] 218.93.207.201 /mirserver01.zip
INFO: [ app_init ] --START--
INFO: Run Behavior\BuildLiteBehavior [ RunTime:0.000094s ]
INFO: [ app_init ] --END-- [ RunTime:0.000569s ]
ERR: æ— æ³•åŠ è½½æ¨¡å—:Mirserver01

[ 2017-02-12T21:55:47+08:00 ] 218.93.207.201 /mirserver02.zip
INFO: [ app_init ] --START--
INFO: Run Behavior\BuildLiteBehavior [ RunTime:0.000025s ]
INFO: [ app_init ] --END-- [ RunTime:0.000403s ]
ERR: æ— æ³•åŠ è½½æ¨¡å—:Mirserver02

[ 2017-02-12T21:55:47+08:00 ] 218.93.207.201 /mirserver03.zip
INFO: [ app_init ] --START--
INFO: Run Behavior\BuildLiteBehavior [ RunTime:0.000029s ]
INFO: [ app_init ] --END-- [ RunTime:0.000579s ]
ERR: æ— æ³•åŠ è½½æ¨¡å—:Mirserver03

[ 2017-02-12T21:55:47+08:00 ] 218.93.207.201 /mirserver176.zip
INFO: [ app_init ] --START--
INFO: Run Behavior\BuildLiteBehavior [ RunTime:0.000093s ]
INFO: [ app_init ] --END-- [ RunTime:0.000550s ]
ERR: æ— æ³•åŠ è½½æ¨¡å—:Mirserver176

[ 2017-02-12T21:55:48+08:00 ] 218.93.207.201 /mirserver180.zip
INFO: [ app_init ] --START--
INFO: Run Behavior\BuildLiteBehavior [ RunTime:0.000024s ]
INFO: [ app_init ] --END-- [ RunTime:0.000425s ]
ERR: æ— æ³•åŠ è½½æ¨¡å—:Mirserver180

[ 2017-02-12T21:55:48+08:00 ] 218.93.207.201 /Mirserver76.zip
INFO: [ app_init ] --START--
INFO: Run Behavior\BuildLiteBehavior [ RunTime:0.000024s ]
INFO: [ app_init ] --END-- [ RunTime:0.000361s ]
ERR: æ— æ³•åŠ è½½æ¨¡å—:Mirserver76

[ 2017-02-12T21:55:48+08:00 ] 218.93.207.201 /Mirserver80.zip
INFO: [ app_init ] --START--
INFO: Run Behavior\BuildLiteBehavior [ RunTime:0.000027s ]
INFO: [ app_init ] --END-- [ RunTime:0.000487s ]
ERR: æ— æ³•åŠ è½½æ¨¡å—:Mirserver80

[ 2017-02-12T21:55:48+08:00 ] 218.93.207.201 /Mirserver85.zip
INFO: [ app_init ] --START--
INFO: Run Behavior\BuildLiteBehavior [ RunTime:0.000031s ]
INFO: [ app_init ] --END-- [ RunTime:0.000386s ]
ERR: æ— æ³•åŠ è½½æ¨¡å—:Mirserver85

[ 2017-02-12T21:55:48+08:00 ] 218.93.207.201 /mirserver1.zip
INFO: [ app_init ] --START--
INFO: Run Behavior\BuildLiteBehavior [ RunTime:0.000023s ]
INFO: [ app_init ] --END-- [ RunTime:0.000443s ]
ERR: æ— æ³•åŠ è½½æ¨¡å—:Mirserver1

[ 2017-02-12T21:55:48+08:00 ] 218.93.207.201 /mirserver2.zip
INFO: [ app_init ] --START--
INFO: Run Behavior\BuildLiteBehavior [ RunTime:0.000023s ]
INFO: [ app_init ] --END-- [ RunTime:0.000349s ]
ERR: æ— æ³•åŠ è½½æ¨¡å—:Mirserver2

[ 2017-02-12T21:55:48+08:00 ] 218.93.207.201 /Mirserver2.zip
INFO: [ app_init ] --START--
INFO: Run Behavior\BuildLiteBehavior [ RunTime:0.000019s ]
INFO: [ app_init ] --END-- [ RunTime:0.000321s ]
ERR: æ— æ³•åŠ è½½æ¨¡å—:Mirserver2

[ 2017-02-12T21:55:48+08:00 ] 218.93.207.201 /Mirserver3.zip
INFO: [ app_init ] --START--
INFO: Run Behavior\BuildLiteBehavior [ RunTime:0.000022s ]
INFO: [ app_init ] --END-- [ RunTime:0.000330s ]
ERR: æ— æ³•åŠ è½½æ¨¡å—:Mirserver3

[ 2017-02-12T21:55:48+08:00 ] 218.93.207.201 /Mirserver4.zip
INFO: [ app_init ] --START--
INFO: Run Behavior\BuildLiteBehavior [ RunTime:0.000020s ]
INFO: [ app_init ] --END-- [ RunTime:0.000330s ]
ERR: æ— æ³•åŠ è½½æ¨¡å—:Mirserver4

[ 2017-02-12T21:55:48+08:00 ] 218.93.207.201 /Mirserver5.zip
INFO: [ app_init ] --START--
INFO: Run Behavior\BuildLiteBehavior [ RunTime:0.000023s ]
INFO: [ app_init ] --END-- [ RunTime:0.000386s ]
ERR: æ— æ³•åŠ è½½æ¨¡å—:Mirserver5

[ 2017-02-12T21:55:48+08:00 ] 218.93.207.201 /Mirserver6.zip
INFO: [ app_init ] --START--
INFO: Run Behavior\BuildLiteBehavior [ RunTime:0.000023s ]
INFO: [ app_init ] --END-- [ RunTime:0.000335s ]
ERR: æ— æ³•åŠ è½½æ¨¡å—:Mirserver6

[ 2017-02-12T21:55:48+08:00 ] 218.93.207.201 /Mirserver7.zip
INFO: [ app_init ] --START--
INFO: Run Behavior\BuildLiteBehavior [ RunTime:0.000016s ]
INFO: [ app_init ] --END-- [ RunTime:0.000311s ]
ERR: æ— æ³•åŠ è½½æ¨¡å—:Mirserver7

[ 2017-02-12T21:55:48+08:00 ] 218.93.207.201 /Mirserver8.zip
INFO: [ app_init ] --START--
INFO: Run Behavior\BuildLiteBehavior [ RunTime:0.000026s ]
INFO: [ app_init ] --END-- [ RunTime:0.000506s ]
ERR: æ— æ³•åŠ è½½æ¨¡å—:Mirserver8

[ 2017-02-12T21:55:48+08:00 ] 218.93.207.201 /Mirserver9.zip
INFO: [ app_init ] --START--
INFO: Run Behavior\BuildLiteBehavior [ RunTime:0.000025s ]
INFO: [ app_init ] --END-- [ RunTime:0.000376s ]
ERR: æ— æ³•åŠ è½½æ¨¡å—:Mirserver9

[ 2017-02-12T21:55:48+08:00 ] 218.93.207.201 /Mirserver10.zip
INFO: [ app_init ] --START--
INFO: Run Behavior\BuildLiteBehavior [ RunTime:0.000022s ]
INFO: [ app_init ] --END-- [ RunTime:0.000356s ]
ERR: æ— æ³•åŠ è½½æ¨¡å—:Mirserver10

[ 2017-02-12T21:55:48+08:00 ] 218.93.207.201 /mirserver11.zip
INFO: [ app_init ] --START--
INFO: Run Behavior\BuildLiteBehavior [ RunTime:0.000033s ]
INFO: [ app_init ] --END-- [ RunTime:0.000472s ]
ERR: æ— æ³•åŠ è½½æ¨¡å—:Mirserver11

[ 2017-02-12T21:55:48+08:00 ] 218.93.207.201 /mirserver12.zip
INFO: [ app_init ] --START--
INFO: Run Behavior\BuildLiteBehavior [ RunTime:0.000022s ]
INFO: [ app_init ] --END-- [ RunTime:0.000356s ]
ERR: æ— æ³•åŠ è½½æ¨¡å—:Mirserver12

[ 2017-02-12T21:55:48+08:00 ] 218.93.207.201 /mirserver22.zip
INFO: [ app_init ] --START--
INFO: Run Behavior\BuildLiteBehavior [ RunTime:0.000022s ]
INFO: [ app_init ] --END-- [ RunTime:0.000343s ]
ERR: æ— æ³•åŠ è½½æ¨¡å—:Mirserver22

[ 2017-02-12T21:55:48+08:00 ] 218.93.207.201 /mirserver33.zip
INFO: [ app_init ] --START--
INFO: Run Behavior\BuildLiteBehavior [ RunTime:0.000023s ]
INFO: [ app_init ] --END-- [ RunTime:0.000356s ]
ERR: æ— æ³•åŠ è½½æ¨¡å—:Mirserver33

[ 2017-02-12T21:55:48+08:00 ] 218.93.207.201 /mirserver44.zip
INFO: [ app_init ] --START--
INFO: Run Behavior\BuildLiteBehavior [ RunTime:0.000085s ]
INFO: [ app_init ] --END-- [ RunTime:0.000427s ]
ERR: æ— æ³•åŠ è½½æ¨¡å—:Mirserver44

[ 2017-02-12T21:55:48+08:00 ] 218.93.207.201 /mirserver55.zip
INFO: [ app_init ] --START--
INFO: Run Behavior\BuildLiteBehavior [ RunTime:0.000022s ]
INFO: [ app_init ] --END-- [ RunTime:0.000392s ]
ERR: æ— æ³•åŠ è½½æ¨¡å—:Mirserver55

[ 2017-02-12T21:55:49+08:00 ] 218.93.207.201 /mirserver100.zip
INFO: [ app_init ] --START--
INFO: Run Behavior\BuildLiteBehavior [ RunTime:0.000032s ]
INFO: [ app_init ] --END-- [ RunTime:0.000700s ]
ERR: æ— æ³•åŠ è½½æ¨¡å—:Mirserver100

[ 2017-02-12T21:55:49+08:00 ] 218.93.207.201 /mirserver111.zip
INFO: [ app_init ] --START--
INFO: Run Behavior\BuildLiteBehavior [ RunTime:0.000018s ]
INFO: [ app_init ] --END-- [ RunTime:0.000333s ]
ERR: æ— æ³•åŠ è½½æ¨¡å—:Mirserver111

[ 2017-02-12T21:55:49+08:00 ] 218.93.207.201 /Mirserver123.zip
INFO: [ app_init ] --START--
INFO: Run Behavior\BuildLiteBehavior [ RunTime:0.000016s ]
INFO: [ app_init ] --END-- [ RunTime:0.000312s ]
ERR: æ— æ³•åŠ è½½æ¨¡å—:Mirserver123

[ 2017-02-12T21:55:49+08:00 ] 218.93.207.201 /mirserver456.zip
INFO: [ app_init ] --START--
INFO: Run Behavior\BuildLiteBehavior [ RunTime:0.000031s ]
INFO: [ app_init ] --END-- [ RunTime:0.000592s ]
ERR: æ— æ³•åŠ è½½æ¨¡å—:Mirserver456

[ 2017-02-12T21:55:49+08:00 ] 218.93.207.201 /mirserver789.zip
INFO: [ app_init ] --START--
INFO: Run Behavior\BuildLiteBehavior [ RunTime:0.000020s ]
INFO: [ app_init ] --END-- [ RunTime:0.000424s ]
ERR: æ— æ³•åŠ è½½æ¨¡å—:Mirserver789

[ 2017-02-12T21:55:49+08:00 ] 218.93.207.201 /mirserver1111.zip
INFO: [ app_init ] --START--
INFO: Run Behavior\BuildLiteBehavior [ RunTime:0.000024s ]
INFO: [ app_init ] --END-- [ RunTime:0.000364s ]
ERR: æ— æ³•åŠ è½½æ¨¡å—:Mirserver1111

[ 2017-02-12T21:55:49+08:00 ] 218.93.207.201 /mirserver11111.zip
INFO: [ app_init ] --START--
INFO: Run Behavior\BuildLiteBehavior [ RunTime:0.000023s ]
INFO: [ app_init ] --END-- [ RunTime:0.000370s ]
ERR: æ— æ³•åŠ è½½æ¨¡å—:Mirserver11111

[ 2017-02-12T21:55:49+08:00 ] 218.93.207.201 /mirserver111111.zip
INFO: [ app_init ] --START--
INFO: Run Behavior\BuildLiteBehavior [ RunTime:0.000019s ]
INFO: [ app_init ] --END-- [ RunTime:0.000325s ]
ERR: æ— æ³•åŠ è½½æ¨¡å—:Mirserver111111

[ 2017-02-12T21:55:49+08:00 ] 218.93.207.201 /Mirserver123456.zip
INFO: [ app_init ] --START--
INFO: Run Behavior\BuildLiteBehavior [ RunTime:0.000019s ]
INFO: [ app_init ] --END-- [ RunTime:0.000327s ]
ERR: æ— æ³•åŠ è½½æ¨¡å—:Mirserver123456

[ 2017-02-12T21:55:49+08:00 ] 218.93.207.201 /mirserver123456789.zip
INFO: [ app_init ] --START--
INFO: Run Behavior\BuildLiteBehavior [ RunTime:0.000020s ]
INFO: [ app_init ] --END-- [ RunTime:0.000378s ]
ERR: æ— æ³•åŠ è½½æ¨¡å—:Mirserver123456789

[ 2017-02-12T21:55:49+08:00 ] 218.93.207.201 /mirserver¸´¹Å.zip
INFO: [ app_init ] --START--
INFO: Run Behavior\BuildLiteBehavior [ RunTime:0.000033s ]
INFO: [ app_init ] --END-- [ RunTime:0.000531s ]
ERR: æ— æ³•åŠ è½½æ¨¡å—:Mirserver¸´¹Å

[ 2017-02-12T21:55:49+08:00 ] 218.93.207.201 /1mirserver.zip
INFO: [ app_init ] --START--
INFO: Run Behavior\BuildLiteBehavior [ RunTime:0.000021s ]
INFO: [ app_init ] --END-- [ RunTime:0.000341s ]
ERR: æ— æ³•åŠ è½½æ¨¡å—:1mirserver

[ 2017-02-12T21:55:49+08:00 ] 218.93.207.201 /°æ±¾.zip
INFO: [ app_init ] --START--
INFO: Run Behavior\BuildLiteBehavior [ RunTime:0.000024s ]
INFO: [ app_init ] --END-- [ RunTime:0.000366s ]
ERR: æ— æ³•åŠ è½½æ¨¡å—:°æ±¾

[ 2017-02-12T21:55:49+08:00 ] 218.93.207.201 /°æ±¾1.zip
INFO: [ app_init ] --START--
INFO: Run Behavior\BuildLiteBehavior [ RunTime:0.000022s ]
INFO: [ app_init ] --END-- [ RunTime:0.000412s ]
ERR: æ— æ³•åŠ è½½æ¨¡å—:°æ±¾1

[ 2017-02-12T21:55:49+08:00 ] 218.93.207.201 /±¸·İ.zip
INFO: [ app_init ] --START--
INFO: Run Behavior\BuildLiteBehavior [ RunTime:0.000056s ]
INFO: [ app_init ] --END-- [ RunTime:0.000411s ]
ERR: æ— æ³•åŠ è½½æ¨¡å—:±¸·İ

[ 2017-02-12T21:55:49+08:00 ] 218.93.207.201 /²âÊÔ.zip
INFO: [ app_init ] --START--
INFO: Run Behavior\BuildLiteBehavior [ RunTime:0.000021s ]
INFO: [ app_init ] --END-- [ RunTime:0.000392s ]
ERR: æ— æ³•åŠ è½½æ¨¡å—:²âÊÔ

[ 2017-02-12T21:55:49+08:00 ] 218.93.207.201 /²âÊÔ°æ±¾.zip
INFO: [ app_init ] --START--
INFO: Run Behavior\BuildLiteBehavior [ RunTime:0.000022s ]
INFO: [ app_init ] --END-- [ RunTime:0.000345s ]
ERR: æ— æ³•åŠ è½½æ¨¡å—:²âÊÔ°æ±¾

[ 2017-02-12T21:55:49+08:00 ] 218.93.207.201 /¸´¹Å.zip
INFO: [ app_init ] --START--
INFO: Run Behavior\BuildLiteBehavior [ RunTime:0.000023s ]
INFO: [ app_init ] --END-- [ RunTime:0.000349s ]
ERR: æ— æ³•åŠ è½½æ¨¡å—:¸´¹Å

[ 2017-02-12T21:55:49+08:00 ] 218.93.207.201 /¸´¼ş%20ĞÂ½¨ÎÄ¼ş¼Ğ.zip
INFO: [ app_init ] --START--
INFO: Run Behavior\BuildLiteBehavior [ RunTime:0.000022s ]
INFO: [ app_init ] --END-- [ RunTime:0.000338s ]
ERR: æ— æ³•åŠ è½½æ¨¡å—:¸´¼ş ĞÂ½¨ÎÄ¼ş¼Ğ

[ 2017-02-12T21:55:49+08:00 ] 218.93.207.201 /¸´¼ş%20ĞÂ½¨ÎÄ¼ş¼Ğ1.zip
INFO: [ app_init ] --START--
INFO: Run Behavior\BuildLiteBehavior [ RunTime:0.000024s ]
INFO: [ app_init ] --END-- [ RunTime:0.000385s ]
ERR: æ— æ³•åŠ è½½æ¨¡å—:¸´¼ş ĞÂ½¨ÎÄ¼ş¼Ğ1

[ 2017-02-12T21:55:49+08:00 ] 218.93.207.201 /¸´¼ş%20ĞÂ½¨ÎÄ¼ş¼Ğ2.zip
INFO: [ app_init ] --START--
INFO: Run Behavior\BuildLiteBehavior [ RunTime:0.000023s ]
INFO: [ app_init ] --END-- [ RunTime:0.000420s ]
ERR: æ— æ³•åŠ è½½æ¨¡å—:¸´¼ş ĞÂ½¨ÎÄ¼ş¼Ğ2

[ 2017-02-12T21:55:49+08:00 ] 218.93.207.201 /¸´¼ş%20ĞÂ½¨ÎÄ¼ş¼Ğ3.zip
INFO: [ app_init ] --START--
INFO: Run Behavior\BuildLiteBehavior [ RunTime:0.000023s ]
INFO: [ app_init ] --END-- [ RunTime:0.000431s ]
ERR: æ— æ³•åŠ è½½æ¨¡å—:¸´¼ş ĞÂ½¨ÎÄ¼ş¼Ğ3

[ 2017-02-12T21:55:49+08:00 ] 218.93.207.201 /¸´¼ş.zip
INFO: [ app_init ] --START--
INFO: Run Behavior\BuildLiteBehavior [ RunTime:0.000023s ]
INFO: [ app_init ] --END-- [ RunTime:0.000354s ]
ERR: æ— æ³•åŠ è½½æ¨¡å—:¸´¼ş

[ 2017-02-12T21:55:49+08:00 ] 218.93.207.201 /¸´¼ş1.zip
INFO: [ app_init ] --START--
INFO: Run Behavior\BuildLiteBehavior [ RunTime:0.000024s ]
INFO: [ app_init ] --END-- [ RunTime:0.000378s ]
ERR: æ— æ³•åŠ è½½æ¨¡å—:¸´¼ş1

[ 2017-02-12T21:55:50+08:00 ] 218.93.207.201 /¸´¼şmirserver.zip
INFO: [ app_init ] --START--
INFO: Run Behavior\BuildLiteBehavior [ RunTime:0.000024s ]
INFO: [ app_init ] --END-- [ RunTime:0.000409s ]
ERR: æ— æ³•åŠ è½½æ¨¡å—:¸´¼şmirserver

[ 2017-02-12T21:55:50+08:00 ] 218.93.207.201 /¾«Æ·.zip
INFO: [ app_init ] --START--
INFO: Run Behavior\BuildLiteBehavior [ RunTime:0.000021s ]
INFO: [ app_init ] --END-- [ RunTime:0.000438s ]
ERR: æ— æ³•åŠ è½½æ¨¡å—:¾«Æ·

[ 2017-02-12T21:55:50+08:00 ] 218.93.207.201 /ÀÏ°æ±¾.zip
INFO: [ app_init ] --START--
INFO: Run Behavior\BuildLiteBehavior [ RunTime:0.000023s ]
INFO: [ app_init ] --END-- [ RunTime:0.000371s ]
ERR: æ— æ³•åŠ è½½æ¨¡å—:ÀÏ°æ±¾

[ 2017-02-12T21:55:50+08:00 ] 218.93.207.201 /ÀÏ°æ±¾Mirserver.zip
INFO: [ app_init ] --START--
INFO: Run Behavior\BuildLiteBehavior [ RunTime:0.000023s ]
INFO: [ app_init ] --END-- [ RunTime:0.000356s ]
ERR: æ— æ³•åŠ è½½æ¨¡å—:ÀÏ°æ±¾Mirserver

[ 2017-02-12T21:55:50+08:00 ] 218.93.207.201 /ÀÏÇø.zip
INFO: [ app_init ] --START--
INFO: Run Behavior\BuildLiteBehavior [ RunTime:0.000023s ]
INFO: [ app_init ] --END-- [ RunTime:0.000418s ]
ERR: æ— æ³•åŠ è½½æ¨¡å—:ÀÏÇø

[ 2017-02-12T21:55:50+08:00 ] 218.93.207.201 /Çá±ä.zip
INFO: [ app_init ] --START--
INFO: Run Behavior\BuildLiteBehavior [ RunTime:0.000025s ]
INFO: [ app_init ] --END-- [ RunTime:0.000385s ]
ERR: æ— æ³•åŠ è½½æ¨¡å—:Çá±ä

[ 2017-02-12T21:55:50+08:00 ] 218.93.207.201 /ĞÂ°æ±¾.zip
INFO: [ app_init ] --START--
INFO: Run Behavior\BuildLiteBehavior [ RunTime:0.000023s ]
INFO: [ app_init ] --END-- [ RunTime:0.000392s ]
ERR: æ— æ³•åŠ è½½æ¨¡å—:ĞÂ°æ±¾

[ 2017-02-12T21:55:50+08:00 ] 218.93.207.201 /ĞÂ°æ±¾Mirserver.zip
INFO: [ app_init ] --START--
INFO: Run Behavior\BuildLiteBehavior [ RunTime:0.000018s ]
INFO: [ app_init ] --END-- [ RunTime:0.000326s ]
ERR: æ— æ³•åŠ è½½æ¨¡å—:ĞÂ°æ±¾Mirserver

[ 2017-02-12T21:55:50+08:00 ] 218.93.207.201 /ĞÂ½¨ÎÄ¼ş¼Ğ.zip
INFO: [ app_init ] --START--
INFO: Run Behavior\BuildLiteBehavior [ RunTime:0.000021s ]
INFO: [ app_init ] --END-- [ RunTime:0.000330s ]
ERR: æ— æ³•åŠ è½½æ¨¡å—:ĞÂ½¨ÎÄ¼ş¼Ğ

[ 2017-02-12T21:55:50+08:00 ] 218.93.207.201 /ĞÂ½¨ÎÄ¼ş¼Ğ1.zip
INFO: [ app_init ] --START--
INFO: Run Behavior\BuildLiteBehavior [ RunTime:0.000022s ]
INFO: [ app_init ] --END-- [ RunTime:0.000343s ]
ERR: æ— æ³•åŠ è½½æ¨¡å—:ĞÂ½¨ÎÄ¼ş¼Ğ1

[ 2017-02-12T21:55:50+08:00 ] 218.93.207.201 /GOM.zip
INFO: [ app_init ] --START--
INFO: Run Behavior\BuildLiteBehavior [ RunTime:0.000023s ]
INFO: [ app_init ] --END-- [ RunTime:0.000359s ]
ERR: æ— æ³•åŠ è½½æ¨¡å—:GOM

[ 2017-02-12T21:55:50+08:00 ] 218.93.207.201 /hero.zip
INFO: [ app_init ] --START--
INFO: Run Behavior\BuildLiteBehavior [ RunTime:0.000023s ]
INFO: [ app_init ] --END-- [ RunTime:0.000412s ]
ERR: æ— æ³•åŠ è½½æ¨¡å—:Hero

[ 2017-02-12T21:55:50+08:00 ] 218.93.207.201 /blue.zip
INFO: [ app_init ] --START--
INFO: Run Behavior\BuildLiteBehavior [ RunTime:0.000024s ]
INFO: [ app_init ] --END-- [ RunTime:0.000388s ]
ERR: æ— æ³•åŠ è½½æ¨¡å—:Blue

[ 2017-02-12T21:55:50+08:00 ] 218.93.207.201 /ĞÂÇø.zip
INFO: [ app_init ] --START--
INFO: Run Behavior\BuildLiteBehavior [ RunTime:0.000025s ]
INFO: [ app_init ] --END-- [ RunTime:0.000387s ]
ERR: æ— æ³•åŠ è½½æ¨¡å—:ĞÂÇø

[ 2017-02-12T21:55:50+08:00 ] 218.93.207.201 /ÖĞ±ä.zip
INFO: [ app_init ] --START--
INFO: Run Behavior\BuildLiteBehavior [ RunTime:0.000018s ]
INFO: [ app_init ] --END-- [ RunTime:0.000367s ]
ERR: æ— æ³•åŠ è½½æ¨¡å—:ÖĞ±ä

[ 2017-02-12T21:55:50+08:00 ] 218.93.207.201 /cmirserver.zip
INFO: [ app_init ] --START--
INFO: Run Behavior\BuildLiteBehavior [ RunTime:0.000022s ]
INFO: [ app_init ] --END-- [ RunTime:0.000392s ]
ERR: æ— æ³•åŠ è½½æ¨¡å—:Cmirserver

[ 2017-02-12T21:55:50+08:00 ] 218.93.207.201 /cmirserver01.zip
INFO: [ app_init ] --START--
INFO: Run Behavior\BuildLiteBehavior [ RunTime:0.000023s ]
INFO: [ app_init ] --END-- [ RunTime:0.000351s ]
ERR: æ— æ³•åŠ è½½æ¨¡å—:Cmirserver01

[ 2017-02-12T21:55:50+08:00 ] 218.93.207.201 /cmirserver1.zip
INFO: [ app_init ] --START--
INFO: Run Behavior\BuildLiteBehavior [ RunTime:0.000025s ]
INFO: [ app_init ] --END-- [ RunTime:0.000434s ]
ERR: æ— æ³•åŠ è½½æ¨¡å—:Cmirserver1

[ 2017-02-12T21:55:50+08:00 ] 218.93.207.201 /cmirserver11.zip
INFO: [ app_init ] --START--
INFO: Run Behavior\BuildLiteBehavior [ RunTime:0.000026s ]
INFO: [ app_init ] --END-- [ RunTime:0.000500s ]
ERR: æ— æ³•åŠ è½½æ¨¡å—:Cmirserver11

[ 2017-02-12T21:55:50+08:00 ] 218.93.207.201 /cmirserver2.zip
INFO: [ app_init ] --START--
INFO: Run Behavior\BuildLiteBehavior [ RunTime:0.000022s ]
INFO: [ app_init ] --END-- [ RunTime:0.000399s ]
ERR: æ— æ³•åŠ è½½æ¨¡å—:Cmirserver2

[ 2017-02-12T21:55:50+08:00 ] 218.93.207.201 /cmirserver3.zip
INFO: [ app_init ] --START--
INFO: Run Behavior\BuildLiteBehavior [ RunTime:0.000021s ]
INFO: [ app_init ] --END-- [ RunTime:0.000335s ]
ERR: æ— æ³•åŠ è½½æ¨¡å—:Cmirserver3

[ 2017-02-12T22:10:20+08:00 ] 66.249.66.104 /robots.txt
INFO: [ app_init ] --START--
INFO: Run Behavior\BuildLiteBehavior [ RunTime:0.000026s ]
INFO: [ app_init ] --END-- [ RunTime:0.000357s ]
ERR: æ— æ³•åŠ è½½æ¨¡å—:Robots

[ 2017-02-12T22:10:21+08:00 ] 66.249.66.102 /forum.php?mod=viewthread&tid=28387&extra=
INFO: [ app_init ] --START--
INFO: Run Behavior\BuildLiteBehavior [ RunTime:0.000018s ]
INFO: [ app_init ] --END-- [ RunTime:0.000394s ]
ERR: æ— æ³•åŠ è½½æ¨¡å—:Forum

[ 2017-02-12T22:27:27+08:00 ] 104.131.217.20 /robots.txt
INFO: [ app_init ] --START--
INFO: Run Behavior\BuildLiteBehavior [ RunTime:0.000027s ]
INFO: [ app_init ] --END-- [ RunTime:0.000385s ]
ERR: æ— æ³•åŠ è½½æ¨¡å—:Robots

[ 2017-02-12T22:43:39+08:00 ] 207.46.13.209 /robots.txt
INFO: [ app_init ] --START--
INFO: Run Behavior\BuildLiteBehavior [ RunTime:0.000032s ]
INFO: [ app_init ] --END-- [ RunTime:0.000542s ]
ERR: æ— æ³•åŠ è½½æ¨¡å—:Robots

[ 2017-02-12T23:10:48+08:00 ] 203.208.60.233 /member.php?mod=register
INFO: [ app_init ] --START--
INFO: Run Behavior\BuildLiteBehavior [ RunTime:0.000023s ]
INFO: [ app_init ] --END-- [ RunTime:0.000444s ]
ERR: æ— æ³•åŠ è½½æ¨¡å—:Member

[ 2017-02-12T23:10:51+08:00 ] 203.208.60.233 /forum.php?mod=viewthread&tid=13292&extra=
INFO: [ app_init ] --START--
INFO: Run Behavior\BuildLiteBehavior [ RunTime:0.000023s ]
INFO: [ app_init ] --END-- [ RunTime:0.000415s ]
ERR: æ— æ³•åŠ è½½æ¨¡å—:Forum

[ 2017-02-12T23:24:31+08:00 ] 106.38.230.190 http://106.2.112.147/proxyip/check
INFO: [ app_init ] --START--
INFO: Run Behavior\BuildLiteBehavior [ RunTime:0.000020s ]
INFO: [ app_init ] --END-- [ RunTime:0.000559s ]
ERR: æ— æ³•åŠ è½½æ¨¡å—:Proxyip

[ 2017-02-12T23:47:44+08:00 ] 180.76.15.33 /forum.php?mod=viewthread&tid=51076
INFO: [ app_init ] --START--
INFO: Run Behavior\BuildLiteBehavior [ RunTime:0.000019s ]
INFO: [ app_init ] --END-- [ RunTime:0.000334s ]
ERR: æ— æ³•åŠ è½½æ¨¡å—:Forum

