[ 2017-01-19T00:02:38+08:00 ] 180.76.15.22 /forum.php?mod=viewthread&tid=45379&fromuid=50381
INFO: [ app_init ] --START--
INFO: Run Behavior\BuildLiteBehavior [ RunTime:0.000022s ]
INFO: [ app_init ] --END-- [ RunTime:0.000372s ]
ERR: 娉杞芥ā:Forum

[ 2017-01-19T01:05:12+08:00 ] 123.126.94.252 http://106.2.112.147/proxyip/check
INFO: [ app_init ] --START--
INFO: Run Behavior\BuildLiteBehavior [ RunTime:0.000022s ]
INFO: [ app_init ] --END-- [ RunTime:0.000349s ]
ERR: 娉杞芥ā:Proxyip

[ 2017-01-19T01:32:49+08:00 ] 175.22.22.32 /robots.txt
INFO: [ app_init ] --START--
INFO: Run Behavior\BuildLiteBehavior [ RunTime:0.000022s ]
INFO: [ app_init ] --END-- [ RunTime:0.000387s ]
ERR: 娉杞芥ā:Robots

[ 2017-01-19T01:47:49+08:00 ] 203.208.60.236 /robots.txt
INFO: [ app_init ] --START--
INFO: Run Behavior\BuildLiteBehavior [ RunTime:0.000022s ]
INFO: [ app_init ] --END-- [ RunTime:0.000416s ]
ERR: 娉杞芥ā:Robots

[ 2017-01-19T01:47:50+08:00 ] 203.208.60.236 /forum.php?mod=viewthread&tid=70469&extra=
INFO: [ app_init ] --START--
INFO: Run Behavior\BuildLiteBehavior [ RunTime:0.000023s ]
INFO: [ app_init ] --END-- [ RunTime:0.000373s ]
ERR: 娉杞芥ā:Forum

[ 2017-01-19T02:18:17+08:00 ] 123.125.51.231 http://106.2.112.147/proxyip/check
INFO: [ app_init ] --START--
INFO: Run Behavior\BuildLiteBehavior [ RunTime:0.000024s ]
INFO: [ app_init ] --END-- [ RunTime:0.000519s ]
ERR: 娉杞芥ā:Proxyip

[ 2017-01-19T03:09:39+08:00 ] 203.208.60.241 /robots.txt
INFO: [ app_init ] --START--
INFO: Run Behavior\BuildLiteBehavior [ RunTime:0.000024s ]
INFO: [ app_init ] --END-- [ RunTime:0.000495s ]
ERR: 娉杞芥ā:Robots

[ 2017-01-19T03:09:39+08:00 ] 203.208.60.241 /catalog.asp?date=2013-8-15
INFO: [ app_init ] --START--
INFO: Run Behavior\BuildLiteBehavior [ RunTime:0.000022s ]
INFO: [ app_init ] --END-- [ RunTime:0.000404s ]
ERR: 娉杞芥ā:Catalog

[ 2017-01-19T03:31:54+08:00 ] 106.38.231.218 http://106.2.112.147/proxyip/check
INFO: [ app_init ] --START--
INFO: Run Behavior\BuildLiteBehavior [ RunTime:0.000030s ]
INFO: [ app_init ] --END-- [ RunTime:0.000535s ]
ERR: 娉杞芥ā:Proxyip

[ 2017-01-19T04:45:12+08:00 ] 123.126.94.252 http://106.2.112.147/proxyip/check
INFO: [ app_init ] --START--
INFO: Run Behavior\BuildLiteBehavior [ RunTime:0.000017s ]
INFO: [ app_init ] --END-- [ RunTime:0.000369s ]
ERR: 娉杞芥ā:Proxyip

[ 2017-01-19T05:09:07+08:00 ] 120.132.3.151 http://www.qq.com/404/search_children.js
INFO: [ app_init ] --START--
INFO: Run Behavior\BuildLiteBehavior [ RunTime:0.000025s ]
INFO: [ app_init ] --END-- [ RunTime:0.000384s ]
ERR: 娉杞芥ā:404

[ 2017-01-19T05:18:53+08:00 ] 141.8.142.88 /robots.txt
INFO: [ app_init ] --START--
INFO: Run Behavior\BuildLiteBehavior [ RunTime:0.000020s ]
INFO: [ app_init ] --END-- [ RunTime:0.000379s ]
ERR: 娉杞芥ā:Robots

[ 2017-01-19T05:18:56+08:00 ] 141.8.142.88 /forum.php?mod=viewthread&tid=27993&fromuid=23692
INFO: [ app_init ] --START--
INFO: Run Behavior\BuildLiteBehavior [ RunTime:0.000093s ]
INFO: [ app_init ] --END-- [ RunTime:0.000447s ]
ERR: 娉杞芥ā:Forum

[ 2017-01-19T05:54:42+08:00 ] 218.93.207.201 /Mirserver%20-%20副本.rar
INFO: [ app_init ] --START--
INFO: Run Behavior\BuildLiteBehavior [ RunTime:0.000025s ]
INFO: [ app_init ] --END-- [ RunTime:0.000474s ]
ERR: 娉杞芥ā:Mirserver - 副本

[ 2017-01-19T05:54:42+08:00 ] 218.93.207.201 /Mirserver0%20-%20副本.rar
INFO: [ app_init ] --START--
INFO: Run Behavior\BuildLiteBehavior [ RunTime:0.000021s ]
INFO: [ app_init ] --END-- [ RunTime:0.000338s ]
ERR: 娉杞芥ā:Mirserver0 - 副本

[ 2017-01-19T05:54:42+08:00 ] 218.93.207.201 /Mirserver1%20-%20副本.rar
INFO: [ app_init ] --START--
INFO: Run Behavior\BuildLiteBehavior [ RunTime:0.000021s ]
INFO: [ app_init ] --END-- [ RunTime:0.000381s ]
ERR: 娉杞芥ā:Mirserver1 - 副本

[ 2017-01-19T05:54:42+08:00 ] 218.93.207.201 /Mirserver2%20-%20副本.rar
INFO: [ app_init ] --START--
INFO: Run Behavior\BuildLiteBehavior [ RunTime:0.000023s ]
INFO: [ app_init ] --END-- [ RunTime:0.000374s ]
ERR: 娉杞芥ā:Mirserver2 - 副本

[ 2017-01-19T05:54:42+08:00 ] 218.93.207.201 /Mirserver3%20-%20副本.rar
INFO: [ app_init ] --START--
INFO: Run Behavior\BuildLiteBehavior [ RunTime:0.000021s ]
INFO: [ app_init ] --END-- [ RunTime:0.000394s ]
ERR: 娉杞芥ā:Mirserver3 - 副本

[ 2017-01-19T05:54:42+08:00 ] 218.93.207.201 /Mirserver4%20-%20副本.rar
INFO: [ app_init ] --START--
INFO: Run Behavior\BuildLiteBehavior [ RunTime:0.000022s ]
INFO: [ app_init ] --END-- [ RunTime:0.000401s ]
ERR: 娉杞芥ā:Mirserver4 - 副本

[ 2017-01-19T05:54:42+08:00 ] 218.93.207.201 /Mirserver5%20-%20副本.rar
INFO: [ app_init ] --START--
INFO: Run Behavior\BuildLiteBehavior [ RunTime:0.000019s ]
INFO: [ app_init ] --END-- [ RunTime:0.000364s ]
ERR: 娉杞芥ā:Mirserver5 - 副本

[ 2017-01-19T05:54:42+08:00 ] 218.93.207.201 /Mirserver6%20-%20副本.rar
INFO: [ app_init ] --START--
INFO: Run Behavior\BuildLiteBehavior [ RunTime:0.000022s ]
INFO: [ app_init ] --END-- [ RunTime:0.000331s ]
ERR: 娉杞芥ā:Mirserver6 - 副本

[ 2017-01-19T05:54:42+08:00 ] 218.93.207.201 /Mirserver7%20-%20副本.rar
INFO: [ app_init ] --START--
INFO: Run Behavior\BuildLiteBehavior [ RunTime:0.000035s ]
INFO: [ app_init ] --END-- [ RunTime:0.000536s ]
ERR: 娉杞芥ā:Mirserver7 - 副本

[ 2017-01-19T05:54:42+08:00 ] 218.93.207.201 /Mirserver8%20-%20副本.rar
INFO: [ app_init ] --START--
INFO: Run Behavior\BuildLiteBehavior [ RunTime:0.000023s ]
INFO: [ app_init ] --END-- [ RunTime:0.000344s ]
ERR: 娉杞芥ā:Mirserver8 - 副本

[ 2017-01-19T05:54:42+08:00 ] 218.93.207.201 /Mirserver9%20-%20副本.rar
INFO: [ app_init ] --START--
INFO: Run Behavior\BuildLiteBehavior [ RunTime:0.000022s ]
INFO: [ app_init ] --END-- [ RunTime:0.000404s ]
ERR: 娉杞芥ā:Mirserver9 - 副本

[ 2017-01-19T05:54:42+08:00 ] 218.93.207.201 /Mirserver10%20-%20副本.rar
INFO: [ app_init ] --START--
INFO: Run Behavior\BuildLiteBehavior [ RunTime:0.000025s ]
INFO: [ app_init ] --END-- [ RunTime:0.000378s ]
ERR: 娉杞芥ā:Mirserver10 - 副本

[ 2017-01-19T05:54:42+08:00 ] 218.93.207.201 /Mirserver11%20-%20副本.rar
INFO: [ app_init ] --START--
INFO: Run Behavior\BuildLiteBehavior [ RunTime:0.000022s ]
INFO: [ app_init ] --END-- [ RunTime:0.000355s ]
ERR: 娉杞芥ā:Mirserver11 - 副本

[ 2017-01-19T05:54:42+08:00 ] 218.93.207.201 /Mirserver12%20-%20副本.rar
INFO: [ app_init ] --START--
INFO: Run Behavior\BuildLiteBehavior [ RunTime:0.000023s ]
INFO: [ app_init ] --END-- [ RunTime:0.000428s ]
ERR: 娉杞芥ā:Mirserver12 - 副本

[ 2017-01-19T05:54:42+08:00 ] 218.93.207.201 /Mirserver13%20-%20副本.rar
INFO: [ app_init ] --START--
INFO: Run Behavior\BuildLiteBehavior [ RunTime:0.000024s ]
INFO: [ app_init ] --END-- [ RunTime:0.000423s ]
ERR: 娉杞芥ā:Mirserver13 - 副本

[ 2017-01-19T05:54:42+08:00 ] 218.93.207.201 /Mirserver14%20-%20副本.rar
INFO: [ app_init ] --START--
INFO: Run Behavior\BuildLiteBehavior [ RunTime:0.000023s ]
INFO: [ app_init ] --END-- [ RunTime:0.000410s ]
ERR: 娉杞芥ā:Mirserver14 - 副本

[ 2017-01-19T05:54:42+08:00 ] 218.93.207.201 /Mirserver15%20-%20副本.rar
INFO: [ app_init ] --START--
INFO: Run Behavior\BuildLiteBehavior [ RunTime:0.000039s ]
INFO: [ app_init ] --END-- [ RunTime:0.000809s ]
ERR: 娉杞芥ā:Mirserver15 - 副本

[ 2017-01-19T05:54:42+08:00 ] 218.93.207.201 /复件%20MirServer.rar
INFO: [ app_init ] --START--
INFO: Run Behavior\BuildLiteBehavior [ RunTime:0.000031s ]
INFO: [ app_init ] --END-- [ RunTime:0.000444s ]
ERR: 娉杞芥ā:复件 MirServer

[ 2017-01-19T05:54:43+08:00 ] 218.93.207.201 /复件%20MirServer0.rar
INFO: [ app_init ] --START--
INFO: Run Behavior\BuildLiteBehavior [ RunTime:0.000021s ]
INFO: [ app_init ] --END-- [ RunTime:0.000337s ]
ERR: 娉杞芥ā:复件 MirServer0

[ 2017-01-19T05:54:43+08:00 ] 218.93.207.201 /复件%20MirServer1.rar
INFO: [ app_init ] --START--
INFO: Run Behavior\BuildLiteBehavior [ RunTime:0.000035s ]
INFO: [ app_init ] --END-- [ RunTime:0.000624s ]
ERR: 娉杞芥ā:复件 MirServer1

[ 2017-01-19T05:54:43+08:00 ] 218.93.207.201 /复件%20MirServer2.rar
INFO: [ app_init ] --START--
INFO: Run Behavior\BuildLiteBehavior [ RunTime:0.000021s ]
INFO: [ app_init ] --END-- [ RunTime:0.000376s ]
ERR: 娉杞芥ā:复件 MirServer2

[ 2017-01-19T05:54:43+08:00 ] 218.93.207.201 /复件%20MirServer3.rar
INFO: [ app_init ] --START--
INFO: Run Behavior\BuildLiteBehavior [ RunTime:0.000020s ]
INFO: [ app_init ] --END-- [ RunTime:0.000339s ]
ERR: 娉杞芥ā:复件 MirServer3

[ 2017-01-19T05:54:43+08:00 ] 218.93.207.201 /复件%20MirServer4.rar
INFO: [ app_init ] --START--
INFO: Run Behavior\BuildLiteBehavior [ RunTime:0.000021s ]
INFO: [ app_init ] --END-- [ RunTime:0.000332s ]
ERR: 娉杞芥ā:复件 MirServer4

[ 2017-01-19T05:54:43+08:00 ] 218.93.207.201 /复件%20MirServer5.rar
INFO: [ app_init ] --START--
INFO: Run Behavior\BuildLiteBehavior [ RunTime:0.000023s ]
INFO: [ app_init ] --END-- [ RunTime:0.000475s ]
ERR: 娉杞芥ā:复件 MirServer5

[ 2017-01-19T05:54:43+08:00 ] 218.93.207.201 /复件%20MirServer6.rar
INFO: [ app_init ] --START--
INFO: Run Behavior\BuildLiteBehavior [ RunTime:0.000016s ]
INFO: [ app_init ] --END-- [ RunTime:0.000305s ]
ERR: 娉杞芥ā:复件 MirServer6

[ 2017-01-19T05:54:43+08:00 ] 218.93.207.201 /复件%20MirServer7.rar
INFO: [ app_init ] --START--
INFO: Run Behavior\BuildLiteBehavior [ RunTime:0.000017s ]
INFO: [ app_init ] --END-- [ RunTime:0.000304s ]
ERR: 娉杞芥ā:复件 MirServer7

[ 2017-01-19T05:54:43+08:00 ] 218.93.207.201 /复件%20MirServer8.rar
INFO: [ app_init ] --START--
INFO: Run Behavior\BuildLiteBehavior [ RunTime:0.000022s ]
INFO: [ app_init ] --END-- [ RunTime:0.000353s ]
ERR: 娉杞芥ā:复件 MirServer8

[ 2017-01-19T05:54:43+08:00 ] 218.93.207.201 /复件%20MirServer9.rar
INFO: [ app_init ] --START--
INFO: Run Behavior\BuildLiteBehavior [ RunTime:0.000024s ]
INFO: [ app_init ] --END-- [ RunTime:0.000354s ]
ERR: 娉杞芥ā:复件 MirServer9

[ 2017-01-19T05:54:43+08:00 ] 218.93.207.201 /复件%20MirServer10.rar
INFO: [ app_init ] --START--
INFO: Run Behavior\BuildLiteBehavior [ RunTime:0.000023s ]
INFO: [ app_init ] --END-- [ RunTime:0.000382s ]
ERR: 娉杞芥ā:复件 MirServer10

[ 2017-01-19T05:54:43+08:00 ] 218.93.207.201 /复件%20MirServer11.rar
INFO: [ app_init ] --START--
INFO: Run Behavior\BuildLiteBehavior [ RunTime:0.000022s ]
INFO: [ app_init ] --END-- [ RunTime:0.000386s ]
ERR: 娉杞芥ā:复件 MirServer11

[ 2017-01-19T05:54:43+08:00 ] 218.93.207.201 /复件%20MirServer12.rar
INFO: [ app_init ] --START--
INFO: Run Behavior\BuildLiteBehavior [ RunTime:0.000033s ]
INFO: [ app_init ] --END-- [ RunTime:0.000740s ]
ERR: 娉杞芥ā:复件 MirServer12

[ 2017-01-19T05:54:43+08:00 ] 218.93.207.201 /复件%20MirServer13.rar
INFO: [ app_init ] --START--
INFO: Run Behavior\BuildLiteBehavior [ RunTime:0.000027s ]
INFO: [ app_init ] --END-- [ RunTime:0.000515s ]
ERR: 娉杞芥ā:复件 MirServer13

[ 2017-01-19T05:54:43+08:00 ] 218.93.207.201 /复件%20MirServer14.rar
INFO: [ app_init ] --START--
INFO: Run Behavior\BuildLiteBehavior [ RunTime:0.000024s ]
INFO: [ app_init ] --END-- [ RunTime:0.000380s ]
ERR: 娉杞芥ā:复件 MirServer14

[ 2017-01-19T05:54:43+08:00 ] 218.93.207.201 /1.70Mirserver.rar
INFO: [ app_init ] --START--
INFO: Run Behavior\BuildLiteBehavior [ RunTime:0.000023s ]
INFO: [ app_init ] --END-- [ RunTime:0.000351s ]
ERR: 娉杞芥ā:1.70Mirserver

[ 2017-01-19T05:54:43+08:00 ] 218.93.207.201 /1.76Mirserver.rar
INFO: [ app_init ] --START--
INFO: Run Behavior\BuildLiteBehavior [ RunTime:0.000025s ]
INFO: [ app_init ] --END-- [ RunTime:0.000481s ]
ERR: 娉杞芥ā:1.76Mirserver

[ 2017-01-19T05:54:43+08:00 ] 218.93.207.201 /1.80Mirserver.rar
INFO: [ app_init ] --START--
INFO: Run Behavior\BuildLiteBehavior [ RunTime:0.000025s ]
INFO: [ app_init ] --END-- [ RunTime:0.000393s ]
ERR: 娉杞芥ā:1.80Mirserver

[ 2017-01-19T05:54:43+08:00 ] 218.93.207.201 /1.85Mirserver.rar
INFO: [ app_init ] --START--
INFO: Run Behavior\BuildLiteBehavior [ RunTime:0.000017s ]
INFO: [ app_init ] --END-- [ RunTime:0.000312s ]
ERR: 娉杞芥ā:1.85Mirserver

[ 2017-01-19T05:54:43+08:00 ] 218.93.207.201 /1.90Mirserver.rar
INFO: [ app_init ] --START--
INFO: Run Behavior\BuildLiteBehavior [ RunTime:0.000020s ]
INFO: [ app_init ] --END-- [ RunTime:0.000403s ]
ERR: 娉杞芥ā:1.90Mirserver

[ 2017-01-19T05:54:43+08:00 ] 218.93.207.201 /1.96Mirserver.rar
INFO: [ app_init ] --START--
INFO: Run Behavior\BuildLiteBehavior [ RunTime:0.000024s ]
INFO: [ app_init ] --END-- [ RunTime:0.000366s ]
ERR: 娉杞芥ā:1.96Mirserver

[ 2017-01-19T05:54:43+08:00 ] 218.93.207.201 /1.99Mirserver.rar
INFO: [ app_init ] --START--
INFO: Run Behavior\BuildLiteBehavior [ RunTime:0.000023s ]
INFO: [ app_init ] --END-- [ RunTime:0.000347s ]
ERR: 娉杞芥ā:1.99Mirserver

[ 2017-01-19T05:54:43+08:00 ] 218.93.207.201 /1.70.rar
INFO: [ app_init ] --START--
INFO: Run Behavior\BuildLiteBehavior [ RunTime:0.000022s ]
INFO: [ app_init ] --END-- [ RunTime:0.000358s ]
ERR: 娉杞芥ā:1.70

[ 2017-01-19T05:54:43+08:00 ] 218.93.207.201 /1.76.rar
INFO: [ app_init ] --START--
INFO: Run Behavior\BuildLiteBehavior [ RunTime:0.000025s ]
INFO: [ app_init ] --END-- [ RunTime:0.000373s ]
ERR: 娉杞芥ā:1.76

[ 2017-01-19T05:54:43+08:00 ] 218.93.207.201 /1.80.rar
INFO: [ app_init ] --START--
INFO: Run Behavior\BuildLiteBehavior [ RunTime:0.000022s ]
INFO: [ app_init ] --END-- [ RunTime:0.000409s ]
ERR: 娉杞芥ā:1.80

[ 2017-01-19T05:54:43+08:00 ] 218.93.207.201 /1.85.rar
INFO: [ app_init ] --START--
INFO: Run Behavior\BuildLiteBehavior [ RunTime:0.000028s ]
INFO: [ app_init ] --END-- [ RunTime:0.000503s ]
ERR: 娉杞芥ā:1.85

[ 2017-01-19T05:54:44+08:00 ] 218.93.207.201 /1.90.rar
INFO: [ app_init ] --START--
INFO: Run Behavior\BuildLiteBehavior [ RunTime:0.000017s ]
INFO: [ app_init ] --END-- [ RunTime:0.000370s ]
ERR: 娉杞芥ā:1.90

[ 2017-01-19T05:54:44+08:00 ] 218.93.207.201 /1.96.rar
INFO: [ app_init ] --START--
INFO: Run Behavior\BuildLiteBehavior [ RunTime:0.000022s ]
INFO: [ app_init ] --END-- [ RunTime:0.000356s ]
ERR: 娉杞芥ā:1.96

[ 2017-01-19T05:54:44+08:00 ] 218.93.207.201 /1.99.rar
INFO: [ app_init ] --START--
INFO: Run Behavior\BuildLiteBehavior [ RunTime:0.000029s ]
INFO: [ app_init ] --END-- [ RunTime:0.000504s ]
ERR: 娉杞芥ā:1.99

[ 2017-01-19T05:54:44+08:00 ] 218.93.207.201 /176.rar
INFO: [ app_init ] --START--
INFO: Run Behavior\BuildLiteBehavior [ RunTime:0.000022s ]
INFO: [ app_init ] --END-- [ RunTime:0.000347s ]
ERR: 娉杞芥ā:176

[ 2017-01-19T05:54:44+08:00 ] 218.93.207.201 /180.rar
INFO: [ app_init ] --START--
INFO: Run Behavior\BuildLiteBehavior [ RunTime:0.000023s ]
INFO: [ app_init ] --END-- [ RunTime:0.000366s ]
ERR: 娉杞芥ā:180

[ 2017-01-19T05:54:44+08:00 ] 218.93.207.201 /185.rar
INFO: [ app_init ] --START--
INFO: Run Behavior\BuildLiteBehavior [ RunTime:0.000024s ]
INFO: [ app_init ] --END-- [ RunTime:0.000409s ]
ERR: 娉杞芥ā:185

[ 2017-01-19T05:54:44+08:00 ] 218.93.207.201 /189.rar
INFO: [ app_init ] --START--
INFO: Run Behavior\BuildLiteBehavior [ RunTime:0.000023s ]
INFO: [ app_init ] --END-- [ RunTime:0.000439s ]
ERR: 娉杞芥ā:189

[ 2017-01-19T05:54:44+08:00 ] 218.93.207.201 /195.rar
INFO: [ app_init ] --START--
INFO: Run Behavior\BuildLiteBehavior [ RunTime:0.000019s ]
INFO: [ app_init ] --END-- [ RunTime:0.000320s ]
ERR: 娉杞芥ā:195

[ 2017-01-19T05:54:44+08:00 ] 218.93.207.201 /199.rar
INFO: [ app_init ] --START--
INFO: Run Behavior\BuildLiteBehavior [ RunTime:0.000022s ]
INFO: [ app_init ] --END-- [ RunTime:0.000349s ]
ERR: 娉杞芥ā:199

[ 2017-01-19T05:54:44+08:00 ] 218.93.207.201 /1.rar
INFO: [ app_init ] --START--
INFO: Run Behavior\BuildLiteBehavior [ RunTime:0.000023s ]
INFO: [ app_init ] --END-- [ RunTime:0.000391s ]
ERR: 娉杞芥ā:1

[ 2017-01-19T05:54:44+08:00 ] 218.93.207.201 /2.rar
INFO: [ app_init ] --START--
INFO: Run Behavior\BuildLiteBehavior [ RunTime:0.000024s ]
INFO: [ app_init ] --END-- [ RunTime:0.000375s ]
ERR: 娉杞芥ā:2

[ 2017-01-19T05:54:44+08:00 ] 218.93.207.201 /3.rar
INFO: [ app_init ] --START--
INFO: Run Behavior\BuildLiteBehavior [ RunTime:0.000021s ]
INFO: [ app_init ] --END-- [ RunTime:0.000383s ]
ERR: 娉杞芥ā:3

[ 2017-01-19T05:54:44+08:00 ] 218.93.207.201 /4.rar
INFO: [ app_init ] --START--
INFO: Run Behavior\BuildLiteBehavior [ RunTime:0.000017s ]
INFO: [ app_init ] --END-- [ RunTime:0.000373s ]
ERR: 娉杞芥ā:4

[ 2017-01-19T05:54:44+08:00 ] 218.93.207.201 /5.rar
INFO: [ app_init ] --START--
INFO: Run Behavior\BuildLiteBehavior [ RunTime:0.000027s ]
INFO: [ app_init ] --END-- [ RunTime:0.000375s ]
ERR: 娉杞芥ā:5

[ 2017-01-19T05:54:44+08:00 ] 218.93.207.201 /6.rar
INFO: [ app_init ] --START--
INFO: Run Behavior\BuildLiteBehavior [ RunTime:0.000021s ]
INFO: [ app_init ] --END-- [ RunTime:0.000384s ]
ERR: 娉杞芥ā:6

[ 2017-01-19T05:54:44+08:00 ] 218.93.207.201 /7.rar
INFO: [ app_init ] --START--
INFO: Run Behavior\BuildLiteBehavior [ RunTime:0.000020s ]
INFO: [ app_init ] --END-- [ RunTime:0.000326s ]
ERR: 娉杞芥ā:7

[ 2017-01-19T05:54:44+08:00 ] 218.93.207.201 /8.rar
INFO: [ app_init ] --START--
INFO: Run Behavior\BuildLiteBehavior [ RunTime:0.000029s ]
INFO: [ app_init ] --END-- [ RunTime:0.000385s ]
ERR: 娉杞芥ā:8

[ 2017-01-19T05:54:44+08:00 ] 218.93.207.201 /9.rar
INFO: [ app_init ] --START--
INFO: Run Behavior\BuildLiteBehavior [ RunTime:0.000023s ]
INFO: [ app_init ] --END-- [ RunTime:0.000347s ]
ERR: 娉杞芥ā:9

[ 2017-01-19T05:54:44+08:00 ] 218.93.207.201 /11.rar
INFO: [ app_init ] --START--
INFO: Run Behavior\BuildLiteBehavior [ RunTime:0.000023s ]
INFO: [ app_init ] --END-- [ RunTime:0.000438s ]
ERR: 娉杞芥ā:11

[ 2017-01-19T05:54:44+08:00 ] 218.93.207.201 /12.rar
INFO: [ app_init ] --START--
INFO: Run Behavior\BuildLiteBehavior [ RunTime:0.000020s ]
INFO: [ app_init ] --END-- [ RunTime:0.000341s ]
ERR: 娉杞芥ā:12

[ 2017-01-19T05:54:44+08:00 ] 218.93.207.201 /22.rar
INFO: [ app_init ] --START--
INFO: Run Behavior\BuildLiteBehavior [ RunTime:0.000024s ]
INFO: [ app_init ] --END-- [ RunTime:0.000408s ]
ERR: 娉杞芥ā:22

[ 2017-01-19T05:54:44+08:00 ] 218.93.207.201 /33.rar
INFO: [ app_init ] --START--
INFO: Run Behavior\BuildLiteBehavior [ RunTime:0.000024s ]
INFO: [ app_init ] --END-- [ RunTime:0.000375s ]
ERR: 娉杞芥ā:33

[ 2017-01-19T05:54:44+08:00 ] 218.93.207.201 /44.rar
INFO: [ app_init ] --START--
INFO: Run Behavior\BuildLiteBehavior [ RunTime:0.000020s ]
INFO: [ app_init ] --END-- [ RunTime:0.000453s ]
ERR: 娉杞芥ā:44

[ 2017-01-19T05:54:44+08:00 ] 218.93.207.201 /76.rar
INFO: [ app_init ] --START--
INFO: Run Behavior\BuildLiteBehavior [ RunTime:0.000020s ]
INFO: [ app_init ] --END-- [ RunTime:0.000329s ]
ERR: 娉杞芥ā:76

[ 2017-01-19T05:54:44+08:00 ] 218.93.207.201 /80.rar
INFO: [ app_init ] --START--
INFO: Run Behavior\BuildLiteBehavior [ RunTime:0.000029s ]
INFO: [ app_init ] --END-- [ RunTime:0.000437s ]
ERR: 娉杞芥ā:80

[ 2017-01-19T05:54:45+08:00 ] 218.93.207.201 /00.rar
INFO: [ app_init ] --START--
INFO: Run Behavior\BuildLiteBehavior [ RunTime:0.000017s ]
INFO: [ app_init ] --END-- [ RunTime:0.000307s ]
ERR: 娉杞芥ā:00

[ 2017-01-19T05:54:45+08:00 ] 218.93.207.201 /000.rar
INFO: [ app_init ] --START--
INFO: Run Behavior\BuildLiteBehavior [ RunTime:0.000018s ]
INFO: [ app_init ] --END-- [ RunTime:0.000315s ]
ERR: 娉杞芥ā:000

[ 2017-01-19T05:54:45+08:00 ] 218.93.207.201 /111.rar
INFO: [ app_init ] --START--
INFO: Run Behavior\BuildLiteBehavior [ RunTime:0.000022s ]
INFO: [ app_init ] --END-- [ RunTime:0.000399s ]
ERR: 娉杞芥ā:111

[ 2017-01-19T05:54:45+08:00 ] 218.93.207.201 /112.rar
INFO: [ app_init ] --START--
INFO: Run Behavior\BuildLiteBehavior [ RunTime:0.000021s ]
INFO: [ app_init ] --END-- [ RunTime:0.000392s ]
ERR: 娉杞芥ā:112

[ 2017-01-19T05:54:45+08:00 ] 218.93.207.201 /120.rar
INFO: [ app_init ] --START--
INFO: Run Behavior\BuildLiteBehavior [ RunTime:0.000023s ]
INFO: [ app_init ] --END-- [ RunTime:0.000419s ]
ERR: 娉杞芥ā:120

[ 2017-01-19T05:54:45+08:00 ] 218.93.207.201 /123.rar
INFO: [ app_init ] --START--
INFO: Run Behavior\BuildLiteBehavior [ RunTime:0.000030s ]
INFO: [ app_init ] --END-- [ RunTime:0.000600s ]
ERR: 娉杞芥ā:123

[ 2017-01-19T05:54:45+08:00 ] 218.93.207.201 /222.rar
INFO: [ app_init ] --START--
INFO: Run Behavior\BuildLiteBehavior [ RunTime:0.000021s ]
INFO: [ app_init ] --END-- [ RunTime:0.000444s ]
ERR: 娉杞芥ā:222

[ 2017-01-19T05:54:45+08:00 ] 218.93.207.201 /321.rar
INFO: [ app_init ] --START--
INFO: Run Behavior\BuildLiteBehavior [ RunTime:0.000019s ]
INFO: [ app_init ] --END-- [ RunTime:0.000326s ]
ERR: 娉杞芥ā:321

[ 2017-01-19T05:54:45+08:00 ] 218.93.207.201 /333.rar
INFO: [ app_init ] --START--
INFO: Run Behavior\BuildLiteBehavior [ RunTime:0.000020s ]
INFO: [ app_init ] --END-- [ RunTime:0.000326s ]
ERR: 娉杞芥ā:333

[ 2017-01-19T05:54:45+08:00 ] 218.93.207.201 /1111.rar
INFO: [ app_init ] --START--
INFO: Run Behavior\BuildLiteBehavior [ RunTime:0.000019s ]
INFO: [ app_init ] --END-- [ RunTime:0.000319s ]
ERR: 娉杞芥ā:1111

[ 2017-01-19T05:54:45+08:00 ] 218.93.207.201 /1122.rar
INFO: [ app_init ] --START--
INFO: Run Behavior\BuildLiteBehavior [ RunTime:0.000032s ]
INFO: [ app_init ] --END-- [ RunTime:0.000519s ]
ERR: 娉杞芥ā:1122

[ 2017-01-19T05:54:45+08:00 ] 218.93.207.201 /1234.rar
INFO: [ app_init ] --START--
INFO: Run Behavior\BuildLiteBehavior [ RunTime:0.000021s ]
INFO: [ app_init ] --END-- [ RunTime:0.000347s ]
ERR: 娉杞芥ā:1234

[ 2017-01-19T05:54:45+08:00 ] 218.93.207.201 /123456.rar
INFO: [ app_init ] --START--
INFO: Run Behavior\BuildLiteBehavior [ RunTime:0.000016s ]
INFO: [ app_init ] --END-- [ RunTime:0.000300s ]
ERR: 娉杞芥ā:123456

[ 2017-01-19T05:54:45+08:00 ] 218.93.207.201 /123456789.rar
INFO: [ app_init ] --START--
INFO: Run Behavior\BuildLiteBehavior [ RunTime:0.000020s ]
INFO: [ app_init ] --END-- [ RunTime:0.000393s ]
ERR: 娉杞芥ā:123456789

[ 2017-01-19T05:54:45+08:00 ] 218.93.207.201 /2222.rar
INFO: [ app_init ] --START--
INFO: Run Behavior\BuildLiteBehavior [ RunTime:0.000021s ]
INFO: [ app_init ] --END-- [ RunTime:0.000372s ]
ERR: 娉杞芥ā:2222

[ 2017-01-19T05:54:45+08:00 ] 218.93.207.201 /11111.rar
INFO: [ app_init ] --START--
INFO: Run Behavior\BuildLiteBehavior [ RunTime:0.000073s ]
INFO: [ app_init ] --END-- [ RunTime:0.000398s ]
ERR: 娉杞芥ā:11111

[ 2017-01-19T05:54:45+08:00 ] 218.93.207.201 /a.rar
INFO: [ app_init ] --START--
INFO: Run Behavior\BuildLiteBehavior [ RunTime:0.000072s ]
INFO: [ app_init ] --END-- [ RunTime:0.000396s ]
ERR: 娉杞芥ā:A

[ 2017-01-19T05:54:45+08:00 ] 218.93.207.201 /aa.rar
INFO: [ app_init ] --START--
INFO: Run Behavior\BuildLiteBehavior [ RunTime:0.000024s ]
INFO: [ app_init ] --END-- [ RunTime:0.000368s ]
ERR: 娉杞芥ā:Aa

[ 2017-01-19T05:54:45+08:00 ] 218.93.207.201 /aaa.rar
INFO: [ app_init ] --START--
INFO: Run Behavior\BuildLiteBehavior [ RunTime:0.000021s ]
INFO: [ app_init ] --END-- [ RunTime:0.000390s ]
ERR: 娉杞芥ā:Aaa

[ 2017-01-19T05:54:45+08:00 ] 218.93.207.201 /amirserver.rar
INFO: [ app_init ] --START--
INFO: Run Behavior\BuildLiteBehavior [ RunTime:0.000020s ]
INFO: [ app_init ] --END-- [ RunTime:0.000332s ]
ERR: 娉杞芥ā:Amirserver

[ 2017-01-19T05:54:45+08:00 ] 218.93.207.201 /DMirserver.rar
INFO: [ app_init ] --START--
INFO: Run Behavior\BuildLiteBehavior [ RunTime:0.000024s ]
INFO: [ app_init ] --END-- [ RunTime:0.000364s ]
ERR: 娉杞芥ā:DMirserver

[ 2017-01-19T05:54:45+08:00 ] 218.93.207.201 /EMirserver.rar
INFO: [ app_init ] --START--
INFO: Run Behavior\BuildLiteBehavior [ RunTime:0.000030s ]
INFO: [ app_init ] --END-- [ RunTime:0.000412s ]
ERR: 娉杞芥ā:EMirserver

[ 2017-01-19T05:54:45+08:00 ] 218.93.207.201 /FMirserver.rar
INFO: [ app_init ] --START--
INFO: Run Behavior\BuildLiteBehavior [ RunTime:0.000018s ]
INFO: [ app_init ] --END-- [ RunTime:0.000338s ]
ERR: 娉杞芥ā:FMirserver

[ 2017-01-19T05:54:45+08:00 ] 218.93.207.201 /gmirserver.rar
INFO: [ app_init ] --START--
INFO: Run Behavior\BuildLiteBehavior [ RunTime:0.000017s ]
INFO: [ app_init ] --END-- [ RunTime:0.000359s ]
ERR: 娉杞芥ā:Gmirserver

[ 2017-01-19T05:54:45+08:00 ] 218.93.207.201 /Mirserver.rar
INFO: [ app_init ] --START--
INFO: Run Behavior\BuildLiteBehavior [ RunTime:0.000019s ]
INFO: [ app_init ] --END-- [ RunTime:0.000316s ]
ERR: 娉杞芥ā:Mirserver

[ 2017-01-19T05:54:45+08:00 ] 218.93.207.201 /Mirservera.rar
INFO: [ app_init ] --START--
INFO: Run Behavior\BuildLiteBehavior [ RunTime:0.000021s ]
INFO: [ app_init ] --END-- [ RunTime:0.000394s ]
ERR: 娉杞芥ā:Mirservera

[ 2017-01-19T05:54:46+08:00 ] 218.93.207.201 /mirserver0.rar
INFO: [ app_init ] --START--
INFO: Run Behavior\BuildLiteBehavior [ RunTime:0.000030s ]
INFO: [ app_init ] --END-- [ RunTime:0.000610s ]
ERR: 娉杞芥ā:Mirserver0

[ 2017-01-19T05:54:46+08:00 ] 218.93.207.201 /mirserver01.rar
INFO: [ app_init ] --START--
INFO: Run Behavior\BuildLiteBehavior [ RunTime:0.000167s ]
INFO: [ app_init ] --END-- [ RunTime:0.000616s ]
ERR: 娉杞芥ā:Mirserver01

[ 2017-01-19T05:54:46+08:00 ] 218.93.207.201 /mirserver02.rar
INFO: [ app_init ] --START--
INFO: Run Behavior\BuildLiteBehavior [ RunTime:0.000021s ]
INFO: [ app_init ] --END-- [ RunTime:0.000332s ]
ERR: 娉杞芥ā:Mirserver02

[ 2017-01-19T05:54:46+08:00 ] 218.93.207.201 /mirserver03.rar
INFO: [ app_init ] --START--
INFO: Run Behavior\BuildLiteBehavior [ RunTime:0.000022s ]
INFO: [ app_init ] --END-- [ RunTime:0.000395s ]
ERR: 娉杞芥ā:Mirserver03

[ 2017-01-19T05:54:46+08:00 ] 218.93.207.201 /mirserver176.rar
INFO: [ app_init ] --START--
INFO: Run Behavior\BuildLiteBehavior [ RunTime:0.000019s ]
INFO: [ app_init ] --END-- [ RunTime:0.000326s ]
ERR: 娉杞芥ā:Mirserver176

[ 2017-01-19T05:54:46+08:00 ] 218.93.207.201 /mirserver180.rar
INFO: [ app_init ] --START--
INFO: Run Behavior\BuildLiteBehavior [ RunTime:0.000023s ]
INFO: [ app_init ] --END-- [ RunTime:0.000637s ]
ERR: 娉杞芥ā:Mirserver180

[ 2017-01-19T05:54:46+08:00 ] 218.93.207.201 /Mirserver76.rar
INFO: [ app_init ] --START--
INFO: Run Behavior\BuildLiteBehavior [ RunTime:0.000026s ]
INFO: [ app_init ] --END-- [ RunTime:0.000532s ]
ERR: 娉杞芥ā:Mirserver76

[ 2017-01-19T05:54:46+08:00 ] 218.93.207.201 /Mirserver80.rar
INFO: [ app_init ] --START--
INFO: Run Behavior\BuildLiteBehavior [ RunTime:0.000026s ]
INFO: [ app_init ] --END-- [ RunTime:0.000522s ]
ERR: 娉杞芥ā:Mirserver80

[ 2017-01-19T05:54:46+08:00 ] 218.93.207.201 /Mirserver85.rar
INFO: [ app_init ] --START--
INFO: Run Behavior\BuildLiteBehavior [ RunTime:0.000016s ]
INFO: [ app_init ] --END-- [ RunTime:0.000364s ]
ERR: 娉杞芥ā:Mirserver85

[ 2017-01-19T05:54:46+08:00 ] 218.93.207.201 /mirserver1.rar
INFO: [ app_init ] --START--
INFO: Run Behavior\BuildLiteBehavior [ RunTime:0.000016s ]
INFO: [ app_init ] --END-- [ RunTime:0.000310s ]
ERR: 娉杞芥ā:Mirserver1

[ 2017-01-19T05:54:46+08:00 ] 218.93.207.201 /mirserver2.rar
INFO: [ app_init ] --START--
INFO: Run Behavior\BuildLiteBehavior [ RunTime:0.000016s ]
INFO: [ app_init ] --END-- [ RunTime:0.000302s ]
ERR: 娉杞芥ā:Mirserver2

[ 2017-01-19T05:54:46+08:00 ] 218.93.207.201 /Mirserver2.rar
INFO: [ app_init ] --START--
INFO: Run Behavior\BuildLiteBehavior [ RunTime:0.000019s ]
INFO: [ app_init ] --END-- [ RunTime:0.000326s ]
ERR: 娉杞芥ā:Mirserver2

[ 2017-01-19T05:54:46+08:00 ] 218.93.207.201 /Mirserver3.rar
INFO: [ app_init ] --START--
INFO: Run Behavior\BuildLiteBehavior [ RunTime:0.000020s ]
INFO: [ app_init ] --END-- [ RunTime:0.000330s ]
ERR: 娉杞芥ā:Mirserver3

[ 2017-01-19T05:54:46+08:00 ] 218.93.207.201 /Mirserver4.rar
INFO: [ app_init ] --START--
INFO: Run Behavior\BuildLiteBehavior [ RunTime:0.000076s ]
INFO: [ app_init ] --END-- [ RunTime:0.000388s ]
ERR: 娉杞芥ā:Mirserver4

[ 2017-01-19T05:54:46+08:00 ] 218.93.207.201 /Mirserver5.rar
INFO: [ app_init ] --START--
INFO: Run Behavior\BuildLiteBehavior [ RunTime:0.000021s ]
INFO: [ app_init ] --END-- [ RunTime:0.000349s ]
ERR: 娉杞芥ā:Mirserver5

[ 2017-01-19T05:54:46+08:00 ] 218.93.207.201 /Mirserver6.rar
INFO: [ app_init ] --START--
INFO: Run Behavior\BuildLiteBehavior [ RunTime:0.000022s ]
INFO: [ app_init ] --END-- [ RunTime:0.000336s ]
ERR: 娉杞芥ā:Mirserver6

[ 2017-01-19T05:54:46+08:00 ] 218.93.207.201 /Mirserver7.rar
INFO: [ app_init ] --START--
INFO: Run Behavior\BuildLiteBehavior [ RunTime:0.000018s ]
INFO: [ app_init ] --END-- [ RunTime:0.000318s ]
ERR: 娉杞芥ā:Mirserver7

[ 2017-01-19T05:54:46+08:00 ] 218.93.207.201 /Mirserver8.rar
INFO: [ app_init ] --START--
INFO: Run Behavior\BuildLiteBehavior [ RunTime:0.000016s ]
INFO: [ app_init ] --END-- [ RunTime:0.000391s ]
ERR: 娉杞芥ā:Mirserver8

[ 2017-01-19T05:54:46+08:00 ] 218.93.207.201 /Mirserver9.rar
INFO: [ app_init ] --START--
INFO: Run Behavior\BuildLiteBehavior [ RunTime:0.000026s ]
INFO: [ app_init ] --END-- [ RunTime:0.000350s ]
ERR: 娉杞芥ā:Mirserver9

[ 2017-01-19T05:54:46+08:00 ] 218.93.207.201 /Mirserver10.rar
INFO: [ app_init ] --START--
INFO: Run Behavior\BuildLiteBehavior [ RunTime:0.000023s ]
INFO: [ app_init ] --END-- [ RunTime:0.000334s ]
ERR: 娉杞芥ā:Mirserver10

[ 2017-01-19T05:54:46+08:00 ] 218.93.207.201 /mirserver11.rar
INFO: [ app_init ] --START--
INFO: Run Behavior\BuildLiteBehavior [ RunTime:0.000017s ]
INFO: [ app_init ] --END-- [ RunTime:0.000422s ]
ERR: 娉杞芥ā:Mirserver11

[ 2017-01-19T05:54:46+08:00 ] 218.93.207.201 /mirserver12.rar
INFO: [ app_init ] --START--
INFO: Run Behavior\BuildLiteBehavior [ RunTime:0.000020s ]
INFO: [ app_init ] --END-- [ RunTime:0.000393s ]
ERR: 娉杞芥ā:Mirserver12

[ 2017-01-19T05:54:46+08:00 ] 218.93.207.201 /mirserver22.rar
INFO: [ app_init ] --START--
INFO: Run Behavior\BuildLiteBehavior [ RunTime:0.000016s ]
INFO: [ app_init ] --END-- [ RunTime:0.000362s ]
ERR: 娉杞芥ā:Mirserver22

[ 2017-01-19T05:54:46+08:00 ] 218.93.207.201 /mirserver33.rar
INFO: [ app_init ] --START--
INFO: Run Behavior\BuildLiteBehavior [ RunTime:0.000018s ]
INFO: [ app_init ] --END-- [ RunTime:0.000314s ]
ERR: 娉杞芥ā:Mirserver33

[ 2017-01-19T05:54:47+08:00 ] 218.93.207.201 /mirserver44.rar
INFO: [ app_init ] --START--
INFO: Run Behavior\BuildLiteBehavior [ RunTime:0.000018s ]
INFO: [ app_init ] --END-- [ RunTime:0.000367s ]
ERR: 娉杞芥ā:Mirserver44

[ 2017-01-19T05:54:47+08:00 ] 218.93.207.201 /mirserver55.rar
INFO: [ app_init ] --START--
INFO: Run Behavior\BuildLiteBehavior [ RunTime:0.000020s ]
INFO: [ app_init ] --END-- [ RunTime:0.000321s ]
ERR: 娉杞芥ā:Mirserver55

[ 2017-01-19T05:54:47+08:00 ] 218.93.207.201 /mirserver66.rar
INFO: [ app_init ] --START--
INFO: Run Behavior\BuildLiteBehavior [ RunTime:0.000026s ]
INFO: [ app_init ] --END-- [ RunTime:0.000445s ]
ERR: 娉杞芥ā:Mirserver66

[ 2017-01-19T05:54:47+08:00 ] 218.93.207.201 /mirserver100.rar
INFO: [ app_init ] --START--
INFO: Run Behavior\BuildLiteBehavior [ RunTime:0.000020s ]
INFO: [ app_init ] --END-- [ RunTime:0.000330s ]
ERR: 娉杞芥ā:Mirserver100

[ 2017-01-19T05:54:47+08:00 ] 218.93.207.201 /mirserver111.rar
INFO: [ app_init ] --START--
INFO: Run Behavior\BuildLiteBehavior [ RunTime:0.000019s ]
INFO: [ app_init ] --END-- [ RunTime:0.000379s ]
ERR: 娉杞芥ā:Mirserver111

[ 2017-01-19T05:54:47+08:00 ] 218.93.207.201 /Mirserver123.rar
INFO: [ app_init ] --START--
INFO: Run Behavior\BuildLiteBehavior [ RunTime:0.000019s ]
INFO: [ app_init ] --END-- [ RunTime:0.000385s ]
ERR: 娉杞芥ā:Mirserver123

[ 2017-01-19T05:54:47+08:00 ] 218.93.207.201 /mirserver456.rar
INFO: [ app_init ] --START--
INFO: Run Behavior\BuildLiteBehavior [ RunTime:0.000022s ]
INFO: [ app_init ] --END-- [ RunTime:0.000338s ]
ERR: 娉杞芥ā:Mirserver456

[ 2017-01-19T05:54:47+08:00 ] 218.93.207.201 /mirserver789.rar
INFO: [ app_init ] --START--
INFO: Run Behavior\BuildLiteBehavior [ RunTime:0.000020s ]
INFO: [ app_init ] --END-- [ RunTime:0.000332s ]
ERR: 娉杞芥ā:Mirserver789

[ 2017-01-19T05:54:47+08:00 ] 218.93.207.201 /mirserver1111.rar
INFO: [ app_init ] --START--
INFO: Run Behavior\BuildLiteBehavior [ RunTime:0.000069s ]
INFO: [ app_init ] --END-- [ RunTime:0.000373s ]
ERR: 娉杞芥ā:Mirserver1111

[ 2017-01-19T05:54:47+08:00 ] 218.93.207.201 /mirserver11111.rar
INFO: [ app_init ] --START--
INFO: Run Behavior\BuildLiteBehavior [ RunTime:0.000017s ]
INFO: [ app_init ] --END-- [ RunTime:0.000311s ]
ERR: 娉杞芥ā:Mirserver11111

[ 2017-01-19T05:54:47+08:00 ] 218.93.207.201 /mirserver111111.rar
INFO: [ app_init ] --START--
INFO: Run Behavior\BuildLiteBehavior [ RunTime:0.000020s ]
INFO: [ app_init ] --END-- [ RunTime:0.000335s ]
ERR: 娉杞芥ā:Mirserver111111

[ 2017-01-19T05:54:47+08:00 ] 218.93.207.201 /Mirserver123456.rar
INFO: [ app_init ] --START--
INFO: Run Behavior\BuildLiteBehavior [ RunTime:0.000021s ]
INFO: [ app_init ] --END-- [ RunTime:0.000340s ]
ERR: 娉杞芥ā:Mirserver123456

[ 2017-01-19T05:54:47+08:00 ] 218.93.207.201 /mirserver123456789.rar
INFO: [ app_init ] --START--
INFO: Run Behavior\BuildLiteBehavior [ RunTime:0.000017s ]
INFO: [ app_init ] --END-- [ RunTime:0.000311s ]
ERR: 娉杞芥ā:Mirserver123456789

[ 2017-01-19T05:54:47+08:00 ] 218.93.207.201 /mirserver复古.rar
INFO: [ app_init ] --START--
INFO: Run Behavior\BuildLiteBehavior [ RunTime:0.000016s ]
INFO: [ app_init ] --END-- [ RunTime:0.000309s ]
ERR: 娉杞芥ā:Mirserver复古

[ 2017-01-19T05:54:47+08:00 ] 218.93.207.201 /1mirserver.rar
INFO: [ app_init ] --START--
INFO: Run Behavior\BuildLiteBehavior [ RunTime:0.000017s ]
INFO: [ app_init ] --END-- [ RunTime:0.000318s ]
ERR: 娉杞芥ā:1mirserver

[ 2017-01-19T05:54:47+08:00 ] 218.93.207.201 /版本.rar
INFO: [ app_init ] --START--
INFO: Run Behavior\BuildLiteBehavior [ RunTime:0.000020s ]
INFO: [ app_init ] --END-- [ RunTime:0.000429s ]
ERR: 娉杞芥ā:版本

[ 2017-01-19T05:54:47+08:00 ] 218.93.207.201 /版本1.rar
INFO: [ app_init ] --START--
INFO: Run Behavior\BuildLiteBehavior [ RunTime:0.000022s ]
INFO: [ app_init ] --END-- [ RunTime:0.000457s ]
ERR: 娉杞芥ā:版本1

[ 2017-01-19T05:54:47+08:00 ] 218.93.207.201 /备份.rar
INFO: [ app_init ] --START--
INFO: Run Behavior\BuildLiteBehavior [ RunTime:0.000017s ]
INFO: [ app_init ] --END-- [ RunTime:0.000315s ]
ERR: 娉杞芥ā:备份

[ 2017-01-19T05:54:47+08:00 ] 218.93.207.201 /测试.rar
INFO: [ app_init ] --START--
INFO: Run Behavior\BuildLiteBehavior [ RunTime:0.000019s ]
INFO: [ app_init ] --END-- [ RunTime:0.000324s ]
ERR: 娉杞芥ā:测试

[ 2017-01-19T05:54:47+08:00 ] 218.93.207.201 /测试版本.rar
INFO: [ app_init ] --START--
INFO: Run Behavior\BuildLiteBehavior [ RunTime:0.000016s ]
INFO: [ app_init ] --END-- [ RunTime:0.000307s ]
ERR: 娉杞芥ā:测试版本

[ 2017-01-19T05:54:47+08:00 ] 218.93.207.201 /复古.rar
INFO: [ app_init ] --START--
INFO: Run Behavior\BuildLiteBehavior [ RunTime:0.000020s ]
INFO: [ app_init ] --END-- [ RunTime:0.000323s ]
ERR: 娉杞芥ā:复古

[ 2017-01-19T05:54:47+08:00 ] 218.93.207.201 /复件%20新建文件夹.rar
INFO: [ app_init ] --START--
INFO: Run Behavior\BuildLiteBehavior [ RunTime:0.000023s ]
INFO: [ app_init ] --END-- [ RunTime:0.000412s ]
ERR: 娉杞芥ā:复件 新建文件夹

[ 2017-01-19T05:54:47+08:00 ] 218.93.207.201 /复件%20新建文件夹1.rar
INFO: [ app_init ] --START--
INFO: Run Behavior\BuildLiteBehavior [ RunTime:0.000022s ]
INFO: [ app_init ] --END-- [ RunTime:0.000441s ]
ERR: 娉杞芥ā:复件 新建文件夹1

[ 2017-01-19T05:54:47+08:00 ] 218.93.207.201 /复件%20新建文件夹2.rar
INFO: [ app_init ] --START--
INFO: Run Behavior\BuildLiteBehavior [ RunTime:0.000022s ]
INFO: [ app_init ] --END-- [ RunTime:0.000343s ]
ERR: 娉杞芥ā:复件 新建文件夹2

[ 2017-01-19T05:54:47+08:00 ] 218.93.207.201 /复件%20新建文件夹3.rar
INFO: [ app_init ] --START--
INFO: Run Behavior\BuildLiteBehavior [ RunTime:0.000034s ]
INFO: [ app_init ] --END-- [ RunTime:0.000639s ]
ERR: 娉杞芥ā:复件 新建文件夹3

[ 2017-01-19T05:54:47+08:00 ] 218.93.207.201 /复件.rar
INFO: [ app_init ] --START--
INFO: Run Behavior\BuildLiteBehavior [ RunTime:0.000020s ]
INFO: [ app_init ] --END-- [ RunTime:0.000394s ]
ERR: 娉杞芥ā:复件

[ 2017-01-19T05:54:48+08:00 ] 218.93.207.201 /复件1.rar
INFO: [ app_init ] --START--
INFO: Run Behavior\BuildLiteBehavior [ RunTime:0.000021s ]
INFO: [ app_init ] --END-- [ RunTime:0.000348s ]
ERR: 娉杞芥ā:复件1

[ 2017-01-19T05:54:48+08:00 ] 218.93.207.201 /复件mirserver.rar
INFO: [ app_init ] --START--
INFO: Run Behavior\BuildLiteBehavior [ RunTime:0.000026s ]
INFO: [ app_init ] --END-- [ RunTime:0.000363s ]
ERR: 娉杞芥ā:复件mirserver

[ 2017-01-19T05:54:48+08:00 ] 218.93.207.201 /精品.rar
INFO: [ app_init ] --START--
INFO: Run Behavior\BuildLiteBehavior [ RunTime:0.000029s ]
INFO: [ app_init ] --END-- [ RunTime:0.000575s ]
ERR: 娉杞芥ā:精品

[ 2017-01-19T05:54:48+08:00 ] 218.93.207.201 /老版本.rar
INFO: [ app_init ] --START--
INFO: Run Behavior\BuildLiteBehavior [ RunTime:0.000026s ]
INFO: [ app_init ] --END-- [ RunTime:0.000457s ]
ERR: 娉杞芥ā:老版本

[ 2017-01-19T05:54:48+08:00 ] 218.93.207.201 /老版本Mirserver.rar
INFO: [ app_init ] --START--
INFO: Run Behavior\BuildLiteBehavior [ RunTime:0.000031s ]
INFO: [ app_init ] --END-- [ RunTime:0.000450s ]
ERR: 娉杞芥ā:老版本Mirserver

[ 2017-01-19T05:54:48+08:00 ] 218.93.207.201 /老区.rar
INFO: [ app_init ] --START--
INFO: Run Behavior\BuildLiteBehavior [ RunTime:0.000020s ]
INFO: [ app_init ] --END-- [ RunTime:0.000387s ]
ERR: 娉杞芥ā:老区

[ 2017-01-19T05:54:48+08:00 ] 218.93.207.201 /轻变.rar
INFO: [ app_init ] --START--
INFO: Run Behavior\BuildLiteBehavior [ RunTime:0.000023s ]
INFO: [ app_init ] --END-- [ RunTime:0.000357s ]
ERR: 娉杞芥ā:轻变

[ 2017-01-19T05:54:48+08:00 ] 218.93.207.201 /新版本.rar
INFO: [ app_init ] --START--
INFO: Run Behavior\BuildLiteBehavior [ RunTime:0.000021s ]
INFO: [ app_init ] --END-- [ RunTime:0.000331s ]
ERR: 娉杞芥ā:新版本

[ 2017-01-19T05:54:48+08:00 ] 218.93.207.201 /新版本Mirserver.rar
INFO: [ app_init ] --START--
INFO: Run Behavior\BuildLiteBehavior [ RunTime:0.000021s ]
INFO: [ app_init ] --END-- [ RunTime:0.000364s ]
ERR: 娉杞芥ā:新版本Mirserver

[ 2017-01-19T05:54:48+08:00 ] 218.93.207.201 /新建文件夹.rar
INFO: [ app_init ] --START--
INFO: Run Behavior\BuildLiteBehavior [ RunTime:0.000019s ]
INFO: [ app_init ] --END-- [ RunTime:0.000320s ]
ERR: 娉杞芥ā:新建文件夹

[ 2017-01-19T05:54:48+08:00 ] 218.93.207.201 /新建文件夹1.rar
INFO: [ app_init ] --START--
INFO: Run Behavior\BuildLiteBehavior [ RunTime:0.000022s ]
INFO: [ app_init ] --END-- [ RunTime:0.000358s ]
ERR: 娉杞芥ā:新建文件夹1

[ 2017-01-19T05:54:48+08:00 ] 218.93.207.201 /GOM.rar
INFO: [ app_init ] --START--
INFO: Run Behavior\BuildLiteBehavior [ RunTime:0.000026s ]
INFO: [ app_init ] --END-- [ RunTime:0.000502s ]
ERR: 娉杞芥ā:GOM

[ 2017-01-19T05:54:48+08:00 ] 218.93.207.201 /hero.rar
INFO: [ app_init ] --START--
INFO: Run Behavior\BuildLiteBehavior [ RunTime:0.000020s ]
INFO: [ app_init ] --END-- [ RunTime:0.000324s ]
ERR: 娉杞芥ā:Hero

[ 2017-01-19T05:54:48+08:00 ] 218.93.207.201 /blue.rar
INFO: [ app_init ] --START--
INFO: Run Behavior\BuildLiteBehavior [ RunTime:0.000019s ]
INFO: [ app_init ] --END-- [ RunTime:0.000398s ]
ERR: 娉杞芥ā:Blue

[ 2017-01-19T05:54:48+08:00 ] 218.93.207.201 /新区.rar
INFO: [ app_init ] --START--
INFO: Run Behavior\BuildLiteBehavior [ RunTime:0.000016s ]
INFO: [ app_init ] --END-- [ RunTime:0.000307s ]
ERR: 娉杞芥ā:新区

[ 2017-01-19T05:54:48+08:00 ] 218.93.207.201 /中变.rar
INFO: [ app_init ] --START--
INFO: Run Behavior\BuildLiteBehavior [ RunTime:0.000017s ]
INFO: [ app_init ] --END-- [ RunTime:0.000313s ]
ERR: 娉杞芥ā:中变

[ 2017-01-19T05:54:48+08:00 ] 218.93.207.201 /cmirserver.rar
INFO: [ app_init ] --START--
INFO: Run Behavior\BuildLiteBehavior [ RunTime:0.000021s ]
INFO: [ app_init ] --END-- [ RunTime:0.000335s ]
ERR: 娉杞芥ā:Cmirserver

[ 2017-01-19T05:54:48+08:00 ] 218.93.207.201 /cmirserver01.rar
INFO: [ app_init ] --START--
INFO: Run Behavior\BuildLiteBehavior [ RunTime:0.000021s ]
INFO: [ app_init ] --END-- [ RunTime:0.000332s ]
ERR: 娉杞芥ā:Cmirserver01

[ 2017-01-19T05:54:48+08:00 ] 218.93.207.201 /cmirserver1.rar
INFO: [ app_init ] --START--
INFO: Run Behavior\BuildLiteBehavior [ RunTime:0.000021s ]
INFO: [ app_init ] --END-- [ RunTime:0.000342s ]
ERR: 娉杞芥ā:Cmirserver1

[ 2017-01-19T05:54:48+08:00 ] 218.93.207.201 /cmirserver11.rar
INFO: [ app_init ] --START--
INFO: Run Behavior\BuildLiteBehavior [ RunTime:0.000020s ]
INFO: [ app_init ] --END-- [ RunTime:0.000456s ]
ERR: 娉杞芥ā:Cmirserver11

[ 2017-01-19T05:54:48+08:00 ] 218.93.207.201 /cmirserver2.rar
INFO: [ app_init ] --START--
INFO: Run Behavior\BuildLiteBehavior [ RunTime:0.000023s ]
INFO: [ app_init ] --END-- [ RunTime:0.000377s ]
ERR: 娉杞芥ā:Cmirserver2

[ 2017-01-19T05:54:48+08:00 ] 218.93.207.201 /cmirserver3.rar
INFO: [ app_init ] --START--
INFO: Run Behavior\BuildLiteBehavior [ RunTime:0.000019s ]
INFO: [ app_init ] --END-- [ RunTime:0.000322s ]
ERR: 娉杞芥ā:Cmirserver3

[ 2017-01-19T05:54:48+08:00 ] 218.93.207.201 /Mirserver%20-%20副本.zip
INFO: [ app_init ] --START--
INFO: Run Behavior\BuildLiteBehavior [ RunTime:0.000024s ]
INFO: [ app_init ] --END-- [ RunTime:0.000474s ]
ERR: 娉杞芥ā:Mirserver - 副本

[ 2017-01-19T05:54:48+08:00 ] 218.93.207.201 /Mirserver0%20-%20副本.zip
INFO: [ app_init ] --START--
INFO: Run Behavior\BuildLiteBehavior [ RunTime:0.000018s ]
INFO: [ app_init ] --END-- [ RunTime:0.000366s ]
ERR: 娉杞芥ā:Mirserver0 - 副本

[ 2017-01-19T05:54:48+08:00 ] 218.93.207.201 /Mirserver1%20-%20副本.zip
INFO: [ app_init ] --START--
INFO: Run Behavior\BuildLiteBehavior [ RunTime:0.000016s ]
INFO: [ app_init ] --END-- [ RunTime:0.000347s ]
ERR: 娉杞芥ā:Mirserver1 - 副本

[ 2017-01-19T05:54:49+08:00 ] 218.93.207.201 /Mirserver2%20-%20副本.zip
INFO: [ app_init ] --START--
INFO: Run Behavior\BuildLiteBehavior [ RunTime:0.000017s ]
INFO: [ app_init ] --END-- [ RunTime:0.000437s ]
ERR: 娉杞芥ā:Mirserver2 - 副本

[ 2017-01-19T05:54:49+08:00 ] 218.93.207.201 /Mirserver3%20-%20副本.zip
INFO: [ app_init ] --START--
INFO: Run Behavior\BuildLiteBehavior [ RunTime:0.000019s ]
INFO: [ app_init ] --END-- [ RunTime:0.000387s ]
ERR: 娉杞芥ā:Mirserver3 - 副本

[ 2017-01-19T05:54:49+08:00 ] 218.93.207.201 /Mirserver4%20-%20副本.zip
INFO: [ app_init ] --START--
INFO: Run Behavior\BuildLiteBehavior [ RunTime:0.000030s ]
INFO: [ app_init ] --END-- [ RunTime:0.000582s ]
ERR: 娉杞芥ā:Mirserver4 - 副本

[ 2017-01-19T05:54:49+08:00 ] 218.93.207.201 /Mirserver5%20-%20副本.zip
INFO: [ app_init ] --START--
INFO: Run Behavior\BuildLiteBehavior [ RunTime:0.000015s ]
INFO: [ app_init ] --END-- [ RunTime:0.000306s ]
ERR: 娉杞芥ā:Mirserver5 - 副本

[ 2017-01-19T05:54:49+08:00 ] 218.93.207.201 /Mirserver6%20-%20副本.zip
INFO: [ app_init ] --START--
INFO: Run Behavior\BuildLiteBehavior [ RunTime:0.000028s ]
INFO: [ app_init ] --END-- [ RunTime:0.000547s ]
ERR: 娉杞芥ā:Mirserver6 - 副本

[ 2017-01-19T05:54:49+08:00 ] 218.93.207.201 /Mirserver7%20-%20副本.zip
INFO: [ app_init ] --START--
INFO: Run Behavior\BuildLiteBehavior [ RunTime:0.000021s ]
INFO: [ app_init ] --END-- [ RunTime:0.000333s ]
ERR: 娉杞芥ā:Mirserver7 - 副本

[ 2017-01-19T05:54:49+08:00 ] 218.93.207.201 /Mirserver8%20-%20副本.zip
INFO: [ app_init ] --START--
INFO: Run Behavior\BuildLiteBehavior [ RunTime:0.000022s ]
INFO: [ app_init ] --END-- [ RunTime:0.000453s ]
ERR: 娉杞芥ā:Mirserver8 - 副本

[ 2017-01-19T05:54:49+08:00 ] 218.93.207.201 /Mirserver9%20-%20副本.zip
INFO: [ app_init ] --START--
INFO: Run Behavior\BuildLiteBehavior [ RunTime:0.000019s ]
INFO: [ app_init ] --END-- [ RunTime:0.000323s ]
ERR: 娉杞芥ā:Mirserver9 - 副本

[ 2017-01-19T05:54:49+08:00 ] 218.93.207.201 /Mirserver10%20-%20副本.zip
INFO: [ app_init ] --START--
INFO: Run Behavior\BuildLiteBehavior [ RunTime:0.000033s ]
INFO: [ app_init ] --END-- [ RunTime:0.000568s ]
ERR: 娉杞芥ā:Mirserver10 - 副本

[ 2017-01-19T05:54:49+08:00 ] 218.93.207.201 /Mirserver11%20-%20副本.zip
INFO: [ app_init ] --START--
INFO: Run Behavior\BuildLiteBehavior [ RunTime:0.000020s ]
INFO: [ app_init ] --END-- [ RunTime:0.000325s ]
ERR: 娉杞芥ā:Mirserver11 - 副本

[ 2017-01-19T05:54:49+08:00 ] 218.93.207.201 /Mirserver12%20-%20副本.zip
INFO: [ app_init ] --START--
INFO: Run Behavior\BuildLiteBehavior [ RunTime:0.000022s ]
INFO: [ app_init ] --END-- [ RunTime:0.000373s ]
ERR: 娉杞芥ā:Mirserver12 - 副本

[ 2017-01-19T05:54:49+08:00 ] 218.93.207.201 /Mirserver13%20-%20副本.zip
INFO: [ app_init ] --START--
INFO: Run Behavior\BuildLiteBehavior [ RunTime:0.000025s ]
INFO: [ app_init ] --END-- [ RunTime:0.000484s ]
ERR: 娉杞芥ā:Mirserver13 - 副本

[ 2017-01-19T05:54:49+08:00 ] 218.93.207.201 /Mirserver14%20-%20副本.zip
INFO: [ app_init ] --START--
INFO: Run Behavior\BuildLiteBehavior [ RunTime:0.000025s ]
INFO: [ app_init ] --END-- [ RunTime:0.000414s ]
ERR: 娉杞芥ā:Mirserver14 - 副本

[ 2017-01-19T05:54:49+08:00 ] 218.93.207.201 /Mirserver15%20-%20副本.zip
INFO: [ app_init ] --START--
INFO: Run Behavior\BuildLiteBehavior [ RunTime:0.000020s ]
INFO: [ app_init ] --END-- [ RunTime:0.000327s ]
ERR: 娉杞芥ā:Mirserver15 - 副本

[ 2017-01-19T05:54:49+08:00 ] 218.93.207.201 /复件%20MirServer.zip
INFO: [ app_init ] --START--
INFO: Run Behavior\BuildLiteBehavior [ RunTime:0.000021s ]
INFO: [ app_init ] --END-- [ RunTime:0.000364s ]
ERR: 娉杞芥ā:复件 MirServer

[ 2017-01-19T05:54:49+08:00 ] 218.93.207.201 /复件%20MirServer0.zip
INFO: [ app_init ] --START--
INFO: Run Behavior\BuildLiteBehavior [ RunTime:0.000033s ]
INFO: [ app_init ] --END-- [ RunTime:0.000555s ]
ERR: 娉杞芥ā:复件 MirServer0

[ 2017-01-19T05:54:49+08:00 ] 218.93.207.201 /复件%20MirServer1.zip
INFO: [ app_init ] --START--
INFO: Run Behavior\BuildLiteBehavior [ RunTime:0.000019s ]
INFO: [ app_init ] --END-- [ RunTime:0.000385s ]
ERR: 娉杞芥ā:复件 MirServer1

[ 2017-01-19T05:54:49+08:00 ] 218.93.207.201 /复件%20MirServer2.zip
INFO: [ app_init ] --START--
INFO: Run Behavior\BuildLiteBehavior [ RunTime:0.000021s ]
INFO: [ app_init ] --END-- [ RunTime:0.000351s ]
ERR: 娉杞芥ā:复件 MirServer2

[ 2017-01-19T05:54:49+08:00 ] 218.93.207.201 /复件%20MirServer3.zip
INFO: [ app_init ] --START--
INFO: Run Behavior\BuildLiteBehavior [ RunTime:0.000020s ]
INFO: [ app_init ] --END-- [ RunTime:0.000334s ]
ERR: 娉杞芥ā:复件 MirServer3

[ 2017-01-19T05:54:49+08:00 ] 218.93.207.201 /复件%20MirServer4.zip
INFO: [ app_init ] --START--
INFO: Run Behavior\BuildLiteBehavior [ RunTime:0.000019s ]
INFO: [ app_init ] --END-- [ RunTime:0.000324s ]
ERR: 娉杞芥ā:复件 MirServer4

[ 2017-01-19T05:54:49+08:00 ] 218.93.207.201 /复件%20MirServer5.zip
INFO: [ app_init ] --START--
INFO: Run Behavior\BuildLiteBehavior [ RunTime:0.000033s ]
INFO: [ app_init ] --END-- [ RunTime:0.000394s ]
ERR: 娉杞芥ā:复件 MirServer5

[ 2017-01-19T05:54:49+08:00 ] 218.93.207.201 /复件%20MirServer6.zip
INFO: [ app_init ] --START--
INFO: Run Behavior\BuildLiteBehavior [ RunTime:0.000019s ]
INFO: [ app_init ] --END-- [ RunTime:0.000325s ]
ERR: 娉杞芥ā:复件 MirServer6

[ 2017-01-19T05:54:49+08:00 ] 218.93.207.201 /复件%20MirServer7.zip
INFO: [ app_init ] --START--
INFO: Run Behavior\BuildLiteBehavior [ RunTime:0.000015s ]
INFO: [ app_init ] --END-- [ RunTime:0.000309s ]
ERR: 娉杞芥ā:复件 MirServer7

[ 2017-01-19T05:54:49+08:00 ] 218.93.207.201 /复件%20MirServer8.zip
INFO: [ app_init ] --START--
INFO: Run Behavior\BuildLiteBehavior [ RunTime:0.000028s ]
INFO: [ app_init ] --END-- [ RunTime:0.000424s ]
ERR: 娉杞芥ā:复件 MirServer8

[ 2017-01-19T05:54:49+08:00 ] 218.93.207.201 /复件%20MirServer9.zip
INFO: [ app_init ] --START--
INFO: Run Behavior\BuildLiteBehavior [ RunTime:0.000021s ]
INFO: [ app_init ] --END-- [ RunTime:0.000336s ]
ERR: 娉杞芥ā:复件 MirServer9

[ 2017-01-19T05:54:49+08:00 ] 218.93.207.201 /复件%20MirServer10.zip
INFO: [ app_init ] --START--
INFO: Run Behavior\BuildLiteBehavior [ RunTime:0.000023s ]
INFO: [ app_init ] --END-- [ RunTime:0.000347s ]
ERR: 娉杞芥ā:复件 MirServer10

[ 2017-01-19T05:54:50+08:00 ] 218.93.207.201 /复件%20MirServer11.zip
INFO: [ app_init ] --START--
INFO: Run Behavior\BuildLiteBehavior [ RunTime:0.000022s ]
INFO: [ app_init ] --END-- [ RunTime:0.000345s ]
ERR: 娉杞芥ā:复件 MirServer11

[ 2017-01-19T05:54:50+08:00 ] 218.93.207.201 /复件%20MirServer12.zip
INFO: [ app_init ] --START--
INFO: Run Behavior\BuildLiteBehavior [ RunTime:0.000024s ]
INFO: [ app_init ] --END-- [ RunTime:0.000439s ]
ERR: 娉杞芥ā:复件 MirServer12

[ 2017-01-19T05:54:50+08:00 ] 218.93.207.201 /复件%20MirServer13.zip
INFO: [ app_init ] --START--
INFO: Run Behavior\BuildLiteBehavior [ RunTime:0.000025s ]
INFO: [ app_init ] --END-- [ RunTime:0.000460s ]
ERR: 娉杞芥ā:复件 MirServer13

[ 2017-01-19T05:54:50+08:00 ] 218.93.207.201 /复件%20MirServer14.zip
INFO: [ app_init ] --START--
INFO: Run Behavior\BuildLiteBehavior [ RunTime:0.000023s ]
INFO: [ app_init ] --END-- [ RunTime:0.000357s ]
ERR: 娉杞芥ā:复件 MirServer14

[ 2017-01-19T05:54:50+08:00 ] 218.93.207.201 /1.70Mirserver.zip
INFO: [ app_init ] --START--
INFO: Run Behavior\BuildLiteBehavior [ RunTime:0.000028s ]
INFO: [ app_init ] --END-- [ RunTime:0.000510s ]
ERR: 娉杞芥ā:1.70Mirserver

[ 2017-01-19T05:54:50+08:00 ] 218.93.207.201 /1.76Mirserver.zip
INFO: [ app_init ] --START--
INFO: Run Behavior\BuildLiteBehavior [ RunTime:0.000024s ]
INFO: [ app_init ] --END-- [ RunTime:0.000367s ]
ERR: 娉杞芥ā:1.76Mirserver

[ 2017-01-19T05:54:50+08:00 ] 218.93.207.201 /1.80Mirserver.zip
INFO: [ app_init ] --START--
INFO: Run Behavior\BuildLiteBehavior [ RunTime:0.000023s ]
INFO: [ app_init ] --END-- [ RunTime:0.000369s ]
ERR: 娉杞芥ā:1.80Mirserver

[ 2017-01-19T05:54:50+08:00 ] 218.93.207.201 /1.85Mirserver.zip
INFO: [ app_init ] --START--
INFO: Run Behavior\BuildLiteBehavior [ RunTime:0.000022s ]
INFO: [ app_init ] --END-- [ RunTime:0.000373s ]
ERR: 娉杞芥ā:1.85Mirserver

[ 2017-01-19T05:54:50+08:00 ] 218.93.207.201 /1.90Mirserver.zip
INFO: [ app_init ] --START--
INFO: Run Behavior\BuildLiteBehavior [ RunTime:0.000023s ]
INFO: [ app_init ] --END-- [ RunTime:0.000365s ]
ERR: 娉杞芥ā:1.90Mirserver

[ 2017-01-19T05:54:50+08:00 ] 218.93.207.201 /1.96Mirserver.zip
INFO: [ app_init ] --START--
INFO: Run Behavior\BuildLiteBehavior [ RunTime:0.000023s ]
INFO: [ app_init ] --END-- [ RunTime:0.000463s ]
ERR: 娉杞芥ā:1.96Mirserver

[ 2017-01-19T05:54:50+08:00 ] 218.93.207.201 /1.99Mirserver.zip
INFO: [ app_init ] --START--
INFO: Run Behavior\BuildLiteBehavior [ RunTime:0.000037s ]
INFO: [ app_init ] --END-- [ RunTime:0.000798s ]
ERR: 娉杞芥ā:1.99Mirserver

[ 2017-01-19T05:54:50+08:00 ] 218.93.207.201 /1.70.zip
INFO: [ app_init ] --START--
INFO: Run Behavior\BuildLiteBehavior [ RunTime:0.000022s ]
INFO: [ app_init ] --END-- [ RunTime:0.000370s ]
ERR: 娉杞芥ā:1.70

[ 2017-01-19T05:54:50+08:00 ] 218.93.207.201 /1.76.zip
INFO: [ app_init ] --START--
INFO: Run Behavior\BuildLiteBehavior [ RunTime:0.000026s ]
INFO: [ app_init ] --END-- [ RunTime:0.000486s ]
ERR: 娉杞芥ā:1.76

[ 2017-01-19T05:54:50+08:00 ] 218.93.207.201 /1.80.zip
INFO: [ app_init ] --START--
INFO: Run Behavior\BuildLiteBehavior [ RunTime:0.000019s ]
INFO: [ app_init ] --END-- [ RunTime:0.000364s ]
ERR: 娉杞芥ā:1.80

[ 2017-01-19T05:54:50+08:00 ] 218.93.207.201 /1.85.zip
INFO: [ app_init ] --START--
INFO: Run Behavior\BuildLiteBehavior [ RunTime:0.000023s ]
INFO: [ app_init ] --END-- [ RunTime:0.000362s ]
ERR: 娉杞芥ā:1.85

[ 2017-01-19T05:54:50+08:00 ] 218.93.207.201 /1.90.zip
INFO: [ app_init ] --START--
INFO: Run Behavior\BuildLiteBehavior [ RunTime:0.000022s ]
INFO: [ app_init ] --END-- [ RunTime:0.000400s ]
ERR: 娉杞芥ā:1.90

[ 2017-01-19T05:54:50+08:00 ] 218.93.207.201 /1.96.zip
INFO: [ app_init ] --START--
INFO: Run Behavior\BuildLiteBehavior [ RunTime:0.000024s ]
INFO: [ app_init ] --END-- [ RunTime:0.000370s ]
ERR: 娉杞芥ā:1.96

[ 2017-01-19T05:54:50+08:00 ] 218.93.207.201 /1.99.zip
INFO: [ app_init ] --START--
INFO: Run Behavior\BuildLiteBehavior [ RunTime:0.000024s ]
INFO: [ app_init ] --END-- [ RunTime:0.000374s ]
ERR: 娉杞芥ā:1.99

[ 2017-01-19T05:54:50+08:00 ] 218.93.207.201 /176.zip
INFO: [ app_init ] --START--
INFO: Run Behavior\BuildLiteBehavior [ RunTime:0.000023s ]
INFO: [ app_init ] --END-- [ RunTime:0.000418s ]
ERR: 娉杞芥ā:176

[ 2017-01-19T05:54:50+08:00 ] 218.93.207.201 /180.zip
INFO: [ app_init ] --START--
INFO: Run Behavior\BuildLiteBehavior [ RunTime:0.000021s ]
INFO: [ app_init ] --END-- [ RunTime:0.000392s ]
ERR: 娉杞芥ā:180

[ 2017-01-19T05:54:51+08:00 ] 218.93.207.201 /185.zip
INFO: [ app_init ] --START--
INFO: Run Behavior\BuildLiteBehavior [ RunTime:0.000019s ]
INFO: [ app_init ] --END-- [ RunTime:0.000425s ]
ERR: 娉杞芥ā:185

[ 2017-01-19T05:54:51+08:00 ] 218.93.207.201 /189.zip
INFO: [ app_init ] --START--
INFO: Run Behavior\BuildLiteBehavior [ RunTime:0.000025s ]
INFO: [ app_init ] --END-- [ RunTime:0.000375s ]
ERR: 娉杞芥ā:189

[ 2017-01-19T05:54:51+08:00 ] 218.93.207.201 /195.zip
INFO: [ app_init ] --START--
INFO: Run Behavior\BuildLiteBehavior [ RunTime:0.000027s ]
INFO: [ app_init ] --END-- [ RunTime:0.000405s ]
ERR: 娉杞芥ā:195

[ 2017-01-19T05:54:51+08:00 ] 218.93.207.201 /199.zip
INFO: [ app_init ] --START--
INFO: Run Behavior\BuildLiteBehavior [ RunTime:0.000033s ]
INFO: [ app_init ] --END-- [ RunTime:0.000675s ]
ERR: 娉杞芥ā:199

[ 2017-01-19T05:54:51+08:00 ] 218.93.207.201 /1.zip
INFO: [ app_init ] --START--
INFO: Run Behavior\BuildLiteBehavior [ RunTime:0.000025s ]
INFO: [ app_init ] --END-- [ RunTime:0.000403s ]
ERR: 娉杞芥ā:1

[ 2017-01-19T05:54:51+08:00 ] 218.93.207.201 /2.zip
INFO: [ app_init ] --START--
INFO: Run Behavior\BuildLiteBehavior [ RunTime:0.000023s ]
INFO: [ app_init ] --END-- [ RunTime:0.000343s ]
ERR: 娉杞芥ā:2

[ 2017-01-19T05:54:51+08:00 ] 218.93.207.201 /3.zip
INFO: [ app_init ] --START--
INFO: Run Behavior\BuildLiteBehavior [ RunTime:0.000072s ]
INFO: [ app_init ] --END-- [ RunTime:0.000410s ]
ERR: 娉杞芥ā:3

[ 2017-01-19T05:54:51+08:00 ] 218.93.207.201 /4.zip
INFO: [ app_init ] --START--
INFO: Run Behavior\BuildLiteBehavior [ RunTime:0.000027s ]
INFO: [ app_init ] --END-- [ RunTime:0.000497s ]
ERR: 娉杞芥ā:4

[ 2017-01-19T05:54:51+08:00 ] 218.93.207.201 /5.zip
INFO: [ app_init ] --START--
INFO: Run Behavior\BuildLiteBehavior [ RunTime:0.000023s ]
INFO: [ app_init ] --END-- [ RunTime:0.000447s ]
ERR: 娉杞芥ā:5

[ 2017-01-19T05:54:51+08:00 ] 218.93.207.201 /6.zip
INFO: [ app_init ] --START--
INFO: Run Behavior\BuildLiteBehavior [ RunTime:0.000026s ]
INFO: [ app_init ] --END-- [ RunTime:0.000403s ]
ERR: 娉杞芥ā:6

[ 2017-01-19T05:54:51+08:00 ] 218.93.207.201 /7.zip
INFO: [ app_init ] --START--
INFO: Run Behavior\BuildLiteBehavior [ RunTime:0.000023s ]
INFO: [ app_init ] --END-- [ RunTime:0.000423s ]
ERR: 娉杞芥ā:7

[ 2017-01-19T05:54:51+08:00 ] 218.93.207.201 /8.zip
INFO: [ app_init ] --START--
INFO: Run Behavior\BuildLiteBehavior [ RunTime:0.000023s ]
INFO: [ app_init ] --END-- [ RunTime:0.000454s ]
ERR: 娉杞芥ā:8

[ 2017-01-19T05:54:51+08:00 ] 218.93.207.201 /9.zip
INFO: [ app_init ] --START--
INFO: Run Behavior\BuildLiteBehavior [ RunTime:0.000032s ]
INFO: [ app_init ] --END-- [ RunTime:0.000491s ]
ERR: 娉杞芥ā:9

[ 2017-01-19T05:54:51+08:00 ] 218.93.207.201 /11.zip
INFO: [ app_init ] --START--
INFO: Run Behavior\BuildLiteBehavior [ RunTime:0.000025s ]
INFO: [ app_init ] --END-- [ RunTime:0.000384s ]
ERR: 娉杞芥ā:11

[ 2017-01-19T05:54:51+08:00 ] 218.93.207.201 /12.zip
INFO: [ app_init ] --START--
INFO: Run Behavior\BuildLiteBehavior [ RunTime:0.000020s ]
INFO: [ app_init ] --END-- [ RunTime:0.000414s ]
ERR: 娉杞芥ā:12

[ 2017-01-19T05:54:51+08:00 ] 218.93.207.201 /22.zip
INFO: [ app_init ] --START--
INFO: Run Behavior\BuildLiteBehavior [ RunTime:0.000022s ]
INFO: [ app_init ] --END-- [ RunTime:0.000371s ]
ERR: 娉杞芥ā:22

[ 2017-01-19T05:54:51+08:00 ] 218.93.207.201 /33.zip
INFO: [ app_init ] --START--
INFO: Run Behavior\BuildLiteBehavior [ RunTime:0.000034s ]
INFO: [ app_init ] --END-- [ RunTime:0.000504s ]
ERR: 娉杞芥ā:33

[ 2017-01-19T05:54:51+08:00 ] 218.93.207.201 /44.zip
INFO: [ app_init ] --START--
INFO: Run Behavior\BuildLiteBehavior [ RunTime:0.000070s ]
INFO: [ app_init ] --END-- [ RunTime:0.000383s ]
ERR: 娉杞芥ā:44

[ 2017-01-19T05:54:51+08:00 ] 218.93.207.201 /76.zip
INFO: [ app_init ] --START--
INFO: Run Behavior\BuildLiteBehavior [ RunTime:0.000023s ]
INFO: [ app_init ] --END-- [ RunTime:0.000409s ]
ERR: 娉杞芥ā:76

[ 2017-01-19T05:54:52+08:00 ] 218.93.207.201 /80.zip
INFO: [ app_init ] --START--
INFO: Run Behavior\BuildLiteBehavior [ RunTime:0.000024s ]
INFO: [ app_init ] --END-- [ RunTime:0.000414s ]
ERR: 娉杞芥ā:80

[ 2017-01-19T05:54:52+08:00 ] 218.93.207.201 /00.zip
INFO: [ app_init ] --START--
INFO: Run Behavior\BuildLiteBehavior [ RunTime:0.000022s ]
INFO: [ app_init ] --END-- [ RunTime:0.000357s ]
ERR: 娉杞芥ā:00

[ 2017-01-19T05:54:52+08:00 ] 218.93.207.201 /000.zip
INFO: [ app_init ] --START--
INFO: Run Behavior\BuildLiteBehavior [ RunTime:0.000024s ]
INFO: [ app_init ] --END-- [ RunTime:0.000509s ]
ERR: 娉杞芥ā:000

[ 2017-01-19T05:54:52+08:00 ] 218.93.207.201 /111.zip
INFO: [ app_init ] --START--
INFO: Run Behavior\BuildLiteBehavior [ RunTime:0.000026s ]
INFO: [ app_init ] --END-- [ RunTime:0.000551s ]
ERR: 娉杞芥ā:111

[ 2017-01-19T05:54:52+08:00 ] 218.93.207.201 /112.zip
INFO: [ app_init ] --START--
INFO: Run Behavior\BuildLiteBehavior [ RunTime:0.000022s ]
INFO: [ app_init ] --END-- [ RunTime:0.000346s ]
ERR: 娉杞芥ā:112

[ 2017-01-19T05:54:52+08:00 ] 218.93.207.201 /120.zip
INFO: [ app_init ] --START--
INFO: Run Behavior\BuildLiteBehavior [ RunTime:0.000023s ]
INFO: [ app_init ] --END-- [ RunTime:0.000421s ]
ERR: 娉杞芥ā:120

[ 2017-01-19T05:54:52+08:00 ] 218.93.207.201 /123.zip
INFO: [ app_init ] --START--
INFO: Run Behavior\BuildLiteBehavior [ RunTime:0.000034s ]
INFO: [ app_init ] --END-- [ RunTime:0.000629s ]
ERR: 娉杞芥ā:123

[ 2017-01-19T05:54:52+08:00 ] 218.93.207.201 /222.zip
INFO: [ app_init ] --START--
INFO: Run Behavior\BuildLiteBehavior [ RunTime:0.000027s ]
INFO: [ app_init ] --END-- [ RunTime:0.000434s ]
ERR: 娉杞芥ā:222

[ 2017-01-19T05:54:52+08:00 ] 218.93.207.201 /321.zip
INFO: [ app_init ] --START--
INFO: Run Behavior\BuildLiteBehavior [ RunTime:0.000022s ]
INFO: [ app_init ] --END-- [ RunTime:0.000361s ]
ERR: 娉杞芥ā:321

[ 2017-01-19T05:54:52+08:00 ] 218.93.207.201 /333.zip
INFO: [ app_init ] --START--
INFO: Run Behavior\BuildLiteBehavior [ RunTime:0.000022s ]
INFO: [ app_init ] --END-- [ RunTime:0.000401s ]
ERR: 娉杞芥ā:333

[ 2017-01-19T05:54:52+08:00 ] 218.93.207.201 /1111.zip
INFO: [ app_init ] --START--
INFO: Run Behavior\BuildLiteBehavior [ RunTime:0.000022s ]
INFO: [ app_init ] --END-- [ RunTime:0.000362s ]
ERR: 娉杞芥ā:1111

[ 2017-01-19T05:54:52+08:00 ] 218.93.207.201 /1122.zip
INFO: [ app_init ] --START--
INFO: Run Behavior\BuildLiteBehavior [ RunTime:0.000022s ]
INFO: [ app_init ] --END-- [ RunTime:0.000339s ]
ERR: 娉杞芥ā:1122

[ 2017-01-19T05:54:52+08:00 ] 218.93.207.201 /1234.zip
INFO: [ app_init ] --START--
INFO: Run Behavior\BuildLiteBehavior [ RunTime:0.000021s ]
INFO: [ app_init ] --END-- [ RunTime:0.000394s ]
ERR: 娉杞芥ā:1234

[ 2017-01-19T05:54:52+08:00 ] 218.93.207.201 /123456.zip
INFO: [ app_init ] --START--
INFO: Run Behavior\BuildLiteBehavior [ RunTime:0.000022s ]
INFO: [ app_init ] --END-- [ RunTime:0.000431s ]
ERR: 娉杞芥ā:123456

[ 2017-01-19T05:54:52+08:00 ] 218.93.207.201 /123456789.zip
INFO: [ app_init ] --START--
INFO: Run Behavior\BuildLiteBehavior [ RunTime:0.000030s ]
INFO: [ app_init ] --END-- [ RunTime:0.000604s ]
ERR: 娉杞芥ā:123456789

[ 2017-01-19T05:54:52+08:00 ] 218.93.207.201 /2222.zip
INFO: [ app_init ] --START--
INFO: Run Behavior\BuildLiteBehavior [ RunTime:0.000021s ]
INFO: [ app_init ] --END-- [ RunTime:0.000334s ]
ERR: 娉杞芥ā:2222

[ 2017-01-19T05:54:52+08:00 ] 218.93.207.201 /11111.zip
INFO: [ app_init ] --START--
INFO: Run Behavior\BuildLiteBehavior [ RunTime:0.000025s ]
INFO: [ app_init ] --END-- [ RunTime:0.000415s ]
ERR: 娉杞芥ā:11111

[ 2017-01-19T05:54:52+08:00 ] 218.93.207.201 /a.zip
INFO: [ app_init ] --START--
INFO: Run Behavior\BuildLiteBehavior [ RunTime:0.000026s ]
INFO: [ app_init ] --END-- [ RunTime:0.000359s ]
ERR: 娉杞芥ā:A

[ 2017-01-19T05:54:52+08:00 ] 218.93.207.201 /aa.zip
INFO: [ app_init ] --START--
INFO: Run Behavior\BuildLiteBehavior [ RunTime:0.000080s ]
INFO: [ app_init ] --END-- [ RunTime:0.000431s ]
ERR: 娉杞芥ā:Aa

[ 2017-01-19T05:54:53+08:00 ] 218.93.207.201 /aaa.zip
INFO: [ app_init ] --START--
INFO: Run Behavior\BuildLiteBehavior [ RunTime:0.000022s ]
INFO: [ app_init ] --END-- [ RunTime:0.000354s ]
ERR: 娉杞芥ā:Aaa

[ 2017-01-19T05:54:53+08:00 ] 218.93.207.201 /amirserver.zip
INFO: [ app_init ] --START--
INFO: Run Behavior\BuildLiteBehavior [ RunTime:0.000020s ]
INFO: [ app_init ] --END-- [ RunTime:0.000388s ]
ERR: 娉杞芥ā:Amirserver

[ 2017-01-19T05:54:53+08:00 ] 218.93.207.201 /DMirserver.zip
INFO: [ app_init ] --START--
INFO: Run Behavior\BuildLiteBehavior [ RunTime:0.000024s ]
INFO: [ app_init ] --END-- [ RunTime:0.000450s ]
ERR: 娉杞芥ā:DMirserver

[ 2017-01-19T05:54:53+08:00 ] 218.93.207.201 /EMirserver.zip
INFO: [ app_init ] --START--
INFO: Run Behavior\BuildLiteBehavior [ RunTime:0.000028s ]
INFO: [ app_init ] --END-- [ RunTime:0.000545s ]
ERR: 娉杞芥ā:EMirserver

[ 2017-01-19T05:54:53+08:00 ] 218.93.207.201 /FMirserver.zip
INFO: [ app_init ] --START--
INFO: Run Behavior\BuildLiteBehavior [ RunTime:0.000024s ]
INFO: [ app_init ] --END-- [ RunTime:0.000439s ]
ERR: 娉杞芥ā:FMirserver

[ 2017-01-19T05:54:53+08:00 ] 218.93.207.201 /gmirserver.zip
INFO: [ app_init ] --START--
INFO: Run Behavior\BuildLiteBehavior [ RunTime:0.000016s ]
INFO: [ app_init ] --END-- [ RunTime:0.000307s ]
ERR: 娉杞芥ā:Gmirserver

[ 2017-01-19T05:54:53+08:00 ] 218.93.207.201 /mirserver.zip
INFO: [ app_init ] --START--
INFO: Run Behavior\BuildLiteBehavior [ RunTime:0.000021s ]
INFO: [ app_init ] --END-- [ RunTime:0.000386s ]
ERR: 娉杞芥ā:Mirserver

[ 2017-01-19T05:54:53+08:00 ] 218.93.207.201 /Mirservera.zip
INFO: [ app_init ] --START--
INFO: Run Behavior\BuildLiteBehavior [ RunTime:0.000026s ]
INFO: [ app_init ] --END-- [ RunTime:0.000462s ]
ERR: 娉杞芥ā:Mirservera

[ 2017-01-19T05:54:53+08:00 ] 218.93.207.201 /mirserver0.zip
INFO: [ app_init ] --START--
INFO: Run Behavior\BuildLiteBehavior [ RunTime:0.000021s ]
INFO: [ app_init ] --END-- [ RunTime:0.000341s ]
ERR: 娉杞芥ā:Mirserver0

[ 2017-01-19T05:54:53+08:00 ] 218.93.207.201 /mirserver01.zip
INFO: [ app_init ] --START--
INFO: Run Behavior\BuildLiteBehavior [ RunTime:0.000026s ]
INFO: [ app_init ] --END-- [ RunTime:0.000394s ]
ERR: 娉杞芥ā:Mirserver01

[ 2017-01-19T05:54:53+08:00 ] 218.93.207.201 /mirserver02.zip
INFO: [ app_init ] --START--
INFO: Run Behavior\BuildLiteBehavior [ RunTime:0.000029s ]
INFO: [ app_init ] --END-- [ RunTime:0.000512s ]
ERR: 娉杞芥ā:Mirserver02

[ 2017-01-19T05:54:53+08:00 ] 218.93.207.201 /mirserver03.zip
INFO: [ app_init ] --START--
INFO: Run Behavior\BuildLiteBehavior [ RunTime:0.000022s ]
INFO: [ app_init ] --END-- [ RunTime:0.000407s ]
ERR: 娉杞芥ā:Mirserver03

[ 2017-01-19T05:54:53+08:00 ] 218.93.207.201 /mirserver176.zip
INFO: [ app_init ] --START--
INFO: Run Behavior\BuildLiteBehavior [ RunTime:0.000076s ]
INFO: [ app_init ] --END-- [ RunTime:0.000511s ]
ERR: 娉杞芥ā:Mirserver176

[ 2017-01-19T05:54:53+08:00 ] 218.93.207.201 /mirserver180.zip
INFO: [ app_init ] --START--
INFO: Run Behavior\BuildLiteBehavior [ RunTime:0.000026s ]
INFO: [ app_init ] --END-- [ RunTime:0.000458s ]
ERR: 娉杞芥ā:Mirserver180

[ 2017-01-19T05:54:53+08:00 ] 218.93.207.201 /Mirserver76.zip
INFO: [ app_init ] --START--
INFO: Run Behavior\BuildLiteBehavior [ RunTime:0.000018s ]
INFO: [ app_init ] --END-- [ RunTime:0.000375s ]
ERR: 娉杞芥ā:Mirserver76

[ 2017-01-19T05:54:53+08:00 ] 218.93.207.201 /Mirserver80.zip
INFO: [ app_init ] --START--
INFO: Run Behavior\BuildLiteBehavior [ RunTime:0.000018s ]
INFO: [ app_init ] --END-- [ RunTime:0.000320s ]
ERR: 娉杞芥ā:Mirserver80

[ 2017-01-19T05:54:53+08:00 ] 218.93.207.201 /Mirserver85.zip
INFO: [ app_init ] --START--
INFO: Run Behavior\BuildLiteBehavior [ RunTime:0.000019s ]
INFO: [ app_init ] --END-- [ RunTime:0.000315s ]
ERR: 娉杞芥ā:Mirserver85

[ 2017-01-19T05:54:53+08:00 ] 218.93.207.201 /mirserver1.zip
INFO: [ app_init ] --START--
INFO: Run Behavior\BuildLiteBehavior [ RunTime:0.000018s ]
INFO: [ app_init ] --END-- [ RunTime:0.000368s ]
ERR: 娉杞芥ā:Mirserver1

[ 2017-01-19T05:54:53+08:00 ] 218.93.207.201 /mirserver2.zip
INFO: [ app_init ] --START--
INFO: Run Behavior\BuildLiteBehavior [ RunTime:0.000020s ]
INFO: [ app_init ] --END-- [ RunTime:0.000355s ]
ERR: 娉杞芥ā:Mirserver2

[ 2017-01-19T05:54:53+08:00 ] 218.93.207.201 /Mirserver2.zip
INFO: [ app_init ] --START--
INFO: Run Behavior\BuildLiteBehavior [ RunTime:0.000021s ]
INFO: [ app_init ] --END-- [ RunTime:0.000392s ]
ERR: 娉杞芥ā:Mirserver2

[ 2017-01-19T05:54:54+08:00 ] 218.93.207.201 /Mirserver3.zip
INFO: [ app_init ] --START--
INFO: Run Behavior\BuildLiteBehavior [ RunTime:0.000021s ]
INFO: [ app_init ] --END-- [ RunTime:0.000384s ]
ERR: 娉杞芥ā:Mirserver3

[ 2017-01-19T05:54:54+08:00 ] 218.93.207.201 /Mirserver4.zip
INFO: [ app_init ] --START--
INFO: Run Behavior\BuildLiteBehavior [ RunTime:0.000027s ]
INFO: [ app_init ] --END-- [ RunTime:0.000355s ]
ERR: 娉杞芥ā:Mirserver4

[ 2017-01-19T05:54:54+08:00 ] 218.93.207.201 /Mirserver5.zip
INFO: [ app_init ] --START--
INFO: Run Behavior\BuildLiteBehavior [ RunTime:0.000019s ]
INFO: [ app_init ] --END-- [ RunTime:0.000322s ]
ERR: 娉杞芥ā:Mirserver5

[ 2017-01-19T05:54:54+08:00 ] 218.93.207.201 /Mirserver6.zip
INFO: [ app_init ] --START--
INFO: Run Behavior\BuildLiteBehavior [ RunTime:0.000021s ]
INFO: [ app_init ] --END-- [ RunTime:0.000332s ]
ERR: 娉杞芥ā:Mirserver6

[ 2017-01-19T05:54:54+08:00 ] 218.93.207.201 /Mirserver7.zip
INFO: [ app_init ] --START--
INFO: Run Behavior\BuildLiteBehavior [ RunTime:0.000020s ]
INFO: [ app_init ] --END-- [ RunTime:0.000323s ]
ERR: 娉杞芥ā:Mirserver7

[ 2017-01-19T05:54:54+08:00 ] 218.93.207.201 /Mirserver8.zip
INFO: [ app_init ] --START--
INFO: Run Behavior\BuildLiteBehavior [ RunTime:0.000017s ]
INFO: [ app_init ] --END-- [ RunTime:0.000309s ]
ERR: 娉杞芥ā:Mirserver8

[ 2017-01-19T05:54:54+08:00 ] 218.93.207.201 /Mirserver9.zip
INFO: [ app_init ] --START--
INFO: Run Behavior\BuildLiteBehavior [ RunTime:0.000023s ]
INFO: [ app_init ] --END-- [ RunTime:0.000413s ]
ERR: 娉杞芥ā:Mirserver9

[ 2017-01-19T05:54:54+08:00 ] 218.93.207.201 /Mirserver10.zip
INFO: [ app_init ] --START--
INFO: Run Behavior\BuildLiteBehavior [ RunTime:0.000071s ]
INFO: [ app_init ] --END-- [ RunTime:0.000372s ]
ERR: 娉杞芥ā:Mirserver10

[ 2017-01-19T05:54:54+08:00 ] 218.93.207.201 /mirserver11.zip
INFO: [ app_init ] --START--
INFO: Run Behavior\BuildLiteBehavior [ RunTime:0.000021s ]
INFO: [ app_init ] --END-- [ RunTime:0.000344s ]
ERR: 娉杞芥ā:Mirserver11

[ 2017-01-19T05:54:54+08:00 ] 218.93.207.201 /mirserver12.zip
INFO: [ app_init ] --START--
INFO: Run Behavior\BuildLiteBehavior [ RunTime:0.000071s ]
INFO: [ app_init ] --END-- [ RunTime:0.000388s ]
ERR: 娉杞芥ā:Mirserver12

[ 2017-01-19T05:54:54+08:00 ] 218.93.207.201 /mirserver22.zip
INFO: [ app_init ] --START--
INFO: Run Behavior\BuildLiteBehavior [ RunTime:0.000024s ]
INFO: [ app_init ] --END-- [ RunTime:0.000447s ]
ERR: 娉杞芥ā:Mirserver22

[ 2017-01-19T05:54:54+08:00 ] 218.93.207.201 /mirserver33.zip
INFO: [ app_init ] --START--
INFO: Run Behavior\BuildLiteBehavior [ RunTime:0.000016s ]
INFO: [ app_init ] --END-- [ RunTime:0.000360s ]
ERR: 娉杞芥ā:Mirserver33

[ 2017-01-19T05:54:54+08:00 ] 218.93.207.201 /mirserver44.zip
INFO: [ app_init ] --START--
INFO: Run Behavior\BuildLiteBehavior [ RunTime:0.000021s ]
INFO: [ app_init ] --END-- [ RunTime:0.000438s ]
ERR: 娉杞芥ā:Mirserver44

[ 2017-01-19T05:54:54+08:00 ] 218.93.207.201 /mirserver55.zip
INFO: [ app_init ] --START--
INFO: Run Behavior\BuildLiteBehavior [ RunTime:0.000020s ]
INFO: [ app_init ] --END-- [ RunTime:0.000386s ]
ERR: 娉杞芥ā:Mirserver55

[ 2017-01-19T05:54:54+08:00 ] 218.93.207.201 /mirserver100.zip
INFO: [ app_init ] --START--
INFO: Run Behavior\BuildLiteBehavior [ RunTime:0.000022s ]
INFO: [ app_init ] --END-- [ RunTime:0.000360s ]
ERR: 娉杞芥ā:Mirserver100

[ 2017-01-19T05:54:54+08:00 ] 218.93.207.201 /mirserver111.zip
INFO: [ app_init ] --START--
INFO: Run Behavior\BuildLiteBehavior [ RunTime:0.000019s ]
INFO: [ app_init ] --END-- [ RunTime:0.000469s ]
ERR: 娉杞芥ā:Mirserver111

[ 2017-01-19T05:54:54+08:00 ] 218.93.207.201 /Mirserver123.zip
INFO: [ app_init ] --START--
INFO: Run Behavior\BuildLiteBehavior [ RunTime:0.000017s ]
INFO: [ app_init ] --END-- [ RunTime:0.000371s ]
ERR: 娉杞芥ā:Mirserver123

[ 2017-01-19T05:54:54+08:00 ] 218.93.207.201 /mirserver456.zip
INFO: [ app_init ] --START--
INFO: Run Behavior\BuildLiteBehavior [ RunTime:0.000036s ]
INFO: [ app_init ] --END-- [ RunTime:0.000729s ]
ERR: 娉杞芥ā:Mirserver456

[ 2017-01-19T05:54:54+08:00 ] 218.93.207.201 /mirserver789.zip
INFO: [ app_init ] --START--
INFO: Run Behavior\BuildLiteBehavior [ RunTime:0.000020s ]
INFO: [ app_init ] --END-- [ RunTime:0.000379s ]
ERR: 娉杞芥ā:Mirserver789

[ 2017-01-19T05:54:54+08:00 ] 218.93.207.201 /mirserver1111.zip
INFO: [ app_init ] --START--
INFO: Run Behavior\BuildLiteBehavior [ RunTime:0.000022s ]
INFO: [ app_init ] --END-- [ RunTime:0.000410s ]
ERR: 娉杞芥ā:Mirserver1111

[ 2017-01-19T05:54:55+08:00 ] 218.93.207.201 /mirserver11111.zip
INFO: [ app_init ] --START--
INFO: Run Behavior\BuildLiteBehavior [ RunTime:0.000020s ]
INFO: [ app_init ] --END-- [ RunTime:0.000377s ]
ERR: 娉杞芥ā:Mirserver11111

[ 2017-01-19T05:54:55+08:00 ] 218.93.207.201 /mirserver111111.zip
INFO: [ app_init ] --START--
INFO: Run Behavior\BuildLiteBehavior [ RunTime:0.000019s ]
INFO: [ app_init ] --END-- [ RunTime:0.000317s ]
ERR: 娉杞芥ā:Mirserver111111

[ 2017-01-19T05:54:55+08:00 ] 218.93.207.201 /Mirserver123456.zip
INFO: [ app_init ] --START--
INFO: Run Behavior\BuildLiteBehavior [ RunTime:0.000016s ]
INFO: [ app_init ] --END-- [ RunTime:0.000390s ]
ERR: 娉杞芥ā:Mirserver123456

[ 2017-01-19T05:54:55+08:00 ] 218.93.207.201 /mirserver123456789.zip
INFO: [ app_init ] --START--
INFO: Run Behavior\BuildLiteBehavior [ RunTime:0.000021s ]
INFO: [ app_init ] --END-- [ RunTime:0.000328s ]
ERR: 娉杞芥ā:Mirserver123456789

[ 2017-01-19T05:54:55+08:00 ] 218.93.207.201 /mirserver复古.zip
INFO: [ app_init ] --START--
INFO: Run Behavior\BuildLiteBehavior [ RunTime:0.000020s ]
INFO: [ app_init ] --END-- [ RunTime:0.000397s ]
ERR: 娉杞芥ā:Mirserver复古

[ 2017-01-19T05:54:55+08:00 ] 218.93.207.201 /1mirserver.zip
INFO: [ app_init ] --START--
INFO: Run Behavior\BuildLiteBehavior [ RunTime:0.000021s ]
INFO: [ app_init ] --END-- [ RunTime:0.000386s ]
ERR: 娉杞芥ā:1mirserver

[ 2017-01-19T05:54:55+08:00 ] 218.93.207.201 /版本.zip
INFO: [ app_init ] --START--
INFO: Run Behavior\BuildLiteBehavior [ RunTime:0.000021s ]
INFO: [ app_init ] --END-- [ RunTime:0.000443s ]
ERR: 娉杞芥ā:版本

[ 2017-01-19T05:54:55+08:00 ] 218.93.207.201 /版本1.zip
INFO: [ app_init ] --START--
INFO: Run Behavior\BuildLiteBehavior [ RunTime:0.000022s ]
INFO: [ app_init ] --END-- [ RunTime:0.000389s ]
ERR: 娉杞芥ā:版本1

[ 2017-01-19T05:54:55+08:00 ] 218.93.207.201 /备份.zip
INFO: [ app_init ] --START--
INFO: Run Behavior\BuildLiteBehavior [ RunTime:0.000020s ]
INFO: [ app_init ] --END-- [ RunTime:0.000383s ]
ERR: 娉杞芥ā:备份

[ 2017-01-19T05:54:55+08:00 ] 218.93.207.201 /测试.zip
INFO: [ app_init ] --START--
INFO: Run Behavior\BuildLiteBehavior [ RunTime:0.000021s ]
INFO: [ app_init ] --END-- [ RunTime:0.000347s ]
ERR: 娉杞芥ā:测试

[ 2017-01-19T05:54:55+08:00 ] 218.93.207.201 /测试版本.zip
INFO: [ app_init ] --START--
INFO: Run Behavior\BuildLiteBehavior [ RunTime:0.000019s ]
INFO: [ app_init ] --END-- [ RunTime:0.000376s ]
ERR: 娉杞芥ā:测试版本

[ 2017-01-19T05:54:55+08:00 ] 218.93.207.201 /复古.zip
INFO: [ app_init ] --START--
INFO: Run Behavior\BuildLiteBehavior [ RunTime:0.000021s ]
INFO: [ app_init ] --END-- [ RunTime:0.000324s ]
ERR: 娉杞芥ā:复古

[ 2017-01-19T05:54:55+08:00 ] 218.93.207.201 /复件%20新建文件夹.zip
INFO: [ app_init ] --START--
INFO: Run Behavior\BuildLiteBehavior [ RunTime:0.000020s ]
INFO: [ app_init ] --END-- [ RunTime:0.000372s ]
ERR: 娉杞芥ā:复件 新建文件夹

[ 2017-01-19T05:54:55+08:00 ] 218.93.207.201 /复件%20新建文件夹1.zip
INFO: [ app_init ] --START--
INFO: Run Behavior\BuildLiteBehavior [ RunTime:0.000020s ]
INFO: [ app_init ] --END-- [ RunTime:0.000321s ]
ERR: 娉杞芥ā:复件 新建文件夹1

[ 2017-01-19T05:54:55+08:00 ] 218.93.207.201 /复件%20新建文件夹2.zip
INFO: [ app_init ] --START--
INFO: Run Behavior\BuildLiteBehavior [ RunTime:0.000020s ]
INFO: [ app_init ] --END-- [ RunTime:0.000381s ]
ERR: 娉杞芥ā:复件 新建文件夹2

[ 2017-01-19T05:54:55+08:00 ] 218.93.207.201 /复件%20新建文件夹3.zip
INFO: [ app_init ] --START--
INFO: Run Behavior\BuildLiteBehavior [ RunTime:0.000023s ]
INFO: [ app_init ] --END-- [ RunTime:0.000376s ]
ERR: 娉杞芥ā:复件 新建文件夹3

[ 2017-01-19T05:54:55+08:00 ] 218.93.207.201 /复件.zip
INFO: [ app_init ] --START--
INFO: Run Behavior\BuildLiteBehavior [ RunTime:0.000021s ]
INFO: [ app_init ] --END-- [ RunTime:0.000381s ]
ERR: 娉杞芥ā:复件

[ 2017-01-19T05:54:55+08:00 ] 218.93.207.201 /复件1.zip
INFO: [ app_init ] --START--
INFO: Run Behavior\BuildLiteBehavior [ RunTime:0.000022s ]
INFO: [ app_init ] --END-- [ RunTime:0.000424s ]
ERR: 娉杞芥ā:复件1

[ 2017-01-19T05:54:55+08:00 ] 218.93.207.201 /复件mirserver.zip
INFO: [ app_init ] --START--
INFO: Run Behavior\BuildLiteBehavior [ RunTime:0.000025s ]
INFO: [ app_init ] --END-- [ RunTime:0.000419s ]
ERR: 娉杞芥ā:复件mirserver

[ 2017-01-19T05:54:55+08:00 ] 218.93.207.201 /精品.zip
INFO: [ app_init ] --START--
INFO: Run Behavior\BuildLiteBehavior [ RunTime:0.000021s ]
INFO: [ app_init ] --END-- [ RunTime:0.000397s ]
ERR: 娉杞芥ā:精品

[ 2017-01-19T05:54:55+08:00 ] 218.93.207.201 /老版本.zip
INFO: [ app_init ] --START--
INFO: Run Behavior\BuildLiteBehavior [ RunTime:0.000019s ]
INFO: [ app_init ] --END-- [ RunTime:0.000321s ]
ERR: 娉杞芥ā:老版本

[ 2017-01-19T05:54:55+08:00 ] 218.93.207.201 /老版本Mirserver.zip
INFO: [ app_init ] --START--
INFO: Run Behavior\BuildLiteBehavior [ RunTime:0.000020s ]
INFO: [ app_init ] --END-- [ RunTime:0.000321s ]
ERR: 娉杞芥ā:老版本Mirserver

[ 2017-01-19T05:54:55+08:00 ] 218.93.207.201 /老区.zip
INFO: [ app_init ] --START--
INFO: Run Behavior\BuildLiteBehavior [ RunTime:0.000023s ]
INFO: [ app_init ] --END-- [ RunTime:0.000356s ]
ERR: 娉杞芥ā:老区

[ 2017-01-19T05:54:56+08:00 ] 218.93.207.201 /轻变.zip
INFO: [ app_init ] --START--
INFO: Run Behavior\BuildLiteBehavior [ RunTime:0.000032s ]
INFO: [ app_init ] --END-- [ RunTime:0.000575s ]
ERR: 娉杞芥ā:轻变

[ 2017-01-19T05:54:56+08:00 ] 218.93.207.201 /新版本.zip
INFO: [ app_init ] --START--
INFO: Run Behavior\BuildLiteBehavior [ RunTime:0.000016s ]
INFO: [ app_init ] --END-- [ RunTime:0.000305s ]
ERR: 娉杞芥ā:新版本

[ 2017-01-19T05:54:56+08:00 ] 218.93.207.201 /新版本Mirserver.zip
INFO: [ app_init ] --START--
INFO: Run Behavior\BuildLiteBehavior [ RunTime:0.000022s ]
INFO: [ app_init ] --END-- [ RunTime:0.000389s ]
ERR: 娉杞芥ā:新版本Mirserver

[ 2017-01-19T05:54:56+08:00 ] 218.93.207.201 /新建文件夹.zip
INFO: [ app_init ] --START--
INFO: Run Behavior\BuildLiteBehavior [ RunTime:0.000021s ]
INFO: [ app_init ] --END-- [ RunTime:0.000352s ]
ERR: 娉杞芥ā:新建文件夹

[ 2017-01-19T05:54:56+08:00 ] 218.93.207.201 /新建文件夹1.zip
INFO: [ app_init ] --START--
INFO: Run Behavior\BuildLiteBehavior [ RunTime:0.000020s ]
INFO: [ app_init ] --END-- [ RunTime:0.000373s ]
ERR: 娉杞芥ā:新建文件夹1

[ 2017-01-19T05:54:56+08:00 ] 218.93.207.201 /GOM.zip
INFO: [ app_init ] --START--
INFO: Run Behavior\BuildLiteBehavior [ RunTime:0.000027s ]
INFO: [ app_init ] --END-- [ RunTime:0.000549s ]
ERR: 娉杞芥ā:GOM

[ 2017-01-19T05:54:56+08:00 ] 218.93.207.201 /hero.zip
INFO: [ app_init ] --START--
INFO: Run Behavior\BuildLiteBehavior [ RunTime:0.000026s ]
INFO: [ app_init ] --END-- [ RunTime:0.000470s ]
ERR: 娉杞芥ā:Hero

[ 2017-01-19T05:54:56+08:00 ] 218.93.207.201 /blue.zip
INFO: [ app_init ] --START--
INFO: Run Behavior\BuildLiteBehavior [ RunTime:0.000020s ]
INFO: [ app_init ] --END-- [ RunTime:0.000324s ]
ERR: 娉杞芥ā:Blue

[ 2017-01-19T05:54:56+08:00 ] 218.93.207.201 /新区.zip
INFO: [ app_init ] --START--
INFO: Run Behavior\BuildLiteBehavior [ RunTime:0.000023s ]
INFO: [ app_init ] --END-- [ RunTime:0.000339s ]
ERR: 娉杞芥ā:新区

[ 2017-01-19T05:54:56+08:00 ] 218.93.207.201 /中变.zip
INFO: [ app_init ] --START--
INFO: Run Behavior\BuildLiteBehavior [ RunTime:0.000018s ]
INFO: [ app_init ] --END-- [ RunTime:0.000313s ]
ERR: 娉杞芥ā:中变

[ 2017-01-19T05:54:56+08:00 ] 218.93.207.201 /cmirserver.zip
INFO: [ app_init ] --START--
INFO: Run Behavior\BuildLiteBehavior [ RunTime:0.000019s ]
INFO: [ app_init ] --END-- [ RunTime:0.000321s ]
ERR: 娉杞芥ā:Cmirserver

[ 2017-01-19T05:54:56+08:00 ] 218.93.207.201 /cmirserver01.zip
INFO: [ app_init ] --START--
INFO: Run Behavior\BuildLiteBehavior [ RunTime:0.000022s ]
INFO: [ app_init ] --END-- [ RunTime:0.000352s ]
ERR: 娉杞芥ā:Cmirserver01

[ 2017-01-19T05:54:56+08:00 ] 218.93.207.201 /cmirserver1.zip
INFO: [ app_init ] --START--
INFO: Run Behavior\BuildLiteBehavior [ RunTime:0.000019s ]
INFO: [ app_init ] --END-- [ RunTime:0.000410s ]
ERR: 娉杞芥ā:Cmirserver1

[ 2017-01-19T05:54:56+08:00 ] 218.93.207.201 /cmirserver11.zip
INFO: [ app_init ] --START--
INFO: Run Behavior\BuildLiteBehavior [ RunTime:0.000021s ]
INFO: [ app_init ] --END-- [ RunTime:0.000336s ]
ERR: 娉杞芥ā:Cmirserver11

[ 2017-01-19T05:54:56+08:00 ] 218.93.207.201 /cmirserver2.zip
INFO: [ app_init ] --START--
INFO: Run Behavior\BuildLiteBehavior [ RunTime:0.000020s ]
INFO: [ app_init ] --END-- [ RunTime:0.000318s ]
ERR: 娉杞芥ā:Cmirserver2

[ 2017-01-19T05:54:56+08:00 ] 218.93.207.201 /cmirserver3.zip
INFO: [ app_init ] --START--
INFO: Run Behavior\BuildLiteBehavior [ RunTime:0.000024s ]
INFO: [ app_init ] --END-- [ RunTime:0.000358s ]
ERR: 娉杞芥ā:Cmirserver3

[ 2017-01-19T05:59:17+08:00 ] 185.49.14.190 http://testp4.pospr.waw.pl/testproxy.php
INFO: [ app_init ] --START--
INFO: Run Behavior\BuildLiteBehavior [ RunTime:0.000025s ]
INFO: [ app_init ] --END-- [ RunTime:0.000471s ]
ERR: 娉杞芥ā:Testproxy

[ 2017-01-19T06:00:30+08:00 ] 106.38.231.220 http://106.2.112.147/proxyip/check
INFO: [ app_init ] --START--
INFO: Run Behavior\BuildLiteBehavior [ RunTime:0.000026s ]
INFO: [ app_init ] --END-- [ RunTime:0.000465s ]
ERR: 娉杞芥ā:Proxyip

[ 2017-01-19T06:28:43+08:00 ] 123.125.71.53 /robots.txt
INFO: [ app_init ] --START--
INFO: Run Behavior\BuildLiteBehavior [ RunTime:0.000017s ]
INFO: [ app_init ] --END-- [ RunTime:0.000322s ]
ERR: 娉杞芥ā:Robots

[ 2017-01-19T06:43:24+08:00 ] 203.208.60.235 /forum.php?mod=viewthread&tid=56406
INFO: [ app_init ] --START--
INFO: Run Behavior\BuildLiteBehavior [ RunTime:0.000023s ]
INFO: [ app_init ] --END-- [ RunTime:0.000351s ]
ERR: 娉杞芥ā:Forum

[ 2017-01-19T07:17:56+08:00 ] 123.125.51.231 http://106.2.112.147/proxyip/check
INFO: [ app_init ] --START--
INFO: Run Behavior\BuildLiteBehavior [ RunTime:0.000018s ]
INFO: [ app_init ] --END-- [ RunTime:0.000367s ]
ERR: 娉杞芥ā:Proxyip

[ 2017-01-19T07:48:04+08:00 ] 42.236.10.109 /robots.txt
INFO: [ app_init ] --START--
INFO: Run Behavior\BuildLiteBehavior [ RunTime:0.000021s ]
INFO: [ app_init ] --END-- [ RunTime:0.000339s ]
ERR: 娉杞芥ā:Robots

[ 2017-01-19T07:59:18+08:00 ] 106.120.173.132 /post/156.html
INFO: [ app_init ] --START--
INFO: Run Behavior\BuildLiteBehavior [ RunTime:0.000024s ]
INFO: [ app_init ] --END-- [ RunTime:0.000457s ]
ERR: 娉杞芥ā:Post

[ 2017-01-19T07:59:28+08:00 ] 106.120.173.132 /post/133.html
INFO: [ app_init ] --START--
INFO: Run Behavior\BuildLiteBehavior [ RunTime:0.000019s ]
INFO: [ app_init ] --END-- [ RunTime:0.000375s ]
ERR: 娉杞芥ā:Post

[ 2017-01-19T07:59:38+08:00 ] 106.120.173.132 /cmd.asp?act=gettburl&id=712
INFO: [ app_init ] --START--
INFO: Run Behavior\BuildLiteBehavior [ RunTime:0.000019s ]
INFO: [ app_init ] --END-- [ RunTime:0.000325s ]
ERR: 娉杞芥ā:Cmd

[ 2017-01-19T07:59:48+08:00 ] 106.120.173.132 /cmd.asp?act=gettburl&id=682
INFO: [ app_init ] --START--
INFO: Run Behavior\BuildLiteBehavior [ RunTime:0.000023s ]
INFO: [ app_init ] --END-- [ RunTime:0.000447s ]
ERR: 娉杞芥ā:Cmd

[ 2017-01-19T08:11:58+08:00 ] 180.76.15.143 /forum.php?mod=viewthread&tid=9793&fromuid=10031
INFO: [ app_init ] --START--
INFO: Run Behavior\BuildLiteBehavior [ RunTime:0.000020s ]
INFO: [ app_init ] --END-- [ RunTime:0.000324s ]
ERR: 娉杞芥ā:Forum

[ 2017-01-19T08:34:48+08:00 ] 106.38.231.220 http://106.2.112.147/proxyip/check
INFO: [ app_init ] --START--
INFO: Run Behavior\BuildLiteBehavior [ RunTime:0.000020s ]
INFO: [ app_init ] --END-- [ RunTime:0.000396s ]
ERR: 娉杞芥ā:Proxyip

[ 2017-01-19T08:47:06+08:00 ] 172.82.166.210 http://www.baidu.com/cache/global/img/gs.gif
INFO: [ app_init ] --START--
INFO: Run Behavior\BuildLiteBehavior [ RunTime:0.000020s ]
INFO: [ app_init ] --END-- [ RunTime:0.000374s ]
ERR: 娉杞芥ā:Cache

[ 2017-01-19T09:48:52+08:00 ] 106.38.230.190 http://106.2.112.147/proxyip/check
INFO: [ app_init ] --START--
INFO: Run Behavior\BuildLiteBehavior [ RunTime:0.000023s ]
INFO: [ app_init ] --END-- [ RunTime:0.000551s ]
ERR: 娉杞芥ā:Proxyip

[ 2017-01-19T10:43:13+08:00 ] 203.208.60.234 /forum.php?mod=viewthread&tid=62107
INFO: [ app_init ] --START--
INFO: Run Behavior\BuildLiteBehavior [ RunTime:0.000024s ]
INFO: [ app_init ] --END-- [ RunTime:0.000450s ]
ERR: 娉杞芥ā:Forum

[ 2017-01-19T11:04:14+08:00 ] 106.38.231.220 http://106.2.112.147/proxyip/check
INFO: [ app_init ] --START--
INFO: Run Behavior\BuildLiteBehavior [ RunTime:0.000020s ]
INFO: [ app_init ] --END-- [ RunTime:0.000383s ]
ERR: 娉杞芥ā:Proxyip

[ 2017-01-19T12:02:56+08:00 ] 157.55.39.149 /robots.txt
INFO: [ app_init ] --START--
INFO: Run Behavior\BuildLiteBehavior [ RunTime:0.000018s ]
INFO: [ app_init ] --END-- [ RunTime:0.000378s ]
ERR: 娉杞芥ā:Robots

[ 2017-01-19T12:03:05+08:00 ] 157.55.39.215 /idc/vps.asp
INFO: [ app_init ] --START--
INFO: Run Behavior\BuildLiteBehavior [ RunTime:0.000017s ]
INFO: [ app_init ] --END-- [ RunTime:0.000331s ]
ERR: 娉杞芥ā:Idc

[ 2017-01-19T12:14:21+08:00 ] 183.251.101.118 /favicon.ico
INFO: [ app_init ] --START--
INFO: Run Behavior\BuildLiteBehavior [ RunTime:0.000020s ]
INFO: [ app_init ] --END-- [ RunTime:0.000359s ]
ERR: 娉杞芥ā:Favicon

[ 2017-01-19T12:16:16+08:00 ] 140.205.201.32 /warning
INFO: [ app_init ] --START--
INFO: Run Behavior\BuildLiteBehavior [ RunTime:0.000019s ]
INFO: [ app_init ] --END-- [ RunTime:0.000329s ]
ERR: 娉杞芥ā:Warning

[ 2017-01-19T12:18:10+08:00 ] 106.38.231.220 http://106.2.112.147/proxyip/check
INFO: [ app_init ] --START--
INFO: Run Behavior\BuildLiteBehavior [ RunTime:0.000228s ]
INFO: [ app_init ] --END-- [ RunTime:0.000565s ]
ERR: 娉杞芥ā:Proxyip

[ 2017-01-19T12:21:11+08:00 ] 140.205.201.32 /pleasereadthis
INFO: [ app_init ] --START--
INFO: Run Behavior\BuildLiteBehavior [ RunTime:0.000022s ]
INFO: [ app_init ] --END-- [ RunTime:0.000347s ]
ERR: 娉杞芥ā:Pleasereadthis

[ 2017-01-19T12:27:34+08:00 ] 140.205.201.32 /please_read/_search
INFO: [ app_init ] --START--
INFO: Run Behavior\BuildLiteBehavior [ RunTime:0.000021s ]
INFO: [ app_init ] --END-- [ RunTime:0.000327s ]
ERR: 娉杞芥ā:Please_read

[ 2017-01-19T12:33:01+08:00 ] 140.205.201.32 /hadoop/
INFO: [ app_init ] --START--
INFO: Run Behavior\BuildLiteBehavior [ RunTime:0.000022s ]
INFO: [ app_init ] --END-- [ RunTime:0.000364s ]
ERR: 娉杞芥ā:Hadoop

[ 2017-01-19T12:46:22+08:00 ] 183.251.101.118 /Public/js/layer.js
INFO: [ app_init ] --START--
INFO: Run Behavior\BuildLiteBehavior [ RunTime:0.000019s ]
INFO: [ app_init ] --END-- [ RunTime:0.000317s ]
ERR: 娉杞芥ā:Public

[ 2017-01-19T12:50:22+08:00 ] 183.251.101.118 /Public/js/layer.js
INFO: [ app_init ] --START--
INFO: Run Behavior\BuildLiteBehavior [ RunTime:0.000022s ]
INFO: [ app_init ] --END-- [ RunTime:0.000341s ]
ERR: 娉杞芥ā:Public

[ 2017-01-19T12:50:23+08:00 ] 183.251.101.118 /Public/js/layer.js
INFO: [ app_init ] --START--
INFO: Run Behavior\BuildLiteBehavior [ RunTime:0.000015s ]
INFO: [ app_init ] --END-- [ RunTime:0.000304s ]
ERR: 娉杞芥ā:Public

[ 2017-01-19T12:50:58+08:00 ] 183.251.101.118 /Public/js/layer.js
INFO: [ app_init ] --START--
INFO: Run Behavior\BuildLiteBehavior [ RunTime:0.000027s ]
INFO: [ app_init ] --END-- [ RunTime:0.000514s ]
ERR: 娉杞芥ā:Public

[ 2017-01-19T12:50:59+08:00 ] 183.251.101.118 /Public/js/layer.js
INFO: [ app_init ] --START--
INFO: Run Behavior\BuildLiteBehavior [ RunTime:0.000025s ]
INFO: [ app_init ] --END-- [ RunTime:0.000441s ]
ERR: 娉杞芥ā:Public

[ 2017-01-19T12:51:00+08:00 ] 183.251.101.118 /Public/js/layer.js
INFO: [ app_init ] --START--
INFO: Run Behavior\BuildLiteBehavior [ RunTime:0.000019s ]
INFO: [ app_init ] --END-- [ RunTime:0.000359s ]
ERR: 娉杞芥ā:Public

[ 2017-01-19T12:51:02+08:00 ] 183.251.101.118 /Public/js/layer.js
INFO: [ app_init ] --START--
INFO: Run Behavior\BuildLiteBehavior [ RunTime:0.000016s ]
INFO: [ app_init ] --END-- [ RunTime:0.000313s ]
ERR: 娉杞芥ā:Public

[ 2017-01-19T12:54:04+08:00 ] 140.205.201.32 /_nodes/stats
INFO: [ app_init ] --START--
INFO: Run Behavior\BuildLiteBehavior [ RunTime:0.000025s ]
INFO: [ app_init ] --END-- [ RunTime:0.000559s ]
ERR: 娉杞芥ā:_nodes

[ 2017-01-19T13:02:14+08:00 ] 140.205.201.32 /solr/
INFO: [ app_init ] --START--
INFO: Run Behavior\BuildLiteBehavior [ RunTime:0.000018s ]
INFO: [ app_init ] --END-- [ RunTime:0.000363s ]
ERR: 娉杞芥ā:Solr

[ 2017-01-19T13:23:31+08:00 ] 140.205.201.32 /about/
INFO: [ app_init ] --START--
INFO: Run Behavior\BuildLiteBehavior [ RunTime:0.000019s ]
INFO: [ app_init ] --END-- [ RunTime:0.000394s ]
ERR: 娉杞芥ā:About

[ 2017-01-19T13:31:29+08:00 ] 140.205.201.32 /admin/
INFO: [ app_init ] --START--
INFO: Run Behavior\BuildLiteBehavior [ RunTime:0.000020s ]
INFO: [ app_init ] --END-- [ RunTime:0.000321s ]
ERR: 娉杞芥ā:Admin

[ 2017-01-19T14:07:54+08:00 ] 139.129.225.235 /phpmyadmin
INFO: [ app_init ] --START--
INFO: Run Behavior\BuildLiteBehavior [ RunTime:0.000016s ]
INFO: [ app_init ] --END-- [ RunTime:0.000351s ]
ERR: 娉杞芥ā:Phpmyadmin

[ 2017-01-19T14:22:00+08:00 ] 183.251.101.118 /favicon.ico
INFO: [ app_init ] --START--
INFO: Run Behavior\BuildLiteBehavior [ RunTime:0.000022s ]
INFO: [ app_init ] --END-- [ RunTime:0.000447s ]
ERR: 娉杞芥ā:Favicon

[ 2017-01-19T14:56:44+08:00 ] 117.26.254.54 /member.php?mod=logging&action=login&infloat=yes&handlekey=login&inajax=1&ajaxtarget=fwin_content_login
INFO: [ app_init ] --START--
INFO: Run Behavior\BuildLiteBehavior [ RunTime:0.000019s ]
INFO: [ app_init ] --END-- [ RunTime:0.000406s ]
ERR: 娉杞芥ā:Member

[ 2017-01-19T14:56:45+08:00 ] 117.26.254.54 /member.php?mod=logging&action=login&infloat=yes&handlekey=login&inajax=1&ajaxtarget=fwin_content_login
INFO: [ app_init ] --START--
INFO: Run Behavior\BuildLiteBehavior [ RunTime:0.000017s ]
INFO: [ app_init ] --END-- [ RunTime:0.000361s ]
ERR: 娉杞芥ā:Member

[ 2017-01-19T14:56:45+08:00 ] 117.26.254.54 /member.php?mod=logging&action=login&infloat=yes&handlekey=login&inajax=1&ajaxtarget=fwin_content_login
INFO: [ app_init ] --START--
INFO: Run Behavior\BuildLiteBehavior [ RunTime:0.000017s ]
INFO: [ app_init ] --END-- [ RunTime:0.000363s ]
ERR: 娉杞芥ā:Member

[ 2017-01-19T14:56:45+08:00 ] 117.26.254.54 /member.php?mod=logging&action=login&infloat=yes&handlekey=login&inajax=1&ajaxtarget=fwin_content_login
INFO: [ app_init ] --START--
INFO: Run Behavior\BuildLiteBehavior [ RunTime:0.000018s ]
INFO: [ app_init ] --END-- [ RunTime:0.000370s ]
ERR: 娉杞芥ā:Member

[ 2017-01-19T14:56:45+08:00 ] 117.26.254.54 /member.php?mod=logging&action=login&infloat=yes&handlekey=login&inajax=1&ajaxtarget=fwin_content_login
INFO: [ app_init ] --START--
INFO: Run Behavior\BuildLiteBehavior [ RunTime:0.000023s ]
INFO: [ app_init ] --END-- [ RunTime:0.000407s ]
ERR: 娉杞芥ā:Member

[ 2017-01-19T14:56:45+08:00 ] 117.26.254.54 /member.php?mod=logging&action=login&infloat=yes&handlekey=login&inajax=1&ajaxtarget=fwin_content_login
INFO: [ app_init ] --START--
INFO: Run Behavior\BuildLiteBehavior [ RunTime:0.000021s ]
INFO: [ app_init ] --END-- [ RunTime:0.000383s ]
ERR: 娉杞芥ā:Member

[ 2017-01-19T15:05:51+08:00 ] 106.38.230.19 http://106.2.112.147/proxyip/check
INFO: [ app_init ] --START--
INFO: Run Behavior\BuildLiteBehavior [ RunTime:0.000029s ]
INFO: [ app_init ] --END-- [ RunTime:0.000451s ]
ERR: 娉杞芥ā:Proxyip

[ 2017-01-19T16:19:57+08:00 ] 106.38.230.19 http://106.2.112.147/proxyip/check
INFO: [ app_init ] --START--
INFO: Run Behavior\BuildLiteBehavior [ RunTime:0.000020s ]
INFO: [ app_init ] --END-- [ RunTime:0.000333s ]
ERR: 娉杞芥ā:Proxyip

[ 2017-01-19T17:25:27+08:00 ] 120.25.103.140 /admin
INFO: [ app_init ] --START--
INFO: Run Behavior\BuildLiteBehavior [ RunTime:0.000020s ]
INFO: [ app_init ] --END-- [ RunTime:0.000378s ]
ERR: 娉杞芥ā:Admin

[ 2017-01-19T17:34:00+08:00 ] 106.38.231.220 http://106.2.112.147/proxyip/check
INFO: [ app_init ] --START--
INFO: Run Behavior\BuildLiteBehavior [ RunTime:0.000023s ]
INFO: [ app_init ] --END-- [ RunTime:0.000401s ]
ERR: 娉杞芥ā:Proxyip

[ 2017-01-19T18:48:25+08:00 ] 106.38.231.219 http://106.2.112.147/proxyip/check
INFO: [ app_init ] --START--
INFO: Run Behavior\BuildLiteBehavior [ RunTime:0.000019s ]
INFO: [ app_init ] --END-- [ RunTime:0.000323s ]
ERR: 娉杞芥ā:Proxyip

[ 2017-01-19T19:12:11+08:00 ] 185.49.14.190 http://testp3.pospr.waw.pl/testproxy.php
INFO: [ app_init ] --START--
INFO: Run Behavior\BuildLiteBehavior [ RunTime:0.000021s ]
INFO: [ app_init ] --END-- [ RunTime:0.000446s ]
ERR: 娉杞芥ā:Testproxy

[ 2017-01-19T19:51:26+08:00 ] 106.120.173.132 /post/147.html
INFO: [ app_init ] --START--
INFO: Run Behavior\BuildLiteBehavior [ RunTime:0.000019s ]
INFO: [ app_init ] --END-- [ RunTime:0.000544s ]
ERR: 娉杞芥ā:Post

[ 2017-01-19T19:51:36+08:00 ] 106.120.173.132 /post/286.html
INFO: [ app_init ] --START--
INFO: Run Behavior\BuildLiteBehavior [ RunTime:0.000022s ]
INFO: [ app_init ] --END-- [ RunTime:0.000389s ]
ERR: 娉杞芥ā:Post

[ 2017-01-19T19:51:46+08:00 ] 106.120.173.132 /cmd.asp?act=gettburl&id=677
INFO: [ app_init ] --START--
INFO: Run Behavior\BuildLiteBehavior [ RunTime:0.000025s ]
INFO: [ app_init ] --END-- [ RunTime:0.000428s ]
ERR: 娉杞芥ā:Cmd

[ 2017-01-19T19:51:56+08:00 ] 106.120.173.132 /cmd.asp?act=gettburl&id=697
INFO: [ app_init ] --START--
INFO: Run Behavior\BuildLiteBehavior [ RunTime:0.000017s ]
INFO: [ app_init ] --END-- [ RunTime:0.000312s ]
ERR: 娉杞芥ā:Cmd

[ 2017-01-19T20:02:41+08:00 ] 106.38.230.19 http://106.2.112.147/proxyip/check
INFO: [ app_init ] --START--
INFO: Run Behavior\BuildLiteBehavior [ RunTime:0.000018s ]
INFO: [ app_init ] --END-- [ RunTime:0.000403s ]
ERR: 娉杞芥ā:Proxyip

[ 2017-01-19T20:35:31+08:00 ] 101.200.142.29 /phpmyadmin
INFO: [ app_init ] --START--
INFO: Run Behavior\BuildLiteBehavior [ RunTime:0.000022s ]
INFO: [ app_init ] --END-- [ RunTime:0.000404s ]
ERR: 娉杞芥ā:Phpmyadmin

[ 2017-01-19T20:40:26+08:00 ] 207.46.13.230 /robots.txt
INFO: [ app_init ] --START--
INFO: Run Behavior\BuildLiteBehavior [ RunTime:0.000020s ]
INFO: [ app_init ] --END-- [ RunTime:0.000420s ]
ERR: 娉杞芥ā:Robots

[ 2017-01-19T21:17:45+08:00 ] 106.38.230.190 http://106.2.112.147/proxyip/check
INFO: [ app_init ] --START--
INFO: Run Behavior\BuildLiteBehavior [ RunTime:0.000019s ]
INFO: [ app_init ] --END-- [ RunTime:0.000373s ]
ERR: 娉杞芥ā:Proxyip

[ 2017-01-19T22:26:31+08:00 ] 123.57.78.139 http://www.izhongsai.com/show.html?t=1484835991945
INFO: [ app_init ] --START--
INFO: Run Behavior\BuildLiteBehavior [ RunTime:0.000019s ]
INFO: [ app_init ] --END-- [ RunTime:0.000324s ]
ERR: 娉杞芥ā:Show

[ 2017-01-19T22:33:41+08:00 ] 106.38.230.19 http://106.2.112.147/proxyip/check
INFO: [ app_init ] --START--
INFO: Run Behavior\BuildLiteBehavior [ RunTime:0.000022s ]
INFO: [ app_init ] --END-- [ RunTime:0.000394s ]
ERR: 娉杞芥ā:Proxyip

[ 2017-01-19T22:45:22+08:00 ] 220.181.108.162 /qtimg/1.jpg
INFO: [ app_init ] --START--
INFO: Run Behavior\BuildLiteBehavior [ RunTime:0.000023s ]
INFO: [ app_init ] --END-- [ RunTime:0.000448s ]
ERR: 娉杞芥ā:Qtimg

[ 2017-01-19T22:47:54+08:00 ] 123.125.71.52 /qtimg/3.jpg
INFO: [ app_init ] --START--
INFO: Run Behavior\BuildLiteBehavior [ RunTime:0.000028s ]
INFO: [ app_init ] --END-- [ RunTime:0.000573s ]
ERR: 娉杞芥ā:Qtimg

[ 2017-01-19T23:39:43+08:00 ] 216.244.66.245 /robots.txt
INFO: [ app_init ] --START--
INFO: Run Behavior\BuildLiteBehavior [ RunTime:0.000017s ]
INFO: [ app_init ] --END-- [ RunTime:0.000315s ]
ERR: 娉杞芥ā:Robots

[ 2017-01-19T23:49:43+08:00 ] 106.38.231.219 http://106.2.112.147/proxyip/check
INFO: [ app_init ] --START--
INFO: Run Behavior\BuildLiteBehavior [ RunTime:0.000027s ]
INFO: [ app_init ] --END-- [ RunTime:0.000528s ]
ERR: 娉杞芥ā:Proxyip

