[ 2017-02-02T00:18:37+08:00 ] 106.38.231.218 http://106.2.112.147/proxyip/check
INFO: [ app_init ] --START--
INFO: Run Behavior\BuildLiteBehavior [ RunTime:0.000035s ]
INFO: [ app_init ] --END-- [ RunTime:0.000579s ]
ERR: 娉杞芥ā:Proxyip

[ 2017-02-02T00:25:05+08:00 ] 222.186.3.90 /Mirserver%20-%20副本.rar
INFO: [ app_init ] --START--
INFO: Run Behavior\BuildLiteBehavior [ RunTime:0.000022s ]
INFO: [ app_init ] --END-- [ RunTime:0.000352s ]
ERR: 娉杞芥ā:Mirserver - 副本

[ 2017-02-02T00:25:05+08:00 ] 222.186.3.90 /Mirserver0%20-%20副本.rar
INFO: [ app_init ] --START--
INFO: Run Behavior\BuildLiteBehavior [ RunTime:0.000023s ]
INFO: [ app_init ] --END-- [ RunTime:0.000452s ]
ERR: 娉杞芥ā:Mirserver0 - 副本

[ 2017-02-02T00:25:05+08:00 ] 222.186.3.90 /Mirserver1%20-%20副本.rar
INFO: [ app_init ] --START--
INFO: Run Behavior\BuildLiteBehavior [ RunTime:0.000028s ]
INFO: [ app_init ] --END-- [ RunTime:0.000515s ]
ERR: 娉杞芥ā:Mirserver1 - 副本

[ 2017-02-02T00:25:05+08:00 ] 222.186.3.90 /Mirserver2%20-%20副本.rar
INFO: [ app_init ] --START--
INFO: Run Behavior\BuildLiteBehavior [ RunTime:0.000021s ]
INFO: [ app_init ] --END-- [ RunTime:0.000338s ]
ERR: 娉杞芥ā:Mirserver2 - 副本

[ 2017-02-02T00:25:05+08:00 ] 222.186.3.90 /Mirserver3%20-%20副本.rar
INFO: [ app_init ] --START--
INFO: Run Behavior\BuildLiteBehavior [ RunTime:0.000032s ]
INFO: [ app_init ] --END-- [ RunTime:0.000660s ]
ERR: 娉杞芥ā:Mirserver3 - 副本

[ 2017-02-02T00:25:05+08:00 ] 222.186.3.90 /Mirserver4%20-%20副本.rar
INFO: [ app_init ] --START--
INFO: Run Behavior\BuildLiteBehavior [ RunTime:0.000022s ]
INFO: [ app_init ] --END-- [ RunTime:0.000351s ]
ERR: 娉杞芥ā:Mirserver4 - 副本

[ 2017-02-02T00:25:05+08:00 ] 222.186.3.90 /Mirserver5%20-%20副本.rar
INFO: [ app_init ] --START--
INFO: Run Behavior\BuildLiteBehavior [ RunTime:0.000023s ]
INFO: [ app_init ] --END-- [ RunTime:0.000423s ]
ERR: 娉杞芥ā:Mirserver5 - 副本

[ 2017-02-02T00:25:05+08:00 ] 222.186.3.90 /Mirserver6%20-%20副本.rar
INFO: [ app_init ] --START--
INFO: Run Behavior\BuildLiteBehavior [ RunTime:0.000025s ]
INFO: [ app_init ] --END-- [ RunTime:0.000435s ]
ERR: 娉杞芥ā:Mirserver6 - 副本

[ 2017-02-02T00:25:05+08:00 ] 222.186.3.90 /Mirserver7%20-%20副本.rar
INFO: [ app_init ] --START--
INFO: Run Behavior\BuildLiteBehavior [ RunTime:0.000024s ]
INFO: [ app_init ] --END-- [ RunTime:0.000408s ]
ERR: 娉杞芥ā:Mirserver7 - 副本

[ 2017-02-02T00:25:05+08:00 ] 222.186.3.90 /Mirserver8%20-%20副本.rar
INFO: [ app_init ] --START--
INFO: Run Behavior\BuildLiteBehavior [ RunTime:0.000019s ]
INFO: [ app_init ] --END-- [ RunTime:0.000327s ]
ERR: 娉杞芥ā:Mirserver8 - 副本

[ 2017-02-02T00:25:05+08:00 ] 222.186.3.90 /Mirserver9%20-%20副本.rar
INFO: [ app_init ] --START--
INFO: Run Behavior\BuildLiteBehavior [ RunTime:0.000024s ]
INFO: [ app_init ] --END-- [ RunTime:0.000376s ]
ERR: 娉杞芥ā:Mirserver9 - 副本

[ 2017-02-02T00:25:05+08:00 ] 222.186.3.90 /Mirserver10%20-%20副本.rar
INFO: [ app_init ] --START--
INFO: Run Behavior\BuildLiteBehavior [ RunTime:0.000024s ]
INFO: [ app_init ] --END-- [ RunTime:0.000480s ]
ERR: 娉杞芥ā:Mirserver10 - 副本

[ 2017-02-02T00:25:06+08:00 ] 222.186.3.90 /Mirserver11%20-%20副本.rar
INFO: [ app_init ] --START--
INFO: Run Behavior\BuildLiteBehavior [ RunTime:0.000023s ]
INFO: [ app_init ] --END-- [ RunTime:0.000350s ]
ERR: 娉杞芥ā:Mirserver11 - 副本

[ 2017-02-02T00:25:06+08:00 ] 222.186.3.90 /Mirserver12%20-%20副本.rar
INFO: [ app_init ] --START--
INFO: Run Behavior\BuildLiteBehavior [ RunTime:0.000025s ]
INFO: [ app_init ] --END-- [ RunTime:0.000462s ]
ERR: 娉杞芥ā:Mirserver12 - 副本

[ 2017-02-02T00:25:06+08:00 ] 222.186.3.90 /Mirserver13%20-%20副本.rar
INFO: [ app_init ] --START--
INFO: Run Behavior\BuildLiteBehavior [ RunTime:0.000073s ]
INFO: [ app_init ] --END-- [ RunTime:0.000630s ]
ERR: 娉杞芥ā:Mirserver13 - 副本

[ 2017-02-02T00:25:06+08:00 ] 222.186.3.90 /Mirserver14%20-%20副本.rar
INFO: [ app_init ] --START--
INFO: Run Behavior\BuildLiteBehavior [ RunTime:0.000024s ]
INFO: [ app_init ] --END-- [ RunTime:0.000382s ]
ERR: 娉杞芥ā:Mirserver14 - 副本

[ 2017-02-02T00:25:06+08:00 ] 222.186.3.90 /Mirserver15%20-%20副本.rar
INFO: [ app_init ] --START--
INFO: Run Behavior\BuildLiteBehavior [ RunTime:0.000026s ]
INFO: [ app_init ] --END-- [ RunTime:0.000504s ]
ERR: 娉杞芥ā:Mirserver15 - 副本

[ 2017-02-02T00:25:06+08:00 ] 222.186.3.90 /复件%20MirServer.rar
INFO: [ app_init ] --START--
INFO: Run Behavior\BuildLiteBehavior [ RunTime:0.000025s ]
INFO: [ app_init ] --END-- [ RunTime:0.000410s ]
ERR: 娉杞芥ā:复件 MirServer

[ 2017-02-02T00:25:06+08:00 ] 222.186.3.90 /复件%20MirServer0.rar
INFO: [ app_init ] --START--
INFO: Run Behavior\BuildLiteBehavior [ RunTime:0.000029s ]
INFO: [ app_init ] --END-- [ RunTime:0.000377s ]
ERR: 娉杞芥ā:复件 MirServer0

[ 2017-02-02T00:25:06+08:00 ] 222.186.3.90 /复件%20MirServer1.rar
INFO: [ app_init ] --START--
INFO: Run Behavior\BuildLiteBehavior [ RunTime:0.000026s ]
INFO: [ app_init ] --END-- [ RunTime:0.000468s ]
ERR: 娉杞芥ā:复件 MirServer1

[ 2017-02-02T00:25:06+08:00 ] 222.186.3.90 /复件%20MirServer2.rar
INFO: [ app_init ] --START--
INFO: Run Behavior\BuildLiteBehavior [ RunTime:0.000022s ]
INFO: [ app_init ] --END-- [ RunTime:0.000362s ]
ERR: 娉杞芥ā:复件 MirServer2

[ 2017-02-02T00:25:06+08:00 ] 222.186.3.90 /复件%20MirServer3.rar
INFO: [ app_init ] --START--
INFO: Run Behavior\BuildLiteBehavior [ RunTime:0.000025s ]
INFO: [ app_init ] --END-- [ RunTime:0.000377s ]
ERR: 娉杞芥ā:复件 MirServer3

[ 2017-02-02T00:25:06+08:00 ] 222.186.3.90 /复件%20MirServer4.rar
INFO: [ app_init ] --START--
INFO: Run Behavior\BuildLiteBehavior [ RunTime:0.000020s ]
INFO: [ app_init ] --END-- [ RunTime:0.000338s ]
ERR: 娉杞芥ā:复件 MirServer4

[ 2017-02-02T00:25:06+08:00 ] 222.186.3.90 /复件%20MirServer5.rar
INFO: [ app_init ] --START--
INFO: Run Behavior\BuildLiteBehavior [ RunTime:0.000022s ]
INFO: [ app_init ] --END-- [ RunTime:0.000456s ]
ERR: 娉杞芥ā:复件 MirServer5

[ 2017-02-02T00:25:06+08:00 ] 222.186.3.90 /复件%20MirServer6.rar
INFO: [ app_init ] --START--
INFO: Run Behavior\BuildLiteBehavior [ RunTime:0.000023s ]
INFO: [ app_init ] --END-- [ RunTime:0.000381s ]
ERR: 娉杞芥ā:复件 MirServer6

[ 2017-02-02T00:25:06+08:00 ] 222.186.3.90 /复件%20MirServer7.rar
INFO: [ app_init ] --START--
INFO: Run Behavior\BuildLiteBehavior [ RunTime:0.000024s ]
INFO: [ app_init ] --END-- [ RunTime:0.000425s ]
ERR: 娉杞芥ā:复件 MirServer7

[ 2017-02-02T00:25:06+08:00 ] 222.186.3.90 /复件%20MirServer8.rar
INFO: [ app_init ] --START--
INFO: Run Behavior\BuildLiteBehavior [ RunTime:0.000023s ]
INFO: [ app_init ] --END-- [ RunTime:0.000454s ]
ERR: 娉杞芥ā:复件 MirServer8

[ 2017-02-02T00:25:06+08:00 ] 222.186.3.90 /复件%20MirServer9.rar
INFO: [ app_init ] --START--
INFO: Run Behavior\BuildLiteBehavior [ RunTime:0.000028s ]
INFO: [ app_init ] --END-- [ RunTime:0.000424s ]
ERR: 娉杞芥ā:复件 MirServer9

[ 2017-02-02T00:25:06+08:00 ] 222.186.3.90 /复件%20MirServer10.rar
INFO: [ app_init ] --START--
INFO: Run Behavior\BuildLiteBehavior [ RunTime:0.000034s ]
INFO: [ app_init ] --END-- [ RunTime:0.000565s ]
ERR: 娉杞芥ā:复件 MirServer10

[ 2017-02-02T00:25:06+08:00 ] 222.186.3.90 /复件%20MirServer11.rar
INFO: [ app_init ] --START--
INFO: Run Behavior\BuildLiteBehavior [ RunTime:0.000021s ]
INFO: [ app_init ] --END-- [ RunTime:0.000335s ]
ERR: 娉杞芥ā:复件 MirServer11

[ 2017-02-02T00:25:06+08:00 ] 222.186.3.90 /复件%20MirServer12.rar
INFO: [ app_init ] --START--
INFO: Run Behavior\BuildLiteBehavior [ RunTime:0.000024s ]
INFO: [ app_init ] --END-- [ RunTime:0.000500s ]
ERR: 娉杞芥ā:复件 MirServer12

[ 2017-02-02T00:25:06+08:00 ] 222.186.3.90 /复件%20MirServer13.rar
INFO: [ app_init ] --START--
INFO: Run Behavior\BuildLiteBehavior [ RunTime:0.000026s ]
INFO: [ app_init ] --END-- [ RunTime:0.000473s ]
ERR: 娉杞芥ā:复件 MirServer13

[ 2017-02-02T00:25:06+08:00 ] 222.186.3.90 /复件%20MirServer14.rar
INFO: [ app_init ] --START--
INFO: Run Behavior\BuildLiteBehavior [ RunTime:0.000020s ]
INFO: [ app_init ] --END-- [ RunTime:0.000385s ]
ERR: 娉杞芥ā:复件 MirServer14

[ 2017-02-02T00:25:06+08:00 ] 222.186.3.90 /1.70Mirserver.rar
INFO: [ app_init ] --START--
INFO: Run Behavior\BuildLiteBehavior [ RunTime:0.000023s ]
INFO: [ app_init ] --END-- [ RunTime:0.000402s ]
ERR: 娉杞芥ā:1.70Mirserver

[ 2017-02-02T00:25:06+08:00 ] 222.186.3.90 /1.76Mirserver.rar
INFO: [ app_init ] --START--
INFO: Run Behavior\BuildLiteBehavior [ RunTime:0.000024s ]
INFO: [ app_init ] --END-- [ RunTime:0.000463s ]
ERR: 娉杞芥ā:1.76Mirserver

[ 2017-02-02T00:25:07+08:00 ] 222.186.3.90 /1.80Mirserver.rar
INFO: [ app_init ] --START--
INFO: Run Behavior\BuildLiteBehavior [ RunTime:0.000022s ]
INFO: [ app_init ] --END-- [ RunTime:0.000452s ]
ERR: 娉杞芥ā:1.80Mirserver

[ 2017-02-02T00:25:07+08:00 ] 222.186.3.90 /1.85Mirserver.rar
INFO: [ app_init ] --START--
INFO: Run Behavior\BuildLiteBehavior [ RunTime:0.000022s ]
INFO: [ app_init ] --END-- [ RunTime:0.000330s ]
ERR: 娉杞芥ā:1.85Mirserver

[ 2017-02-02T00:25:07+08:00 ] 222.186.3.90 /1.90Mirserver.rar
INFO: [ app_init ] --START--
INFO: Run Behavior\BuildLiteBehavior [ RunTime:0.000024s ]
INFO: [ app_init ] --END-- [ RunTime:0.000367s ]
ERR: 娉杞芥ā:1.90Mirserver

[ 2017-02-02T00:25:07+08:00 ] 222.186.3.90 /1.96Mirserver.rar
INFO: [ app_init ] --START--
INFO: Run Behavior\BuildLiteBehavior [ RunTime:0.000023s ]
INFO: [ app_init ] --END-- [ RunTime:0.000366s ]
ERR: 娉杞芥ā:1.96Mirserver

[ 2017-02-02T00:25:07+08:00 ] 222.186.3.90 /1.99Mirserver.rar
INFO: [ app_init ] --START--
INFO: Run Behavior\BuildLiteBehavior [ RunTime:0.000022s ]
INFO: [ app_init ] --END-- [ RunTime:0.000361s ]
ERR: 娉杞芥ā:1.99Mirserver

[ 2017-02-02T00:25:07+08:00 ] 222.186.3.90 /1.70.rar
INFO: [ app_init ] --START--
INFO: Run Behavior\BuildLiteBehavior [ RunTime:0.000027s ]
INFO: [ app_init ] --END-- [ RunTime:0.000574s ]
ERR: 娉杞芥ā:1.70

[ 2017-02-02T00:25:07+08:00 ] 222.186.3.90 /1.76.rar
INFO: [ app_init ] --START--
INFO: Run Behavior\BuildLiteBehavior [ RunTime:0.000020s ]
INFO: [ app_init ] --END-- [ RunTime:0.000405s ]
ERR: 娉杞芥ā:1.76

[ 2017-02-02T00:25:07+08:00 ] 222.186.3.90 /1.80.rar
INFO: [ app_init ] --START--
INFO: Run Behavior\BuildLiteBehavior [ RunTime:0.000024s ]
INFO: [ app_init ] --END-- [ RunTime:0.000383s ]
ERR: 娉杞芥ā:1.80

[ 2017-02-02T00:25:07+08:00 ] 222.186.3.90 /1.85.rar
INFO: [ app_init ] --START--
INFO: Run Behavior\BuildLiteBehavior [ RunTime:0.000025s ]
INFO: [ app_init ] --END-- [ RunTime:0.000464s ]
ERR: 娉杞芥ā:1.85

[ 2017-02-02T00:25:07+08:00 ] 222.186.3.90 /1.90.rar
INFO: [ app_init ] --START--
INFO: Run Behavior\BuildLiteBehavior [ RunTime:0.000020s ]
INFO: [ app_init ] --END-- [ RunTime:0.000359s ]
ERR: 娉杞芥ā:1.90

[ 2017-02-02T00:25:07+08:00 ] 222.186.3.90 /1.96.rar
INFO: [ app_init ] --START--
INFO: Run Behavior\BuildLiteBehavior [ RunTime:0.000036s ]
INFO: [ app_init ] --END-- [ RunTime:0.000545s ]
ERR: 娉杞芥ā:1.96

[ 2017-02-02T00:25:07+08:00 ] 222.186.3.90 /1.99.rar
INFO: [ app_init ] --START--
INFO: Run Behavior\BuildLiteBehavior [ RunTime:0.000022s ]
INFO: [ app_init ] --END-- [ RunTime:0.000355s ]
ERR: 娉杞芥ā:1.99

[ 2017-02-02T00:25:07+08:00 ] 222.186.3.90 /176.rar
INFO: [ app_init ] --START--
INFO: Run Behavior\BuildLiteBehavior [ RunTime:0.000028s ]
INFO: [ app_init ] --END-- [ RunTime:0.000539s ]
ERR: 娉杞芥ā:176

[ 2017-02-02T00:25:07+08:00 ] 222.186.3.90 /180.rar
INFO: [ app_init ] --START--
INFO: Run Behavior\BuildLiteBehavior [ RunTime:0.000033s ]
INFO: [ app_init ] --END-- [ RunTime:0.000546s ]
ERR: 娉杞芥ā:180

[ 2017-02-02T00:25:07+08:00 ] 222.186.3.90 /185.rar
INFO: [ app_init ] --START--
INFO: Run Behavior\BuildLiteBehavior [ RunTime:0.000024s ]
INFO: [ app_init ] --END-- [ RunTime:0.000365s ]
ERR: 娉杞芥ā:185

[ 2017-02-02T00:25:07+08:00 ] 222.186.3.90 /189.rar
INFO: [ app_init ] --START--
INFO: Run Behavior\BuildLiteBehavior [ RunTime:0.000024s ]
INFO: [ app_init ] --END-- [ RunTime:0.000423s ]
ERR: 娉杞芥ā:189

[ 2017-02-02T00:25:07+08:00 ] 222.186.3.90 /195.rar
INFO: [ app_init ] --START--
INFO: Run Behavior\BuildLiteBehavior [ RunTime:0.000025s ]
INFO: [ app_init ] --END-- [ RunTime:0.000376s ]
ERR: 娉杞芥ā:195

[ 2017-02-02T00:25:07+08:00 ] 222.186.3.90 /199.rar
INFO: [ app_init ] --START--
INFO: Run Behavior\BuildLiteBehavior [ RunTime:0.000024s ]
INFO: [ app_init ] --END-- [ RunTime:0.000366s ]
ERR: 娉杞芥ā:199

[ 2017-02-02T00:25:07+08:00 ] 222.186.3.90 /1.rar
INFO: [ app_init ] --START--
INFO: Run Behavior\BuildLiteBehavior [ RunTime:0.000022s ]
INFO: [ app_init ] --END-- [ RunTime:0.000388s ]
ERR: 娉杞芥ā:1

[ 2017-02-02T00:25:07+08:00 ] 222.186.3.90 /2.rar
INFO: [ app_init ] --START--
INFO: Run Behavior\BuildLiteBehavior [ RunTime:0.000031s ]
INFO: [ app_init ] --END-- [ RunTime:0.000479s ]
ERR: 娉杞芥ā:2

[ 2017-02-02T00:25:07+08:00 ] 222.186.3.90 /3.rar
INFO: [ app_init ] --START--
INFO: Run Behavior\BuildLiteBehavior [ RunTime:0.000023s ]
INFO: [ app_init ] --END-- [ RunTime:0.000397s ]
ERR: 娉杞芥ā:3

[ 2017-02-02T00:25:07+08:00 ] 222.186.3.90 /4.rar
INFO: [ app_init ] --START--
INFO: Run Behavior\BuildLiteBehavior [ RunTime:0.000019s ]
INFO: [ app_init ] --END-- [ RunTime:0.000335s ]
ERR: 娉杞芥ā:4

[ 2017-02-02T00:25:08+08:00 ] 222.186.3.90 /5.rar
INFO: [ app_init ] --START--
INFO: Run Behavior\BuildLiteBehavior [ RunTime:0.000021s ]
INFO: [ app_init ] --END-- [ RunTime:0.000476s ]
ERR: 娉杞芥ā:5

[ 2017-02-02T00:25:08+08:00 ] 222.186.3.90 /6.rar
INFO: [ app_init ] --START--
INFO: Run Behavior\BuildLiteBehavior [ RunTime:0.000027s ]
INFO: [ app_init ] --END-- [ RunTime:0.000426s ]
ERR: 娉杞芥ā:6

[ 2017-02-02T00:25:08+08:00 ] 222.186.3.90 /7.rar
INFO: [ app_init ] --START--
INFO: Run Behavior\BuildLiteBehavior [ RunTime:0.000023s ]
INFO: [ app_init ] --END-- [ RunTime:0.000366s ]
ERR: 娉杞芥ā:7

[ 2017-02-02T00:25:08+08:00 ] 222.186.3.90 /8.rar
INFO: [ app_init ] --START--
INFO: Run Behavior\BuildLiteBehavior [ RunTime:0.000033s ]
INFO: [ app_init ] --END-- [ RunTime:0.000640s ]
ERR: 娉杞芥ā:8

[ 2017-02-02T00:25:08+08:00 ] 222.186.3.90 /9.rar
INFO: [ app_init ] --START--
INFO: Run Behavior\BuildLiteBehavior [ RunTime:0.000025s ]
INFO: [ app_init ] --END-- [ RunTime:0.000448s ]
ERR: 娉杞芥ā:9

[ 2017-02-02T00:25:08+08:00 ] 222.186.3.90 /11.rar
INFO: [ app_init ] --START--
INFO: Run Behavior\BuildLiteBehavior [ RunTime:0.000027s ]
INFO: [ app_init ] --END-- [ RunTime:0.000557s ]
ERR: 娉杞芥ā:11

[ 2017-02-02T00:25:08+08:00 ] 222.186.3.90 /12.rar
INFO: [ app_init ] --START--
INFO: Run Behavior\BuildLiteBehavior [ RunTime:0.000024s ]
INFO: [ app_init ] --END-- [ RunTime:0.000361s ]
ERR: 娉杞芥ā:12

[ 2017-02-02T00:25:08+08:00 ] 222.186.3.90 /22.rar
INFO: [ app_init ] --START--
INFO: Run Behavior\BuildLiteBehavior [ RunTime:0.000087s ]
INFO: [ app_init ] --END-- [ RunTime:0.000464s ]
ERR: 娉杞芥ā:22

[ 2017-02-02T00:25:08+08:00 ] 222.186.3.90 /33.rar
INFO: [ app_init ] --START--
INFO: Run Behavior\BuildLiteBehavior [ RunTime:0.000023s ]
INFO: [ app_init ] --END-- [ RunTime:0.000419s ]
ERR: 娉杞芥ā:33

[ 2017-02-02T00:25:08+08:00 ] 222.186.3.90 /44.rar
INFO: [ app_init ] --START--
INFO: Run Behavior\BuildLiteBehavior [ RunTime:0.000022s ]
INFO: [ app_init ] --END-- [ RunTime:0.000347s ]
ERR: 娉杞芥ā:44

[ 2017-02-02T00:25:08+08:00 ] 222.186.3.90 /76.rar
INFO: [ app_init ] --START--
INFO: Run Behavior\BuildLiteBehavior [ RunTime:0.000024s ]
INFO: [ app_init ] --END-- [ RunTime:0.000440s ]
ERR: 娉杞芥ā:76

[ 2017-02-02T00:25:08+08:00 ] 222.186.3.90 /80.rar
INFO: [ app_init ] --START--
INFO: Run Behavior\BuildLiteBehavior [ RunTime:0.000028s ]
INFO: [ app_init ] --END-- [ RunTime:0.000472s ]
ERR: 娉杞芥ā:80

[ 2017-02-02T00:25:08+08:00 ] 222.186.3.90 /00.rar
INFO: [ app_init ] --START--
INFO: Run Behavior\BuildLiteBehavior [ RunTime:0.000033s ]
INFO: [ app_init ] --END-- [ RunTime:0.000546s ]
ERR: 娉杞芥ā:00

[ 2017-02-02T00:25:08+08:00 ] 222.186.3.90 /000.rar
INFO: [ app_init ] --START--
INFO: Run Behavior\BuildLiteBehavior [ RunTime:0.000023s ]
INFO: [ app_init ] --END-- [ RunTime:0.000459s ]
ERR: 娉杞芥ā:000

[ 2017-02-02T00:25:08+08:00 ] 222.186.3.90 /111.rar
INFO: [ app_init ] --START--
INFO: Run Behavior\BuildLiteBehavior [ RunTime:0.000024s ]
INFO: [ app_init ] --END-- [ RunTime:0.000387s ]
ERR: 娉杞芥ā:111

[ 2017-02-02T00:25:08+08:00 ] 222.186.3.90 /112.rar
INFO: [ app_init ] --START--
INFO: Run Behavior\BuildLiteBehavior [ RunTime:0.000018s ]
INFO: [ app_init ] --END-- [ RunTime:0.000370s ]
ERR: 娉杞芥ā:112

[ 2017-02-02T00:25:08+08:00 ] 222.186.3.90 /120.rar
INFO: [ app_init ] --START--
INFO: Run Behavior\BuildLiteBehavior [ RunTime:0.000019s ]
INFO: [ app_init ] --END-- [ RunTime:0.000374s ]
ERR: 娉杞芥ā:120

[ 2017-02-02T00:25:08+08:00 ] 222.186.3.90 /123.rar
INFO: [ app_init ] --START--
INFO: Run Behavior\BuildLiteBehavior [ RunTime:0.000071s ]
INFO: [ app_init ] --END-- [ RunTime:0.000393s ]
ERR: 娉杞芥ā:123

[ 2017-02-02T00:25:08+08:00 ] 222.186.3.90 /222.rar
INFO: [ app_init ] --START--
INFO: Run Behavior\BuildLiteBehavior [ RunTime:0.000024s ]
INFO: [ app_init ] --END-- [ RunTime:0.000426s ]
ERR: 娉杞芥ā:222

[ 2017-02-02T00:25:08+08:00 ] 222.186.3.90 /321.rar
INFO: [ app_init ] --START--
INFO: Run Behavior\BuildLiteBehavior [ RunTime:0.000020s ]
INFO: [ app_init ] --END-- [ RunTime:0.000392s ]
ERR: 娉杞芥ā:321

[ 2017-02-02T00:25:08+08:00 ] 222.186.3.90 /333.rar
INFO: [ app_init ] --START--
INFO: Run Behavior\BuildLiteBehavior [ RunTime:0.000025s ]
INFO: [ app_init ] --END-- [ RunTime:0.000363s ]
ERR: 娉杞芥ā:333

[ 2017-02-02T00:25:08+08:00 ] 222.186.3.90 /1111.rar
INFO: [ app_init ] --START--
INFO: Run Behavior\BuildLiteBehavior [ RunTime:0.000023s ]
INFO: [ app_init ] --END-- [ RunTime:0.000417s ]
ERR: 娉杞芥ā:1111

[ 2017-02-02T00:25:08+08:00 ] 222.186.3.90 /1122.rar
INFO: [ app_init ] --START--
INFO: Run Behavior\BuildLiteBehavior [ RunTime:0.000022s ]
INFO: [ app_init ] --END-- [ RunTime:0.000397s ]
ERR: 娉杞芥ā:1122

[ 2017-02-02T00:25:08+08:00 ] 222.186.3.90 /1234.rar
INFO: [ app_init ] --START--
INFO: Run Behavior\BuildLiteBehavior [ RunTime:0.000038s ]
INFO: [ app_init ] --END-- [ RunTime:0.000899s ]
ERR: 娉杞芥ā:1234

[ 2017-02-02T00:25:09+08:00 ] 222.186.3.90 /123456.rar
INFO: [ app_init ] --START--
INFO: Run Behavior\BuildLiteBehavior [ RunTime:0.000024s ]
INFO: [ app_init ] --END-- [ RunTime:0.000445s ]
ERR: 娉杞芥ā:123456

[ 2017-02-02T00:25:09+08:00 ] 222.186.3.90 /123456789.rar
INFO: [ app_init ] --START--
INFO: Run Behavior\BuildLiteBehavior [ RunTime:0.000031s ]
INFO: [ app_init ] --END-- [ RunTime:0.000595s ]
ERR: 娉杞芥ā:123456789

[ 2017-02-02T00:25:09+08:00 ] 222.186.3.90 /2222.rar
INFO: [ app_init ] --START--
INFO: Run Behavior\BuildLiteBehavior [ RunTime:0.000025s ]
INFO: [ app_init ] --END-- [ RunTime:0.000373s ]
ERR: 娉杞芥ā:2222

[ 2017-02-02T00:25:09+08:00 ] 222.186.3.90 /11111.rar
INFO: [ app_init ] --START--
INFO: Run Behavior\BuildLiteBehavior [ RunTime:0.000019s ]
INFO: [ app_init ] --END-- [ RunTime:0.000377s ]
ERR: 娉杞芥ā:11111

[ 2017-02-02T00:25:09+08:00 ] 222.186.3.90 /a.rar
INFO: [ app_init ] --START--
INFO: Run Behavior\BuildLiteBehavior [ RunTime:0.000027s ]
INFO: [ app_init ] --END-- [ RunTime:0.000439s ]
ERR: 娉杞芥ā:A

[ 2017-02-02T00:25:09+08:00 ] 222.186.3.90 /aa.rar
INFO: [ app_init ] --START--
INFO: Run Behavior\BuildLiteBehavior [ RunTime:0.000025s ]
INFO: [ app_init ] --END-- [ RunTime:0.000472s ]
ERR: 娉杞芥ā:Aa

[ 2017-02-02T00:25:09+08:00 ] 222.186.3.90 /aaa.rar
INFO: [ app_init ] --START--
INFO: Run Behavior\BuildLiteBehavior [ RunTime:0.000021s ]
INFO: [ app_init ] --END-- [ RunTime:0.000366s ]
ERR: 娉杞芥ā:Aaa

[ 2017-02-02T00:25:09+08:00 ] 222.186.3.90 /amirserver.rar
INFO: [ app_init ] --START--
INFO: Run Behavior\BuildLiteBehavior [ RunTime:0.000023s ]
INFO: [ app_init ] --END-- [ RunTime:0.000343s ]
ERR: 娉杞芥ā:Amirserver

[ 2017-02-02T00:25:09+08:00 ] 222.186.3.90 /DMirserver.rar
INFO: [ app_init ] --START--
INFO: Run Behavior\BuildLiteBehavior [ RunTime:0.000032s ]
INFO: [ app_init ] --END-- [ RunTime:0.000379s ]
ERR: 娉杞芥ā:DMirserver

[ 2017-02-02T00:25:09+08:00 ] 222.186.3.90 /EMirserver.rar
INFO: [ app_init ] --START--
INFO: Run Behavior\BuildLiteBehavior [ RunTime:0.000044s ]
INFO: [ app_init ] --END-- [ RunTime:0.000849s ]
ERR: 娉杞芥ā:EMirserver

[ 2017-02-02T00:25:09+08:00 ] 222.186.3.90 /FMirserver.rar
INFO: [ app_init ] --START--
INFO: Run Behavior\BuildLiteBehavior [ RunTime:0.000022s ]
INFO: [ app_init ] --END-- [ RunTime:0.000393s ]
ERR: 娉杞芥ā:FMirserver

[ 2017-02-02T00:25:09+08:00 ] 222.186.3.90 /gmirserver.rar
INFO: [ app_init ] --START--
INFO: Run Behavior\BuildLiteBehavior [ RunTime:0.000023s ]
INFO: [ app_init ] --END-- [ RunTime:0.000456s ]
ERR: 娉杞芥ā:Gmirserver

[ 2017-02-02T00:25:09+08:00 ] 222.186.3.90 /Mirserver.rar
INFO: [ app_init ] --START--
INFO: Run Behavior\BuildLiteBehavior [ RunTime:0.000026s ]
INFO: [ app_init ] --END-- [ RunTime:0.000435s ]
ERR: 娉杞芥ā:Mirserver

[ 2017-02-02T00:25:09+08:00 ] 222.186.3.90 /Mirservera.rar
INFO: [ app_init ] --START--
INFO: Run Behavior\BuildLiteBehavior [ RunTime:0.000027s ]
INFO: [ app_init ] --END-- [ RunTime:0.000449s ]
ERR: 娉杞芥ā:Mirservera

[ 2017-02-02T00:25:09+08:00 ] 222.186.3.90 /mirserver0.rar
INFO: [ app_init ] --START--
INFO: Run Behavior\BuildLiteBehavior [ RunTime:0.000026s ]
INFO: [ app_init ] --END-- [ RunTime:0.000404s ]
ERR: 娉杞芥ā:Mirserver0

[ 2017-02-02T00:25:09+08:00 ] 222.186.3.90 /mirserver01.rar
INFO: [ app_init ] --START--
INFO: Run Behavior\BuildLiteBehavior [ RunTime:0.000024s ]
INFO: [ app_init ] --END-- [ RunTime:0.000435s ]
ERR: 娉杞芥ā:Mirserver01

[ 2017-02-02T00:25:09+08:00 ] 222.186.3.90 /mirserver02.rar
INFO: [ app_init ] --START--
INFO: Run Behavior\BuildLiteBehavior [ RunTime:0.000024s ]
INFO: [ app_init ] --END-- [ RunTime:0.000401s ]
ERR: 娉杞芥ā:Mirserver02

[ 2017-02-02T00:25:09+08:00 ] 222.186.3.90 /mirserver03.rar
INFO: [ app_init ] --START--
INFO: Run Behavior\BuildLiteBehavior [ RunTime:0.000025s ]
INFO: [ app_init ] --END-- [ RunTime:0.000383s ]
ERR: 娉杞芥ā:Mirserver03

[ 2017-02-02T00:25:09+08:00 ] 222.186.3.90 /mirserver176.rar
INFO: [ app_init ] --START--
INFO: Run Behavior\BuildLiteBehavior [ RunTime:0.000020s ]
INFO: [ app_init ] --END-- [ RunTime:0.000386s ]
ERR: 娉杞芥ā:Mirserver176

[ 2017-02-02T00:25:09+08:00 ] 222.186.3.90 /mirserver180.rar
INFO: [ app_init ] --START--
INFO: Run Behavior\BuildLiteBehavior [ RunTime:0.000020s ]
INFO: [ app_init ] --END-- [ RunTime:0.000496s ]
ERR: 娉杞芥ā:Mirserver180

[ 2017-02-02T00:25:09+08:00 ] 222.186.3.90 /Mirserver76.rar
INFO: [ app_init ] --START--
INFO: Run Behavior\BuildLiteBehavior [ RunTime:0.000025s ]
INFO: [ app_init ] --END-- [ RunTime:0.000381s ]
ERR: 娉杞芥ā:Mirserver76

[ 2017-02-02T00:25:09+08:00 ] 222.186.3.90 /Mirserver80.rar
INFO: [ app_init ] --START--
INFO: Run Behavior\BuildLiteBehavior [ RunTime:0.000040s ]
INFO: [ app_init ] --END-- [ RunTime:0.000769s ]
ERR: 娉杞芥ā:Mirserver80

[ 2017-02-02T00:25:09+08:00 ] 222.186.3.90 /Mirserver85.rar
INFO: [ app_init ] --START--
INFO: Run Behavior\BuildLiteBehavior [ RunTime:0.000080s ]
INFO: [ app_init ] --END-- [ RunTime:0.000497s ]
ERR: 娉杞芥ā:Mirserver85

[ 2017-02-02T00:25:10+08:00 ] 222.186.3.90 /mirserver1.rar
INFO: [ app_init ] --START--
INFO: Run Behavior\BuildLiteBehavior [ RunTime:0.000038s ]
INFO: [ app_init ] --END-- [ RunTime:0.000781s ]
ERR: 娉杞芥ā:Mirserver1

[ 2017-02-02T00:25:10+08:00 ] 222.186.3.90 /mirserver2.rar
INFO: [ app_init ] --START--
INFO: Run Behavior\BuildLiteBehavior [ RunTime:0.000024s ]
INFO: [ app_init ] --END-- [ RunTime:0.000372s ]
ERR: 娉杞芥ā:Mirserver2

[ 2017-02-02T00:25:10+08:00 ] 222.186.3.90 /Mirserver2.rar
INFO: [ app_init ] --START--
INFO: Run Behavior\BuildLiteBehavior [ RunTime:0.000030s ]
INFO: [ app_init ] --END-- [ RunTime:0.000421s ]
ERR: 娉杞芥ā:Mirserver2

[ 2017-02-02T00:25:10+08:00 ] 222.186.3.90 /Mirserver3.rar
INFO: [ app_init ] --START--
INFO: Run Behavior\BuildLiteBehavior [ RunTime:0.000019s ]
INFO: [ app_init ] --END-- [ RunTime:0.000392s ]
ERR: 娉杞芥ā:Mirserver3

[ 2017-02-02T00:25:10+08:00 ] 222.186.3.90 /Mirserver4.rar
INFO: [ app_init ] --START--
INFO: Run Behavior\BuildLiteBehavior [ RunTime:0.000025s ]
INFO: [ app_init ] --END-- [ RunTime:0.000456s ]
ERR: 娉杞芥ā:Mirserver4

[ 2017-02-02T00:25:10+08:00 ] 222.186.3.90 /Mirserver5.rar
INFO: [ app_init ] --START--
INFO: Run Behavior\BuildLiteBehavior [ RunTime:0.000024s ]
INFO: [ app_init ] --END-- [ RunTime:0.000369s ]
ERR: 娉杞芥ā:Mirserver5

[ 2017-02-02T00:25:10+08:00 ] 222.186.3.90 /Mirserver6.rar
INFO: [ app_init ] --START--
INFO: Run Behavior\BuildLiteBehavior [ RunTime:0.000026s ]
INFO: [ app_init ] --END-- [ RunTime:0.000490s ]
ERR: 娉杞芥ā:Mirserver6

[ 2017-02-02T00:25:10+08:00 ] 222.186.3.90 /Mirserver7.rar
INFO: [ app_init ] --START--
INFO: Run Behavior\BuildLiteBehavior [ RunTime:0.000027s ]
INFO: [ app_init ] --END-- [ RunTime:0.000518s ]
ERR: 娉杞芥ā:Mirserver7

[ 2017-02-02T00:25:10+08:00 ] 222.186.3.90 /Mirserver8.rar
INFO: [ app_init ] --START--
INFO: Run Behavior\BuildLiteBehavior [ RunTime:0.000023s ]
INFO: [ app_init ] --END-- [ RunTime:0.000351s ]
ERR: 娉杞芥ā:Mirserver8

[ 2017-02-02T00:25:10+08:00 ] 222.186.3.90 /Mirserver9.rar
INFO: [ app_init ] --START--
INFO: Run Behavior\BuildLiteBehavior [ RunTime:0.000027s ]
INFO: [ app_init ] --END-- [ RunTime:0.000573s ]
ERR: 娉杞芥ā:Mirserver9

[ 2017-02-02T00:25:10+08:00 ] 222.186.3.90 /Mirserver10.rar
INFO: [ app_init ] --START--
INFO: Run Behavior\BuildLiteBehavior [ RunTime:0.000024s ]
INFO: [ app_init ] --END-- [ RunTime:0.000374s ]
ERR: 娉杞芥ā:Mirserver10

[ 2017-02-02T00:25:10+08:00 ] 222.186.3.90 /mirserver11.rar
INFO: [ app_init ] --START--
INFO: Run Behavior\BuildLiteBehavior [ RunTime:0.000038s ]
INFO: [ app_init ] --END-- [ RunTime:0.000821s ]
ERR: 娉杞芥ā:Mirserver11

[ 2017-02-02T00:25:10+08:00 ] 222.186.3.90 /mirserver12.rar
INFO: [ app_init ] --START--
INFO: Run Behavior\BuildLiteBehavior [ RunTime:0.000028s ]
INFO: [ app_init ] --END-- [ RunTime:0.000430s ]
ERR: 娉杞芥ā:Mirserver12

[ 2017-02-02T00:25:10+08:00 ] 222.186.3.90 /mirserver22.rar
INFO: [ app_init ] --START--
INFO: Run Behavior\BuildLiteBehavior [ RunTime:0.000027s ]
INFO: [ app_init ] --END-- [ RunTime:0.000460s ]
ERR: 娉杞芥ā:Mirserver22

[ 2017-02-02T00:25:10+08:00 ] 222.186.3.90 /mirserver33.rar
INFO: [ app_init ] --START--
INFO: Run Behavior\BuildLiteBehavior [ RunTime:0.000027s ]
INFO: [ app_init ] --END-- [ RunTime:0.000446s ]
ERR: 娉杞芥ā:Mirserver33

[ 2017-02-02T00:25:10+08:00 ] 222.186.3.90 /mirserver44.rar
INFO: [ app_init ] --START--
INFO: Run Behavior\BuildLiteBehavior [ RunTime:0.000022s ]
INFO: [ app_init ] --END-- [ RunTime:0.000352s ]
ERR: 娉杞芥ā:Mirserver44

[ 2017-02-02T00:25:10+08:00 ] 222.186.3.90 /mirserver55.rar
INFO: [ app_init ] --START--
INFO: Run Behavior\BuildLiteBehavior [ RunTime:0.000023s ]
INFO: [ app_init ] --END-- [ RunTime:0.000367s ]
ERR: 娉杞芥ā:Mirserver55

[ 2017-02-02T00:25:10+08:00 ] 222.186.3.90 /mirserver66.rar
INFO: [ app_init ] --START--
INFO: Run Behavior\BuildLiteBehavior [ RunTime:0.000025s ]
INFO: [ app_init ] --END-- [ RunTime:0.000378s ]
ERR: 娉杞芥ā:Mirserver66

[ 2017-02-02T00:25:10+08:00 ] 222.186.3.90 /mirserver100.rar
INFO: [ app_init ] --START--
INFO: Run Behavior\BuildLiteBehavior [ RunTime:0.000023s ]
INFO: [ app_init ] --END-- [ RunTime:0.000427s ]
ERR: 娉杞芥ā:Mirserver100

[ 2017-02-02T00:25:10+08:00 ] 222.186.3.90 /mirserver111.rar
INFO: [ app_init ] --START--
INFO: Run Behavior\BuildLiteBehavior [ RunTime:0.000019s ]
INFO: [ app_init ] --END-- [ RunTime:0.000323s ]
ERR: 娉杞芥ā:Mirserver111

[ 2017-02-02T00:25:10+08:00 ] 222.186.3.90 /Mirserver123.rar
INFO: [ app_init ] --START--
INFO: Run Behavior\BuildLiteBehavior [ RunTime:0.000025s ]
INFO: [ app_init ] --END-- [ RunTime:0.000439s ]
ERR: 娉杞芥ā:Mirserver123

[ 2017-02-02T00:25:10+08:00 ] 222.186.3.90 /mirserver456.rar
INFO: [ app_init ] --START--
INFO: Run Behavior\BuildLiteBehavior [ RunTime:0.000024s ]
INFO: [ app_init ] --END-- [ RunTime:0.000371s ]
ERR: 娉杞芥ā:Mirserver456

[ 2017-02-02T00:25:10+08:00 ] 222.186.3.90 /mirserver789.rar
INFO: [ app_init ] --START--
INFO: Run Behavior\BuildLiteBehavior [ RunTime:0.000025s ]
INFO: [ app_init ] --END-- [ RunTime:0.000388s ]
ERR: 娉杞芥ā:Mirserver789

[ 2017-02-02T00:25:10+08:00 ] 222.186.3.90 /mirserver1111.rar
INFO: [ app_init ] --START--
INFO: Run Behavior\BuildLiteBehavior [ RunTime:0.000023s ]
INFO: [ app_init ] --END-- [ RunTime:0.000415s ]
ERR: 娉杞芥ā:Mirserver1111

[ 2017-02-02T00:25:10+08:00 ] 222.186.3.90 /mirserver11111.rar
INFO: [ app_init ] --START--
INFO: Run Behavior\BuildLiteBehavior [ RunTime:0.000023s ]
INFO: [ app_init ] --END-- [ RunTime:0.000357s ]
ERR: 娉杞芥ā:Mirserver11111

[ 2017-02-02T00:25:11+08:00 ] 222.186.3.90 /mirserver111111.rar
INFO: [ app_init ] --START--
INFO: Run Behavior\BuildLiteBehavior [ RunTime:0.000024s ]
INFO: [ app_init ] --END-- [ RunTime:0.000421s ]
ERR: 娉杞芥ā:Mirserver111111

[ 2017-02-02T00:25:11+08:00 ] 222.186.3.90 /Mirserver123456.rar
INFO: [ app_init ] --START--
INFO: Run Behavior\BuildLiteBehavior [ RunTime:0.000022s ]
INFO: [ app_init ] --END-- [ RunTime:0.000365s ]
ERR: 娉杞芥ā:Mirserver123456

[ 2017-02-02T00:25:11+08:00 ] 222.186.3.90 /mirserver123456789.rar
INFO: [ app_init ] --START--
INFO: Run Behavior\BuildLiteBehavior [ RunTime:0.000027s ]
INFO: [ app_init ] --END-- [ RunTime:0.000473s ]
ERR: 娉杞芥ā:Mirserver123456789

[ 2017-02-02T00:25:11+08:00 ] 222.186.3.90 /mirserver复古.rar
INFO: [ app_init ] --START--
INFO: Run Behavior\BuildLiteBehavior [ RunTime:0.000025s ]
INFO: [ app_init ] --END-- [ RunTime:0.000550s ]
ERR: 娉杞芥ā:Mirserver复古

[ 2017-02-02T00:25:11+08:00 ] 222.186.3.90 /1mirserver.rar
INFO: [ app_init ] --START--
INFO: Run Behavior\BuildLiteBehavior [ RunTime:0.000018s ]
INFO: [ app_init ] --END-- [ RunTime:0.000394s ]
ERR: 娉杞芥ā:1mirserver

[ 2017-02-02T00:25:11+08:00 ] 222.186.3.90 /版本.rar
INFO: [ app_init ] --START--
INFO: Run Behavior\BuildLiteBehavior [ RunTime:0.000022s ]
INFO: [ app_init ] --END-- [ RunTime:0.000351s ]
ERR: 娉杞芥ā:版本

[ 2017-02-02T00:25:11+08:00 ] 222.186.3.90 /版本1.rar
INFO: [ app_init ] --START--
INFO: Run Behavior\BuildLiteBehavior [ RunTime:0.000026s ]
INFO: [ app_init ] --END-- [ RunTime:0.000398s ]
ERR: 娉杞芥ā:版本1

[ 2017-02-02T00:25:11+08:00 ] 222.186.3.90 /备份.rar
INFO: [ app_init ] --START--
INFO: Run Behavior\BuildLiteBehavior [ RunTime:0.000036s ]
INFO: [ app_init ] --END-- [ RunTime:0.000620s ]
ERR: 娉杞芥ā:备份

[ 2017-02-02T00:25:11+08:00 ] 222.186.3.90 /测试.rar
INFO: [ app_init ] --START--
INFO: Run Behavior\BuildLiteBehavior [ RunTime:0.000022s ]
INFO: [ app_init ] --END-- [ RunTime:0.000360s ]
ERR: 娉杞芥ā:测试

[ 2017-02-02T00:25:11+08:00 ] 222.186.3.90 /测试版本.rar
INFO: [ app_init ] --START--
INFO: Run Behavior\BuildLiteBehavior [ RunTime:0.000023s ]
INFO: [ app_init ] --END-- [ RunTime:0.000419s ]
ERR: 娉杞芥ā:测试版本

[ 2017-02-02T00:25:11+08:00 ] 222.186.3.90 /复古.rar
INFO: [ app_init ] --START--
INFO: Run Behavior\BuildLiteBehavior [ RunTime:0.000026s ]
INFO: [ app_init ] --END-- [ RunTime:0.000414s ]
ERR: 娉杞芥ā:复古

[ 2017-02-02T00:25:11+08:00 ] 222.186.3.90 /复件%20新建文件夹.rar
INFO: [ app_init ] --START--
INFO: Run Behavior\BuildLiteBehavior [ RunTime:0.000024s ]
INFO: [ app_init ] --END-- [ RunTime:0.000356s ]
ERR: 娉杞芥ā:复件 新建文件夹

[ 2017-02-02T00:25:11+08:00 ] 222.186.3.90 /复件%20新建文件夹1.rar
INFO: [ app_init ] --START--
INFO: Run Behavior\BuildLiteBehavior [ RunTime:0.000025s ]
INFO: [ app_init ] --END-- [ RunTime:0.000392s ]
ERR: 娉杞芥ā:复件 新建文件夹1

[ 2017-02-02T00:25:11+08:00 ] 222.186.3.90 /复件%20新建文件夹2.rar
INFO: [ app_init ] --START--
INFO: Run Behavior\BuildLiteBehavior [ RunTime:0.000027s ]
INFO: [ app_init ] --END-- [ RunTime:0.000501s ]
ERR: 娉杞芥ā:复件 新建文件夹2

[ 2017-02-02T00:25:11+08:00 ] 222.186.3.90 /复件%20新建文件夹3.rar
INFO: [ app_init ] --START--
INFO: Run Behavior\BuildLiteBehavior [ RunTime:0.000025s ]
INFO: [ app_init ] --END-- [ RunTime:0.000386s ]
ERR: 娉杞芥ā:复件 新建文件夹3

[ 2017-02-02T00:25:11+08:00 ] 222.186.3.90 /复件.rar
INFO: [ app_init ] --START--
INFO: Run Behavior\BuildLiteBehavior [ RunTime:0.000034s ]
INFO: [ app_init ] --END-- [ RunTime:0.000578s ]
ERR: 娉杞芥ā:复件

[ 2017-02-02T00:25:11+08:00 ] 222.186.3.90 /复件1.rar
INFO: [ app_init ] --START--
INFO: Run Behavior\BuildLiteBehavior [ RunTime:0.000022s ]
INFO: [ app_init ] --END-- [ RunTime:0.000390s ]
ERR: 娉杞芥ā:复件1

[ 2017-02-02T00:25:11+08:00 ] 222.186.3.90 /复件mirserver.rar
INFO: [ app_init ] --START--
INFO: Run Behavior\BuildLiteBehavior [ RunTime:0.000024s ]
INFO: [ app_init ] --END-- [ RunTime:0.000376s ]
ERR: 娉杞芥ā:复件mirserver

[ 2017-02-02T00:25:11+08:00 ] 222.186.3.90 /精品.rar
INFO: [ app_init ] --START--
INFO: Run Behavior\BuildLiteBehavior [ RunTime:0.000026s ]
INFO: [ app_init ] --END-- [ RunTime:0.000492s ]
ERR: 娉杞芥ā:精品

[ 2017-02-02T00:25:11+08:00 ] 222.186.3.90 /老版本.rar
INFO: [ app_init ] --START--
INFO: Run Behavior\BuildLiteBehavior [ RunTime:0.000029s ]
INFO: [ app_init ] --END-- [ RunTime:0.000428s ]
ERR: 娉杞芥ā:老版本

[ 2017-02-02T00:25:11+08:00 ] 222.186.3.90 /老版本Mirserver.rar
INFO: [ app_init ] --START--
INFO: Run Behavior\BuildLiteBehavior [ RunTime:0.000029s ]
INFO: [ app_init ] --END-- [ RunTime:0.000526s ]
ERR: 娉杞芥ā:老版本Mirserver

[ 2017-02-02T00:25:11+08:00 ] 222.186.3.90 /老区.rar
INFO: [ app_init ] --START--
INFO: Run Behavior\BuildLiteBehavior [ RunTime:0.000021s ]
INFO: [ app_init ] --END-- [ RunTime:0.000504s ]
ERR: 娉杞芥ā:老区

[ 2017-02-02T00:25:11+08:00 ] 222.186.3.90 /轻变.rar
INFO: [ app_init ] --START--
INFO: Run Behavior\BuildLiteBehavior [ RunTime:0.000022s ]
INFO: [ app_init ] --END-- [ RunTime:0.000401s ]
ERR: 娉杞芥ā:轻变

[ 2017-02-02T00:25:11+08:00 ] 222.186.3.90 /新版本.rar
INFO: [ app_init ] --START--
INFO: Run Behavior\BuildLiteBehavior [ RunTime:0.000024s ]
INFO: [ app_init ] --END-- [ RunTime:0.000386s ]
ERR: 娉杞芥ā:新版本

[ 2017-02-02T00:25:11+08:00 ] 222.186.3.90 /新版本Mirserver.rar
INFO: [ app_init ] --START--
INFO: Run Behavior\BuildLiteBehavior [ RunTime:0.000027s ]
INFO: [ app_init ] --END-- [ RunTime:0.000465s ]
ERR: 娉杞芥ā:新版本Mirserver

[ 2017-02-02T00:25:12+08:00 ] 222.186.3.90 /新建文件夹.rar
INFO: [ app_init ] --START--
INFO: Run Behavior\BuildLiteBehavior [ RunTime:0.000027s ]
INFO: [ app_init ] --END-- [ RunTime:0.000550s ]
ERR: 娉杞芥ā:新建文件夹

[ 2017-02-02T00:25:12+08:00 ] 222.186.3.90 /新建文件夹1.rar
INFO: [ app_init ] --START--
INFO: Run Behavior\BuildLiteBehavior [ RunTime:0.000024s ]
INFO: [ app_init ] --END-- [ RunTime:0.000396s ]
ERR: 娉杞芥ā:新建文件夹1

[ 2017-02-02T00:25:12+08:00 ] 222.186.3.90 /GOM.rar
INFO: [ app_init ] --START--
INFO: Run Behavior\BuildLiteBehavior [ RunTime:0.000028s ]
INFO: [ app_init ] --END-- [ RunTime:0.000450s ]
ERR: 娉杞芥ā:GOM

[ 2017-02-02T00:25:12+08:00 ] 222.186.3.90 /hero.rar
INFO: [ app_init ] --START--
INFO: Run Behavior\BuildLiteBehavior [ RunTime:0.000023s ]
INFO: [ app_init ] --END-- [ RunTime:0.000352s ]
ERR: 娉杞芥ā:Hero

[ 2017-02-02T00:25:12+08:00 ] 222.186.3.90 /blue.rar
INFO: [ app_init ] --START--
INFO: Run Behavior\BuildLiteBehavior [ RunTime:0.000022s ]
INFO: [ app_init ] --END-- [ RunTime:0.000347s ]
ERR: 娉杞芥ā:Blue

[ 2017-02-02T00:25:12+08:00 ] 222.186.3.90 /新区.rar
INFO: [ app_init ] --START--
INFO: Run Behavior\BuildLiteBehavior [ RunTime:0.000025s ]
INFO: [ app_init ] --END-- [ RunTime:0.000381s ]
ERR: 娉杞芥ā:新区

[ 2017-02-02T00:25:12+08:00 ] 222.186.3.90 /中变.rar
INFO: [ app_init ] --START--
INFO: Run Behavior\BuildLiteBehavior [ RunTime:0.000021s ]
INFO: [ app_init ] --END-- [ RunTime:0.000392s ]
ERR: 娉杞芥ā:中变

[ 2017-02-02T00:25:12+08:00 ] 222.186.3.90 /cmirserver.rar
INFO: [ app_init ] --START--
INFO: Run Behavior\BuildLiteBehavior [ RunTime:0.000017s ]
INFO: [ app_init ] --END-- [ RunTime:0.000340s ]
ERR: 娉杞芥ā:Cmirserver

[ 2017-02-02T00:25:12+08:00 ] 222.186.3.90 /cmirserver01.rar
INFO: [ app_init ] --START--
INFO: Run Behavior\BuildLiteBehavior [ RunTime:0.000025s ]
INFO: [ app_init ] --END-- [ RunTime:0.000463s ]
ERR: 娉杞芥ā:Cmirserver01

[ 2017-02-02T00:25:12+08:00 ] 222.186.3.90 /cmirserver1.rar
INFO: [ app_init ] --START--
INFO: Run Behavior\BuildLiteBehavior [ RunTime:0.000025s ]
INFO: [ app_init ] --END-- [ RunTime:0.000469s ]
ERR: 娉杞芥ā:Cmirserver1

[ 2017-02-02T00:25:12+08:00 ] 222.186.3.90 /cmirserver11.rar
INFO: [ app_init ] --START--
INFO: Run Behavior\BuildLiteBehavior [ RunTime:0.000026s ]
INFO: [ app_init ] --END-- [ RunTime:0.000471s ]
ERR: 娉杞芥ā:Cmirserver11

[ 2017-02-02T00:25:12+08:00 ] 222.186.3.90 /cmirserver2.rar
INFO: [ app_init ] --START--
INFO: Run Behavior\BuildLiteBehavior [ RunTime:0.000024s ]
INFO: [ app_init ] --END-- [ RunTime:0.000371s ]
ERR: 娉杞芥ā:Cmirserver2

[ 2017-02-02T00:25:12+08:00 ] 222.186.3.90 /cmirserver3.rar
INFO: [ app_init ] --START--
INFO: Run Behavior\BuildLiteBehavior [ RunTime:0.000025s ]
INFO: [ app_init ] --END-- [ RunTime:0.000399s ]
ERR: 娉杞芥ā:Cmirserver3

[ 2017-02-02T00:25:12+08:00 ] 222.186.3.90 /Mirserver%20-%20副本.zip
INFO: [ app_init ] --START--
INFO: Run Behavior\BuildLiteBehavior [ RunTime:0.000020s ]
INFO: [ app_init ] --END-- [ RunTime:0.000364s ]
ERR: 娉杞芥ā:Mirserver - 副本

[ 2017-02-02T00:25:12+08:00 ] 222.186.3.90 /Mirserver0%20-%20副本.zip
INFO: [ app_init ] --START--
INFO: Run Behavior\BuildLiteBehavior [ RunTime:0.000033s ]
INFO: [ app_init ] --END-- [ RunTime:0.000756s ]
ERR: 娉杞芥ā:Mirserver0 - 副本

[ 2017-02-02T00:25:12+08:00 ] 222.186.3.90 /Mirserver1%20-%20副本.zip
INFO: [ app_init ] --START--
INFO: Run Behavior\BuildLiteBehavior [ RunTime:0.000028s ]
INFO: [ app_init ] --END-- [ RunTime:0.000530s ]
ERR: 娉杞芥ā:Mirserver1 - 副本

[ 2017-02-02T00:25:12+08:00 ] 222.186.3.90 /Mirserver2%20-%20副本.zip
INFO: [ app_init ] --START--
INFO: Run Behavior\BuildLiteBehavior [ RunTime:0.000141s ]
INFO: [ app_init ] --END-- [ RunTime:0.000690s ]
ERR: 娉杞芥ā:Mirserver2 - 副本

[ 2017-02-02T00:25:12+08:00 ] 222.186.3.90 /Mirserver3%20-%20副本.zip
INFO: [ app_init ] --START--
INFO: Run Behavior\BuildLiteBehavior [ RunTime:0.000032s ]
INFO: [ app_init ] --END-- [ RunTime:0.000629s ]
ERR: 娉杞芥ā:Mirserver3 - 副本

[ 2017-02-02T00:25:12+08:00 ] 222.186.3.90 /Mirserver4%20-%20副本.zip
INFO: [ app_init ] --START--
INFO: Run Behavior\BuildLiteBehavior [ RunTime:0.000026s ]
INFO: [ app_init ] --END-- [ RunTime:0.000475s ]
ERR: 娉杞芥ā:Mirserver4 - 副本

[ 2017-02-02T00:25:12+08:00 ] 222.186.3.90 /Mirserver5%20-%20副本.zip
INFO: [ app_init ] --START--
INFO: Run Behavior\BuildLiteBehavior [ RunTime:0.000030s ]
INFO: [ app_init ] --END-- [ RunTime:0.000356s ]
ERR: 娉杞芥ā:Mirserver5 - 副本

[ 2017-02-02T00:25:12+08:00 ] 222.186.3.90 /Mirserver6%20-%20副本.zip
INFO: [ app_init ] --START--
INFO: Run Behavior\BuildLiteBehavior [ RunTime:0.000026s ]
INFO: [ app_init ] --END-- [ RunTime:0.000463s ]
ERR: 娉杞芥ā:Mirserver6 - 副本

[ 2017-02-02T00:25:12+08:00 ] 222.186.3.90 /Mirserver7%20-%20副本.zip
INFO: [ app_init ] --START--
INFO: Run Behavior\BuildLiteBehavior [ RunTime:0.000029s ]
INFO: [ app_init ] --END-- [ RunTime:0.000397s ]
ERR: 娉杞芥ā:Mirserver7 - 副本

[ 2017-02-02T00:25:12+08:00 ] 222.186.3.90 /Mirserver8%20-%20副本.zip
INFO: [ app_init ] --START--
INFO: Run Behavior\BuildLiteBehavior [ RunTime:0.000026s ]
INFO: [ app_init ] --END-- [ RunTime:0.000400s ]
ERR: 娉杞芥ā:Mirserver8 - 副本

[ 2017-02-02T00:25:12+08:00 ] 222.186.3.90 /Mirserver9%20-%20副本.zip
INFO: [ app_init ] --START--
INFO: Run Behavior\BuildLiteBehavior [ RunTime:0.000031s ]
INFO: [ app_init ] --END-- [ RunTime:0.000615s ]
ERR: 娉杞芥ā:Mirserver9 - 副本

[ 2017-02-02T00:25:13+08:00 ] 222.186.3.90 /Mirserver10%20-%20副本.zip
INFO: [ app_init ] --START--
INFO: Run Behavior\BuildLiteBehavior [ RunTime:0.000024s ]
INFO: [ app_init ] --END-- [ RunTime:0.000396s ]
ERR: 娉杞芥ā:Mirserver10 - 副本

[ 2017-02-02T00:25:13+08:00 ] 222.186.3.90 /Mirserver11%20-%20副本.zip
INFO: [ app_init ] --START--
INFO: Run Behavior\BuildLiteBehavior [ RunTime:0.000026s ]
INFO: [ app_init ] --END-- [ RunTime:0.000463s ]
ERR: 娉杞芥ā:Mirserver11 - 副本

[ 2017-02-02T00:25:13+08:00 ] 222.186.3.90 /Mirserver12%20-%20副本.zip
INFO: [ app_init ] --START--
INFO: Run Behavior\BuildLiteBehavior [ RunTime:0.000027s ]
INFO: [ app_init ] --END-- [ RunTime:0.000365s ]
ERR: 娉杞芥ā:Mirserver12 - 副本

[ 2017-02-02T00:25:13+08:00 ] 222.186.3.90 /Mirserver13%20-%20副本.zip
INFO: [ app_init ] --START--
INFO: Run Behavior\BuildLiteBehavior [ RunTime:0.000025s ]
INFO: [ app_init ] --END-- [ RunTime:0.000417s ]
ERR: 娉杞芥ā:Mirserver13 - 副本

[ 2017-02-02T00:25:13+08:00 ] 222.186.3.90 /Mirserver14%20-%20副本.zip
INFO: [ app_init ] --START--
INFO: Run Behavior\BuildLiteBehavior [ RunTime:0.000027s ]
INFO: [ app_init ] --END-- [ RunTime:0.000395s ]
ERR: 娉杞芥ā:Mirserver14 - 副本

[ 2017-02-02T00:25:13+08:00 ] 222.186.3.90 /Mirserver15%20-%20副本.zip
INFO: [ app_init ] --START--
INFO: Run Behavior\BuildLiteBehavior [ RunTime:0.000029s ]
INFO: [ app_init ] --END-- [ RunTime:0.000654s ]
ERR: 娉杞芥ā:Mirserver15 - 副本

[ 2017-02-02T00:25:13+08:00 ] 222.186.3.90 /复件%20MirServer.zip
INFO: [ app_init ] --START--
INFO: Run Behavior\BuildLiteBehavior [ RunTime:0.000024s ]
INFO: [ app_init ] --END-- [ RunTime:0.000363s ]
ERR: 娉杞芥ā:复件 MirServer

[ 2017-02-02T00:25:13+08:00 ] 222.186.3.90 /复件%20MirServer0.zip
INFO: [ app_init ] --START--
INFO: Run Behavior\BuildLiteBehavior [ RunTime:0.000037s ]
INFO: [ app_init ] --END-- [ RunTime:0.000728s ]
ERR: 娉杞芥ā:复件 MirServer0

[ 2017-02-02T00:25:13+08:00 ] 222.186.3.90 /复件%20MirServer1.zip
INFO: [ app_init ] --START--
INFO: Run Behavior\BuildLiteBehavior [ RunTime:0.000020s ]
INFO: [ app_init ] --END-- [ RunTime:0.000403s ]
ERR: 娉杞芥ā:复件 MirServer1

[ 2017-02-02T00:25:13+08:00 ] 222.186.3.90 /复件%20MirServer2.zip
INFO: [ app_init ] --START--
INFO: Run Behavior\BuildLiteBehavior [ RunTime:0.000025s ]
INFO: [ app_init ] --END-- [ RunTime:0.000446s ]
ERR: 娉杞芥ā:复件 MirServer2

[ 2017-02-02T00:25:13+08:00 ] 222.186.3.90 /复件%20MirServer3.zip
INFO: [ app_init ] --START--
INFO: Run Behavior\BuildLiteBehavior [ RunTime:0.000025s ]
INFO: [ app_init ] --END-- [ RunTime:0.000454s ]
ERR: 娉杞芥ā:复件 MirServer3

[ 2017-02-02T00:25:13+08:00 ] 222.186.3.90 /复件%20MirServer4.zip
INFO: [ app_init ] --START--
INFO: Run Behavior\BuildLiteBehavior [ RunTime:0.000020s ]
INFO: [ app_init ] --END-- [ RunTime:0.000379s ]
ERR: 娉杞芥ā:复件 MirServer4

[ 2017-02-02T00:25:13+08:00 ] 222.186.3.90 /复件%20MirServer5.zip
INFO: [ app_init ] --START--
INFO: Run Behavior\BuildLiteBehavior [ RunTime:0.000022s ]
INFO: [ app_init ] --END-- [ RunTime:0.000349s ]
ERR: 娉杞芥ā:复件 MirServer5

[ 2017-02-02T00:25:13+08:00 ] 222.186.3.90 /复件%20MirServer6.zip
INFO: [ app_init ] --START--
INFO: Run Behavior\BuildLiteBehavior [ RunTime:0.000024s ]
INFO: [ app_init ] --END-- [ RunTime:0.000379s ]
ERR: 娉杞芥ā:复件 MirServer6

[ 2017-02-02T00:25:13+08:00 ] 222.186.3.90 /复件%20MirServer7.zip
INFO: [ app_init ] --START--
INFO: Run Behavior\BuildLiteBehavior [ RunTime:0.000023s ]
INFO: [ app_init ] --END-- [ RunTime:0.000360s ]
ERR: 娉杞芥ā:复件 MirServer7

[ 2017-02-02T00:25:13+08:00 ] 222.186.3.90 /复件%20MirServer8.zip
INFO: [ app_init ] --START--
INFO: Run Behavior\BuildLiteBehavior [ RunTime:0.000022s ]
INFO: [ app_init ] --END-- [ RunTime:0.000402s ]
ERR: 娉杞芥ā:复件 MirServer8

[ 2017-02-02T00:25:13+08:00 ] 222.186.3.90 /复件%20MirServer9.zip
INFO: [ app_init ] --START--
INFO: Run Behavior\BuildLiteBehavior [ RunTime:0.000024s ]
INFO: [ app_init ] --END-- [ RunTime:0.000474s ]
ERR: 娉杞芥ā:复件 MirServer9

[ 2017-02-02T00:25:13+08:00 ] 222.186.3.90 /复件%20MirServer10.zip
INFO: [ app_init ] --START--
INFO: Run Behavior\BuildLiteBehavior [ RunTime:0.000028s ]
INFO: [ app_init ] --END-- [ RunTime:0.000461s ]
ERR: 娉杞芥ā:复件 MirServer10

[ 2017-02-02T00:25:13+08:00 ] 222.186.3.90 /复件%20MirServer11.zip
INFO: [ app_init ] --START--
INFO: Run Behavior\BuildLiteBehavior [ RunTime:0.000028s ]
INFO: [ app_init ] --END-- [ RunTime:0.000540s ]
ERR: 娉杞芥ā:复件 MirServer11

[ 2017-02-02T00:25:13+08:00 ] 222.186.3.90 /复件%20MirServer12.zip
INFO: [ app_init ] --START--
INFO: Run Behavior\BuildLiteBehavior [ RunTime:0.000024s ]
INFO: [ app_init ] --END-- [ RunTime:0.000413s ]
ERR: 娉杞芥ā:复件 MirServer12

[ 2017-02-02T00:25:13+08:00 ] 222.186.3.90 /复件%20MirServer13.zip
INFO: [ app_init ] --START--
INFO: Run Behavior\BuildLiteBehavior [ RunTime:0.000025s ]
INFO: [ app_init ] --END-- [ RunTime:0.000405s ]
ERR: 娉杞芥ā:复件 MirServer13

[ 2017-02-02T00:25:13+08:00 ] 222.186.3.90 /复件%20MirServer14.zip
INFO: [ app_init ] --START--
INFO: Run Behavior\BuildLiteBehavior [ RunTime:0.000028s ]
INFO: [ app_init ] --END-- [ RunTime:0.000484s ]
ERR: 娉杞芥ā:复件 MirServer14

[ 2017-02-02T00:25:13+08:00 ] 222.186.3.90 /1.70Mirserver.zip
INFO: [ app_init ] --START--
INFO: Run Behavior\BuildLiteBehavior [ RunTime:0.000027s ]
INFO: [ app_init ] --END-- [ RunTime:0.000361s ]
ERR: 娉杞芥ā:1.70Mirserver

[ 2017-02-02T00:25:13+08:00 ] 222.186.3.90 /1.76Mirserver.zip
INFO: [ app_init ] --START--
INFO: Run Behavior\BuildLiteBehavior [ RunTime:0.000022s ]
INFO: [ app_init ] --END-- [ RunTime:0.000387s ]
ERR: 娉杞芥ā:1.76Mirserver

[ 2017-02-02T00:25:13+08:00 ] 222.186.3.90 /1.80Mirserver.zip
INFO: [ app_init ] --START--
INFO: Run Behavior\BuildLiteBehavior [ RunTime:0.000023s ]
INFO: [ app_init ] --END-- [ RunTime:0.000355s ]
ERR: 娉杞芥ā:1.80Mirserver

[ 2017-02-02T00:25:14+08:00 ] 222.186.3.90 /1.85Mirserver.zip
INFO: [ app_init ] --START--
INFO: Run Behavior\BuildLiteBehavior [ RunTime:0.000027s ]
INFO: [ app_init ] --END-- [ RunTime:0.000519s ]
ERR: 娉杞芥ā:1.85Mirserver

[ 2017-02-02T00:25:14+08:00 ] 222.186.3.90 /1.90Mirserver.zip
INFO: [ app_init ] --START--
INFO: Run Behavior\BuildLiteBehavior [ RunTime:0.000030s ]
INFO: [ app_init ] --END-- [ RunTime:0.000539s ]
ERR: 娉杞芥ā:1.90Mirserver

[ 2017-02-02T00:25:14+08:00 ] 222.186.3.90 /1.96Mirserver.zip
INFO: [ app_init ] --START--
INFO: Run Behavior\BuildLiteBehavior [ RunTime:0.000024s ]
INFO: [ app_init ] --END-- [ RunTime:0.000419s ]
ERR: 娉杞芥ā:1.96Mirserver

[ 2017-02-02T00:25:14+08:00 ] 222.186.3.90 /1.99Mirserver.zip
INFO: [ app_init ] --START--
INFO: Run Behavior\BuildLiteBehavior [ RunTime:0.000023s ]
INFO: [ app_init ] --END-- [ RunTime:0.000360s ]
ERR: 娉杞芥ā:1.99Mirserver

[ 2017-02-02T00:25:14+08:00 ] 222.186.3.90 /1.70.zip
INFO: [ app_init ] --START--
INFO: Run Behavior\BuildLiteBehavior [ RunTime:0.000020s ]
INFO: [ app_init ] --END-- [ RunTime:0.000392s ]
ERR: 娉杞芥ā:1.70

[ 2017-02-02T00:25:14+08:00 ] 222.186.3.90 /1.76.zip
INFO: [ app_init ] --START--
INFO: Run Behavior\BuildLiteBehavior [ RunTime:0.000032s ]
INFO: [ app_init ] --END-- [ RunTime:0.000567s ]
ERR: 娉杞芥ā:1.76

[ 2017-02-02T00:25:14+08:00 ] 222.186.3.90 /1.80.zip
INFO: [ app_init ] --START--
INFO: Run Behavior\BuildLiteBehavior [ RunTime:0.000020s ]
INFO: [ app_init ] --END-- [ RunTime:0.000382s ]
ERR: 娉杞芥ā:1.80

[ 2017-02-02T00:25:14+08:00 ] 222.186.3.90 /1.85.zip
INFO: [ app_init ] --START--
INFO: Run Behavior\BuildLiteBehavior [ RunTime:0.000021s ]
INFO: [ app_init ] --END-- [ RunTime:0.000359s ]
ERR: 娉杞芥ā:1.85

[ 2017-02-02T00:25:14+08:00 ] 222.186.3.90 /1.90.zip
INFO: [ app_init ] --START--
INFO: Run Behavior\BuildLiteBehavior [ RunTime:0.000028s ]
INFO: [ app_init ] --END-- [ RunTime:0.000560s ]
ERR: 娉杞芥ā:1.90

[ 2017-02-02T00:25:14+08:00 ] 222.186.3.90 /1.96.zip
INFO: [ app_init ] --START--
INFO: Run Behavior\BuildLiteBehavior [ RunTime:0.000024s ]
INFO: [ app_init ] --END-- [ RunTime:0.000448s ]
ERR: 娉杞芥ā:1.96

[ 2017-02-02T00:25:14+08:00 ] 222.186.3.90 /1.99.zip
INFO: [ app_init ] --START--
INFO: Run Behavior\BuildLiteBehavior [ RunTime:0.000030s ]
INFO: [ app_init ] --END-- [ RunTime:0.000407s ]
ERR: 娉杞芥ā:1.99

[ 2017-02-02T00:25:14+08:00 ] 222.186.3.90 /176.zip
INFO: [ app_init ] --START--
INFO: Run Behavior\BuildLiteBehavior [ RunTime:0.000025s ]
INFO: [ app_init ] --END-- [ RunTime:0.000480s ]
ERR: 娉杞芥ā:176

[ 2017-02-02T00:25:14+08:00 ] 222.186.3.90 /180.zip
INFO: [ app_init ] --START--
INFO: Run Behavior\BuildLiteBehavior [ RunTime:0.000021s ]
INFO: [ app_init ] --END-- [ RunTime:0.000328s ]
ERR: 娉杞芥ā:180

[ 2017-02-02T00:25:14+08:00 ] 222.186.3.90 /185.zip
INFO: [ app_init ] --START--
INFO: Run Behavior\BuildLiteBehavior [ RunTime:0.000020s ]
INFO: [ app_init ] --END-- [ RunTime:0.000331s ]
ERR: 娉杞芥ā:185

[ 2017-02-02T00:25:14+08:00 ] 222.186.3.90 /189.zip
INFO: [ app_init ] --START--
INFO: Run Behavior\BuildLiteBehavior [ RunTime:0.000023s ]
INFO: [ app_init ] --END-- [ RunTime:0.000354s ]
ERR: 娉杞芥ā:189

[ 2017-02-02T00:25:14+08:00 ] 222.186.3.90 /195.zip
INFO: [ app_init ] --START--
INFO: Run Behavior\BuildLiteBehavior [ RunTime:0.000024s ]
INFO: [ app_init ] --END-- [ RunTime:0.000367s ]
ERR: 娉杞芥ā:195

[ 2017-02-02T00:25:14+08:00 ] 222.186.3.90 /199.zip
INFO: [ app_init ] --START--
INFO: Run Behavior\BuildLiteBehavior [ RunTime:0.000022s ]
INFO: [ app_init ] --END-- [ RunTime:0.000364s ]
ERR: 娉杞芥ā:199

[ 2017-02-02T00:25:14+08:00 ] 222.186.3.90 /1.zip
INFO: [ app_init ] --START--
INFO: Run Behavior\BuildLiteBehavior [ RunTime:0.000024s ]
INFO: [ app_init ] --END-- [ RunTime:0.000362s ]
ERR: 娉杞芥ā:1

[ 2017-02-02T00:25:14+08:00 ] 222.186.3.90 /2.zip
INFO: [ app_init ] --START--
INFO: Run Behavior\BuildLiteBehavior [ RunTime:0.000031s ]
INFO: [ app_init ] --END-- [ RunTime:0.000792s ]
ERR: 娉杞芥ā:2

[ 2017-02-02T00:25:14+08:00 ] 222.186.3.90 /3.zip
INFO: [ app_init ] --START--
INFO: Run Behavior\BuildLiteBehavior [ RunTime:0.000032s ]
INFO: [ app_init ] --END-- [ RunTime:0.000481s ]
ERR: 娉杞芥ā:3

[ 2017-02-02T00:25:14+08:00 ] 222.186.3.90 /4.zip
INFO: [ app_init ] --START--
INFO: Run Behavior\BuildLiteBehavior [ RunTime:0.000023s ]
INFO: [ app_init ] --END-- [ RunTime:0.000430s ]
ERR: 娉杞芥ā:4

[ 2017-02-02T00:25:14+08:00 ] 222.186.3.90 /5.zip
INFO: [ app_init ] --START--
INFO: Run Behavior\BuildLiteBehavior [ RunTime:0.000031s ]
INFO: [ app_init ] --END-- [ RunTime:0.000384s ]
ERR: 娉杞芥ā:5

[ 2017-02-02T00:25:14+08:00 ] 222.186.3.90 /6.zip
INFO: [ app_init ] --START--
INFO: Run Behavior\BuildLiteBehavior [ RunTime:0.000034s ]
INFO: [ app_init ] --END-- [ RunTime:0.000573s ]
ERR: 娉杞芥ā:6

[ 2017-02-02T00:25:14+08:00 ] 222.186.3.90 /7.zip
INFO: [ app_init ] --START--
INFO: Run Behavior\BuildLiteBehavior [ RunTime:0.000023s ]
INFO: [ app_init ] --END-- [ RunTime:0.000438s ]
ERR: 娉杞芥ā:7

[ 2017-02-02T00:25:15+08:00 ] 222.186.3.90 /8.zip
INFO: [ app_init ] --START--
INFO: Run Behavior\BuildLiteBehavior [ RunTime:0.000027s ]
INFO: [ app_init ] --END-- [ RunTime:0.000566s ]
ERR: 娉杞芥ā:8

[ 2017-02-02T00:25:15+08:00 ] 222.186.3.90 /9.zip
INFO: [ app_init ] --START--
INFO: Run Behavior\BuildLiteBehavior [ RunTime:0.000033s ]
INFO: [ app_init ] --END-- [ RunTime:0.000694s ]
ERR: 娉杞芥ā:9

[ 2017-02-02T00:25:15+08:00 ] 222.186.3.90 /11.zip
INFO: [ app_init ] --START--
INFO: Run Behavior\BuildLiteBehavior [ RunTime:0.000022s ]
INFO: [ app_init ] --END-- [ RunTime:0.000403s ]
ERR: 娉杞芥ā:11

[ 2017-02-02T00:25:15+08:00 ] 222.186.3.90 /12.zip
INFO: [ app_init ] --START--
INFO: Run Behavior\BuildLiteBehavior [ RunTime:0.000025s ]
INFO: [ app_init ] --END-- [ RunTime:0.000372s ]
ERR: 娉杞芥ā:12

[ 2017-02-02T00:25:15+08:00 ] 222.186.3.90 /22.zip
INFO: [ app_init ] --START--
INFO: Run Behavior\BuildLiteBehavior [ RunTime:0.000025s ]
INFO: [ app_init ] --END-- [ RunTime:0.000445s ]
ERR: 娉杞芥ā:22

[ 2017-02-02T00:25:15+08:00 ] 222.186.3.90 /33.zip
INFO: [ app_init ] --START--
INFO: Run Behavior\BuildLiteBehavior [ RunTime:0.000033s ]
INFO: [ app_init ] --END-- [ RunTime:0.000534s ]
ERR: 娉杞芥ā:33

[ 2017-02-02T00:25:15+08:00 ] 222.186.3.90 /44.zip
INFO: [ app_init ] --START--
INFO: Run Behavior\BuildLiteBehavior [ RunTime:0.000026s ]
INFO: [ app_init ] --END-- [ RunTime:0.000469s ]
ERR: 娉杞芥ā:44

[ 2017-02-02T00:25:15+08:00 ] 222.186.3.90 /76.zip
INFO: [ app_init ] --START--
INFO: Run Behavior\BuildLiteBehavior [ RunTime:0.000032s ]
INFO: [ app_init ] --END-- [ RunTime:0.000454s ]
ERR: 娉杞芥ā:76

[ 2017-02-02T00:25:15+08:00 ] 222.186.3.90 /80.zip
INFO: [ app_init ] --START--
INFO: Run Behavior\BuildLiteBehavior [ RunTime:0.000020s ]
INFO: [ app_init ] --END-- [ RunTime:0.000324s ]
ERR: 娉杞芥ā:80

[ 2017-02-02T00:25:15+08:00 ] 222.186.3.90 /00.zip
INFO: [ app_init ] --START--
INFO: Run Behavior\BuildLiteBehavior [ RunTime:0.000020s ]
INFO: [ app_init ] --END-- [ RunTime:0.000342s ]
ERR: 娉杞芥ā:00

[ 2017-02-02T00:25:15+08:00 ] 222.186.3.90 /000.zip
INFO: [ app_init ] --START--
INFO: Run Behavior\BuildLiteBehavior [ RunTime:0.000025s ]
INFO: [ app_init ] --END-- [ RunTime:0.000464s ]
ERR: 娉杞芥ā:000

[ 2017-02-02T00:25:15+08:00 ] 222.186.3.90 /111.zip
INFO: [ app_init ] --START--
INFO: Run Behavior\BuildLiteBehavior [ RunTime:0.000024s ]
INFO: [ app_init ] --END-- [ RunTime:0.000421s ]
ERR: 娉杞芥ā:111

[ 2017-02-02T00:25:15+08:00 ] 222.186.3.90 /112.zip
INFO: [ app_init ] --START--
INFO: Run Behavior\BuildLiteBehavior [ RunTime:0.000022s ]
INFO: [ app_init ] --END-- [ RunTime:0.000395s ]
ERR: 娉杞芥ā:112

[ 2017-02-02T00:25:15+08:00 ] 222.186.3.90 /120.zip
INFO: [ app_init ] --START--
INFO: Run Behavior\BuildLiteBehavior [ RunTime:0.000022s ]
INFO: [ app_init ] --END-- [ RunTime:0.000354s ]
ERR: 娉杞芥ā:120

[ 2017-02-02T00:25:15+08:00 ] 222.186.3.90 /123.zip
INFO: [ app_init ] --START--
INFO: Run Behavior\BuildLiteBehavior [ RunTime:0.000023s ]
INFO: [ app_init ] --END-- [ RunTime:0.000449s ]
ERR: 娉杞芥ā:123

[ 2017-02-02T00:25:15+08:00 ] 222.186.3.90 /222.zip
INFO: [ app_init ] --START--
INFO: Run Behavior\BuildLiteBehavior [ RunTime:0.000024s ]
INFO: [ app_init ] --END-- [ RunTime:0.000457s ]
ERR: 娉杞芥ā:222

[ 2017-02-02T00:25:15+08:00 ] 222.186.3.90 /321.zip
INFO: [ app_init ] --START--
INFO: Run Behavior\BuildLiteBehavior [ RunTime:0.000033s ]
INFO: [ app_init ] --END-- [ RunTime:0.000725s ]
ERR: 娉杞芥ā:321

[ 2017-02-02T00:25:15+08:00 ] 222.186.3.90 /333.zip
INFO: [ app_init ] --START--
INFO: Run Behavior\BuildLiteBehavior [ RunTime:0.000029s ]
INFO: [ app_init ] --END-- [ RunTime:0.000471s ]
ERR: 娉杞芥ā:333

[ 2017-02-02T00:25:15+08:00 ] 222.186.3.90 /1111.zip
INFO: [ app_init ] --START--
INFO: Run Behavior\BuildLiteBehavior [ RunTime:0.000024s ]
INFO: [ app_init ] --END-- [ RunTime:0.000451s ]
ERR: 娉杞芥ā:1111

[ 2017-02-02T00:25:15+08:00 ] 222.186.3.90 /1122.zip
INFO: [ app_init ] --START--
INFO: Run Behavior\BuildLiteBehavior [ RunTime:0.000023s ]
INFO: [ app_init ] --END-- [ RunTime:0.000368s ]
ERR: 娉杞芥ā:1122

[ 2017-02-02T00:25:15+08:00 ] 222.186.3.90 /1234.zip
INFO: [ app_init ] --START--
INFO: Run Behavior\BuildLiteBehavior [ RunTime:0.000026s ]
INFO: [ app_init ] --END-- [ RunTime:0.000383s ]
ERR: 娉杞芥ā:1234

[ 2017-02-02T00:25:15+08:00 ] 222.186.3.90 /123456.zip
INFO: [ app_init ] --START--
INFO: Run Behavior\BuildLiteBehavior [ RunTime:0.000024s ]
INFO: [ app_init ] --END-- [ RunTime:0.000376s ]
ERR: 娉杞芥ā:123456

[ 2017-02-02T00:25:15+08:00 ] 222.186.3.90 /123456789.zip
INFO: [ app_init ] --START--
INFO: Run Behavior\BuildLiteBehavior [ RunTime:0.000030s ]
INFO: [ app_init ] --END-- [ RunTime:0.000590s ]
ERR: 娉杞芥ā:123456789

[ 2017-02-02T00:25:15+08:00 ] 222.186.3.90 /2222.zip
INFO: [ app_init ] --START--
INFO: Run Behavior\BuildLiteBehavior [ RunTime:0.000024s ]
INFO: [ app_init ] --END-- [ RunTime:0.000439s ]
ERR: 娉杞芥ā:2222

[ 2017-02-02T00:25:15+08:00 ] 222.186.3.90 /11111.zip
INFO: [ app_init ] --START--
INFO: Run Behavior\BuildLiteBehavior [ RunTime:0.000025s ]
INFO: [ app_init ] --END-- [ RunTime:0.000541s ]
ERR: 娉杞芥ā:11111

[ 2017-02-02T00:25:16+08:00 ] 222.186.3.90 /a.zip
INFO: [ app_init ] --START--
INFO: Run Behavior\BuildLiteBehavior [ RunTime:0.000098s ]
INFO: [ app_init ] --END-- [ RunTime:0.000578s ]
ERR: 娉杞芥ā:A

[ 2017-02-02T00:25:16+08:00 ] 222.186.3.90 /aa.zip
INFO: [ app_init ] --START--
INFO: Run Behavior\BuildLiteBehavior [ RunTime:0.000024s ]
INFO: [ app_init ] --END-- [ RunTime:0.000351s ]
ERR: 娉杞芥ā:Aa

[ 2017-02-02T00:25:16+08:00 ] 222.186.3.90 /aaa.zip
INFO: [ app_init ] --START--
INFO: Run Behavior\BuildLiteBehavior [ RunTime:0.000028s ]
INFO: [ app_init ] --END-- [ RunTime:0.000423s ]
ERR: 娉杞芥ā:Aaa

[ 2017-02-02T00:25:16+08:00 ] 222.186.3.90 /amirserver.zip
INFO: [ app_init ] --START--
INFO: Run Behavior\BuildLiteBehavior [ RunTime:0.000104s ]
INFO: [ app_init ] --END-- [ RunTime:0.000964s ]
ERR: 娉杞芥ā:Amirserver

[ 2017-02-02T00:25:16+08:00 ] 222.186.3.90 /DMirserver.zip
INFO: [ app_init ] --START--
INFO: Run Behavior\BuildLiteBehavior [ RunTime:0.000025s ]
INFO: [ app_init ] --END-- [ RunTime:0.000407s ]
ERR: 娉杞芥ā:DMirserver

[ 2017-02-02T00:25:16+08:00 ] 222.186.3.90 /EMirserver.zip
INFO: [ app_init ] --START--
INFO: Run Behavior\BuildLiteBehavior [ RunTime:0.000024s ]
INFO: [ app_init ] --END-- [ RunTime:0.000361s ]
ERR: 娉杞芥ā:EMirserver

[ 2017-02-02T00:25:16+08:00 ] 222.186.3.90 /FMirserver.zip
INFO: [ app_init ] --START--
INFO: Run Behavior\BuildLiteBehavior [ RunTime:0.000026s ]
INFO: [ app_init ] --END-- [ RunTime:0.000472s ]
ERR: 娉杞芥ā:FMirserver

[ 2017-02-02T00:25:16+08:00 ] 222.186.3.90 /gmirserver.zip
INFO: [ app_init ] --START--
INFO: Run Behavior\BuildLiteBehavior [ RunTime:0.000025s ]
INFO: [ app_init ] --END-- [ RunTime:0.000370s ]
ERR: 娉杞芥ā:Gmirserver

[ 2017-02-02T00:25:16+08:00 ] 222.186.3.90 /mirserver.zip
INFO: [ app_init ] --START--
INFO: Run Behavior\BuildLiteBehavior [ RunTime:0.000027s ]
INFO: [ app_init ] --END-- [ RunTime:0.000470s ]
ERR: 娉杞芥ā:Mirserver

[ 2017-02-02T00:25:16+08:00 ] 222.186.3.90 /Mirservera.zip
INFO: [ app_init ] --START--
INFO: Run Behavior\BuildLiteBehavior [ RunTime:0.000026s ]
INFO: [ app_init ] --END-- [ RunTime:0.000497s ]
ERR: 娉杞芥ā:Mirservera

[ 2017-02-02T00:25:16+08:00 ] 222.186.3.90 /mirserver0.zip
INFO: [ app_init ] --START--
INFO: Run Behavior\BuildLiteBehavior [ RunTime:0.000023s ]
INFO: [ app_init ] --END-- [ RunTime:0.000385s ]
ERR: 娉杞芥ā:Mirserver0

[ 2017-02-02T00:25:16+08:00 ] 222.186.3.90 /mirserver01.zip
INFO: [ app_init ] --START--
INFO: Run Behavior\BuildLiteBehavior [ RunTime:0.000028s ]
INFO: [ app_init ] --END-- [ RunTime:0.000508s ]
ERR: 娉杞芥ā:Mirserver01

[ 2017-02-02T00:25:16+08:00 ] 222.186.3.90 /mirserver02.zip
INFO: [ app_init ] --START--
INFO: Run Behavior\BuildLiteBehavior [ RunTime:0.000036s ]
INFO: [ app_init ] --END-- [ RunTime:0.000677s ]
ERR: 娉杞芥ā:Mirserver02

[ 2017-02-02T00:25:16+08:00 ] 222.186.3.90 /mirserver03.zip
INFO: [ app_init ] --START--
INFO: Run Behavior\BuildLiteBehavior [ RunTime:0.000020s ]
INFO: [ app_init ] --END-- [ RunTime:0.000331s ]
ERR: 娉杞芥ā:Mirserver03

[ 2017-02-02T00:25:16+08:00 ] 222.186.3.90 /mirserver176.zip
INFO: [ app_init ] --START--
INFO: Run Behavior\BuildLiteBehavior [ RunTime:0.000021s ]
INFO: [ app_init ] --END-- [ RunTime:0.000335s ]
ERR: 娉杞芥ā:Mirserver176

[ 2017-02-02T00:25:16+08:00 ] 222.186.3.90 /mirserver180.zip
INFO: [ app_init ] --START--
INFO: Run Behavior\BuildLiteBehavior [ RunTime:0.000025s ]
INFO: [ app_init ] --END-- [ RunTime:0.000407s ]
ERR: 娉杞芥ā:Mirserver180

[ 2017-02-02T00:25:16+08:00 ] 222.186.3.90 /Mirserver76.zip
INFO: [ app_init ] --START--
INFO: Run Behavior\BuildLiteBehavior [ RunTime:0.000024s ]
INFO: [ app_init ] --END-- [ RunTime:0.000405s ]
ERR: 娉杞芥ā:Mirserver76

[ 2017-02-02T00:25:16+08:00 ] 222.186.3.90 /Mirserver80.zip
INFO: [ app_init ] --START--
INFO: Run Behavior\BuildLiteBehavior [ RunTime:0.000023s ]
INFO: [ app_init ] --END-- [ RunTime:0.000378s ]
ERR: 娉杞芥ā:Mirserver80

[ 2017-02-02T00:25:16+08:00 ] 222.186.3.90 /Mirserver85.zip
INFO: [ app_init ] --START--
INFO: Run Behavior\BuildLiteBehavior [ RunTime:0.000029s ]
INFO: [ app_init ] --END-- [ RunTime:0.000491s ]
ERR: 娉杞芥ā:Mirserver85

[ 2017-02-02T00:25:16+08:00 ] 222.186.3.90 /mirserver1.zip
INFO: [ app_init ] --START--
INFO: Run Behavior\BuildLiteBehavior [ RunTime:0.000017s ]
INFO: [ app_init ] --END-- [ RunTime:0.000357s ]
ERR: 娉杞芥ā:Mirserver1

[ 2017-02-02T00:25:16+08:00 ] 222.186.3.90 /mirserver2.zip
INFO: [ app_init ] --START--
INFO: Run Behavior\BuildLiteBehavior [ RunTime:0.000019s ]
INFO: [ app_init ] --END-- [ RunTime:0.000330s ]
ERR: 娉杞芥ā:Mirserver2

[ 2017-02-02T00:25:16+08:00 ] 222.186.3.90 /Mirserver2.zip
INFO: [ app_init ] --START--
INFO: Run Behavior\BuildLiteBehavior [ RunTime:0.000023s ]
INFO: [ app_init ] --END-- [ RunTime:0.000422s ]
ERR: 娉杞芥ā:Mirserver2

[ 2017-02-02T00:25:16+08:00 ] 222.186.3.90 /Mirserver3.zip
INFO: [ app_init ] --START--
INFO: Run Behavior\BuildLiteBehavior [ RunTime:0.000024s ]
INFO: [ app_init ] --END-- [ RunTime:0.000439s ]
ERR: 娉杞芥ā:Mirserver3

[ 2017-02-02T00:25:16+08:00 ] 222.186.3.90 /Mirserver4.zip
INFO: [ app_init ] --START--
INFO: Run Behavior\BuildLiteBehavior [ RunTime:0.000027s ]
INFO: [ app_init ] --END-- [ RunTime:0.000570s ]
ERR: 娉杞芥ā:Mirserver4

[ 2017-02-02T00:25:17+08:00 ] 222.186.3.90 /Mirserver5.zip
INFO: [ app_init ] --START--
INFO: Run Behavior\BuildLiteBehavior [ RunTime:0.000034s ]
INFO: [ app_init ] --END-- [ RunTime:0.000677s ]
ERR: 娉杞芥ā:Mirserver5

[ 2017-02-02T00:25:17+08:00 ] 222.186.3.90 /Mirserver6.zip
INFO: [ app_init ] --START--
INFO: Run Behavior\BuildLiteBehavior [ RunTime:0.000023s ]
INFO: [ app_init ] --END-- [ RunTime:0.000356s ]
ERR: 娉杞芥ā:Mirserver6

[ 2017-02-02T00:25:17+08:00 ] 222.186.3.90 /Mirserver7.zip
INFO: [ app_init ] --START--
INFO: Run Behavior\BuildLiteBehavior [ RunTime:0.000025s ]
INFO: [ app_init ] --END-- [ RunTime:0.000395s ]
ERR: 娉杞芥ā:Mirserver7

[ 2017-02-02T00:25:17+08:00 ] 222.186.3.90 /Mirserver8.zip
INFO: [ app_init ] --START--
INFO: Run Behavior\BuildLiteBehavior [ RunTime:0.000029s ]
INFO: [ app_init ] --END-- [ RunTime:0.000408s ]
ERR: 娉杞芥ā:Mirserver8

[ 2017-02-02T00:25:17+08:00 ] 222.186.3.90 /Mirserver9.zip
INFO: [ app_init ] --START--
INFO: Run Behavior\BuildLiteBehavior [ RunTime:0.000029s ]
INFO: [ app_init ] --END-- [ RunTime:0.000463s ]
ERR: 娉杞芥ā:Mirserver9

[ 2017-02-02T00:25:17+08:00 ] 222.186.3.90 /Mirserver10.zip
INFO: [ app_init ] --START--
INFO: Run Behavior\BuildLiteBehavior [ RunTime:0.000024s ]
INFO: [ app_init ] --END-- [ RunTime:0.000383s ]
ERR: 娉杞芥ā:Mirserver10

[ 2017-02-02T00:25:17+08:00 ] 222.186.3.90 /mirserver11.zip
INFO: [ app_init ] --START--
INFO: Run Behavior\BuildLiteBehavior [ RunTime:0.000024s ]
INFO: [ app_init ] --END-- [ RunTime:0.000353s ]
ERR: 娉杞芥ā:Mirserver11

[ 2017-02-02T00:25:17+08:00 ] 222.186.3.90 /mirserver12.zip
INFO: [ app_init ] --START--
INFO: Run Behavior\BuildLiteBehavior [ RunTime:0.000023s ]
INFO: [ app_init ] --END-- [ RunTime:0.000447s ]
ERR: 娉杞芥ā:Mirserver12

[ 2017-02-02T00:25:17+08:00 ] 222.186.3.90 /mirserver22.zip
INFO: [ app_init ] --START--
INFO: Run Behavior\BuildLiteBehavior [ RunTime:0.000022s ]
INFO: [ app_init ] --END-- [ RunTime:0.000350s ]
ERR: 娉杞芥ā:Mirserver22

[ 2017-02-02T00:25:17+08:00 ] 222.186.3.90 /mirserver33.zip
INFO: [ app_init ] --START--
INFO: Run Behavior\BuildLiteBehavior [ RunTime:0.000080s ]
INFO: [ app_init ] --END-- [ RunTime:0.000414s ]
ERR: 娉杞芥ā:Mirserver33

[ 2017-02-02T00:25:17+08:00 ] 222.186.3.90 /mirserver44.zip
INFO: [ app_init ] --START--
INFO: Run Behavior\BuildLiteBehavior [ RunTime:0.000030s ]
INFO: [ app_init ] --END-- [ RunTime:0.000602s ]
ERR: 娉杞芥ā:Mirserver44

[ 2017-02-02T00:25:17+08:00 ] 222.186.3.90 /mirserver55.zip
INFO: [ app_init ] --START--
INFO: Run Behavior\BuildLiteBehavior [ RunTime:0.000023s ]
INFO: [ app_init ] --END-- [ RunTime:0.000413s ]
ERR: 娉杞芥ā:Mirserver55

[ 2017-02-02T00:25:17+08:00 ] 222.186.3.90 /mirserver100.zip
INFO: [ app_init ] --START--
INFO: Run Behavior\BuildLiteBehavior [ RunTime:0.000029s ]
INFO: [ app_init ] --END-- [ RunTime:0.000396s ]
ERR: 娉杞芥ā:Mirserver100

[ 2017-02-02T00:25:17+08:00 ] 222.186.3.90 /mirserver111.zip
INFO: [ app_init ] --START--
INFO: Run Behavior\BuildLiteBehavior [ RunTime:0.000090s ]
INFO: [ app_init ] --END-- [ RunTime:0.000443s ]
ERR: 娉杞芥ā:Mirserver111

[ 2017-02-02T00:25:17+08:00 ] 222.186.3.90 /Mirserver123.zip
INFO: [ app_init ] --START--
INFO: Run Behavior\BuildLiteBehavior [ RunTime:0.000031s ]
INFO: [ app_init ] --END-- [ RunTime:0.000595s ]
ERR: 娉杞芥ā:Mirserver123

[ 2017-02-02T00:25:17+08:00 ] 222.186.3.90 /mirserver456.zip
INFO: [ app_init ] --START--
INFO: Run Behavior\BuildLiteBehavior [ RunTime:0.000024s ]
INFO: [ app_init ] --END-- [ RunTime:0.000391s ]
ERR: 娉杞芥ā:Mirserver456

[ 2017-02-02T00:25:17+08:00 ] 222.186.3.90 /mirserver789.zip
INFO: [ app_init ] --START--
INFO: Run Behavior\BuildLiteBehavior [ RunTime:0.000023s ]
INFO: [ app_init ] --END-- [ RunTime:0.000351s ]
ERR: 娉杞芥ā:Mirserver789

[ 2017-02-02T00:25:17+08:00 ] 222.186.3.90 /mirserver1111.zip
INFO: [ app_init ] --START--
INFO: Run Behavior\BuildLiteBehavior [ RunTime:0.000075s ]
INFO: [ app_init ] --END-- [ RunTime:0.000564s ]
ERR: 娉杞芥ā:Mirserver1111

[ 2017-02-02T00:25:17+08:00 ] 222.186.3.90 /mirserver11111.zip
INFO: [ app_init ] --START--
INFO: Run Behavior\BuildLiteBehavior [ RunTime:0.000024s ]
INFO: [ app_init ] --END-- [ RunTime:0.000503s ]
ERR: 娉杞芥ā:Mirserver11111

[ 2017-02-02T00:25:17+08:00 ] 222.186.3.90 /mirserver111111.zip
INFO: [ app_init ] --START--
INFO: Run Behavior\BuildLiteBehavior [ RunTime:0.000025s ]
INFO: [ app_init ] --END-- [ RunTime:0.000404s ]
ERR: 娉杞芥ā:Mirserver111111

[ 2017-02-02T00:25:17+08:00 ] 222.186.3.90 /Mirserver123456.zip
INFO: [ app_init ] --START--
INFO: Run Behavior\BuildLiteBehavior [ RunTime:0.000025s ]
INFO: [ app_init ] --END-- [ RunTime:0.000391s ]
ERR: 娉杞芥ā:Mirserver123456

[ 2017-02-02T00:25:17+08:00 ] 222.186.3.90 /mirserver123456789.zip
INFO: [ app_init ] --START--
INFO: Run Behavior\BuildLiteBehavior [ RunTime:0.000023s ]
INFO: [ app_init ] --END-- [ RunTime:0.000413s ]
ERR: 娉杞芥ā:Mirserver123456789

[ 2017-02-02T00:25:17+08:00 ] 222.186.3.90 /mirserver复古.zip
INFO: [ app_init ] --START--
INFO: Run Behavior\BuildLiteBehavior [ RunTime:0.000022s ]
INFO: [ app_init ] --END-- [ RunTime:0.000452s ]
ERR: 娉杞芥ā:Mirserver复古

[ 2017-02-02T00:25:17+08:00 ] 222.186.3.90 /1mirserver.zip
INFO: [ app_init ] --START--
INFO: Run Behavior\BuildLiteBehavior [ RunTime:0.000030s ]
INFO: [ app_init ] --END-- [ RunTime:0.000401s ]
ERR: 娉杞芥ā:1mirserver

[ 2017-02-02T00:25:17+08:00 ] 222.186.3.90 /版本.zip
INFO: [ app_init ] --START--
INFO: Run Behavior\BuildLiteBehavior [ RunTime:0.000022s ]
INFO: [ app_init ] --END-- [ RunTime:0.000343s ]
ERR: 娉杞芥ā:版本

[ 2017-02-02T00:25:18+08:00 ] 222.186.3.90 /版本1.zip
INFO: [ app_init ] --START--
INFO: Run Behavior\BuildLiteBehavior [ RunTime:0.000021s ]
INFO: [ app_init ] --END-- [ RunTime:0.000336s ]
ERR: 娉杞芥ā:版本1

[ 2017-02-02T00:25:18+08:00 ] 222.186.3.90 /备份.zip
INFO: [ app_init ] --START--
INFO: Run Behavior\BuildLiteBehavior [ RunTime:0.000070s ]
INFO: [ app_init ] --END-- [ RunTime:0.000384s ]
ERR: 娉杞芥ā:备份

[ 2017-02-02T00:25:18+08:00 ] 222.186.3.90 /测试.zip
INFO: [ app_init ] --START--
INFO: Run Behavior\BuildLiteBehavior [ RunTime:0.000023s ]
INFO: [ app_init ] --END-- [ RunTime:0.000386s ]
ERR: 娉杞芥ā:测试

[ 2017-02-02T00:25:18+08:00 ] 222.186.3.90 /测试版本.zip
INFO: [ app_init ] --START--
INFO: Run Behavior\BuildLiteBehavior [ RunTime:0.000023s ]
INFO: [ app_init ] --END-- [ RunTime:0.000363s ]
ERR: 娉杞芥ā:测试版本

[ 2017-02-02T00:25:18+08:00 ] 222.186.3.90 /复古.zip
INFO: [ app_init ] --START--
INFO: Run Behavior\BuildLiteBehavior [ RunTime:0.000027s ]
INFO: [ app_init ] --END-- [ RunTime:0.000549s ]
ERR: 娉杞芥ā:复古

[ 2017-02-02T00:25:18+08:00 ] 222.186.3.90 /复件%20新建文件夹.zip
INFO: [ app_init ] --START--
INFO: Run Behavior\BuildLiteBehavior [ RunTime:0.000032s ]
INFO: [ app_init ] --END-- [ RunTime:0.000410s ]
ERR: 娉杞芥ā:复件 新建文件夹

[ 2017-02-02T00:25:18+08:00 ] 222.186.3.90 /复件%20新建文件夹1.zip
INFO: [ app_init ] --START--
INFO: Run Behavior\BuildLiteBehavior [ RunTime:0.000025s ]
INFO: [ app_init ] --END-- [ RunTime:0.000374s ]
ERR: 娉杞芥ā:复件 新建文件夹1

[ 2017-02-02T00:25:18+08:00 ] 222.186.3.90 /复件%20新建文件夹2.zip
INFO: [ app_init ] --START--
INFO: Run Behavior\BuildLiteBehavior [ RunTime:0.000032s ]
INFO: [ app_init ] --END-- [ RunTime:0.000683s ]
ERR: 娉杞芥ā:复件 新建文件夹2

[ 2017-02-02T00:25:18+08:00 ] 222.186.3.90 /复件%20新建文件夹3.zip
INFO: [ app_init ] --START--
INFO: Run Behavior\BuildLiteBehavior [ RunTime:0.000028s ]
INFO: [ app_init ] --END-- [ RunTime:0.000494s ]
ERR: 娉杞芥ā:复件 新建文件夹3

[ 2017-02-02T00:25:18+08:00 ] 222.186.3.90 /复件.zip
INFO: [ app_init ] --START--
INFO: Run Behavior\BuildLiteBehavior [ RunTime:0.000023s ]
INFO: [ app_init ] --END-- [ RunTime:0.000347s ]
ERR: 娉杞芥ā:复件

[ 2017-02-02T00:25:18+08:00 ] 222.186.3.90 /复件1.zip
INFO: [ app_init ] --START--
INFO: Run Behavior\BuildLiteBehavior [ RunTime:0.000034s ]
INFO: [ app_init ] --END-- [ RunTime:0.000549s ]
ERR: 娉杞芥ā:复件1

[ 2017-02-02T00:25:18+08:00 ] 222.186.3.90 /复件mirserver.zip
INFO: [ app_init ] --START--
INFO: Run Behavior\BuildLiteBehavior [ RunTime:0.000033s ]
INFO: [ app_init ] --END-- [ RunTime:0.000530s ]
ERR: 娉杞芥ā:复件mirserver

[ 2017-02-02T00:25:18+08:00 ] 222.186.3.90 /精品.zip
INFO: [ app_init ] --START--
INFO: Run Behavior\BuildLiteBehavior [ RunTime:0.000032s ]
INFO: [ app_init ] --END-- [ RunTime:0.000665s ]
ERR: 娉杞芥ā:精品

[ 2017-02-02T00:25:18+08:00 ] 222.186.3.90 /老版本.zip
INFO: [ app_init ] --START--
INFO: Run Behavior\BuildLiteBehavior [ RunTime:0.000024s ]
INFO: [ app_init ] --END-- [ RunTime:0.000370s ]
ERR: 娉杞芥ā:老版本

[ 2017-02-02T00:25:18+08:00 ] 222.186.3.90 /老版本Mirserver.zip
INFO: [ app_init ] --START--
INFO: Run Behavior\BuildLiteBehavior [ RunTime:0.000081s ]
INFO: [ app_init ] --END-- [ RunTime:0.000409s ]
ERR: 娉杞芥ā:老版本Mirserver

[ 2017-02-02T00:25:18+08:00 ] 222.186.3.90 /老区.zip
INFO: [ app_init ] --START--
INFO: Run Behavior\BuildLiteBehavior [ RunTime:0.000033s ]
INFO: [ app_init ] --END-- [ RunTime:0.000447s ]
ERR: 娉杞芥ā:老区

[ 2017-02-02T00:25:18+08:00 ] 222.186.3.90 /轻变.zip
INFO: [ app_init ] --START--
INFO: Run Behavior\BuildLiteBehavior [ RunTime:0.000029s ]
INFO: [ app_init ] --END-- [ RunTime:0.000665s ]
ERR: 娉杞芥ā:轻变

[ 2017-02-02T00:25:18+08:00 ] 222.186.3.90 /新版本.zip
INFO: [ app_init ] --START--
INFO: Run Behavior\BuildLiteBehavior [ RunTime:0.000023s ]
INFO: [ app_init ] --END-- [ RunTime:0.000359s ]
ERR: 娉杞芥ā:新版本

[ 2017-02-02T00:25:18+08:00 ] 222.186.3.90 /新版本Mirserver.zip
INFO: [ app_init ] --START--
INFO: Run Behavior\BuildLiteBehavior [ RunTime:0.000025s ]
INFO: [ app_init ] --END-- [ RunTime:0.000469s ]
ERR: 娉杞芥ā:新版本Mirserver

[ 2017-02-02T00:25:18+08:00 ] 222.186.3.90 /新建文件夹.zip
INFO: [ app_init ] --START--
INFO: Run Behavior\BuildLiteBehavior [ RunTime:0.000031s ]
INFO: [ app_init ] --END-- [ RunTime:0.000588s ]
ERR: 娉杞芥ā:新建文件夹

[ 2017-02-02T00:25:18+08:00 ] 222.186.3.90 /新建文件夹1.zip
INFO: [ app_init ] --START--
INFO: Run Behavior\BuildLiteBehavior [ RunTime:0.000020s ]
INFO: [ app_init ] --END-- [ RunTime:0.000335s ]
ERR: 娉杞芥ā:新建文件夹1

[ 2017-02-02T00:25:18+08:00 ] 222.186.3.90 /GOM.zip
INFO: [ app_init ] --START--
INFO: Run Behavior\BuildLiteBehavior [ RunTime:0.000023s ]
INFO: [ app_init ] --END-- [ RunTime:0.000429s ]
ERR: 娉杞芥ā:GOM

[ 2017-02-02T00:25:18+08:00 ] 222.186.3.90 /hero.zip
INFO: [ app_init ] --START--
INFO: Run Behavior\BuildLiteBehavior [ RunTime:0.000017s ]
INFO: [ app_init ] --END-- [ RunTime:0.000330s ]
ERR: 娉杞芥ā:Hero

[ 2017-02-02T00:25:18+08:00 ] 222.186.3.90 /blue.zip
INFO: [ app_init ] --START--
INFO: Run Behavior\BuildLiteBehavior [ RunTime:0.000022s ]
INFO: [ app_init ] --END-- [ RunTime:0.000342s ]
ERR: 娉杞芥ā:Blue

[ 2017-02-02T00:25:18+08:00 ] 222.186.3.90 /新区.zip
INFO: [ app_init ] --START--
INFO: Run Behavior\BuildLiteBehavior [ RunTime:0.000020s ]
INFO: [ app_init ] --END-- [ RunTime:0.000386s ]
ERR: 娉杞芥ā:新区

[ 2017-02-02T00:25:18+08:00 ] 222.186.3.90 /中变.zip
INFO: [ app_init ] --START--
INFO: Run Behavior\BuildLiteBehavior [ RunTime:0.000025s ]
INFO: [ app_init ] --END-- [ RunTime:0.000463s ]
ERR: 娉杞芥ā:中变

[ 2017-02-02T00:25:18+08:00 ] 222.186.3.90 /cmirserver.zip
INFO: [ app_init ] --START--
INFO: Run Behavior\BuildLiteBehavior [ RunTime:0.000022s ]
INFO: [ app_init ] --END-- [ RunTime:0.000346s ]
ERR: 娉杞芥ā:Cmirserver

[ 2017-02-02T00:25:18+08:00 ] 222.186.3.90 /cmirserver01.zip
INFO: [ app_init ] --START--
INFO: Run Behavior\BuildLiteBehavior [ RunTime:0.000026s ]
INFO: [ app_init ] --END-- [ RunTime:0.000596s ]
ERR: 娉杞芥ā:Cmirserver01

[ 2017-02-02T00:25:18+08:00 ] 222.186.3.90 /cmirserver1.zip
INFO: [ app_init ] --START--
INFO: Run Behavior\BuildLiteBehavior [ RunTime:0.000024s ]
INFO: [ app_init ] --END-- [ RunTime:0.000366s ]
ERR: 娉杞芥ā:Cmirserver1

[ 2017-02-02T00:25:19+08:00 ] 222.186.3.90 /cmirserver11.zip
INFO: [ app_init ] --START--
INFO: Run Behavior\BuildLiteBehavior [ RunTime:0.000026s ]
INFO: [ app_init ] --END-- [ RunTime:0.000455s ]
ERR: 娉杞芥ā:Cmirserver11

[ 2017-02-02T00:25:19+08:00 ] 222.186.3.90 /cmirserver2.zip
INFO: [ app_init ] --START--
INFO: Run Behavior\BuildLiteBehavior [ RunTime:0.000025s ]
INFO: [ app_init ] --END-- [ RunTime:0.000438s ]
ERR: 娉杞芥ā:Cmirserver2

[ 2017-02-02T00:25:19+08:00 ] 222.186.3.90 /cmirserver3.zip
INFO: [ app_init ] --START--
INFO: Run Behavior\BuildLiteBehavior [ RunTime:0.000022s ]
INFO: [ app_init ] --END-- [ RunTime:0.000410s ]
ERR: 娉杞芥ā:Cmirserver3

[ 2017-02-02T01:25:40+08:00 ] 203.208.60.233 /robots.txt
INFO: [ app_init ] --START--
INFO: Run Behavior\BuildLiteBehavior [ RunTime:0.000022s ]
INFO: [ app_init ] --END-- [ RunTime:0.000352s ]
ERR: 娉杞芥ā:Robots

[ 2017-02-02T01:33:24+08:00 ] 175.22.22.32 /robots.txt
INFO: [ app_init ] --START--
INFO: Run Behavior\BuildLiteBehavior [ RunTime:0.000025s ]
INFO: [ app_init ] --END-- [ RunTime:0.000454s ]
ERR: 娉杞芥ā:Robots

[ 2017-02-02T01:47:12+08:00 ] 106.38.231.220 http://106.2.112.147/proxyip/check
INFO: [ app_init ] --START--
INFO: Run Behavior\BuildLiteBehavior [ RunTime:0.000025s ]
INFO: [ app_init ] --END-- [ RunTime:0.000380s ]
ERR: 娉杞芥ā:Proxyip

[ 2017-02-02T02:35:38+08:00 ] 139.162.88.63 http://clientapi.ipip.net/echo.php?info=1234567890
INFO: [ app_init ] --START--
INFO: Run Behavior\BuildLiteBehavior [ RunTime:0.000020s ]
INFO: [ app_init ] --END-- [ RunTime:0.000378s ]
ERR: 娉杞芥ā:Echo

[ 2017-02-02T03:15:40+08:00 ] 106.38.230.19 http://106.2.112.147/proxyip/check
INFO: [ app_init ] --START--
INFO: Run Behavior\BuildLiteBehavior [ RunTime:0.000025s ]
INFO: [ app_init ] --END-- [ RunTime:0.000368s ]
ERR: 娉杞芥ā:Proxyip

[ 2017-02-02T03:21:51+08:00 ] 36.57.134.211 /member.php?mod=logging&action=login
INFO: [ app_init ] --START--
INFO: Run Behavior\BuildLiteBehavior [ RunTime:0.000019s ]
INFO: [ app_init ] --END-- [ RunTime:0.000399s ]
ERR: 娉杞芥ā:Member

[ 2017-02-02T03:21:51+08:00 ] 36.57.134.211 /member.php?mod=register
INFO: [ app_init ] --START--
INFO: Run Behavior\BuildLiteBehavior [ RunTime:0.000022s ]
INFO: [ app_init ] --END-- [ RunTime:0.000402s ]
ERR: 娉杞芥ā:Member

[ 2017-02-02T03:51:57+08:00 ] 101.201.235.71 /robots.txt
INFO: [ app_init ] --START--
INFO: Run Behavior\BuildLiteBehavior [ RunTime:0.000024s ]
INFO: [ app_init ] --END-- [ RunTime:0.000357s ]
ERR: 娉杞芥ā:Robots

[ 2017-02-02T03:51:57+08:00 ] 101.201.235.71 /sdk/../../../../../..//etc/vmware/hostd/vmInventory.xml
INFO: [ app_init ] --START--
INFO: Run Behavior\BuildLiteBehavior [ RunTime:0.000020s ]
INFO: [ app_init ] --END-- [ RunTime:0.002485s ]
ERR: 娉杞芥ā:Etc

[ 2017-02-02T03:51:58+08:00 ] 101.201.235.71 /sdk/%2E%2E/%2E%2E/%2E%2E/%2E%2E/%2E%2E/%2E%2E//etc/vmware/hostd/vmInventory.xml
INFO: [ app_init ] --START--
INFO: Run Behavior\BuildLiteBehavior [ RunTime:0.000030s ]
INFO: [ app_init ] --END-- [ RunTime:0.000434s ]
ERR: 娉杞芥ā:Etc

[ 2017-02-02T03:51:58+08:00 ] 101.201.235.71 /favicon.ico
INFO: [ app_init ] --START--
INFO: Run Behavior\BuildLiteBehavior [ RunTime:0.000021s ]
INFO: [ app_init ] --END-- [ RunTime:0.000441s ]
ERR: 娉杞芥ā:Favicon

[ 2017-02-02T04:07:29+08:00 ] 106.120.173.132 /post/337.html
INFO: [ app_init ] --START--
INFO: Run Behavior\BuildLiteBehavior [ RunTime:0.000029s ]
INFO: [ app_init ] --END-- [ RunTime:0.000574s ]
ERR: 娉杞芥ā:Post

[ 2017-02-02T04:07:30+08:00 ] 106.120.173.132 /robots.txt
INFO: [ app_init ] --START--
INFO: Run Behavior\BuildLiteBehavior [ RunTime:0.000023s ]
INFO: [ app_init ] --END-- [ RunTime:0.000524s ]
ERR: 娉杞芥ā:Robots

[ 2017-02-02T04:07:39+08:00 ] 106.120.173.132 /post/241.html
INFO: [ app_init ] --START--
INFO: Run Behavior\BuildLiteBehavior [ RunTime:0.000022s ]
INFO: [ app_init ] --END-- [ RunTime:0.000346s ]
ERR: 娉杞芥ā:Post

[ 2017-02-02T04:07:49+08:00 ] 106.120.173.132 /cmd.asp?act=gettburl&id=212
INFO: [ app_init ] --START--
INFO: Run Behavior\BuildLiteBehavior [ RunTime:0.000023s ]
INFO: [ app_init ] --END-- [ RunTime:0.000352s ]
ERR: 娉杞芥ā:Cmd

[ 2017-02-02T04:07:59+08:00 ] 106.120.173.132 /cmd.asp?act=gettburl&id=341
INFO: [ app_init ] --START--
INFO: Run Behavior\BuildLiteBehavior [ RunTime:0.000024s ]
INFO: [ app_init ] --END-- [ RunTime:0.000419s ]
ERR: 娉杞芥ā:Cmd

[ 2017-02-02T04:14:40+08:00 ] 191.96.249.70 /xmlrpc.php
INFO: [ app_init ] --START--
INFO: Run Behavior\BuildLiteBehavior [ RunTime:0.000024s ]
INFO: [ app_init ] --END-- [ RunTime:0.000374s ]
ERR: 娉杞芥ā:Xmlrpc

[ 2017-02-02T04:31:56+08:00 ] 180.76.15.27 /forum.php?mod=guide
INFO: [ app_init ] --START--
INFO: Run Behavior\BuildLiteBehavior [ RunTime:0.000024s ]
INFO: [ app_init ] --END-- [ RunTime:0.000439s ]
ERR: 娉杞芥ā:Forum

[ 2017-02-02T04:44:53+08:00 ] 106.38.231.218 http://106.2.112.147/proxyip/check
INFO: [ app_init ] --START--
INFO: Run Behavior\BuildLiteBehavior [ RunTime:0.000021s ]
INFO: [ app_init ] --END-- [ RunTime:0.000321s ]
ERR: 娉杞芥ā:Proxyip

[ 2017-02-02T04:51:09+08:00 ] 120.132.3.151 http://www.qq.com/404/search_children.js
INFO: [ app_init ] --START--
INFO: Run Behavior\BuildLiteBehavior [ RunTime:0.000033s ]
INFO: [ app_init ] --END-- [ RunTime:0.000581s ]
ERR: 娉杞芥ā:404

[ 2017-02-02T04:51:18+08:00 ] 46.165.197.142 /robots.txt
INFO: [ app_init ] --START--
INFO: Run Behavior\BuildLiteBehavior [ RunTime:0.000032s ]
INFO: [ app_init ] --END-- [ RunTime:0.000439s ]
ERR: 娉杞芥ā:Robots

[ 2017-02-02T04:51:23+08:00 ] 46.165.197.142 /robots.txt
INFO: [ app_init ] --START--
INFO: Run Behavior\BuildLiteBehavior [ RunTime:0.000021s ]
INFO: [ app_init ] --END-- [ RunTime:0.000362s ]
ERR: 娉杞芥ā:Robots

[ 2017-02-02T05:09:20+08:00 ] 42.236.99.72 /forum.php?mod=viewthread&tid=24881
INFO: [ app_init ] --START--
INFO: Run Behavior\BuildLiteBehavior [ RunTime:0.000020s ]
INFO: [ app_init ] --END-- [ RunTime:0.000402s ]
ERR: 娉杞芥ā:Forum

[ 2017-02-02T05:09:21+08:00 ] 42.236.99.178 /forum.php?fromuid=49760&mod=viewthread&tid=46081
INFO: [ app_init ] --START--
INFO: Run Behavior\BuildLiteBehavior [ RunTime:0.000024s ]
INFO: [ app_init ] --END-- [ RunTime:0.000446s ]
ERR: 娉杞芥ā:Forum

[ 2017-02-02T05:10:17+08:00 ] 203.208.60.239 /robots.txt
INFO: [ app_init ] --START--
INFO: Run Behavior\BuildLiteBehavior [ RunTime:0.000022s ]
INFO: [ app_init ] --END-- [ RunTime:0.000345s ]
ERR: 娉杞芥ā:Robots

[ 2017-02-02T05:17:11+08:00 ] 91.196.50.33 http://testp1.piwo.pila.pl/testproxy.php
INFO: [ app_init ] --START--
INFO: Run Behavior\BuildLiteBehavior [ RunTime:0.000025s ]
INFO: [ app_init ] --END-- [ RunTime:0.000390s ]
ERR: 娉杞芥ā:Testproxy

[ 2017-02-02T05:18:07+08:00 ] 114.113.87.8 /zecmd/zecmd.jsp?comment=id
INFO: [ app_init ] --START--
INFO: Run Behavior\BuildLiteBehavior [ RunTime:0.000022s ]
INFO: [ app_init ] --END-- [ RunTime:0.000358s ]
ERR: 娉杞芥ā:Zecmd

[ 2017-02-02T06:04:17+08:00 ] 212.47.246.179 http://www.baidu.com/cache/global/img/gs.gif
INFO: [ app_init ] --START--
INFO: Run Behavior\BuildLiteBehavior [ RunTime:0.000022s ]
INFO: [ app_init ] --END-- [ RunTime:0.000352s ]
ERR: 娉杞芥ā:Cache

[ 2017-02-02T06:13:29+08:00 ] 106.38.230.190 http://106.2.112.147/proxyip/check
INFO: [ app_init ] --START--
INFO: Run Behavior\BuildLiteBehavior [ RunTime:0.000023s ]
INFO: [ app_init ] --END-- [ RunTime:0.000407s ]
ERR: 娉杞芥ā:Proxyip

[ 2017-02-02T07:42:17+08:00 ] 123.126.94.201 http://106.2.112.147/proxyip/check
INFO: [ app_init ] --START--
INFO: Run Behavior\BuildLiteBehavior [ RunTime:0.000092s ]
INFO: [ app_init ] --END-- [ RunTime:0.000556s ]
ERR: 娉杞芥ā:Proxyip

[ 2017-02-02T08:45:22+08:00 ] 203.208.60.235 /forum.php?mod=viewthread&tid=21043&fromuid=12433
INFO: [ app_init ] --START--
INFO: Run Behavior\BuildLiteBehavior [ RunTime:0.000030s ]
INFO: [ app_init ] --END-- [ RunTime:0.000401s ]
ERR: 娉杞芥ā:Forum

[ 2017-02-02T08:51:33+08:00 ] 203.208.60.237 /forum.php?mod=viewthread&tid=29628&fromuid=26633
INFO: [ app_init ] --START--
INFO: Run Behavior\BuildLiteBehavior [ RunTime:0.000020s ]
INFO: [ app_init ] --END-- [ RunTime:0.000328s ]
ERR: 娉杞芥ā:Forum

[ 2017-02-02T09:11:21+08:00 ] 106.38.231.220 http://106.2.112.147/proxyip/check
INFO: [ app_init ] --START--
INFO: Run Behavior\BuildLiteBehavior [ RunTime:0.000021s ]
INFO: [ app_init ] --END-- [ RunTime:0.000333s ]
ERR: 娉杞芥ā:Proxyip

[ 2017-02-02T10:39:51+08:00 ] 106.38.231.220 http://106.2.112.147/proxyip/check
INFO: [ app_init ] --START--
INFO: Run Behavior\BuildLiteBehavior [ RunTime:0.000022s ]
INFO: [ app_init ] --END-- [ RunTime:0.000342s ]
ERR: 娉杞芥ā:Proxyip

[ 2017-02-02T11:24:41+08:00 ] 207.46.13.197 /robots.txt
INFO: [ app_init ] --START--
INFO: Run Behavior\BuildLiteBehavior [ RunTime:0.000024s ]
INFO: [ app_init ] --END-- [ RunTime:0.000334s ]
ERR: 娉杞芥ā:Robots

[ 2017-02-02T11:24:49+08:00 ] 157.55.39.43 /forum.php?mod=forumdisplay&fid=42
INFO: [ app_init ] --START--
INFO: Run Behavior\BuildLiteBehavior [ RunTime:0.000018s ]
INFO: [ app_init ] --END-- [ RunTime:0.000318s ]
ERR: 娉杞芥ā:Forum

[ 2017-02-02T11:48:40+08:00 ] 203.208.60.223 /robots.txt
INFO: [ app_init ] --START--
INFO: Run Behavior\BuildLiteBehavior [ RunTime:0.000018s ]
INFO: [ app_init ] --END-- [ RunTime:0.000320s ]
ERR: 娉杞芥ā:Robots

[ 2017-02-02T11:57:54+08:00 ] 157.55.39.222 /forum.php?mod=forumdisplay&fid=39
INFO: [ app_init ] --START--
INFO: Run Behavior\BuildLiteBehavior [ RunTime:0.000028s ]
INFO: [ app_init ] --END-- [ RunTime:0.000459s ]
ERR: 娉杞芥ā:Forum

[ 2017-02-02T12:09:17+08:00 ] 123.126.94.201 http://106.2.112.147/proxyip/check
INFO: [ app_init ] --START--
INFO: Run Behavior\BuildLiteBehavior [ RunTime:0.000021s ]
INFO: [ app_init ] --END-- [ RunTime:0.000337s ]
ERR: 娉杞芥ā:Proxyip

[ 2017-02-02T13:37:36+08:00 ] 123.125.51.231 http://106.2.112.147/proxyip/check
INFO: [ app_init ] --START--
INFO: Run Behavior\BuildLiteBehavior [ RunTime:0.000022s ]
INFO: [ app_init ] --END-- [ RunTime:0.000350s ]
ERR: 娉杞芥ā:Proxyip

[ 2017-02-02T15:06:05+08:00 ] 123.125.51.231 http://106.2.112.147/proxyip/check
INFO: [ app_init ] --START--
INFO: Run Behavior\BuildLiteBehavior [ RunTime:0.000022s ]
INFO: [ app_init ] --END-- [ RunTime:0.000348s ]
ERR: 娉杞芥ā:Proxyip

[ 2017-02-02T15:25:29+08:00 ] 106.120.173.132 /post/214.html
INFO: [ app_init ] --START--
INFO: Run Behavior\BuildLiteBehavior [ RunTime:0.000022s ]
INFO: [ app_init ] --END-- [ RunTime:0.000339s ]
ERR: 娉杞芥ā:Post

[ 2017-02-02T15:25:39+08:00 ] 106.120.173.132 /cmd.asp?act=gettburl&id=308
INFO: [ app_init ] --START--
INFO: Run Behavior\BuildLiteBehavior [ RunTime:0.000019s ]
INFO: [ app_init ] --END-- [ RunTime:0.000319s ]
ERR: 娉杞芥ā:Cmd

[ 2017-02-02T15:25:49+08:00 ] 106.120.173.132 /post/277.html
INFO: [ app_init ] --START--
INFO: Run Behavior\BuildLiteBehavior [ RunTime:0.000020s ]
INFO: [ app_init ] --END-- [ RunTime:0.000344s ]
ERR: 娉杞芥ā:Post

[ 2017-02-02T15:25:59+08:00 ] 106.120.173.132 /cmd.asp?act=gettburl&id=101
INFO: [ app_init ] --START--
INFO: Run Behavior\BuildLiteBehavior [ RunTime:0.000017s ]
INFO: [ app_init ] --END-- [ RunTime:0.000362s ]
ERR: 娉杞芥ā:Cmd

[ 2017-02-02T16:35:25+08:00 ] 123.125.51.231 http://106.2.112.147/proxyip/check
INFO: [ app_init ] --START--
INFO: Run Behavior\BuildLiteBehavior [ RunTime:0.000022s ]
INFO: [ app_init ] --END-- [ RunTime:0.000355s ]
ERR: 娉杞芥ā:Proxyip

[ 2017-02-02T16:40:41+08:00 ] 207.46.13.243 /robots.txt
INFO: [ app_init ] --START--
INFO: Run Behavior\BuildLiteBehavior [ RunTime:0.000021s ]
INFO: [ app_init ] --END-- [ RunTime:0.000344s ]
ERR: 娉杞芥ā:Robots

[ 2017-02-02T17:17:42+08:00 ] 52.35.173.177 /robots.txt
INFO: [ app_init ] --START--
INFO: Run Behavior\BuildLiteBehavior [ RunTime:0.000024s ]
INFO: [ app_init ] --END-- [ RunTime:0.000365s ]
ERR: 娉杞芥ā:Robots

[ 2017-02-02T17:41:13+08:00 ] 216.244.66.242 /robots.txt
INFO: [ app_init ] --START--
INFO: Run Behavior\BuildLiteBehavior [ RunTime:0.000023s ]
INFO: [ app_init ] --END-- [ RunTime:0.000352s ]
ERR: 娉杞芥ā:Robots

[ 2017-02-02T17:58:38+08:00 ] 140.205.201.33 /afneruykgtqx
INFO: [ app_init ] --START--
INFO: Run Behavior\BuildLiteBehavior [ RunTime:0.000023s ]
INFO: [ app_init ] --END-- [ RunTime:0.000384s ]
ERR: 娉杞芥ā:Afneruykgtqx

[ 2017-02-02T17:58:38+08:00 ] 140.205.201.33 /afneruykgtqx
INFO: [ app_init ] --START--
INFO: Run Behavior\BuildLiteBehavior [ RunTime:0.000025s ]
INFO: [ app_init ] --END-- [ RunTime:0.000404s ]
ERR: 娉杞芥ā:Afneruykgtqx

[ 2017-02-02T17:58:38+08:00 ] 140.205.201.33 /afneruykgtqx
INFO: [ app_init ] --START--
INFO: Run Behavior\BuildLiteBehavior [ RunTime:0.000124s ]
INFO: [ app_init ] --END-- [ RunTime:0.000516s ]
ERR: 娉杞芥ā:Afneruykgtqx

[ 2017-02-02T17:58:43+08:00 ] 140.205.201.33 /about/
INFO: [ app_init ] --START--
INFO: Run Behavior\BuildLiteBehavior [ RunTime:0.000033s ]
INFO: [ app_init ] --END-- [ RunTime:0.000556s ]
ERR: 娉杞芥ā:About

[ 2017-02-02T17:59:00+08:00 ] 36.57.144.144 /member.php?mod=logging&action=login
INFO: [ app_init ] --START--
INFO: Run Behavior\BuildLiteBehavior [ RunTime:0.000024s ]
INFO: [ app_init ] --END-- [ RunTime:0.000428s ]
ERR: 娉杞芥ā:Member

[ 2017-02-02T17:59:00+08:00 ] 36.57.144.144 /member.php?mod=register
INFO: [ app_init ] --START--
INFO: Run Behavior\BuildLiteBehavior [ RunTime:0.000037s ]
INFO: [ app_init ] --END-- [ RunTime:0.000731s ]
ERR: 娉杞芥ā:Member

[ 2017-02-02T18:01:44+08:00 ] 140.205.201.33 /clusters.jsf
INFO: [ app_init ] --START--
INFO: Run Behavior\BuildLiteBehavior [ RunTime:0.000024s ]
INFO: [ app_init ] --END-- [ RunTime:0.000359s ]
ERR: 娉杞芥ā:Clusters

[ 2017-02-02T18:03:48+08:00 ] 106.38.231.220 http://106.2.112.147/proxyip/check
INFO: [ app_init ] --START--
INFO: Run Behavior\BuildLiteBehavior [ RunTime:0.000024s ]
INFO: [ app_init ] --END-- [ RunTime:0.000372s ]
ERR: 娉杞芥ā:Proxyip

[ 2017-02-02T18:07:10+08:00 ] 180.76.15.25 /robots.txt
INFO: [ app_init ] --START--
INFO: Run Behavior\BuildLiteBehavior [ RunTime:0.000024s ]
INFO: [ app_init ] --END-- [ RunTime:0.000350s ]
ERR: 娉杞芥ā:Robots

[ 2017-02-02T18:07:10+08:00 ] 180.76.15.134 /robots.txt
INFO: [ app_init ] --START--
INFO: Run Behavior\BuildLiteBehavior [ RunTime:0.000020s ]
INFO: [ app_init ] --END-- [ RunTime:0.000347s ]
ERR: 娉杞芥ā:Robots

[ 2017-02-02T18:11:01+08:00 ] 140.205.201.33 /hwi/
INFO: [ app_init ] --START--
INFO: Run Behavior\BuildLiteBehavior [ RunTime:0.000027s ]
INFO: [ app_init ] --END-- [ RunTime:0.000592s ]
ERR: 娉杞芥ā:Hwi

[ 2017-02-02T18:34:10+08:00 ] 140.205.201.33 /jobs/
INFO: [ app_init ] --START--
INFO: Run Behavior\BuildLiteBehavior [ RunTime:0.000021s ]
INFO: [ app_init ] --END-- [ RunTime:0.000396s ]
ERR: 娉杞芥ā:Jobs

[ 2017-02-02T18:36:00+08:00 ] 140.205.201.33 /ganglia/index.php
INFO: [ app_init ] --START--
INFO: Run Behavior\BuildLiteBehavior [ RunTime:0.000023s ]
INFO: [ app_init ] --END-- [ RunTime:0.000405s ]
ERR: 娉杞芥ā:Ganglia

[ 2017-02-02T18:37:13+08:00 ] 140.205.201.33 /rs-status
INFO: [ app_init ] --START--
INFO: Run Behavior\BuildLiteBehavior [ RunTime:0.000021s ]
INFO: [ app_init ] --END-- [ RunTime:0.000338s ]
ERR: 娉杞芥ā:Rs-status

[ 2017-02-02T18:40:33+08:00 ] 140.205.201.33 /master-status
INFO: [ app_init ] --START--
INFO: Run Behavior\BuildLiteBehavior [ RunTime:0.000022s ]
INFO: [ app_init ] --END-- [ RunTime:0.000421s ]
ERR: 娉杞芥ā:Master-status

[ 2017-02-02T18:41:29+08:00 ] 140.205.201.33 /warning
INFO: [ app_init ] --START--
INFO: Run Behavior\BuildLiteBehavior [ RunTime:0.000022s ]
INFO: [ app_init ] --END-- [ RunTime:0.000399s ]
ERR: 娉杞芥ā:Warning

[ 2017-02-02T18:42:05+08:00 ] 140.205.201.33 /pleasereadthis
INFO: [ app_init ] --START--
INFO: Run Behavior\BuildLiteBehavior [ RunTime:0.000022s ]
INFO: [ app_init ] --END-- [ RunTime:0.000373s ]
ERR: 娉杞芥ā:Pleasereadthis

[ 2017-02-02T18:43:43+08:00 ] 184.73.221.164 /forum.php?mod=viewthread&tid=1757&extra=page%3D1
INFO: [ app_init ] --START--
INFO: Run Behavior\BuildLiteBehavior [ RunTime:0.000023s ]
INFO: [ app_init ] --END-- [ RunTime:0.000417s ]
ERR: 娉杞芥ā:Forum

[ 2017-02-02T18:43:44+08:00 ] 184.73.221.164 /forum.php?mod=viewthread&tid=1757&extra=page%3D1
INFO: [ app_init ] --START--
INFO: Run Behavior\BuildLiteBehavior [ RunTime:0.000025s ]
INFO: [ app_init ] --END-- [ RunTime:0.000459s ]
ERR: 娉杞芥ā:Forum

[ 2017-02-02T18:43:44+08:00 ] 184.73.221.164 /robots.txt
INFO: [ app_init ] --START--
INFO: Run Behavior\BuildLiteBehavior [ RunTime:0.000032s ]
INFO: [ app_init ] --END-- [ RunTime:0.000529s ]
ERR: 娉杞芥ā:Robots

[ 2017-02-02T18:43:58+08:00 ] 140.205.201.33 /please_read/_search
INFO: [ app_init ] --START--
INFO: Run Behavior\BuildLiteBehavior [ RunTime:0.000022s ]
INFO: [ app_init ] --END-- [ RunTime:0.000345s ]
ERR: 娉杞芥ā:Please_read

[ 2017-02-02T18:44:02+08:00 ] 140.205.201.33 /dfshealth.jsp
INFO: [ app_init ] --START--
INFO: Run Behavior\BuildLiteBehavior [ RunTime:0.000026s ]
INFO: [ app_init ] --END-- [ RunTime:0.000489s ]
ERR: 娉杞芥ā:Dfshealth

[ 2017-02-02T18:44:13+08:00 ] 140.205.201.33 /hadoop/dfshealth.jsp
INFO: [ app_init ] --START--
INFO: Run Behavior\BuildLiteBehavior [ RunTime:0.000037s ]
INFO: [ app_init ] --END-- [ RunTime:0.000722s ]
ERR: 娉杞芥ā:Hadoop

[ 2017-02-02T18:45:15+08:00 ] 140.205.201.33 /solr/
INFO: [ app_init ] --START--
INFO: Run Behavior\BuildLiteBehavior [ RunTime:0.000019s ]
INFO: [ app_init ] --END-- [ RunTime:0.000338s ]
ERR: 娉杞芥ā:Solr

[ 2017-02-02T18:47:22+08:00 ] 140.205.201.33 /info
INFO: [ app_init ] --START--
INFO: Run Behavior\BuildLiteBehavior [ RunTime:0.000021s ]
INFO: [ app_init ] --END-- [ RunTime:0.000387s ]
ERR: 娉杞芥ā:Info

[ 2017-02-02T18:47:55+08:00 ] 140.205.201.33 /dfshealth.html
INFO: [ app_init ] --START--
INFO: Run Behavior\BuildLiteBehavior [ RunTime:0.000025s ]
INFO: [ app_init ] --END-- [ RunTime:0.000441s ]
ERR: 娉杞芥ā:Dfshealth

[ 2017-02-02T18:51:43+08:00 ] 140.205.201.33 /admin/
INFO: [ app_init ] --START--
INFO: Run Behavior\BuildLiteBehavior [ RunTime:0.000023s ]
INFO: [ app_init ] --END-- [ RunTime:0.000352s ]
ERR: 娉杞芥ā:Admin

[ 2017-02-02T19:31:55+08:00 ] 123.126.94.201 http://106.2.112.147/proxyip/check
INFO: [ app_init ] --START--
INFO: Run Behavior\BuildLiteBehavior [ RunTime:0.000021s ]
INFO: [ app_init ] --END-- [ RunTime:0.000330s ]
ERR: 娉杞芥ā:Proxyip

[ 2017-02-02T20:50:49+08:00 ] 36.57.144.130 /member.php?mod=logging&action=login
INFO: [ app_init ] --START--
INFO: Run Behavior\BuildLiteBehavior [ RunTime:0.000022s ]
INFO: [ app_init ] --END-- [ RunTime:0.000358s ]
ERR: 娉杞芥ā:Member

[ 2017-02-02T20:50:49+08:00 ] 36.57.144.130 /member.php?mod=register
INFO: [ app_init ] --START--
INFO: Run Behavior\BuildLiteBehavior [ RunTime:0.000025s ]
INFO: [ app_init ] --END-- [ RunTime:0.000399s ]
ERR: 娉杞芥ā:Member

[ 2017-02-02T21:00:53+08:00 ] 123.126.94.201 http://106.2.112.147/proxyip/check
INFO: [ app_init ] --START--
INFO: Run Behavior\BuildLiteBehavior [ RunTime:0.000017s ]
INFO: [ app_init ] --END-- [ RunTime:0.000307s ]
ERR: 娉杞芥ā:Proxyip

[ 2017-02-02T22:29:21+08:00 ] 106.38.230.19 http://106.2.112.147/proxyip/check
INFO: [ app_init ] --START--
INFO: Run Behavior\BuildLiteBehavior [ RunTime:0.000021s ]
INFO: [ app_init ] --END-- [ RunTime:0.000398s ]
ERR: 娉杞芥ā:Proxyip

[ 2017-02-02T23:45:09+08:00 ] 106.120.173.132 /post/168.html
INFO: [ app_init ] --START--
INFO: Run Behavior\BuildLiteBehavior [ RunTime:0.000022s ]
INFO: [ app_init ] --END-- [ RunTime:0.000336s ]
ERR: 娉杞芥ā:Post

[ 2017-02-02T23:45:22+08:00 ] 106.120.173.132 /post/307.html
INFO: [ app_init ] --START--
INFO: Run Behavior\BuildLiteBehavior [ RunTime:0.000023s ]
INFO: [ app_init ] --END-- [ RunTime:0.000354s ]
ERR: 娉杞芥ā:Post

[ 2017-02-02T23:45:35+08:00 ] 106.120.173.132 /cmd.asp?act=gettburl&id=172
INFO: [ app_init ] --START--
INFO: Run Behavior\BuildLiteBehavior [ RunTime:0.000027s ]
INFO: [ app_init ] --END-- [ RunTime:0.000477s ]
ERR: 娉杞芥ā:Cmd

[ 2017-02-02T23:45:48+08:00 ] 106.120.173.132 /cmd.asp?act=gettburl&id=265
INFO: [ app_init ] --START--
INFO: Run Behavior\BuildLiteBehavior [ RunTime:0.000032s ]
INFO: [ app_init ] --END-- [ RunTime:0.000395s ]
ERR: 娉杞芥ā:Cmd

[ 2017-02-02T23:58:11+08:00 ] 106.38.230.19 http://106.2.112.147/proxyip/check
INFO: [ app_init ] --START--
INFO: Run Behavior\BuildLiteBehavior [ RunTime:0.000020s ]
INFO: [ app_init ] --END-- [ RunTime:0.000394s ]
ERR: 娉杞芥ā:Proxyip

