[ 2017-01-30T00:06:19+08:00 ] 123.126.94.201 http://106.2.112.147/proxyip/check
INFO: [ app_init ] --START--
INFO: Run Behavior\BuildLiteBehavior [ RunTime:0.000022s ]
INFO: [ app_init ] --END-- [ RunTime:0.000344s ]
ERR: æ— æ³•åŠ è½½æ¨¡å—:Proxyip

[ 2017-01-30T00:30:27+08:00 ] 42.120.161.65 /forum.php?mod=viewthread&tid=63747
INFO: [ app_init ] --START--
INFO: Run Behavior\BuildLiteBehavior [ RunTime:0.000023s ]
INFO: [ app_init ] --END-- [ RunTime:0.000372s ]
ERR: æ— æ³•åŠ è½½æ¨¡å—:Forum

[ 2017-01-30T00:39:19+08:00 ] 208.43.225.85 /robots.txt
INFO: [ app_init ] --START--
INFO: Run Behavior\BuildLiteBehavior [ RunTime:0.000020s ]
INFO: [ app_init ] --END-- [ RunTime:0.000386s ]
ERR: æ— æ³•åŠ è½½æ¨¡å—:Robots

[ 2017-01-30T01:26:42+08:00 ] 220.181.108.113 /robots.txt
INFO: [ app_init ] --START--
INFO: Run Behavior\BuildLiteBehavior [ RunTime:0.000020s ]
INFO: [ app_init ] --END-- [ RunTime:0.000319s ]
ERR: æ— æ³•åŠ è½½æ¨¡å—:Robots

[ 2017-01-30T01:33:24+08:00 ] 175.22.22.32 /robots.txt
INFO: [ app_init ] --START--
INFO: Run Behavior\BuildLiteBehavior [ RunTime:0.000025s ]
INFO: [ app_init ] --END-- [ RunTime:0.000411s ]
ERR: æ— æ³•åŠ è½½æ¨¡å—:Robots

[ 2017-01-30T01:34:09+08:00 ] 123.126.94.201 http://106.2.112.147/proxyip/check
INFO: [ app_init ] --START--
INFO: Run Behavior\BuildLiteBehavior [ RunTime:0.000021s ]
INFO: [ app_init ] --END-- [ RunTime:0.000406s ]
ERR: æ— æ³•åŠ è½½æ¨¡å—:Proxyip

[ 2017-01-30T03:01:27+08:00 ] 106.38.231.219 http://106.2.112.147/proxyip/check
INFO: [ app_init ] --START--
INFO: Run Behavior\BuildLiteBehavior [ RunTime:0.000023s ]
INFO: [ app_init ] --END-- [ RunTime:0.000354s ]
ERR: æ— æ³•åŠ è½½æ¨¡å—:Proxyip

[ 2017-01-30T04:29:28+08:00 ] 106.38.231.218 http://106.2.112.147/proxyip/check
INFO: [ app_init ] --START--
INFO: Run Behavior\BuildLiteBehavior [ RunTime:0.000023s ]
INFO: [ app_init ] --END-- [ RunTime:0.000403s ]
ERR: æ— æ³•åŠ è½½æ¨¡å—:Proxyip

[ 2017-01-30T05:11:06+08:00 ] 139.162.88.63 http://clientapi.ipip.net/echo.php?info=1234567890
INFO: [ app_init ] --START--
INFO: Run Behavior\BuildLiteBehavior [ RunTime:0.000021s ]
INFO: [ app_init ] --END-- [ RunTime:0.000414s ]
ERR: æ— æ³•åŠ è½½æ¨¡å—:Echo

[ 2017-01-30T05:57:26+08:00 ] 123.126.94.252 http://106.2.112.147/proxyip/check
INFO: [ app_init ] --START--
INFO: Run Behavior\BuildLiteBehavior [ RunTime:0.000031s ]
INFO: [ app_init ] --END-- [ RunTime:0.000371s ]
ERR: æ— æ³•åŠ è½½æ¨¡å—:Proxyip

[ 2017-01-30T06:02:40+08:00 ] 42.236.99.142 /forum.php?mod=viewthread&tid=22649
INFO: [ app_init ] --START--
INFO: Run Behavior\BuildLiteBehavior [ RunTime:0.000017s ]
INFO: [ app_init ] --END-- [ RunTime:0.000389s ]
ERR: æ— æ³•åŠ è½½æ¨¡å—:Forum

[ 2017-01-30T06:14:07+08:00 ] 192.187.108.98 /erfurt/gotha/administrator/components/com_akquickicons/includes/elfinder/elfinder.html
INFO: [ app_init ] --START--
INFO: Run Behavior\BuildLiteBehavior [ RunTime:0.000030s ]
INFO: [ app_init ] --END-- [ RunTime:0.000576s ]
ERR: æ— æ³•åŠ è½½æ¨¡å—:Erfurt

[ 2017-01-30T06:14:08+08:00 ] 192.187.108.98 /gotha/erfurt/administrator/components/com_akquickicons/includes/elfinder/elfinder.html
INFO: [ app_init ] --START--
INFO: Run Behavior\BuildLiteBehavior [ RunTime:0.000022s ]
INFO: [ app_init ] --END-- [ RunTime:0.000340s ]
ERR: æ— æ³•åŠ è½½æ¨¡å—:Gotha

[ 2017-01-30T06:14:08+08:00 ] 192.187.108.98 /gotha/administrator/components/com_akquickicons/includes/elfinder/elfinder.html
INFO: [ app_init ] --START--
INFO: Run Behavior\BuildLiteBehavior [ RunTime:0.000020s ]
INFO: [ app_init ] --END-- [ RunTime:0.000331s ]
ERR: æ— æ³•åŠ è½½æ¨¡å—:Gotha

[ 2017-01-30T06:14:08+08:00 ] 192.187.108.98 /gotha/gotha/administrator/components/com_akquickicons/includes/elfinder/elfinder.html
INFO: [ app_init ] --START--
INFO: Run Behavior\BuildLiteBehavior [ RunTime:0.000022s ]
INFO: [ app_init ] --END-- [ RunTime:0.000341s ]
ERR: æ— æ³•åŠ è½½æ¨¡å—:Gotha

[ 2017-01-30T06:14:08+08:00 ] 192.187.108.98 /backup/preview_1/admin/elfinder/elfinder.html
INFO: [ app_init ] --START--
INFO: Run Behavior\BuildLiteBehavior [ RunTime:0.000021s ]
INFO: [ app_init ] --END-- [ RunTime:0.000378s ]
ERR: æ— æ³•åŠ è½½æ¨¡å—:Backup

[ 2017-01-30T07:25:27+08:00 ] 106.38.230.19 http://106.2.112.147/proxyip/check
INFO: [ app_init ] --START--
INFO: Run Behavior\BuildLiteBehavior [ RunTime:0.000021s ]
INFO: [ app_init ] --END-- [ RunTime:0.000335s ]
ERR: æ— æ³•åŠ è½½æ¨¡å—:Proxyip

[ 2017-01-30T08:36:01+08:00 ] 106.120.173.132 /post/265.html
INFO: [ app_init ] --START--
INFO: Run Behavior\BuildLiteBehavior [ RunTime:0.000020s ]
INFO: [ app_init ] --END-- [ RunTime:0.000357s ]
ERR: æ— æ³•åŠ è½½æ¨¡å—:Post

[ 2017-01-30T08:36:01+08:00 ] 106.120.173.132 /robots.txt
INFO: [ app_init ] --START--
INFO: Run Behavior\BuildLiteBehavior [ RunTime:0.000022s ]
INFO: [ app_init ] --END-- [ RunTime:0.000339s ]
ERR: æ— æ³•åŠ è½½æ¨¡å—:Robots

[ 2017-01-30T08:36:11+08:00 ] 106.120.173.132 /post/278.html
INFO: [ app_init ] --START--
INFO: Run Behavior\BuildLiteBehavior [ RunTime:0.000019s ]
INFO: [ app_init ] --END-- [ RunTime:0.000320s ]
ERR: æ— æ³•åŠ è½½æ¨¡å—:Post

[ 2017-01-30T08:36:21+08:00 ] 106.120.173.132 /cmd.asp?act=gettburl&id=160
INFO: [ app_init ] --START--
INFO: Run Behavior\BuildLiteBehavior [ RunTime:0.000024s ]
INFO: [ app_init ] --END-- [ RunTime:0.000381s ]
ERR: æ— æ³•åŠ è½½æ¨¡å—:Cmd

[ 2017-01-30T08:36:31+08:00 ] 106.120.173.132 /cmd.asp?act=gettburl&id=233
INFO: [ app_init ] --START--
INFO: Run Behavior\BuildLiteBehavior [ RunTime:0.000019s ]
INFO: [ app_init ] --END-- [ RunTime:0.000320s ]
ERR: æ— æ³•åŠ è½½æ¨¡å—:Cmd

[ 2017-01-30T08:37:28+08:00 ] 180.76.15.11 /robots.txt
INFO: [ app_init ] --START--
INFO: Run Behavior\BuildLiteBehavior [ RunTime:0.000026s ]
INFO: [ app_init ] --END-- [ RunTime:0.000481s ]
ERR: æ— æ³•åŠ è½½æ¨¡å—:Robots

[ 2017-01-30T08:40:31+08:00 ] 180.76.15.153 /forum.php?mod=viewthread&tid=45505
INFO: [ app_init ] --START--
INFO: Run Behavior\BuildLiteBehavior [ RunTime:0.000028s ]
INFO: [ app_init ] --END-- [ RunTime:0.000612s ]
ERR: æ— æ³•åŠ è½½æ¨¡å—:Forum

[ 2017-01-30T08:53:45+08:00 ] 106.38.230.190 http://106.2.112.147/proxyip/check
INFO: [ app_init ] --START--
INFO: Run Behavior\BuildLiteBehavior [ RunTime:0.000022s ]
INFO: [ app_init ] --END-- [ RunTime:0.000343s ]
ERR: æ— æ³•åŠ è½½æ¨¡å—:Proxyip

[ 2017-01-30T09:49:29+08:00 ] 80.82.78.38 http://www.baidu.com/cache/global/img/gs.gif
INFO: [ app_init ] --START--
INFO: Run Behavior\BuildLiteBehavior [ RunTime:0.000024s ]
INFO: [ app_init ] --END-- [ RunTime:0.000375s ]
ERR: æ— æ³•åŠ è½½æ¨¡å—:Cache

[ 2017-01-30T10:18:59+08:00 ] 66.249.64.62 /robots.txt
INFO: [ app_init ] --START--
INFO: Run Behavior\BuildLiteBehavior [ RunTime:0.000028s ]
INFO: [ app_init ] --END-- [ RunTime:0.000405s ]
ERR: æ— æ³•åŠ è½½æ¨¡å—:Robots

[ 2017-01-30T10:22:02+08:00 ] 106.38.231.218 http://106.2.112.147/proxyip/check
INFO: [ app_init ] --START--
INFO: Run Behavior\BuildLiteBehavior [ RunTime:0.000020s ]
INFO: [ app_init ] --END-- [ RunTime:0.000335s ]
ERR: æ— æ³•åŠ è½½æ¨¡å—:Proxyip

[ 2017-01-30T10:36:49+08:00 ] 91.196.50.33 http://testp4.pospr.waw.pl/testproxy.php
INFO: [ app_init ] --START--
INFO: Run Behavior\BuildLiteBehavior [ RunTime:0.000016s ]
INFO: [ app_init ] --END-- [ RunTime:0.000307s ]
ERR: æ— æ³•åŠ è½½æ¨¡å—:Testproxy

[ 2017-01-30T11:10:43+08:00 ] 172.82.166.210 http://www.baidu.com/cache/global/img/gs.gif
INFO: [ app_init ] --START--
INFO: Run Behavior\BuildLiteBehavior [ RunTime:0.000025s ]
INFO: [ app_init ] --END-- [ RunTime:0.000501s ]
ERR: æ— æ³•åŠ è½½æ¨¡å—:Cache

[ 2017-01-30T11:50:18+08:00 ] 123.126.94.252 http://106.2.112.147/proxyip/check
INFO: [ app_init ] --START--
INFO: Run Behavior\BuildLiteBehavior [ RunTime:0.000020s ]
INFO: [ app_init ] --END-- [ RunTime:0.000365s ]
ERR: æ— æ³•åŠ è½½æ¨¡å—:Proxyip

[ 2017-01-30T12:08:24+08:00 ] 140.205.225.187 /hjrdpmuivbwx
INFO: [ app_init ] --START--
INFO: Run Behavior\BuildLiteBehavior [ RunTime:0.000078s ]
INFO: [ app_init ] --END-- [ RunTime:0.000402s ]
ERR: æ— æ³•åŠ è½½æ¨¡å—:Hjrdpmuivbwx

[ 2017-01-30T12:08:24+08:00 ] 140.205.225.187 /hjrdpmuivbwx
INFO: [ app_init ] --START--
INFO: Run Behavior\BuildLiteBehavior [ RunTime:0.000021s ]
INFO: [ app_init ] --END-- [ RunTime:0.000389s ]
ERR: æ— æ³•åŠ è½½æ¨¡å—:Hjrdpmuivbwx

[ 2017-01-30T12:08:24+08:00 ] 140.205.225.187 /hjrdpmuivbwx
INFO: [ app_init ] --START--
INFO: Run Behavior\BuildLiteBehavior [ RunTime:0.000023s ]
INFO: [ app_init ] --END-- [ RunTime:0.000388s ]
ERR: æ— æ³•åŠ è½½æ¨¡å—:Hjrdpmuivbwx

[ 2017-01-30T12:08:24+08:00 ] 140.205.225.187 /about/
INFO: [ app_init ] --START--
INFO: Run Behavior\BuildLiteBehavior [ RunTime:0.000024s ]
INFO: [ app_init ] --END-- [ RunTime:0.000357s ]
ERR: æ— æ³•åŠ è½½æ¨¡å—:About

[ 2017-01-30T12:11:59+08:00 ] 140.205.225.187 /clusters.jsf
INFO: [ app_init ] --START--
INFO: Run Behavior\BuildLiteBehavior [ RunTime:0.000022s ]
INFO: [ app_init ] --END-- [ RunTime:0.000336s ]
ERR: æ— æ³•åŠ è½½æ¨¡å—:Clusters

[ 2017-01-30T12:18:43+08:00 ] 140.205.225.187 /hwi/
INFO: [ app_init ] --START--
INFO: Run Behavior\BuildLiteBehavior [ RunTime:0.000022s ]
INFO: [ app_init ] --END-- [ RunTime:0.000380s ]
ERR: æ— æ³•åŠ è½½æ¨¡å—:Hwi

[ 2017-01-30T12:40:04+08:00 ] 66.249.64.18 /robots.txt
INFO: [ app_init ] --START--
INFO: Run Behavior\BuildLiteBehavior [ RunTime:0.000020s ]
INFO: [ app_init ] --END-- [ RunTime:0.000325s ]
ERR: æ— æ³•åŠ è½½æ¨¡å—:Robots

[ 2017-01-30T12:53:45+08:00 ] 185.40.4.37 /recordings/
INFO: [ app_init ] --START--
INFO: Run Behavior\BuildLiteBehavior [ RunTime:0.000022s ]
INFO: [ app_init ] --END-- [ RunTime:0.000498s ]
ERR: æ— æ³•åŠ è½½æ¨¡å—:Recordings

[ 2017-01-30T13:05:45+08:00 ] 140.205.225.187 /jobs/
INFO: [ app_init ] --START--
INFO: Run Behavior\BuildLiteBehavior [ RunTime:0.000021s ]
INFO: [ app_init ] --END-- [ RunTime:0.000385s ]
ERR: æ— æ³•åŠ è½½æ¨¡å—:Jobs

[ 2017-01-30T13:08:33+08:00 ] 140.205.225.187 /ganglia/index.php
INFO: [ app_init ] --START--
INFO: Run Behavior\BuildLiteBehavior [ RunTime:0.000023s ]
INFO: [ app_init ] --END-- [ RunTime:0.000432s ]
ERR: æ— æ³•åŠ è½½æ¨¡å—:Ganglia

[ 2017-01-30T13:16:49+08:00 ] 140.205.225.187 /rs-status
INFO: [ app_init ] --START--
INFO: Run Behavior\BuildLiteBehavior [ RunTime:0.000016s ]
INFO: [ app_init ] --END-- [ RunTime:0.000327s ]
ERR: æ— æ³•åŠ è½½æ¨¡å—:Rs-status

[ 2017-01-30T13:18:07+08:00 ] 106.38.231.218 http://106.2.112.147/proxyip/check
INFO: [ app_init ] --START--
INFO: Run Behavior\BuildLiteBehavior [ RunTime:0.000020s ]
INFO: [ app_init ] --END-- [ RunTime:0.000330s ]
ERR: æ— æ³•åŠ è½½æ¨¡å—:Proxyip

[ 2017-01-30T13:23:40+08:00 ] 140.205.225.187 /master-status
INFO: [ app_init ] --START--
INFO: Run Behavior\BuildLiteBehavior [ RunTime:0.000018s ]
INFO: [ app_init ] --END-- [ RunTime:0.000315s ]
ERR: æ— æ³•åŠ è½½æ¨¡å—:Master-status

[ 2017-01-30T13:25:41+08:00 ] 140.205.225.187 /warning
INFO: [ app_init ] --START--
INFO: Run Behavior\BuildLiteBehavior [ RunTime:0.000088s ]
INFO: [ app_init ] --END-- [ RunTime:0.000446s ]
ERR: æ— æ³•åŠ è½½æ¨¡å—:Warning

[ 2017-01-30T13:27:52+08:00 ] 140.205.225.187 /pleasereadthis
INFO: [ app_init ] --START--
INFO: Run Behavior\BuildLiteBehavior [ RunTime:0.000020s ]
INFO: [ app_init ] --END-- [ RunTime:0.000358s ]
ERR: æ— æ³•åŠ è½½æ¨¡å—:Pleasereadthis

[ 2017-01-30T13:28:24+08:00 ] 140.205.225.187 /please_read/_search
INFO: [ app_init ] --START--
INFO: Run Behavior\BuildLiteBehavior [ RunTime:0.000027s ]
INFO: [ app_init ] --END-- [ RunTime:0.000478s ]
ERR: æ— æ³•åŠ è½½æ¨¡å—:Please_read

[ 2017-01-30T13:28:26+08:00 ] 140.205.225.187 /dfshealth.jsp
INFO: [ app_init ] --START--
INFO: Run Behavior\BuildLiteBehavior [ RunTime:0.000018s ]
INFO: [ app_init ] --END-- [ RunTime:0.000406s ]
ERR: æ— æ³•åŠ è½½æ¨¡å—:Dfshealth

[ 2017-01-30T13:28:28+08:00 ] 140.205.225.187 /hadoop/dfshealth.jsp
INFO: [ app_init ] --START--
INFO: Run Behavior\BuildLiteBehavior [ RunTime:0.000020s ]
INFO: [ app_init ] --END-- [ RunTime:0.000343s ]
ERR: æ— æ³•åŠ è½½æ¨¡å—:Hadoop

[ 2017-01-30T13:28:31+08:00 ] 140.205.225.187 /solr/
INFO: [ app_init ] --START--
INFO: Run Behavior\BuildLiteBehavior [ RunTime:0.000069s ]
INFO: [ app_init ] --END-- [ RunTime:0.000380s ]
ERR: æ— æ³•åŠ è½½æ¨¡å—:Solr

[ 2017-01-30T13:28:36+08:00 ] 140.205.225.187 /info
INFO: [ app_init ] --START--
INFO: Run Behavior\BuildLiteBehavior [ RunTime:0.000026s ]
INFO: [ app_init ] --END-- [ RunTime:0.000388s ]
ERR: æ— æ³•åŠ è½½æ¨¡å—:Info

[ 2017-01-30T13:28:41+08:00 ] 140.205.225.187 /dfshealth.html
INFO: [ app_init ] --START--
INFO: Run Behavior\BuildLiteBehavior [ RunTime:0.000026s ]
INFO: [ app_init ] --END-- [ RunTime:0.000400s ]
ERR: æ— æ³•åŠ è½½æ¨¡å—:Dfshealth

[ 2017-01-30T13:28:43+08:00 ] 140.205.225.187 /admin/
INFO: [ app_init ] --START--
INFO: Run Behavior\BuildLiteBehavior [ RunTime:0.000017s ]
INFO: [ app_init ] --END-- [ RunTime:0.000365s ]
ERR: æ— æ³•åŠ è½½æ¨¡å—:Admin

[ 2017-01-30T13:39:25+08:00 ] 66.249.64.146 /forum.php?mod=viewthread&tid=28054
INFO: [ app_init ] --START--
INFO: Run Behavior\BuildLiteBehavior [ RunTime:0.000019s ]
INFO: [ app_init ] --END-- [ RunTime:0.000323s ]
ERR: æ— æ³•åŠ è½½æ¨¡å—:Forum

[ 2017-01-30T14:46:16+08:00 ] 106.38.230.190 http://106.2.112.147/proxyip/check
INFO: [ app_init ] --START--
INFO: Run Behavior\BuildLiteBehavior [ RunTime:0.000020s ]
INFO: [ app_init ] --END-- [ RunTime:0.000367s ]
ERR: æ— æ³•åŠ è½½æ¨¡å—:Proxyip

[ 2017-01-30T16:14:25+08:00 ] 123.126.94.252 http://106.2.112.147/proxyip/check
INFO: [ app_init ] --START--
INFO: Run Behavior\BuildLiteBehavior [ RunTime:0.000024s ]
INFO: [ app_init ] --END-- [ RunTime:0.000456s ]
ERR: æ— æ³•åŠ è½½æ¨¡å—:Proxyip

[ 2017-01-30T17:42:52+08:00 ] 123.125.51.231 http://106.2.112.147/proxyip/check
INFO: [ app_init ] --START--
INFO: Run Behavior\BuildLiteBehavior [ RunTime:0.000023s ]
INFO: [ app_init ] --END-- [ RunTime:0.000404s ]
ERR: æ— æ³•åŠ è½½æ¨¡å—:Proxyip

[ 2017-01-30T19:11:34+08:00 ] 106.38.231.219 http://106.2.112.147/proxyip/check
INFO: [ app_init ] --START--
INFO: Run Behavior\BuildLiteBehavior [ RunTime:0.000022s ]
INFO: [ app_init ] --END-- [ RunTime:0.000507s ]
ERR: æ— æ³•åŠ è½½æ¨¡å—:Proxyip

[ 2017-01-30T19:35:24+08:00 ] 106.120.173.132 /post/335.html
INFO: [ app_init ] --START--
INFO: Run Behavior\BuildLiteBehavior [ RunTime:0.000020s ]
INFO: [ app_init ] --END-- [ RunTime:0.000340s ]
ERR: æ— æ³•åŠ è½½æ¨¡å—:Post

[ 2017-01-30T19:35:34+08:00 ] 106.120.173.132 /cmd.asp?act=gettburl&id=742
INFO: [ app_init ] --START--
INFO: Run Behavior\BuildLiteBehavior [ RunTime:0.000021s ]
INFO: [ app_init ] --END-- [ RunTime:0.000342s ]
ERR: æ— æ³•åŠ è½½æ¨¡å—:Cmd

[ 2017-01-30T19:35:44+08:00 ] 106.120.173.132 /post/71.html
INFO: [ app_init ] --START--
INFO: Run Behavior\BuildLiteBehavior [ RunTime:0.000023s ]
INFO: [ app_init ] --END-- [ RunTime:0.000431s ]
ERR: æ— æ³•åŠ è½½æ¨¡å—:Post

[ 2017-01-30T19:35:54+08:00 ] 106.120.173.132 /cmd.asp?act=gettburl&id=222
INFO: [ app_init ] --START--
INFO: Run Behavior\BuildLiteBehavior [ RunTime:0.000018s ]
INFO: [ app_init ] --END-- [ RunTime:0.000365s ]
ERR: æ— æ³•åŠ è½½æ¨¡å—:Cmd

[ 2017-01-30T20:04:10+08:00 ] 222.186.3.90 /Mirserver%20-%20¸±±¾.rar
INFO: [ app_init ] --START--
INFO: Run Behavior\BuildLiteBehavior [ RunTime:0.000023s ]
INFO: [ app_init ] --END-- [ RunTime:0.000358s ]
ERR: æ— æ³•åŠ è½½æ¨¡å—:Mirserver - ¸±±¾

[ 2017-01-30T20:04:10+08:00 ] 222.186.3.90 /Mirserver0%20-%20¸±±¾.rar
INFO: [ app_init ] --START--
INFO: Run Behavior\BuildLiteBehavior [ RunTime:0.000022s ]
INFO: [ app_init ] --END-- [ RunTime:0.000342s ]
ERR: æ— æ³•åŠ è½½æ¨¡å—:Mirserver0 - ¸±±¾

[ 2017-01-30T20:04:10+08:00 ] 222.186.3.90 /Mirserver1%20-%20¸±±¾.rar
INFO: [ app_init ] --START--
INFO: Run Behavior\BuildLiteBehavior [ RunTime:0.000022s ]
INFO: [ app_init ] --END-- [ RunTime:0.000398s ]
ERR: æ— æ³•åŠ è½½æ¨¡å—:Mirserver1 - ¸±±¾

[ 2017-01-30T20:04:10+08:00 ] 222.186.3.90 /Mirserver2%20-%20¸±±¾.rar
INFO: [ app_init ] --START--
INFO: Run Behavior\BuildLiteBehavior [ RunTime:0.000025s ]
INFO: [ app_init ] --END-- [ RunTime:0.000483s ]
ERR: æ— æ³•åŠ è½½æ¨¡å—:Mirserver2 - ¸±±¾

[ 2017-01-30T20:04:10+08:00 ] 222.186.3.90 /Mirserver3%20-%20¸±±¾.rar
INFO: [ app_init ] --START--
INFO: Run Behavior\BuildLiteBehavior [ RunTime:0.000025s ]
INFO: [ app_init ] --END-- [ RunTime:0.000388s ]
ERR: æ— æ³•åŠ è½½æ¨¡å—:Mirserver3 - ¸±±¾

[ 2017-01-30T20:04:10+08:00 ] 222.186.3.90 /Mirserver4%20-%20¸±±¾.rar
INFO: [ app_init ] --START--
INFO: Run Behavior\BuildLiteBehavior [ RunTime:0.000032s ]
INFO: [ app_init ] --END-- [ RunTime:0.000636s ]
ERR: æ— æ³•åŠ è½½æ¨¡å—:Mirserver4 - ¸±±¾

[ 2017-01-30T20:04:10+08:00 ] 222.186.3.90 /Mirserver5%20-%20¸±±¾.rar
INFO: [ app_init ] --START--
INFO: Run Behavior\BuildLiteBehavior [ RunTime:0.000022s ]
INFO: [ app_init ] --END-- [ RunTime:0.000415s ]
ERR: æ— æ³•åŠ è½½æ¨¡å—:Mirserver5 - ¸±±¾

[ 2017-01-30T20:04:10+08:00 ] 222.186.3.90 /Mirserver6%20-%20¸±±¾.rar
INFO: [ app_init ] --START--
INFO: Run Behavior\BuildLiteBehavior [ RunTime:0.000028s ]
INFO: [ app_init ] --END-- [ RunTime:0.000620s ]
ERR: æ— æ³•åŠ è½½æ¨¡å—:Mirserver6 - ¸±±¾

[ 2017-01-30T20:04:10+08:00 ] 222.186.3.90 /Mirserver7%20-%20¸±±¾.rar
INFO: [ app_init ] --START--
INFO: Run Behavior\BuildLiteBehavior [ RunTime:0.000019s ]
INFO: [ app_init ] --END-- [ RunTime:0.000326s ]
ERR: æ— æ³•åŠ è½½æ¨¡å—:Mirserver7 - ¸±±¾

[ 2017-01-30T20:04:10+08:00 ] 222.186.3.90 /Mirserver8%20-%20¸±±¾.rar
INFO: [ app_init ] --START--
INFO: Run Behavior\BuildLiteBehavior [ RunTime:0.000022s ]
INFO: [ app_init ] --END-- [ RunTime:0.000351s ]
ERR: æ— æ³•åŠ è½½æ¨¡å—:Mirserver8 - ¸±±¾

[ 2017-01-30T20:04:10+08:00 ] 222.186.3.90 /Mirserver9%20-%20¸±±¾.rar
INFO: [ app_init ] --START--
INFO: Run Behavior\BuildLiteBehavior [ RunTime:0.000022s ]
INFO: [ app_init ] --END-- [ RunTime:0.000366s ]
ERR: æ— æ³•åŠ è½½æ¨¡å—:Mirserver9 - ¸±±¾

[ 2017-01-30T20:04:10+08:00 ] 222.186.3.90 /Mirserver10%20-%20¸±±¾.rar
INFO: [ app_init ] --START--
INFO: Run Behavior\BuildLiteBehavior [ RunTime:0.000023s ]
INFO: [ app_init ] --END-- [ RunTime:0.000437s ]
ERR: æ— æ³•åŠ è½½æ¨¡å—:Mirserver10 - ¸±±¾

[ 2017-01-30T20:04:10+08:00 ] 222.186.3.90 /Mirserver11%20-%20¸±±¾.rar
INFO: [ app_init ] --START--
INFO: Run Behavior\BuildLiteBehavior [ RunTime:0.000016s ]
INFO: [ app_init ] --END-- [ RunTime:0.000365s ]
ERR: æ— æ³•åŠ è½½æ¨¡å—:Mirserver11 - ¸±±¾

[ 2017-01-30T20:04:10+08:00 ] 222.186.3.90 /Mirserver12%20-%20¸±±¾.rar
INFO: [ app_init ] --START--
INFO: Run Behavior\BuildLiteBehavior [ RunTime:0.000025s ]
INFO: [ app_init ] --END-- [ RunTime:0.000337s ]
ERR: æ— æ³•åŠ è½½æ¨¡å—:Mirserver12 - ¸±±¾

[ 2017-01-30T20:04:10+08:00 ] 222.186.3.90 /Mirserver13%20-%20¸±±¾.rar
INFO: [ app_init ] --START--
INFO: Run Behavior\BuildLiteBehavior [ RunTime:0.000021s ]
INFO: [ app_init ] --END-- [ RunTime:0.000334s ]
ERR: æ— æ³•åŠ è½½æ¨¡å—:Mirserver13 - ¸±±¾

[ 2017-01-30T20:04:10+08:00 ] 222.186.3.90 /Mirserver14%20-%20¸±±¾.rar
INFO: [ app_init ] --START--
INFO: Run Behavior\BuildLiteBehavior [ RunTime:0.000022s ]
INFO: [ app_init ] --END-- [ RunTime:0.000356s ]
ERR: æ— æ³•åŠ è½½æ¨¡å—:Mirserver14 - ¸±±¾

[ 2017-01-30T20:04:10+08:00 ] 222.186.3.90 /Mirserver15%20-%20¸±±¾.rar
INFO: [ app_init ] --START--
INFO: Run Behavior\BuildLiteBehavior [ RunTime:0.000024s ]
INFO: [ app_init ] --END-- [ RunTime:0.000381s ]
ERR: æ— æ³•åŠ è½½æ¨¡å—:Mirserver15 - ¸±±¾

[ 2017-01-30T20:04:10+08:00 ] 222.186.3.90 /¸´¼ş%20MirServer.rar
INFO: [ app_init ] --START--
INFO: Run Behavior\BuildLiteBehavior [ RunTime:0.000022s ]
INFO: [ app_init ] --END-- [ RunTime:0.000344s ]
ERR: æ— æ³•åŠ è½½æ¨¡å—:¸´¼ş MirServer

[ 2017-01-30T20:04:10+08:00 ] 222.186.3.90 /¸´¼ş%20MirServer0.rar
INFO: [ app_init ] --START--
INFO: Run Behavior\BuildLiteBehavior [ RunTime:0.000024s ]
INFO: [ app_init ] --END-- [ RunTime:0.000370s ]
ERR: æ— æ³•åŠ è½½æ¨¡å—:¸´¼ş MirServer0

[ 2017-01-30T20:04:10+08:00 ] 222.186.3.90 /¸´¼ş%20MirServer1.rar
INFO: [ app_init ] --START--
INFO: Run Behavior\BuildLiteBehavior [ RunTime:0.000022s ]
INFO: [ app_init ] --END-- [ RunTime:0.000451s ]
ERR: æ— æ³•åŠ è½½æ¨¡å—:¸´¼ş MirServer1

[ 2017-01-30T20:04:10+08:00 ] 222.186.3.90 /¸´¼ş%20MirServer2.rar
INFO: [ app_init ] --START--
INFO: Run Behavior\BuildLiteBehavior [ RunTime:0.000020s ]
INFO: [ app_init ] --END-- [ RunTime:0.000334s ]
ERR: æ— æ³•åŠ è½½æ¨¡å—:¸´¼ş MirServer2

[ 2017-01-30T20:04:10+08:00 ] 222.186.3.90 /¸´¼ş%20MirServer3.rar
INFO: [ app_init ] --START--
INFO: Run Behavior\BuildLiteBehavior [ RunTime:0.000020s ]
INFO: [ app_init ] --END-- [ RunTime:0.000536s ]
ERR: æ— æ³•åŠ è½½æ¨¡å—:¸´¼ş MirServer3

[ 2017-01-30T20:04:10+08:00 ] 222.186.3.90 /¸´¼ş%20MirServer4.rar
INFO: [ app_init ] --START--
INFO: Run Behavior\BuildLiteBehavior [ RunTime:0.000023s ]
INFO: [ app_init ] --END-- [ RunTime:0.000419s ]
ERR: æ— æ³•åŠ è½½æ¨¡å—:¸´¼ş MirServer4

[ 2017-01-30T20:04:10+08:00 ] 222.186.3.90 /¸´¼ş%20MirServer5.rar
INFO: [ app_init ] --START--
INFO: Run Behavior\BuildLiteBehavior [ RunTime:0.000025s ]
INFO: [ app_init ] --END-- [ RunTime:0.000548s ]
ERR: æ— æ³•åŠ è½½æ¨¡å—:¸´¼ş MirServer5

[ 2017-01-30T20:04:11+08:00 ] 222.186.3.90 /¸´¼ş%20MirServer6.rar
INFO: [ app_init ] --START--
INFO: Run Behavior\BuildLiteBehavior [ RunTime:0.000021s ]
INFO: [ app_init ] --END-- [ RunTime:0.000332s ]
ERR: æ— æ³•åŠ è½½æ¨¡å—:¸´¼ş MirServer6

[ 2017-01-30T20:04:11+08:00 ] 222.186.3.90 /¸´¼ş%20MirServer7.rar
INFO: [ app_init ] --START--
INFO: Run Behavior\BuildLiteBehavior [ RunTime:0.000022s ]
INFO: [ app_init ] --END-- [ RunTime:0.000391s ]
ERR: æ— æ³•åŠ è½½æ¨¡å—:¸´¼ş MirServer7

[ 2017-01-30T20:04:11+08:00 ] 222.186.3.90 /¸´¼ş%20MirServer8.rar
INFO: [ app_init ] --START--
INFO: Run Behavior\BuildLiteBehavior [ RunTime:0.000147s ]
INFO: [ app_init ] --END-- [ RunTime:0.000534s ]
ERR: æ— æ³•åŠ è½½æ¨¡å—:¸´¼ş MirServer8

[ 2017-01-30T20:04:11+08:00 ] 222.186.3.90 /¸´¼ş%20MirServer9.rar
INFO: [ app_init ] --START--
INFO: Run Behavior\BuildLiteBehavior [ RunTime:0.000025s ]
INFO: [ app_init ] --END-- [ RunTime:0.000493s ]
ERR: æ— æ³•åŠ è½½æ¨¡å—:¸´¼ş MirServer9

[ 2017-01-30T20:04:11+08:00 ] 222.186.3.90 /¸´¼ş%20MirServer10.rar
INFO: [ app_init ] --START--
INFO: Run Behavior\BuildLiteBehavior [ RunTime:0.000022s ]
INFO: [ app_init ] --END-- [ RunTime:0.000351s ]
ERR: æ— æ³•åŠ è½½æ¨¡å—:¸´¼ş MirServer10

[ 2017-01-30T20:04:11+08:00 ] 222.186.3.90 /¸´¼ş%20MirServer11.rar
INFO: [ app_init ] --START--
INFO: Run Behavior\BuildLiteBehavior [ RunTime:0.000022s ]
INFO: [ app_init ] --END-- [ RunTime:0.000409s ]
ERR: æ— æ³•åŠ è½½æ¨¡å—:¸´¼ş MirServer11

[ 2017-01-30T20:04:11+08:00 ] 222.186.3.90 /¸´¼ş%20MirServer12.rar
INFO: [ app_init ] --START--
INFO: Run Behavior\BuildLiteBehavior [ RunTime:0.000049s ]
INFO: [ app_init ] --END-- [ RunTime:0.000645s ]
ERR: æ— æ³•åŠ è½½æ¨¡å—:¸´¼ş MirServer12

[ 2017-01-30T20:04:11+08:00 ] 222.186.3.90 /¸´¼ş%20MirServer13.rar
INFO: [ app_init ] --START--
INFO: Run Behavior\BuildLiteBehavior [ RunTime:0.000024s ]
INFO: [ app_init ] --END-- [ RunTime:0.000373s ]
ERR: æ— æ³•åŠ è½½æ¨¡å—:¸´¼ş MirServer13

[ 2017-01-30T20:04:11+08:00 ] 222.186.3.90 /¸´¼ş%20MirServer14.rar
INFO: [ app_init ] --START--
INFO: Run Behavior\BuildLiteBehavior [ RunTime:0.000021s ]
INFO: [ app_init ] --END-- [ RunTime:0.000339s ]
ERR: æ— æ³•åŠ è½½æ¨¡å—:¸´¼ş MirServer14

[ 2017-01-30T20:04:11+08:00 ] 222.186.3.90 /1.70Mirserver.rar
INFO: [ app_init ] --START--
INFO: Run Behavior\BuildLiteBehavior [ RunTime:0.000031s ]
INFO: [ app_init ] --END-- [ RunTime:0.000653s ]
ERR: æ— æ³•åŠ è½½æ¨¡å—:1.70Mirserver

[ 2017-01-30T20:04:11+08:00 ] 222.186.3.90 /1.76Mirserver.rar
INFO: [ app_init ] --START--
INFO: Run Behavior\BuildLiteBehavior [ RunTime:0.000030s ]
INFO: [ app_init ] --END-- [ RunTime:0.000600s ]
ERR: æ— æ³•åŠ è½½æ¨¡å—:1.76Mirserver

[ 2017-01-30T20:04:11+08:00 ] 222.186.3.90 /1.80Mirserver.rar
INFO: [ app_init ] --START--
INFO: Run Behavior\BuildLiteBehavior [ RunTime:0.000025s ]
INFO: [ app_init ] --END-- [ RunTime:0.000375s ]
ERR: æ— æ³•åŠ è½½æ¨¡å—:1.80Mirserver

[ 2017-01-30T20:04:11+08:00 ] 222.186.3.90 /1.85Mirserver.rar
INFO: [ app_init ] --START--
INFO: Run Behavior\BuildLiteBehavior [ RunTime:0.000021s ]
INFO: [ app_init ] --END-- [ RunTime:0.000397s ]
ERR: æ— æ³•åŠ è½½æ¨¡å—:1.85Mirserver

[ 2017-01-30T20:04:11+08:00 ] 222.186.3.90 /1.90Mirserver.rar
INFO: [ app_init ] --START--
INFO: Run Behavior\BuildLiteBehavior [ RunTime:0.000019s ]
INFO: [ app_init ] --END-- [ RunTime:0.000322s ]
ERR: æ— æ³•åŠ è½½æ¨¡å—:1.90Mirserver

[ 2017-01-30T20:04:11+08:00 ] 222.186.3.90 /1.96Mirserver.rar
INFO: [ app_init ] --START--
INFO: Run Behavior\BuildLiteBehavior [ RunTime:0.000023s ]
INFO: [ app_init ] --END-- [ RunTime:0.000438s ]
ERR: æ— æ³•åŠ è½½æ¨¡å—:1.96Mirserver

[ 2017-01-30T20:04:11+08:00 ] 222.186.3.90 /1.99Mirserver.rar
INFO: [ app_init ] --START--
INFO: Run Behavior\BuildLiteBehavior [ RunTime:0.000028s ]
INFO: [ app_init ] --END-- [ RunTime:0.000555s ]
ERR: æ— æ³•åŠ è½½æ¨¡å—:1.99Mirserver

[ 2017-01-30T20:04:11+08:00 ] 222.186.3.90 /1.70.rar
INFO: [ app_init ] --START--
INFO: Run Behavior\BuildLiteBehavior [ RunTime:0.000025s ]
INFO: [ app_init ] --END-- [ RunTime:0.000464s ]
ERR: æ— æ³•åŠ è½½æ¨¡å—:1.70

[ 2017-01-30T20:04:11+08:00 ] 222.186.3.90 /1.76.rar
INFO: [ app_init ] --START--
INFO: Run Behavior\BuildLiteBehavior [ RunTime:0.000024s ]
INFO: [ app_init ] --END-- [ RunTime:0.000741s ]
ERR: æ— æ³•åŠ è½½æ¨¡å—:1.76

[ 2017-01-30T20:04:11+08:00 ] 222.186.3.90 /1.80.rar
INFO: [ app_init ] --START--
INFO: Run Behavior\BuildLiteBehavior [ RunTime:0.000035s ]
INFO: [ app_init ] --END-- [ RunTime:0.000596s ]
ERR: æ— æ³•åŠ è½½æ¨¡å—:1.80

[ 2017-01-30T20:04:11+08:00 ] 222.186.3.90 /1.85.rar
INFO: [ app_init ] --START--
INFO: Run Behavior\BuildLiteBehavior [ RunTime:0.000024s ]
INFO: [ app_init ] --END-- [ RunTime:0.000436s ]
ERR: æ— æ³•åŠ è½½æ¨¡å—:1.85

[ 2017-01-30T20:04:11+08:00 ] 222.186.3.90 /1.90.rar
INFO: [ app_init ] --START--
INFO: Run Behavior\BuildLiteBehavior [ RunTime:0.000022s ]
INFO: [ app_init ] --END-- [ RunTime:0.000358s ]
ERR: æ— æ³•åŠ è½½æ¨¡å—:1.90

[ 2017-01-30T20:04:11+08:00 ] 222.186.3.90 /1.96.rar
INFO: [ app_init ] --START--
INFO: Run Behavior\BuildLiteBehavior [ RunTime:0.000024s ]
INFO: [ app_init ] --END-- [ RunTime:0.000431s ]
ERR: æ— æ³•åŠ è½½æ¨¡å—:1.96

[ 2017-01-30T20:04:12+08:00 ] 222.186.3.90 /1.99.rar
INFO: [ app_init ] --START--
INFO: Run Behavior\BuildLiteBehavior [ RunTime:0.000022s ]
INFO: [ app_init ] --END-- [ RunTime:0.000355s ]
ERR: æ— æ³•åŠ è½½æ¨¡å—:1.99

[ 2017-01-30T20:04:12+08:00 ] 222.186.3.90 /176.rar
INFO: [ app_init ] --START--
INFO: Run Behavior\BuildLiteBehavior [ RunTime:0.000035s ]
INFO: [ app_init ] --END-- [ RunTime:0.000566s ]
ERR: æ— æ³•åŠ è½½æ¨¡å—:176

[ 2017-01-30T20:04:12+08:00 ] 222.186.3.90 /180.rar
INFO: [ app_init ] --START--
INFO: Run Behavior\BuildLiteBehavior [ RunTime:0.000071s ]
INFO: [ app_init ] --END-- [ RunTime:0.000387s ]
ERR: æ— æ³•åŠ è½½æ¨¡å—:180

[ 2017-01-30T20:04:12+08:00 ] 222.186.3.90 /185.rar
INFO: [ app_init ] --START--
INFO: Run Behavior\BuildLiteBehavior [ RunTime:0.000025s ]
INFO: [ app_init ] --END-- [ RunTime:0.000576s ]
ERR: æ— æ³•åŠ è½½æ¨¡å—:185

[ 2017-01-30T20:04:12+08:00 ] 222.186.3.90 /189.rar
INFO: [ app_init ] --START--
INFO: Run Behavior\BuildLiteBehavior [ RunTime:0.000025s ]
INFO: [ app_init ] --END-- [ RunTime:0.000368s ]
ERR: æ— æ³•åŠ è½½æ¨¡å—:189

[ 2017-01-30T20:04:12+08:00 ] 222.186.3.90 /195.rar
INFO: [ app_init ] --START--
INFO: Run Behavior\BuildLiteBehavior [ RunTime:0.000024s ]
INFO: [ app_init ] --END-- [ RunTime:0.000423s ]
ERR: æ— æ³•åŠ è½½æ¨¡å—:195

[ 2017-01-30T20:04:12+08:00 ] 222.186.3.90 /199.rar
INFO: [ app_init ] --START--
INFO: Run Behavior\BuildLiteBehavior [ RunTime:0.000024s ]
INFO: [ app_init ] --END-- [ RunTime:0.000524s ]
ERR: æ— æ³•åŠ è½½æ¨¡å—:199

[ 2017-01-30T20:04:12+08:00 ] 222.186.3.90 /1.rar
INFO: [ app_init ] --START--
INFO: Run Behavior\BuildLiteBehavior [ RunTime:0.000023s ]
INFO: [ app_init ] --END-- [ RunTime:0.000391s ]
ERR: æ— æ³•åŠ è½½æ¨¡å—:1

[ 2017-01-30T20:04:12+08:00 ] 222.186.3.90 /2.rar
INFO: [ app_init ] --START--
INFO: Run Behavior\BuildLiteBehavior [ RunTime:0.000021s ]
INFO: [ app_init ] --END-- [ RunTime:0.000353s ]
ERR: æ— æ³•åŠ è½½æ¨¡å—:2

[ 2017-01-30T20:04:12+08:00 ] 222.186.3.90 /3.rar
INFO: [ app_init ] --START--
INFO: Run Behavior\BuildLiteBehavior [ RunTime:0.000035s ]
INFO: [ app_init ] --END-- [ RunTime:0.000561s ]
ERR: æ— æ³•åŠ è½½æ¨¡å—:3

[ 2017-01-30T20:04:12+08:00 ] 222.186.3.90 /4.rar
INFO: [ app_init ] --START--
INFO: Run Behavior\BuildLiteBehavior [ RunTime:0.000030s ]
INFO: [ app_init ] --END-- [ RunTime:0.000542s ]
ERR: æ— æ³•åŠ è½½æ¨¡å—:4

[ 2017-01-30T20:04:12+08:00 ] 222.186.3.90 /5.rar
INFO: [ app_init ] --START--
INFO: Run Behavior\BuildLiteBehavior [ RunTime:0.000022s ]
INFO: [ app_init ] --END-- [ RunTime:0.000413s ]
ERR: æ— æ³•åŠ è½½æ¨¡å—:5

[ 2017-01-30T20:04:12+08:00 ] 222.186.3.90 /6.rar
INFO: [ app_init ] --START--
INFO: Run Behavior\BuildLiteBehavior [ RunTime:0.000022s ]
INFO: [ app_init ] --END-- [ RunTime:0.000352s ]
ERR: æ— æ³•åŠ è½½æ¨¡å—:6

[ 2017-01-30T20:04:12+08:00 ] 222.186.3.90 /7.rar
INFO: [ app_init ] --START--
INFO: Run Behavior\BuildLiteBehavior [ RunTime:0.000024s ]
INFO: [ app_init ] --END-- [ RunTime:0.000360s ]
ERR: æ— æ³•åŠ è½½æ¨¡å—:7

[ 2017-01-30T20:04:12+08:00 ] 222.186.3.90 /8.rar
INFO: [ app_init ] --START--
INFO: Run Behavior\BuildLiteBehavior [ RunTime:0.000022s ]
INFO: [ app_init ] --END-- [ RunTime:0.000345s ]
ERR: æ— æ³•åŠ è½½æ¨¡å—:8

[ 2017-01-30T20:04:12+08:00 ] 222.186.3.90 /9.rar
INFO: [ app_init ] --START--
INFO: Run Behavior\BuildLiteBehavior [ RunTime:0.000023s ]
INFO: [ app_init ] --END-- [ RunTime:0.000457s ]
ERR: æ— æ³•åŠ è½½æ¨¡å—:9

[ 2017-01-30T20:04:12+08:00 ] 222.186.3.90 /11.rar
INFO: [ app_init ] --START--
INFO: Run Behavior\BuildLiteBehavior [ RunTime:0.000020s ]
INFO: [ app_init ] --END-- [ RunTime:0.000386s ]
ERR: æ— æ³•åŠ è½½æ¨¡å—:11

[ 2017-01-30T20:04:12+08:00 ] 222.186.3.90 /12.rar
INFO: [ app_init ] --START--
INFO: Run Behavior\BuildLiteBehavior [ RunTime:0.000024s ]
INFO: [ app_init ] --END-- [ RunTime:0.000358s ]
ERR: æ— æ³•åŠ è½½æ¨¡å—:12

[ 2017-01-30T20:04:12+08:00 ] 222.186.3.90 /22.rar
INFO: [ app_init ] --START--
INFO: Run Behavior\BuildLiteBehavior [ RunTime:0.000026s ]
INFO: [ app_init ] --END-- [ RunTime:0.000417s ]
ERR: æ— æ³•åŠ è½½æ¨¡å—:22

[ 2017-01-30T20:04:12+08:00 ] 222.186.3.90 /33.rar
INFO: [ app_init ] --START--
INFO: Run Behavior\BuildLiteBehavior [ RunTime:0.000023s ]
INFO: [ app_init ] --END-- [ RunTime:0.000399s ]
ERR: æ— æ³•åŠ è½½æ¨¡å—:33

[ 2017-01-30T20:04:12+08:00 ] 222.186.3.90 /44.rar
INFO: [ app_init ] --START--
INFO: Run Behavior\BuildLiteBehavior [ RunTime:0.000022s ]
INFO: [ app_init ] --END-- [ RunTime:0.000335s ]
ERR: æ— æ³•åŠ è½½æ¨¡å—:44

[ 2017-01-30T20:04:13+08:00 ] 222.186.3.90 /76.rar
INFO: [ app_init ] --START--
INFO: Run Behavior\BuildLiteBehavior [ RunTime:0.000020s ]
INFO: [ app_init ] --END-- [ RunTime:0.000334s ]
ERR: æ— æ³•åŠ è½½æ¨¡å—:76

[ 2017-01-30T20:04:13+08:00 ] 222.186.3.90 /80.rar
INFO: [ app_init ] --START--
INFO: Run Behavior\BuildLiteBehavior [ RunTime:0.000031s ]
INFO: [ app_init ] --END-- [ RunTime:0.000563s ]
ERR: æ— æ³•åŠ è½½æ¨¡å—:80

[ 2017-01-30T20:04:13+08:00 ] 222.186.3.90 /00.rar
INFO: [ app_init ] --START--
INFO: Run Behavior\BuildLiteBehavior [ RunTime:0.000021s ]
INFO: [ app_init ] --END-- [ RunTime:0.000341s ]
ERR: æ— æ³•åŠ è½½æ¨¡å—:00

[ 2017-01-30T20:04:13+08:00 ] 222.186.3.90 /000.rar
INFO: [ app_init ] --START--
INFO: Run Behavior\BuildLiteBehavior [ RunTime:0.000020s ]
INFO: [ app_init ] --END-- [ RunTime:0.000335s ]
ERR: æ— æ³•åŠ è½½æ¨¡å—:000

[ 2017-01-30T20:04:13+08:00 ] 222.186.3.90 /111.rar
INFO: [ app_init ] --START--
INFO: Run Behavior\BuildLiteBehavior [ RunTime:0.000018s ]
INFO: [ app_init ] --END-- [ RunTime:0.000319s ]
ERR: æ— æ³•åŠ è½½æ¨¡å—:111

[ 2017-01-30T20:04:13+08:00 ] 222.186.3.90 /112.rar
INFO: [ app_init ] --START--
INFO: Run Behavior\BuildLiteBehavior [ RunTime:0.000020s ]
INFO: [ app_init ] --END-- [ RunTime:0.000390s ]
ERR: æ— æ³•åŠ è½½æ¨¡å—:112

[ 2017-01-30T20:04:13+08:00 ] 222.186.3.90 /120.rar
INFO: [ app_init ] --START--
INFO: Run Behavior\BuildLiteBehavior [ RunTime:0.000025s ]
INFO: [ app_init ] --END-- [ RunTime:0.000404s ]
ERR: æ— æ³•åŠ è½½æ¨¡å—:120

[ 2017-01-30T20:04:13+08:00 ] 222.186.3.90 /123.rar
INFO: [ app_init ] --START--
INFO: Run Behavior\BuildLiteBehavior [ RunTime:0.000024s ]
INFO: [ app_init ] --END-- [ RunTime:0.000357s ]
ERR: æ— æ³•åŠ è½½æ¨¡å—:123

[ 2017-01-30T20:04:13+08:00 ] 222.186.3.90 /222.rar
INFO: [ app_init ] --START--
INFO: Run Behavior\BuildLiteBehavior [ RunTime:0.000021s ]
INFO: [ app_init ] --END-- [ RunTime:0.000334s ]
ERR: æ— æ³•åŠ è½½æ¨¡å—:222

[ 2017-01-30T20:04:13+08:00 ] 222.186.3.90 /321.rar
INFO: [ app_init ] --START--
INFO: Run Behavior\BuildLiteBehavior [ RunTime:0.000021s ]
INFO: [ app_init ] --END-- [ RunTime:0.000501s ]
ERR: æ— æ³•åŠ è½½æ¨¡å—:321

[ 2017-01-30T20:04:13+08:00 ] 222.186.3.90 /333.rar
INFO: [ app_init ] --START--
INFO: Run Behavior\BuildLiteBehavior [ RunTime:0.000031s ]
INFO: [ app_init ] --END-- [ RunTime:0.000528s ]
ERR: æ— æ³•åŠ è½½æ¨¡å—:333

[ 2017-01-30T20:04:13+08:00 ] 222.186.3.90 /1111.rar
INFO: [ app_init ] --START--
INFO: Run Behavior\BuildLiteBehavior [ RunTime:0.000021s ]
INFO: [ app_init ] --END-- [ RunTime:0.000418s ]
ERR: æ— æ³•åŠ è½½æ¨¡å—:1111

[ 2017-01-30T20:04:13+08:00 ] 222.186.3.90 /1122.rar
INFO: [ app_init ] --START--
INFO: Run Behavior\BuildLiteBehavior [ RunTime:0.000018s ]
INFO: [ app_init ] --END-- [ RunTime:0.000336s ]
ERR: æ— æ³•åŠ è½½æ¨¡å—:1122

[ 2017-01-30T20:04:13+08:00 ] 222.186.3.90 /1234.rar
INFO: [ app_init ] --START--
INFO: Run Behavior\BuildLiteBehavior [ RunTime:0.000043s ]
INFO: [ app_init ] --END-- [ RunTime:0.001339s ]
ERR: æ— æ³•åŠ è½½æ¨¡å—:1234

[ 2017-01-30T20:04:13+08:00 ] 222.186.3.90 /123456.rar
INFO: [ app_init ] --START--
INFO: Run Behavior\BuildLiteBehavior [ RunTime:0.000023s ]
INFO: [ app_init ] --END-- [ RunTime:0.000353s ]
ERR: æ— æ³•åŠ è½½æ¨¡å—:123456

[ 2017-01-30T20:04:13+08:00 ] 222.186.3.90 /123456789.rar
INFO: [ app_init ] --START--
INFO: Run Behavior\BuildLiteBehavior [ RunTime:0.000024s ]
INFO: [ app_init ] --END-- [ RunTime:0.000420s ]
ERR: æ— æ³•åŠ è½½æ¨¡å—:123456789

[ 2017-01-30T20:04:13+08:00 ] 222.186.3.90 /2222.rar
INFO: [ app_init ] --START--
INFO: Run Behavior\BuildLiteBehavior [ RunTime:0.000032s ]
INFO: [ app_init ] --END-- [ RunTime:0.000610s ]
ERR: æ— æ³•åŠ è½½æ¨¡å—:2222

[ 2017-01-30T20:04:13+08:00 ] 222.186.3.90 /11111.rar
INFO: [ app_init ] --START--
INFO: Run Behavior\BuildLiteBehavior [ RunTime:0.000036s ]
INFO: [ app_init ] --END-- [ RunTime:0.000488s ]
ERR: æ— æ³•åŠ è½½æ¨¡å—:11111

[ 2017-01-30T20:04:13+08:00 ] 222.186.3.90 /a.rar
INFO: [ app_init ] --START--
INFO: Run Behavior\BuildLiteBehavior [ RunTime:0.000136s ]
INFO: [ app_init ] --END-- [ RunTime:0.000675s ]
ERR: æ— æ³•åŠ è½½æ¨¡å—:A

[ 2017-01-30T20:04:13+08:00 ] 222.186.3.90 /aa.rar
INFO: [ app_init ] --START--
INFO: Run Behavior\BuildLiteBehavior [ RunTime:0.000024s ]
INFO: [ app_init ] --END-- [ RunTime:0.000382s ]
ERR: æ— æ³•åŠ è½½æ¨¡å—:Aa

[ 2017-01-30T20:04:13+08:00 ] 222.186.3.90 /aaa.rar
INFO: [ app_init ] --START--
INFO: Run Behavior\BuildLiteBehavior [ RunTime:0.000026s ]
INFO: [ app_init ] --END-- [ RunTime:0.000401s ]
ERR: æ— æ³•åŠ è½½æ¨¡å—:Aaa

[ 2017-01-30T20:04:13+08:00 ] 222.186.3.90 /amirserver.rar
INFO: [ app_init ] --START--
INFO: Run Behavior\BuildLiteBehavior [ RunTime:0.000095s ]
INFO: [ app_init ] --END-- [ RunTime:0.000665s ]
ERR: æ— æ³•åŠ è½½æ¨¡å—:Amirserver

[ 2017-01-30T20:04:13+08:00 ] 222.186.3.90 /DMirserver.rar
INFO: [ app_init ] --START--
INFO: Run Behavior\BuildLiteBehavior [ RunTime:0.000030s ]
INFO: [ app_init ] --END-- [ RunTime:0.000497s ]
ERR: æ— æ³•åŠ è½½æ¨¡å—:DMirserver

[ 2017-01-30T20:04:14+08:00 ] 222.186.3.90 /EMirserver.rar
INFO: [ app_init ] --START--
INFO: Run Behavior\BuildLiteBehavior [ RunTime:0.000023s ]
INFO: [ app_init ] --END-- [ RunTime:0.000427s ]
ERR: æ— æ³•åŠ è½½æ¨¡å—:EMirserver

[ 2017-01-30T20:04:14+08:00 ] 222.186.3.90 /FMirserver.rar
INFO: [ app_init ] --START--
INFO: Run Behavior\BuildLiteBehavior [ RunTime:0.000022s ]
INFO: [ app_init ] --END-- [ RunTime:0.000370s ]
ERR: æ— æ³•åŠ è½½æ¨¡å—:FMirserver

[ 2017-01-30T20:04:14+08:00 ] 222.186.3.90 /gmirserver.rar
INFO: [ app_init ] --START--
INFO: Run Behavior\BuildLiteBehavior [ RunTime:0.000020s ]
INFO: [ app_init ] --END-- [ RunTime:0.000333s ]
ERR: æ— æ³•åŠ è½½æ¨¡å—:Gmirserver

[ 2017-01-30T20:04:14+08:00 ] 222.186.3.90 /Mirserver.rar
INFO: [ app_init ] --START--
INFO: Run Behavior\BuildLiteBehavior [ RunTime:0.000020s ]
INFO: [ app_init ] --END-- [ RunTime:0.000518s ]
ERR: æ— æ³•åŠ è½½æ¨¡å—:Mirserver

[ 2017-01-30T20:04:14+08:00 ] 222.186.3.90 /Mirservera.rar
INFO: [ app_init ] --START--
INFO: Run Behavior\BuildLiteBehavior [ RunTime:0.000025s ]
INFO: [ app_init ] --END-- [ RunTime:0.000386s ]
ERR: æ— æ³•åŠ è½½æ¨¡å—:Mirservera

[ 2017-01-30T20:04:14+08:00 ] 222.186.3.90 /mirserver0.rar
INFO: [ app_init ] --START--
INFO: Run Behavior\BuildLiteBehavior [ RunTime:0.000022s ]
INFO: [ app_init ] --END-- [ RunTime:0.000339s ]
ERR: æ— æ³•åŠ è½½æ¨¡å—:Mirserver0

[ 2017-01-30T20:04:14+08:00 ] 222.186.3.90 /mirserver01.rar
INFO: [ app_init ] --START--
INFO: Run Behavior\BuildLiteBehavior [ RunTime:0.000019s ]
INFO: [ app_init ] --END-- [ RunTime:0.000385s ]
ERR: æ— æ³•åŠ è½½æ¨¡å—:Mirserver01

[ 2017-01-30T20:04:14+08:00 ] 222.186.3.90 /mirserver02.rar
INFO: [ app_init ] --START--
INFO: Run Behavior\BuildLiteBehavior [ RunTime:0.000033s ]
INFO: [ app_init ] --END-- [ RunTime:0.000630s ]
ERR: æ— æ³•åŠ è½½æ¨¡å—:Mirserver02

[ 2017-01-30T20:04:14+08:00 ] 222.186.3.90 /mirserver03.rar
INFO: [ app_init ] --START--
INFO: Run Behavior\BuildLiteBehavior [ RunTime:0.000024s ]
INFO: [ app_init ] --END-- [ RunTime:0.000390s ]
ERR: æ— æ³•åŠ è½½æ¨¡å—:Mirserver03

[ 2017-01-30T20:04:14+08:00 ] 222.186.3.90 /mirserver176.rar
INFO: [ app_init ] --START--
INFO: Run Behavior\BuildLiteBehavior [ RunTime:0.000021s ]
INFO: [ app_init ] --END-- [ RunTime:0.000345s ]
ERR: æ— æ³•åŠ è½½æ¨¡å—:Mirserver176

[ 2017-01-30T20:04:14+08:00 ] 222.186.3.90 /mirserver180.rar
INFO: [ app_init ] --START--
INFO: Run Behavior\BuildLiteBehavior [ RunTime:0.000022s ]
INFO: [ app_init ] --END-- [ RunTime:0.000338s ]
ERR: æ— æ³•åŠ è½½æ¨¡å—:Mirserver180

[ 2017-01-30T20:04:14+08:00 ] 222.186.3.90 /Mirserver76.rar
INFO: [ app_init ] --START--
INFO: Run Behavior\BuildLiteBehavior [ RunTime:0.000034s ]
INFO: [ app_init ] --END-- [ RunTime:0.000553s ]
ERR: æ— æ³•åŠ è½½æ¨¡å—:Mirserver76

[ 2017-01-30T20:04:14+08:00 ] 222.186.3.90 /Mirserver80.rar
INFO: [ app_init ] --START--
INFO: Run Behavior\BuildLiteBehavior [ RunTime:0.000020s ]
INFO: [ app_init ] --END-- [ RunTime:0.000327s ]
ERR: æ— æ³•åŠ è½½æ¨¡å—:Mirserver80

[ 2017-01-30T20:04:14+08:00 ] 222.186.3.90 /Mirserver85.rar
INFO: [ app_init ] --START--
INFO: Run Behavior\BuildLiteBehavior [ RunTime:0.000019s ]
INFO: [ app_init ] --END-- [ RunTime:0.000328s ]
ERR: æ— æ³•åŠ è½½æ¨¡å—:Mirserver85

[ 2017-01-30T20:04:14+08:00 ] 222.186.3.90 /mirserver1.rar
INFO: [ app_init ] --START--
INFO: Run Behavior\BuildLiteBehavior [ RunTime:0.000022s ]
INFO: [ app_init ] --END-- [ RunTime:0.000349s ]
ERR: æ— æ³•åŠ è½½æ¨¡å—:Mirserver1

[ 2017-01-30T20:04:14+08:00 ] 222.186.3.90 /mirserver2.rar
INFO: [ app_init ] --START--
INFO: Run Behavior\BuildLiteBehavior [ RunTime:0.000022s ]
INFO: [ app_init ] --END-- [ RunTime:0.000396s ]
ERR: æ— æ³•åŠ è½½æ¨¡å—:Mirserver2

[ 2017-01-30T20:04:14+08:00 ] 222.186.3.90 /Mirserver2.rar
INFO: [ app_init ] --START--
INFO: Run Behavior\BuildLiteBehavior [ RunTime:0.000021s ]
INFO: [ app_init ] --END-- [ RunTime:0.000362s ]
ERR: æ— æ³•åŠ è½½æ¨¡å—:Mirserver2

[ 2017-01-30T20:04:14+08:00 ] 222.186.3.90 /Mirserver3.rar
INFO: [ app_init ] --START--
INFO: Run Behavior\BuildLiteBehavior [ RunTime:0.000022s ]
INFO: [ app_init ] --END-- [ RunTime:0.000339s ]
ERR: æ— æ³•åŠ è½½æ¨¡å—:Mirserver3

[ 2017-01-30T20:04:14+08:00 ] 222.186.3.90 /Mirserver4.rar
INFO: [ app_init ] --START--
INFO: Run Behavior\BuildLiteBehavior [ RunTime:0.000023s ]
INFO: [ app_init ] --END-- [ RunTime:0.000359s ]
ERR: æ— æ³•åŠ è½½æ¨¡å—:Mirserver4

[ 2017-01-30T20:04:14+08:00 ] 222.186.3.90 /Mirserver5.rar
INFO: [ app_init ] --START--
INFO: Run Behavior\BuildLiteBehavior [ RunTime:0.000024s ]
INFO: [ app_init ] --END-- [ RunTime:0.000378s ]
ERR: æ— æ³•åŠ è½½æ¨¡å—:Mirserver5

[ 2017-01-30T20:04:14+08:00 ] 222.186.3.90 /Mirserver6.rar
INFO: [ app_init ] --START--
INFO: Run Behavior\BuildLiteBehavior [ RunTime:0.000031s ]
INFO: [ app_init ] --END-- [ RunTime:0.000528s ]
ERR: æ— æ³•åŠ è½½æ¨¡å—:Mirserver6

[ 2017-01-30T20:04:14+08:00 ] 222.186.3.90 /Mirserver7.rar
INFO: [ app_init ] --START--
INFO: Run Behavior\BuildLiteBehavior [ RunTime:0.000020s ]
INFO: [ app_init ] --END-- [ RunTime:0.000331s ]
ERR: æ— æ³•åŠ è½½æ¨¡å—:Mirserver7

[ 2017-01-30T20:04:14+08:00 ] 222.186.3.90 /Mirserver8.rar
INFO: [ app_init ] --START--
INFO: Run Behavior\BuildLiteBehavior [ RunTime:0.000018s ]
INFO: [ app_init ] --END-- [ RunTime:0.000319s ]
ERR: æ— æ³•åŠ è½½æ¨¡å—:Mirserver8

[ 2017-01-30T20:04:14+08:00 ] 222.186.3.90 /Mirserver9.rar
INFO: [ app_init ] --START--
INFO: Run Behavior\BuildLiteBehavior [ RunTime:0.000024s ]
INFO: [ app_init ] --END-- [ RunTime:0.000427s ]
ERR: æ— æ³•åŠ è½½æ¨¡å—:Mirserver9

[ 2017-01-30T20:04:15+08:00 ] 222.186.3.90 /Mirserver10.rar
INFO: [ app_init ] --START--
INFO: Run Behavior\BuildLiteBehavior [ RunTime:0.000020s ]
INFO: [ app_init ] --END-- [ RunTime:0.000336s ]
ERR: æ— æ³•åŠ è½½æ¨¡å—:Mirserver10

[ 2017-01-30T20:04:15+08:00 ] 222.186.3.90 /mirserver11.rar
INFO: [ app_init ] --START--
INFO: Run Behavior\BuildLiteBehavior [ RunTime:0.000024s ]
INFO: [ app_init ] --END-- [ RunTime:0.000388s ]
ERR: æ— æ³•åŠ è½½æ¨¡å—:Mirserver11

[ 2017-01-30T20:04:15+08:00 ] 222.186.3.90 /mirserver12.rar
INFO: [ app_init ] --START--
INFO: Run Behavior\BuildLiteBehavior [ RunTime:0.000019s ]
INFO: [ app_init ] --END-- [ RunTime:0.000336s ]
ERR: æ— æ³•åŠ è½½æ¨¡å—:Mirserver12

[ 2017-01-30T20:04:15+08:00 ] 222.186.3.90 /mirserver22.rar
INFO: [ app_init ] --START--
INFO: Run Behavior\BuildLiteBehavior [ RunTime:0.000022s ]
INFO: [ app_init ] --END-- [ RunTime:0.000462s ]
ERR: æ— æ³•åŠ è½½æ¨¡å—:Mirserver22

[ 2017-01-30T20:04:15+08:00 ] 222.186.3.90 /mirserver33.rar
INFO: [ app_init ] --START--
INFO: Run Behavior\BuildLiteBehavior [ RunTime:0.000019s ]
INFO: [ app_init ] --END-- [ RunTime:0.000464s ]
ERR: æ— æ³•åŠ è½½æ¨¡å—:Mirserver33

[ 2017-01-30T20:04:15+08:00 ] 222.186.3.90 /mirserver44.rar
INFO: [ app_init ] --START--
INFO: Run Behavior\BuildLiteBehavior [ RunTime:0.000021s ]
INFO: [ app_init ] --END-- [ RunTime:0.000428s ]
ERR: æ— æ³•åŠ è½½æ¨¡å—:Mirserver44

[ 2017-01-30T20:04:15+08:00 ] 222.186.3.90 /mirserver55.rar
INFO: [ app_init ] --START--
INFO: Run Behavior\BuildLiteBehavior [ RunTime:0.000021s ]
INFO: [ app_init ] --END-- [ RunTime:0.000348s ]
ERR: æ— æ³•åŠ è½½æ¨¡å—:Mirserver55

[ 2017-01-30T20:04:15+08:00 ] 222.186.3.90 /mirserver66.rar
INFO: [ app_init ] --START--
INFO: Run Behavior\BuildLiteBehavior [ RunTime:0.000027s ]
INFO: [ app_init ] --END-- [ RunTime:0.000484s ]
ERR: æ— æ³•åŠ è½½æ¨¡å—:Mirserver66

[ 2017-01-30T20:04:15+08:00 ] 222.186.3.90 /mirserver100.rar
INFO: [ app_init ] --START--
INFO: Run Behavior\BuildLiteBehavior [ RunTime:0.000016s ]
INFO: [ app_init ] --END-- [ RunTime:0.000318s ]
ERR: æ— æ³•åŠ è½½æ¨¡å—:Mirserver100

[ 2017-01-30T20:04:15+08:00 ] 222.186.3.90 /mirserver111.rar
INFO: [ app_init ] --START--
INFO: Run Behavior\BuildLiteBehavior [ RunTime:0.000015s ]
INFO: [ app_init ] --END-- [ RunTime:0.000311s ]
ERR: æ— æ³•åŠ è½½æ¨¡å—:Mirserver111

[ 2017-01-30T20:04:15+08:00 ] 222.186.3.90 /Mirserver123.rar
INFO: [ app_init ] --START--
INFO: Run Behavior\BuildLiteBehavior [ RunTime:0.000015s ]
INFO: [ app_init ] --END-- [ RunTime:0.000375s ]
ERR: æ— æ³•åŠ è½½æ¨¡å—:Mirserver123

[ 2017-01-30T20:04:15+08:00 ] 222.186.3.90 /mirserver456.rar
INFO: [ app_init ] --START--
INFO: Run Behavior\BuildLiteBehavior [ RunTime:0.000020s ]
INFO: [ app_init ] --END-- [ RunTime:0.000533s ]
ERR: æ— æ³•åŠ è½½æ¨¡å—:Mirserver456

[ 2017-01-30T20:04:15+08:00 ] 222.186.3.90 /mirserver789.rar
INFO: [ app_init ] --START--
INFO: Run Behavior\BuildLiteBehavior [ RunTime:0.000020s ]
INFO: [ app_init ] --END-- [ RunTime:0.000394s ]
ERR: æ— æ³•åŠ è½½æ¨¡å—:Mirserver789

[ 2017-01-30T20:04:15+08:00 ] 222.186.3.90 /mirserver1111.rar
INFO: [ app_init ] --START--
INFO: Run Behavior\BuildLiteBehavior [ RunTime:0.000023s ]
INFO: [ app_init ] --END-- [ RunTime:0.000470s ]
ERR: æ— æ³•åŠ è½½æ¨¡å—:Mirserver1111

[ 2017-01-30T20:04:15+08:00 ] 222.186.3.90 /mirserver11111.rar
INFO: [ app_init ] --START--
INFO: Run Behavior\BuildLiteBehavior [ RunTime:0.000028s ]
INFO: [ app_init ] --END-- [ RunTime:0.000481s ]
ERR: æ— æ³•åŠ è½½æ¨¡å—:Mirserver11111

[ 2017-01-30T20:04:15+08:00 ] 222.186.3.90 /mirserver111111.rar
INFO: [ app_init ] --START--
INFO: Run Behavior\BuildLiteBehavior [ RunTime:0.000030s ]
INFO: [ app_init ] --END-- [ RunTime:0.000463s ]
ERR: æ— æ³•åŠ è½½æ¨¡å—:Mirserver111111

[ 2017-01-30T20:04:15+08:00 ] 222.186.3.90 /Mirserver123456.rar
INFO: [ app_init ] --START--
INFO: Run Behavior\BuildLiteBehavior [ RunTime:0.000020s ]
INFO: [ app_init ] --END-- [ RunTime:0.000325s ]
ERR: æ— æ³•åŠ è½½æ¨¡å—:Mirserver123456

[ 2017-01-30T20:04:15+08:00 ] 222.186.3.90 /mirserver123456789.rar
INFO: [ app_init ] --START--
INFO: Run Behavior\BuildLiteBehavior [ RunTime:0.000019s ]
INFO: [ app_init ] --END-- [ RunTime:0.000319s ]
ERR: æ— æ³•åŠ è½½æ¨¡å—:Mirserver123456789

[ 2017-01-30T20:04:15+08:00 ] 222.186.3.90 /mirserver¸´¹Å.rar
INFO: [ app_init ] --START--
INFO: Run Behavior\BuildLiteBehavior [ RunTime:0.000020s ]
INFO: [ app_init ] --END-- [ RunTime:0.000384s ]
ERR: æ— æ³•åŠ è½½æ¨¡å—:Mirserver¸´¹Å

[ 2017-01-30T20:04:15+08:00 ] 222.186.3.90 /1mirserver.rar
INFO: [ app_init ] --START--
INFO: Run Behavior\BuildLiteBehavior [ RunTime:0.000027s ]
INFO: [ app_init ] --END-- [ RunTime:0.000344s ]
ERR: æ— æ³•åŠ è½½æ¨¡å—:1mirserver

[ 2017-01-30T20:04:15+08:00 ] 222.186.3.90 /°æ±¾.rar
INFO: [ app_init ] --START--
INFO: Run Behavior\BuildLiteBehavior [ RunTime:0.000024s ]
INFO: [ app_init ] --END-- [ RunTime:0.000362s ]
ERR: æ— æ³•åŠ è½½æ¨¡å—:°æ±¾

[ 2017-01-30T20:04:15+08:00 ] 222.186.3.90 /°æ±¾1.rar
INFO: [ app_init ] --START--
INFO: Run Behavior\BuildLiteBehavior [ RunTime:0.000022s ]
INFO: [ app_init ] --END-- [ RunTime:0.000383s ]
ERR: æ— æ³•åŠ è½½æ¨¡å—:°æ±¾1

[ 2017-01-30T20:04:15+08:00 ] 222.186.3.90 /±¸·İ.rar
INFO: [ app_init ] --START--
INFO: Run Behavior\BuildLiteBehavior [ RunTime:0.000028s ]
INFO: [ app_init ] --END-- [ RunTime:0.000669s ]
ERR: æ— æ³•åŠ è½½æ¨¡å—:±¸·İ

[ 2017-01-30T20:04:15+08:00 ] 222.186.3.90 /²âÊÔ.rar
INFO: [ app_init ] --START--
INFO: Run Behavior\BuildLiteBehavior [ RunTime:0.000027s ]
INFO: [ app_init ] --END-- [ RunTime:0.000472s ]
ERR: æ— æ³•åŠ è½½æ¨¡å—:²âÊÔ

[ 2017-01-30T20:04:15+08:00 ] 222.186.3.90 /²âÊÔ°æ±¾.rar
INFO: [ app_init ] --START--
INFO: Run Behavior\BuildLiteBehavior [ RunTime:0.000100s ]
INFO: [ app_init ] --END-- [ RunTime:0.000609s ]
ERR: æ— æ³•åŠ è½½æ¨¡å—:²âÊÔ°æ±¾

[ 2017-01-30T20:04:16+08:00 ] 222.186.3.90 /¸´¹Å.rar
INFO: [ app_init ] --START--
INFO: Run Behavior\BuildLiteBehavior [ RunTime:0.000021s ]
INFO: [ app_init ] --END-- [ RunTime:0.000386s ]
ERR: æ— æ³•åŠ è½½æ¨¡å—:¸´¹Å

[ 2017-01-30T20:04:16+08:00 ] 222.186.3.90 /¸´¼ş%20ĞÂ½¨ÎÄ¼ş¼Ğ.rar
INFO: [ app_init ] --START--
INFO: Run Behavior\BuildLiteBehavior [ RunTime:0.000024s ]
INFO: [ app_init ] --END-- [ RunTime:0.000364s ]
ERR: æ— æ³•åŠ è½½æ¨¡å—:¸´¼ş ĞÂ½¨ÎÄ¼ş¼Ğ

[ 2017-01-30T20:04:16+08:00 ] 222.186.3.90 /¸´¼ş%20ĞÂ½¨ÎÄ¼ş¼Ğ1.rar
INFO: [ app_init ] --START--
INFO: Run Behavior\BuildLiteBehavior [ RunTime:0.000019s ]
INFO: [ app_init ] --END-- [ RunTime:0.000328s ]
ERR: æ— æ³•åŠ è½½æ¨¡å—:¸´¼ş ĞÂ½¨ÎÄ¼ş¼Ğ1

[ 2017-01-30T20:04:16+08:00 ] 222.186.3.90 /¸´¼ş%20ĞÂ½¨ÎÄ¼ş¼Ğ2.rar
INFO: [ app_init ] --START--
INFO: Run Behavior\BuildLiteBehavior [ RunTime:0.000019s ]
INFO: [ app_init ] --END-- [ RunTime:0.000374s ]
ERR: æ— æ³•åŠ è½½æ¨¡å—:¸´¼ş ĞÂ½¨ÎÄ¼ş¼Ğ2

[ 2017-01-30T20:04:16+08:00 ] 222.186.3.90 /¸´¼ş%20ĞÂ½¨ÎÄ¼ş¼Ğ3.rar
INFO: [ app_init ] --START--
INFO: Run Behavior\BuildLiteBehavior [ RunTime:0.000022s ]
INFO: [ app_init ] --END-- [ RunTime:0.000406s ]
ERR: æ— æ³•åŠ è½½æ¨¡å—:¸´¼ş ĞÂ½¨ÎÄ¼ş¼Ğ3

[ 2017-01-30T20:04:16+08:00 ] 222.186.3.90 /¸´¼ş.rar
INFO: [ app_init ] --START--
INFO: Run Behavior\BuildLiteBehavior [ RunTime:0.000024s ]
INFO: [ app_init ] --END-- [ RunTime:0.000368s ]
ERR: æ— æ³•åŠ è½½æ¨¡å—:¸´¼ş

[ 2017-01-30T20:04:16+08:00 ] 222.186.3.90 /¸´¼ş1.rar
INFO: [ app_init ] --START--
INFO: Run Behavior\BuildLiteBehavior [ RunTime:0.000081s ]
INFO: [ app_init ] --END-- [ RunTime:0.000413s ]
ERR: æ— æ³•åŠ è½½æ¨¡å—:¸´¼ş1

[ 2017-01-30T20:04:16+08:00 ] 222.186.3.90 /¸´¼şmirserver.rar
INFO: [ app_init ] --START--
INFO: Run Behavior\BuildLiteBehavior [ RunTime:0.000024s ]
INFO: [ app_init ] --END-- [ RunTime:0.000441s ]
ERR: æ— æ³•åŠ è½½æ¨¡å—:¸´¼şmirserver

[ 2017-01-30T20:04:16+08:00 ] 222.186.3.90 /¾«Æ·.rar
INFO: [ app_init ] --START--
INFO: Run Behavior\BuildLiteBehavior [ RunTime:0.000022s ]
INFO: [ app_init ] --END-- [ RunTime:0.000340s ]
ERR: æ— æ³•åŠ è½½æ¨¡å—:¾«Æ·

[ 2017-01-30T20:04:16+08:00 ] 222.186.3.90 /ÀÏ°æ±¾.rar
INFO: [ app_init ] --START--
INFO: Run Behavior\BuildLiteBehavior [ RunTime:0.000019s ]
INFO: [ app_init ] --END-- [ RunTime:0.000334s ]
ERR: æ— æ³•åŠ è½½æ¨¡å—:ÀÏ°æ±¾

[ 2017-01-30T20:04:16+08:00 ] 222.186.3.90 /ÀÏ°æ±¾Mirserver.rar
INFO: [ app_init ] --START--
INFO: Run Behavior\BuildLiteBehavior [ RunTime:0.000029s ]
INFO: [ app_init ] --END-- [ RunTime:0.000488s ]
ERR: æ— æ³•åŠ è½½æ¨¡å—:ÀÏ°æ±¾Mirserver

[ 2017-01-30T20:04:16+08:00 ] 222.186.3.90 /ÀÏÇø.rar
INFO: [ app_init ] --START--
INFO: Run Behavior\BuildLiteBehavior [ RunTime:0.000020s ]
INFO: [ app_init ] --END-- [ RunTime:0.000338s ]
ERR: æ— æ³•åŠ è½½æ¨¡å—:ÀÏÇø

[ 2017-01-30T20:04:16+08:00 ] 222.186.3.90 /Çá±ä.rar
INFO: [ app_init ] --START--
INFO: Run Behavior\BuildLiteBehavior [ RunTime:0.000021s ]
INFO: [ app_init ] --END-- [ RunTime:0.000408s ]
ERR: æ— æ³•åŠ è½½æ¨¡å—:Çá±ä

[ 2017-01-30T20:04:16+08:00 ] 222.186.3.90 /ĞÂ°æ±¾.rar
INFO: [ app_init ] --START--
INFO: Run Behavior\BuildLiteBehavior [ RunTime:0.000024s ]
INFO: [ app_init ] --END-- [ RunTime:0.000447s ]
ERR: æ— æ³•åŠ è½½æ¨¡å—:ĞÂ°æ±¾

[ 2017-01-30T20:04:16+08:00 ] 222.186.3.90 /ĞÂ°æ±¾Mirserver.rar
INFO: [ app_init ] --START--
INFO: Run Behavior\BuildLiteBehavior [ RunTime:0.000022s ]
INFO: [ app_init ] --END-- [ RunTime:0.000369s ]
ERR: æ— æ³•åŠ è½½æ¨¡å—:ĞÂ°æ±¾Mirserver

[ 2017-01-30T20:04:16+08:00 ] 222.186.3.90 /ĞÂ½¨ÎÄ¼ş¼Ğ.rar
INFO: [ app_init ] --START--
INFO: Run Behavior\BuildLiteBehavior [ RunTime:0.000029s ]
INFO: [ app_init ] --END-- [ RunTime:0.000484s ]
ERR: æ— æ³•åŠ è½½æ¨¡å—:ĞÂ½¨ÎÄ¼ş¼Ğ

[ 2017-01-30T20:04:16+08:00 ] 222.186.3.90 /ĞÂ½¨ÎÄ¼ş¼Ğ1.rar
INFO: [ app_init ] --START--
INFO: Run Behavior\BuildLiteBehavior [ RunTime:0.000022s ]
INFO: [ app_init ] --END-- [ RunTime:0.000391s ]
ERR: æ— æ³•åŠ è½½æ¨¡å—:ĞÂ½¨ÎÄ¼ş¼Ğ1

[ 2017-01-30T20:04:16+08:00 ] 222.186.3.90 /GOM.rar
INFO: [ app_init ] --START--
INFO: Run Behavior\BuildLiteBehavior [ RunTime:0.000016s ]
INFO: [ app_init ] --END-- [ RunTime:0.000313s ]
ERR: æ— æ³•åŠ è½½æ¨¡å—:GOM

[ 2017-01-30T20:04:16+08:00 ] 222.186.3.90 /hero.rar
INFO: [ app_init ] --START--
INFO: Run Behavior\BuildLiteBehavior [ RunTime:0.000020s ]
INFO: [ app_init ] --END-- [ RunTime:0.000341s ]
ERR: æ— æ³•åŠ è½½æ¨¡å—:Hero

[ 2017-01-30T20:04:16+08:00 ] 222.186.3.90 /blue.rar
INFO: [ app_init ] --START--
INFO: Run Behavior\BuildLiteBehavior [ RunTime:0.000023s ]
INFO: [ app_init ] --END-- [ RunTime:0.000410s ]
ERR: æ— æ³•åŠ è½½æ¨¡å—:Blue

[ 2017-01-30T20:04:16+08:00 ] 222.186.3.90 /ĞÂÇø.rar
INFO: [ app_init ] --START--
INFO: Run Behavior\BuildLiteBehavior [ RunTime:0.000021s ]
INFO: [ app_init ] --END-- [ RunTime:0.000333s ]
ERR: æ— æ³•åŠ è½½æ¨¡å—:ĞÂÇø

[ 2017-01-30T20:04:16+08:00 ] 222.186.3.90 /ÖĞ±ä.rar
INFO: [ app_init ] --START--
INFO: Run Behavior\BuildLiteBehavior [ RunTime:0.000031s ]
INFO: [ app_init ] --END-- [ RunTime:0.000537s ]
ERR: æ— æ³•åŠ è½½æ¨¡å—:ÖĞ±ä

[ 2017-01-30T20:04:16+08:00 ] 222.186.3.90 /cmirserver.rar
INFO: [ app_init ] --START--
INFO: Run Behavior\BuildLiteBehavior [ RunTime:0.000024s ]
INFO: [ app_init ] --END-- [ RunTime:0.000378s ]
ERR: æ— æ³•åŠ è½½æ¨¡å—:Cmirserver

[ 2017-01-30T20:04:16+08:00 ] 222.186.3.90 /cmirserver01.rar
INFO: [ app_init ] --START--
INFO: Run Behavior\BuildLiteBehavior [ RunTime:0.000025s ]
INFO: [ app_init ] --END-- [ RunTime:0.000492s ]
ERR: æ— æ³•åŠ è½½æ¨¡å—:Cmirserver01

[ 2017-01-30T20:04:16+08:00 ] 222.186.3.90 /cmirserver1.rar
INFO: [ app_init ] --START--
INFO: Run Behavior\BuildLiteBehavior [ RunTime:0.000020s ]
INFO: [ app_init ] --END-- [ RunTime:0.000331s ]
ERR: æ— æ³•åŠ è½½æ¨¡å—:Cmirserver1

[ 2017-01-30T20:04:17+08:00 ] 222.186.3.90 /cmirserver11.rar
INFO: [ app_init ] --START--
INFO: Run Behavior\BuildLiteBehavior [ RunTime:0.000021s ]
INFO: [ app_init ] --END-- [ RunTime:0.000404s ]
ERR: æ— æ³•åŠ è½½æ¨¡å—:Cmirserver11

[ 2017-01-30T20:04:17+08:00 ] 222.186.3.90 /cmirserver2.rar
INFO: [ app_init ] --START--
INFO: Run Behavior\BuildLiteBehavior [ RunTime:0.000027s ]
INFO: [ app_init ] --END-- [ RunTime:0.000479s ]
ERR: æ— æ³•åŠ è½½æ¨¡å—:Cmirserver2

[ 2017-01-30T20:04:17+08:00 ] 222.186.3.90 /cmirserver3.rar
INFO: [ app_init ] --START--
INFO: Run Behavior\BuildLiteBehavior [ RunTime:0.000023s ]
INFO: [ app_init ] --END-- [ RunTime:0.000479s ]
ERR: æ— æ³•åŠ è½½æ¨¡å—:Cmirserver3

[ 2017-01-30T20:04:17+08:00 ] 222.186.3.90 /Mirserver%20-%20¸±±¾.zip
INFO: [ app_init ] --START--
INFO: Run Behavior\BuildLiteBehavior [ RunTime:0.000022s ]
INFO: [ app_init ] --END-- [ RunTime:0.000401s ]
ERR: æ— æ³•åŠ è½½æ¨¡å—:Mirserver - ¸±±¾

[ 2017-01-30T20:04:17+08:00 ] 222.186.3.90 /Mirserver0%20-%20¸±±¾.zip
INFO: [ app_init ] --START--
INFO: Run Behavior\BuildLiteBehavior [ RunTime:0.000027s ]
INFO: [ app_init ] --END-- [ RunTime:0.000564s ]
ERR: æ— æ³•åŠ è½½æ¨¡å—:Mirserver0 - ¸±±¾

[ 2017-01-30T20:04:17+08:00 ] 222.186.3.90 /Mirserver1%20-%20¸±±¾.zip
INFO: [ app_init ] --START--
INFO: Run Behavior\BuildLiteBehavior [ RunTime:0.000018s ]
INFO: [ app_init ] --END-- [ RunTime:0.000322s ]
ERR: æ— æ³•åŠ è½½æ¨¡å—:Mirserver1 - ¸±±¾

[ 2017-01-30T20:04:17+08:00 ] 222.186.3.90 /Mirserver2%20-%20¸±±¾.zip
INFO: [ app_init ] --START--
INFO: Run Behavior\BuildLiteBehavior [ RunTime:0.000023s ]
INFO: [ app_init ] --END-- [ RunTime:0.000361s ]
ERR: æ— æ³•åŠ è½½æ¨¡å—:Mirserver2 - ¸±±¾

[ 2017-01-30T20:04:17+08:00 ] 222.186.3.90 /Mirserver3%20-%20¸±±¾.zip
INFO: [ app_init ] --START--
INFO: Run Behavior\BuildLiteBehavior [ RunTime:0.000023s ]
INFO: [ app_init ] --END-- [ RunTime:0.000357s ]
ERR: æ— æ³•åŠ è½½æ¨¡å—:Mirserver3 - ¸±±¾

[ 2017-01-30T20:04:17+08:00 ] 222.186.3.90 /Mirserver4%20-%20¸±±¾.zip
INFO: [ app_init ] --START--
INFO: Run Behavior\BuildLiteBehavior [ RunTime:0.000028s ]
INFO: [ app_init ] --END-- [ RunTime:0.000485s ]
ERR: æ— æ³•åŠ è½½æ¨¡å—:Mirserver4 - ¸±±¾

[ 2017-01-30T20:04:17+08:00 ] 222.186.3.90 /Mirserver5%20-%20¸±±¾.zip
INFO: [ app_init ] --START--
INFO: Run Behavior\BuildLiteBehavior [ RunTime:0.000023s ]
INFO: [ app_init ] --END-- [ RunTime:0.000470s ]
ERR: æ— æ³•åŠ è½½æ¨¡å—:Mirserver5 - ¸±±¾

[ 2017-01-30T20:04:17+08:00 ] 222.186.3.90 /Mirserver6%20-%20¸±±¾.zip
INFO: [ app_init ] --START--
INFO: Run Behavior\BuildLiteBehavior [ RunTime:0.000021s ]
INFO: [ app_init ] --END-- [ RunTime:0.000345s ]
ERR: æ— æ³•åŠ è½½æ¨¡å—:Mirserver6 - ¸±±¾

[ 2017-01-30T20:04:17+08:00 ] 222.186.3.90 /Mirserver7%20-%20¸±±¾.zip
INFO: [ app_init ] --START--
INFO: Run Behavior\BuildLiteBehavior [ RunTime:0.000022s ]
INFO: [ app_init ] --END-- [ RunTime:0.000347s ]
ERR: æ— æ³•åŠ è½½æ¨¡å—:Mirserver7 - ¸±±¾

[ 2017-01-30T20:04:17+08:00 ] 222.186.3.90 /Mirserver8%20-%20¸±±¾.zip
INFO: [ app_init ] --START--
INFO: Run Behavior\BuildLiteBehavior [ RunTime:0.000028s ]
INFO: [ app_init ] --END-- [ RunTime:0.000419s ]
ERR: æ— æ³•åŠ è½½æ¨¡å—:Mirserver8 - ¸±±¾

[ 2017-01-30T20:04:17+08:00 ] 222.186.3.90 /Mirserver9%20-%20¸±±¾.zip
INFO: [ app_init ] --START--
INFO: Run Behavior\BuildLiteBehavior [ RunTime:0.000030s ]
INFO: [ app_init ] --END-- [ RunTime:0.000432s ]
ERR: æ— æ³•åŠ è½½æ¨¡å—:Mirserver9 - ¸±±¾

[ 2017-01-30T20:04:17+08:00 ] 222.186.3.90 /Mirserver10%20-%20¸±±¾.zip
INFO: [ app_init ] --START--
INFO: Run Behavior\BuildLiteBehavior [ RunTime:0.000022s ]
INFO: [ app_init ] --END-- [ RunTime:0.000356s ]
ERR: æ— æ³•åŠ è½½æ¨¡å—:Mirserver10 - ¸±±¾

[ 2017-01-30T20:04:17+08:00 ] 222.186.3.90 /Mirserver11%20-%20¸±±¾.zip
INFO: [ app_init ] --START--
INFO: Run Behavior\BuildLiteBehavior [ RunTime:0.000025s ]
INFO: [ app_init ] --END-- [ RunTime:0.000429s ]
ERR: æ— æ³•åŠ è½½æ¨¡å—:Mirserver11 - ¸±±¾

[ 2017-01-30T20:04:17+08:00 ] 222.186.3.90 /Mirserver12%20-%20¸±±¾.zip
INFO: [ app_init ] --START--
INFO: Run Behavior\BuildLiteBehavior [ RunTime:0.000020s ]
INFO: [ app_init ] --END-- [ RunTime:0.000333s ]
ERR: æ— æ³•åŠ è½½æ¨¡å—:Mirserver12 - ¸±±¾

[ 2017-01-30T20:04:17+08:00 ] 222.186.3.90 /Mirserver13%20-%20¸±±¾.zip
INFO: [ app_init ] --START--
INFO: Run Behavior\BuildLiteBehavior [ RunTime:0.000026s ]
INFO: [ app_init ] --END-- [ RunTime:0.000395s ]
ERR: æ— æ³•åŠ è½½æ¨¡å—:Mirserver13 - ¸±±¾

[ 2017-01-30T20:04:17+08:00 ] 222.186.3.90 /Mirserver14%20-%20¸±±¾.zip
INFO: [ app_init ] --START--
INFO: Run Behavior\BuildLiteBehavior [ RunTime:0.000023s ]
INFO: [ app_init ] --END-- [ RunTime:0.000351s ]
ERR: æ— æ³•åŠ è½½æ¨¡å—:Mirserver14 - ¸±±¾

[ 2017-01-30T20:04:17+08:00 ] 222.186.3.90 /Mirserver15%20-%20¸±±¾.zip
INFO: [ app_init ] --START--
INFO: Run Behavior\BuildLiteBehavior [ RunTime:0.000022s ]
INFO: [ app_init ] --END-- [ RunTime:0.000337s ]
ERR: æ— æ³•åŠ è½½æ¨¡å—:Mirserver15 - ¸±±¾

[ 2017-01-30T20:04:17+08:00 ] 222.186.3.90 /¸´¼ş%20MirServer.zip
INFO: [ app_init ] --START--
INFO: Run Behavior\BuildLiteBehavior [ RunTime:0.000030s ]
INFO: [ app_init ] --END-- [ RunTime:0.000709s ]
ERR: æ— æ³•åŠ è½½æ¨¡å—:¸´¼ş MirServer

[ 2017-01-30T20:04:17+08:00 ] 222.186.3.90 /¸´¼ş%20MirServer0.zip
INFO: [ app_init ] --START--
INFO: Run Behavior\BuildLiteBehavior [ RunTime:0.000022s ]
INFO: [ app_init ] --END-- [ RunTime:0.000339s ]
ERR: æ— æ³•åŠ è½½æ¨¡å—:¸´¼ş MirServer0

[ 2017-01-30T20:04:17+08:00 ] 222.186.3.90 /¸´¼ş%20MirServer1.zip
INFO: [ app_init ] --START--
INFO: Run Behavior\BuildLiteBehavior [ RunTime:0.000027s ]
INFO: [ app_init ] --END-- [ RunTime:0.000427s ]
ERR: æ— æ³•åŠ è½½æ¨¡å—:¸´¼ş MirServer1

[ 2017-01-30T20:04:17+08:00 ] 222.186.3.90 /¸´¼ş%20MirServer2.zip
INFO: [ app_init ] --START--
INFO: Run Behavior\BuildLiteBehavior [ RunTime:0.000024s ]
INFO: [ app_init ] --END-- [ RunTime:0.000364s ]
ERR: æ— æ³•åŠ è½½æ¨¡å—:¸´¼ş MirServer2

[ 2017-01-30T20:04:17+08:00 ] 222.186.3.90 /¸´¼ş%20MirServer3.zip
INFO: [ app_init ] --START--
INFO: Run Behavior\BuildLiteBehavior [ RunTime:0.000022s ]
INFO: [ app_init ] --END-- [ RunTime:0.000347s ]
ERR: æ— æ³•åŠ è½½æ¨¡å—:¸´¼ş MirServer3

[ 2017-01-30T20:04:18+08:00 ] 222.186.3.90 /¸´¼ş%20MirServer4.zip
INFO: [ app_init ] --START--
INFO: Run Behavior\BuildLiteBehavior [ RunTime:0.000023s ]
INFO: [ app_init ] --END-- [ RunTime:0.000354s ]
ERR: æ— æ³•åŠ è½½æ¨¡å—:¸´¼ş MirServer4

[ 2017-01-30T20:04:18+08:00 ] 222.186.3.90 /¸´¼ş%20MirServer5.zip
INFO: [ app_init ] --START--
INFO: Run Behavior\BuildLiteBehavior [ RunTime:0.000018s ]
INFO: [ app_init ] --END-- [ RunTime:0.000326s ]
ERR: æ— æ³•åŠ è½½æ¨¡å—:¸´¼ş MirServer5

[ 2017-01-30T20:04:18+08:00 ] 222.186.3.90 /¸´¼ş%20MirServer6.zip
INFO: [ app_init ] --START--
INFO: Run Behavior\BuildLiteBehavior [ RunTime:0.000021s ]
INFO: [ app_init ] --END-- [ RunTime:0.000426s ]
ERR: æ— æ³•åŠ è½½æ¨¡å—:¸´¼ş MirServer6

[ 2017-01-30T20:04:18+08:00 ] 222.186.3.90 /¸´¼ş%20MirServer7.zip
INFO: [ app_init ] --START--
INFO: Run Behavior\BuildLiteBehavior [ RunTime:0.000032s ]
INFO: [ app_init ] --END-- [ RunTime:0.000558s ]
ERR: æ— æ³•åŠ è½½æ¨¡å—:¸´¼ş MirServer7

[ 2017-01-30T20:04:18+08:00 ] 222.186.3.90 /¸´¼ş%20MirServer8.zip
INFO: [ app_init ] --START--
INFO: Run Behavior\BuildLiteBehavior [ RunTime:0.000026s ]
INFO: [ app_init ] --END-- [ RunTime:0.000504s ]
ERR: æ— æ³•åŠ è½½æ¨¡å—:¸´¼ş MirServer8

[ 2017-01-30T20:04:18+08:00 ] 222.186.3.90 /¸´¼ş%20MirServer9.zip
INFO: [ app_init ] --START--
INFO: Run Behavior\BuildLiteBehavior [ RunTime:0.000024s ]
INFO: [ app_init ] --END-- [ RunTime:0.000389s ]
ERR: æ— æ³•åŠ è½½æ¨¡å—:¸´¼ş MirServer9

[ 2017-01-30T20:04:18+08:00 ] 222.186.3.90 /¸´¼ş%20MirServer10.zip
INFO: [ app_init ] --START--
INFO: Run Behavior\BuildLiteBehavior [ RunTime:0.000030s ]
INFO: [ app_init ] --END-- [ RunTime:0.000522s ]
ERR: æ— æ³•åŠ è½½æ¨¡å—:¸´¼ş MirServer10

[ 2017-01-30T20:04:18+08:00 ] 222.186.3.90 /¸´¼ş%20MirServer11.zip
INFO: [ app_init ] --START--
INFO: Run Behavior\BuildLiteBehavior [ RunTime:0.000023s ]
INFO: [ app_init ] --END-- [ RunTime:0.000380s ]
ERR: æ— æ³•åŠ è½½æ¨¡å—:¸´¼ş MirServer11

[ 2017-01-30T20:04:18+08:00 ] 222.186.3.90 /¸´¼ş%20MirServer12.zip
INFO: [ app_init ] --START--
INFO: Run Behavior\BuildLiteBehavior [ RunTime:0.000021s ]
INFO: [ app_init ] --END-- [ RunTime:0.000394s ]
ERR: æ— æ³•åŠ è½½æ¨¡å—:¸´¼ş MirServer12

[ 2017-01-30T20:04:18+08:00 ] 222.186.3.90 /¸´¼ş%20MirServer13.zip
INFO: [ app_init ] --START--
INFO: Run Behavior\BuildLiteBehavior [ RunTime:0.000020s ]
INFO: [ app_init ] --END-- [ RunTime:0.000330s ]
ERR: æ— æ³•åŠ è½½æ¨¡å—:¸´¼ş MirServer13

[ 2017-01-30T20:04:18+08:00 ] 222.186.3.90 /¸´¼ş%20MirServer14.zip
INFO: [ app_init ] --START--
INFO: Run Behavior\BuildLiteBehavior [ RunTime:0.000023s ]
INFO: [ app_init ] --END-- [ RunTime:0.000392s ]
ERR: æ— æ³•åŠ è½½æ¨¡å—:¸´¼ş MirServer14

[ 2017-01-30T20:04:18+08:00 ] 222.186.3.90 /1.70Mirserver.zip
INFO: [ app_init ] --START--
INFO: Run Behavior\BuildLiteBehavior [ RunTime:0.000024s ]
INFO: [ app_init ] --END-- [ RunTime:0.000477s ]
ERR: æ— æ³•åŠ è½½æ¨¡å—:1.70Mirserver

[ 2017-01-30T20:04:18+08:00 ] 222.186.3.90 /1.76Mirserver.zip
INFO: [ app_init ] --START--
INFO: Run Behavior\BuildLiteBehavior [ RunTime:0.000025s ]
INFO: [ app_init ] --END-- [ RunTime:0.000391s ]
ERR: æ— æ³•åŠ è½½æ¨¡å—:1.76Mirserver

[ 2017-01-30T20:04:18+08:00 ] 222.186.3.90 /1.80Mirserver.zip
INFO: [ app_init ] --START--
INFO: Run Behavior\BuildLiteBehavior [ RunTime:0.000023s ]
INFO: [ app_init ] --END-- [ RunTime:0.000356s ]
ERR: æ— æ³•åŠ è½½æ¨¡å—:1.80Mirserver

[ 2017-01-30T20:04:18+08:00 ] 222.186.3.90 /1.85Mirserver.zip
INFO: [ app_init ] --START--
INFO: Run Behavior\BuildLiteBehavior [ RunTime:0.000021s ]
INFO: [ app_init ] --END-- [ RunTime:0.000334s ]
ERR: æ— æ³•åŠ è½½æ¨¡å—:1.85Mirserver

[ 2017-01-30T20:04:18+08:00 ] 222.186.3.90 /1.90Mirserver.zip
INFO: [ app_init ] --START--
INFO: Run Behavior\BuildLiteBehavior [ RunTime:0.000022s ]
INFO: [ app_init ] --END-- [ RunTime:0.000332s ]
ERR: æ— æ³•åŠ è½½æ¨¡å—:1.90Mirserver

[ 2017-01-30T20:04:18+08:00 ] 222.186.3.90 /1.96Mirserver.zip
INFO: [ app_init ] --START--
INFO: Run Behavior\BuildLiteBehavior [ RunTime:0.000030s ]
INFO: [ app_init ] --END-- [ RunTime:0.000519s ]
ERR: æ— æ³•åŠ è½½æ¨¡å—:1.96Mirserver

[ 2017-01-30T20:04:18+08:00 ] 222.186.3.90 /1.99Mirserver.zip
INFO: [ app_init ] --START--
INFO: Run Behavior\BuildLiteBehavior [ RunTime:0.000021s ]
INFO: [ app_init ] --END-- [ RunTime:0.000332s ]
ERR: æ— æ³•åŠ è½½æ¨¡å—:1.99Mirserver

[ 2017-01-30T20:04:18+08:00 ] 222.186.3.90 /1.70.zip
INFO: [ app_init ] --START--
INFO: Run Behavior\BuildLiteBehavior [ RunTime:0.000026s ]
INFO: [ app_init ] --END-- [ RunTime:0.000391s ]
ERR: æ— æ³•åŠ è½½æ¨¡å—:1.70

[ 2017-01-30T20:04:18+08:00 ] 222.186.3.90 /1.76.zip
INFO: [ app_init ] --START--
INFO: Run Behavior\BuildLiteBehavior [ RunTime:0.000021s ]
INFO: [ app_init ] --END-- [ RunTime:0.000336s ]
ERR: æ— æ³•åŠ è½½æ¨¡å—:1.76

[ 2017-01-30T20:04:18+08:00 ] 222.186.3.90 /1.80.zip
INFO: [ app_init ] --START--
INFO: Run Behavior\BuildLiteBehavior [ RunTime:0.000023s ]
INFO: [ app_init ] --END-- [ RunTime:0.000360s ]
ERR: æ— æ³•åŠ è½½æ¨¡å—:1.80

[ 2017-01-30T20:04:18+08:00 ] 222.186.3.90 /1.85.zip
INFO: [ app_init ] --START--
INFO: Run Behavior\BuildLiteBehavior [ RunTime:0.000022s ]
INFO: [ app_init ] --END-- [ RunTime:0.000411s ]
ERR: æ— æ³•åŠ è½½æ¨¡å—:1.85

[ 2017-01-30T20:04:18+08:00 ] 222.186.3.90 /1.90.zip
INFO: [ app_init ] --START--
INFO: Run Behavior\BuildLiteBehavior [ RunTime:0.000024s ]
INFO: [ app_init ] --END-- [ RunTime:0.000650s ]
ERR: æ— æ³•åŠ è½½æ¨¡å—:1.90

[ 2017-01-30T20:04:18+08:00 ] 222.186.3.90 /1.96.zip
INFO: [ app_init ] --START--
INFO: Run Behavior\BuildLiteBehavior [ RunTime:0.000029s ]
INFO: [ app_init ] --END-- [ RunTime:0.000493s ]
ERR: æ— æ³•åŠ è½½æ¨¡å—:1.96

[ 2017-01-30T20:04:18+08:00 ] 222.186.3.90 /1.99.zip
INFO: [ app_init ] --START--
INFO: Run Behavior\BuildLiteBehavior [ RunTime:0.000022s ]
INFO: [ app_init ] --END-- [ RunTime:0.000358s ]
ERR: æ— æ³•åŠ è½½æ¨¡å—:1.99

[ 2017-01-30T20:04:19+08:00 ] 222.186.3.90 /176.zip
INFO: [ app_init ] --START--
INFO: Run Behavior\BuildLiteBehavior [ RunTime:0.000022s ]
INFO: [ app_init ] --END-- [ RunTime:0.000422s ]
ERR: æ— æ³•åŠ è½½æ¨¡å—:176

[ 2017-01-30T20:04:19+08:00 ] 222.186.3.90 /180.zip
INFO: [ app_init ] --START--
INFO: Run Behavior\BuildLiteBehavior [ RunTime:0.000019s ]
INFO: [ app_init ] --END-- [ RunTime:0.000381s ]
ERR: æ— æ³•åŠ è½½æ¨¡å—:180

[ 2017-01-30T20:04:19+08:00 ] 222.186.3.90 /185.zip
INFO: [ app_init ] --START--
INFO: Run Behavior\BuildLiteBehavior [ RunTime:0.000018s ]
INFO: [ app_init ] --END-- [ RunTime:0.000372s ]
ERR: æ— æ³•åŠ è½½æ¨¡å—:185

[ 2017-01-30T20:04:19+08:00 ] 222.186.3.90 /189.zip
INFO: [ app_init ] --START--
INFO: Run Behavior\BuildLiteBehavior [ RunTime:0.000021s ]
INFO: [ app_init ] --END-- [ RunTime:0.000337s ]
ERR: æ— æ³•åŠ è½½æ¨¡å—:189

[ 2017-01-30T20:04:19+08:00 ] 222.186.3.90 /195.zip
INFO: [ app_init ] --START--
INFO: Run Behavior\BuildLiteBehavior [ RunTime:0.000026s ]
INFO: [ app_init ] --END-- [ RunTime:0.000545s ]
ERR: æ— æ³•åŠ è½½æ¨¡å—:195

[ 2017-01-30T20:04:19+08:00 ] 222.186.3.90 /199.zip
INFO: [ app_init ] --START--
INFO: Run Behavior\BuildLiteBehavior [ RunTime:0.000021s ]
INFO: [ app_init ] --END-- [ RunTime:0.000332s ]
ERR: æ— æ³•åŠ è½½æ¨¡å—:199

[ 2017-01-30T20:04:19+08:00 ] 222.186.3.90 /1.zip
INFO: [ app_init ] --START--
INFO: Run Behavior\BuildLiteBehavior [ RunTime:0.000022s ]
INFO: [ app_init ] --END-- [ RunTime:0.000394s ]
ERR: æ— æ³•åŠ è½½æ¨¡å—:1

[ 2017-01-30T20:04:19+08:00 ] 222.186.3.90 /2.zip
INFO: [ app_init ] --START--
INFO: Run Behavior\BuildLiteBehavior [ RunTime:0.000023s ]
INFO: [ app_init ] --END-- [ RunTime:0.000423s ]
ERR: æ— æ³•åŠ è½½æ¨¡å—:2

[ 2017-01-30T20:04:19+08:00 ] 222.186.3.90 /3.zip
INFO: [ app_init ] --START--
INFO: Run Behavior\BuildLiteBehavior [ RunTime:0.000023s ]
INFO: [ app_init ] --END-- [ RunTime:0.000396s ]
ERR: æ— æ³•åŠ è½½æ¨¡å—:3

[ 2017-01-30T20:04:19+08:00 ] 222.186.3.90 /4.zip
INFO: [ app_init ] --START--
INFO: Run Behavior\BuildLiteBehavior [ RunTime:0.000026s ]
INFO: [ app_init ] --END-- [ RunTime:0.000417s ]
ERR: æ— æ³•åŠ è½½æ¨¡å—:4

[ 2017-01-30T20:04:19+08:00 ] 222.186.3.90 /5.zip
INFO: [ app_init ] --START--
INFO: Run Behavior\BuildLiteBehavior [ RunTime:0.000105s ]
INFO: [ app_init ] --END-- [ RunTime:0.000465s ]
ERR: æ— æ³•åŠ è½½æ¨¡å—:5

[ 2017-01-30T20:04:19+08:00 ] 222.186.3.90 /6.zip
INFO: [ app_init ] --START--
INFO: Run Behavior\BuildLiteBehavior [ RunTime:0.000022s ]
INFO: [ app_init ] --END-- [ RunTime:0.000389s ]
ERR: æ— æ³•åŠ è½½æ¨¡å—:6

[ 2017-01-30T20:04:19+08:00 ] 222.186.3.90 /7.zip
INFO: [ app_init ] --START--
INFO: Run Behavior\BuildLiteBehavior [ RunTime:0.000022s ]
INFO: [ app_init ] --END-- [ RunTime:0.000365s ]
ERR: æ— æ³•åŠ è½½æ¨¡å—:7

[ 2017-01-30T20:04:19+08:00 ] 222.186.3.90 /8.zip
INFO: [ app_init ] --START--
INFO: Run Behavior\BuildLiteBehavior [ RunTime:0.000029s ]
INFO: [ app_init ] --END-- [ RunTime:0.000524s ]
ERR: æ— æ³•åŠ è½½æ¨¡å—:8

[ 2017-01-30T20:04:19+08:00 ] 222.186.3.90 /9.zip
INFO: [ app_init ] --START--
INFO: Run Behavior\BuildLiteBehavior [ RunTime:0.000024s ]
INFO: [ app_init ] --END-- [ RunTime:0.000440s ]
ERR: æ— æ³•åŠ è½½æ¨¡å—:9

[ 2017-01-30T20:04:19+08:00 ] 222.186.3.90 /11.zip
INFO: [ app_init ] --START--
INFO: Run Behavior\BuildLiteBehavior [ RunTime:0.000022s ]
INFO: [ app_init ] --END-- [ RunTime:0.000352s ]
ERR: æ— æ³•åŠ è½½æ¨¡å—:11

[ 2017-01-30T20:04:19+08:00 ] 222.186.3.90 /12.zip
INFO: [ app_init ] --START--
INFO: Run Behavior\BuildLiteBehavior [ RunTime:0.000020s ]
INFO: [ app_init ] --END-- [ RunTime:0.000385s ]
ERR: æ— æ³•åŠ è½½æ¨¡å—:12

[ 2017-01-30T20:04:19+08:00 ] 222.186.3.90 /22.zip
INFO: [ app_init ] --START--
INFO: Run Behavior\BuildLiteBehavior [ RunTime:0.000020s ]
INFO: [ app_init ] --END-- [ RunTime:0.000332s ]
ERR: æ— æ³•åŠ è½½æ¨¡å—:22

[ 2017-01-30T20:04:19+08:00 ] 222.186.3.90 /33.zip
INFO: [ app_init ] --START--
INFO: Run Behavior\BuildLiteBehavior [ RunTime:0.000015s ]
INFO: [ app_init ] --END-- [ RunTime:0.000303s ]
ERR: æ— æ³•åŠ è½½æ¨¡å—:33

[ 2017-01-30T20:04:19+08:00 ] 222.186.3.90 /44.zip
INFO: [ app_init ] --START--
INFO: Run Behavior\BuildLiteBehavior [ RunTime:0.000024s ]
INFO: [ app_init ] --END-- [ RunTime:0.000368s ]
ERR: æ— æ³•åŠ è½½æ¨¡å—:44

[ 2017-01-30T20:04:19+08:00 ] 222.186.3.90 /76.zip
INFO: [ app_init ] --START--
INFO: Run Behavior\BuildLiteBehavior [ RunTime:0.000025s ]
INFO: [ app_init ] --END-- [ RunTime:0.000461s ]
ERR: æ— æ³•åŠ è½½æ¨¡å—:76

[ 2017-01-30T20:04:19+08:00 ] 222.186.3.90 /80.zip
INFO: [ app_init ] --START--
INFO: Run Behavior\BuildLiteBehavior [ RunTime:0.000021s ]
INFO: [ app_init ] --END-- [ RunTime:0.000328s ]
ERR: æ— æ³•åŠ è½½æ¨¡å—:80

[ 2017-01-30T20:04:19+08:00 ] 222.186.3.90 /00.zip
INFO: [ app_init ] --START--
INFO: Run Behavior\BuildLiteBehavior [ RunTime:0.000023s ]
INFO: [ app_init ] --END-- [ RunTime:0.000343s ]
ERR: æ— æ³•åŠ è½½æ¨¡å—:00

[ 2017-01-30T20:04:19+08:00 ] 222.186.3.90 /000.zip
INFO: [ app_init ] --START--
INFO: Run Behavior\BuildLiteBehavior [ RunTime:0.000021s ]
INFO: [ app_init ] --END-- [ RunTime:0.000337s ]
ERR: æ— æ³•åŠ è½½æ¨¡å—:000

[ 2017-01-30T20:04:19+08:00 ] 222.186.3.90 /111.zip
INFO: [ app_init ] --START--
INFO: Run Behavior\BuildLiteBehavior [ RunTime:0.000023s ]
INFO: [ app_init ] --END-- [ RunTime:0.000354s ]
ERR: æ— æ³•åŠ è½½æ¨¡å—:111

[ 2017-01-30T20:04:19+08:00 ] 222.186.3.90 /112.zip
INFO: [ app_init ] --START--
INFO: Run Behavior\BuildLiteBehavior [ RunTime:0.000033s ]
INFO: [ app_init ] --END-- [ RunTime:0.000640s ]
ERR: æ— æ³•åŠ è½½æ¨¡å—:112

[ 2017-01-30T20:04:20+08:00 ] 222.186.3.90 /120.zip
INFO: [ app_init ] --START--
INFO: Run Behavior\BuildLiteBehavior [ RunTime:0.000021s ]
INFO: [ app_init ] --END-- [ RunTime:0.000353s ]
ERR: æ— æ³•åŠ è½½æ¨¡å—:120

[ 2017-01-30T20:04:20+08:00 ] 222.186.3.90 /123.zip
INFO: [ app_init ] --START--
INFO: Run Behavior\BuildLiteBehavior [ RunTime:0.000072s ]
INFO: [ app_init ] --END-- [ RunTime:0.000386s ]
ERR: æ— æ³•åŠ è½½æ¨¡å—:123

[ 2017-01-30T20:04:20+08:00 ] 222.186.3.90 /222.zip
INFO: [ app_init ] --START--
INFO: Run Behavior\BuildLiteBehavior [ RunTime:0.000021s ]
INFO: [ app_init ] --END-- [ RunTime:0.000341s ]
ERR: æ— æ³•åŠ è½½æ¨¡å—:222

[ 2017-01-30T20:04:20+08:00 ] 222.186.3.90 /321.zip
INFO: [ app_init ] --START--
INFO: Run Behavior\BuildLiteBehavior [ RunTime:0.000020s ]
INFO: [ app_init ] --END-- [ RunTime:0.000327s ]
ERR: æ— æ³•åŠ è½½æ¨¡å—:321

[ 2017-01-30T20:04:20+08:00 ] 222.186.3.90 /333.zip
INFO: [ app_init ] --START--
INFO: Run Behavior\BuildLiteBehavior [ RunTime:0.000022s ]
INFO: [ app_init ] --END-- [ RunTime:0.000361s ]
ERR: æ— æ³•åŠ è½½æ¨¡å—:333

[ 2017-01-30T20:04:20+08:00 ] 222.186.3.90 /1111.zip
INFO: [ app_init ] --START--
INFO: Run Behavior\BuildLiteBehavior [ RunTime:0.000023s ]
INFO: [ app_init ] --END-- [ RunTime:0.000420s ]
ERR: æ— æ³•åŠ è½½æ¨¡å—:1111

[ 2017-01-30T20:04:20+08:00 ] 222.186.3.90 /1122.zip
INFO: [ app_init ] --START--
INFO: Run Behavior\BuildLiteBehavior [ RunTime:0.000023s ]
INFO: [ app_init ] --END-- [ RunTime:0.000338s ]
ERR: æ— æ³•åŠ è½½æ¨¡å—:1122

[ 2017-01-30T20:04:20+08:00 ] 222.186.3.90 /1234.zip
INFO: [ app_init ] --START--
INFO: Run Behavior\BuildLiteBehavior [ RunTime:0.000024s ]
INFO: [ app_init ] --END-- [ RunTime:0.000416s ]
ERR: æ— æ³•åŠ è½½æ¨¡å—:1234

[ 2017-01-30T20:04:20+08:00 ] 222.186.3.90 /123456.zip
INFO: [ app_init ] --START--
INFO: Run Behavior\BuildLiteBehavior [ RunTime:0.000020s ]
INFO: [ app_init ] --END-- [ RunTime:0.000327s ]
ERR: æ— æ³•åŠ è½½æ¨¡å—:123456

[ 2017-01-30T20:04:20+08:00 ] 222.186.3.90 /123456789.zip
INFO: [ app_init ] --START--
INFO: Run Behavior\BuildLiteBehavior [ RunTime:0.000023s ]
INFO: [ app_init ] --END-- [ RunTime:0.000424s ]
ERR: æ— æ³•åŠ è½½æ¨¡å—:123456789

[ 2017-01-30T20:04:20+08:00 ] 222.186.3.90 /2222.zip
INFO: [ app_init ] --START--
INFO: Run Behavior\BuildLiteBehavior [ RunTime:0.000021s ]
INFO: [ app_init ] --END-- [ RunTime:0.000338s ]
ERR: æ— æ³•åŠ è½½æ¨¡å—:2222

[ 2017-01-30T20:04:20+08:00 ] 222.186.3.90 /11111.zip
INFO: [ app_init ] --START--
INFO: Run Behavior\BuildLiteBehavior [ RunTime:0.000023s ]
INFO: [ app_init ] --END-- [ RunTime:0.000432s ]
ERR: æ— æ³•åŠ è½½æ¨¡å—:11111

[ 2017-01-30T20:04:20+08:00 ] 222.186.3.90 /a.zip
INFO: [ app_init ] --START--
INFO: Run Behavior\BuildLiteBehavior [ RunTime:0.000023s ]
INFO: [ app_init ] --END-- [ RunTime:0.000414s ]
ERR: æ— æ³•åŠ è½½æ¨¡å—:A

[ 2017-01-30T20:04:20+08:00 ] 222.186.3.90 /aa.zip
INFO: [ app_init ] --START--
INFO: Run Behavior\BuildLiteBehavior [ RunTime:0.000024s ]
INFO: [ app_init ] --END-- [ RunTime:0.000378s ]
ERR: æ— æ³•åŠ è½½æ¨¡å—:Aa

[ 2017-01-30T20:04:20+08:00 ] 222.186.3.90 /aaa.zip
INFO: [ app_init ] --START--
INFO: Run Behavior\BuildLiteBehavior [ RunTime:0.000026s ]
INFO: [ app_init ] --END-- [ RunTime:0.000500s ]
ERR: æ— æ³•åŠ è½½æ¨¡å—:Aaa

[ 2017-01-30T20:04:20+08:00 ] 222.186.3.90 /amirserver.zip
INFO: [ app_init ] --START--
INFO: Run Behavior\BuildLiteBehavior [ RunTime:0.000023s ]
INFO: [ app_init ] --END-- [ RunTime:0.000422s ]
ERR: æ— æ³•åŠ è½½æ¨¡å—:Amirserver

[ 2017-01-30T20:04:20+08:00 ] 222.186.3.90 /DMirserver.zip
INFO: [ app_init ] --START--
INFO: Run Behavior\BuildLiteBehavior [ RunTime:0.000034s ]
INFO: [ app_init ] --END-- [ RunTime:0.000586s ]
ERR: æ— æ³•åŠ è½½æ¨¡å—:DMirserver

[ 2017-01-30T20:04:20+08:00 ] 222.186.3.90 /EMirserver.zip
INFO: [ app_init ] --START--
INFO: Run Behavior\BuildLiteBehavior [ RunTime:0.000022s ]
INFO: [ app_init ] --END-- [ RunTime:0.000347s ]
ERR: æ— æ³•åŠ è½½æ¨¡å—:EMirserver

[ 2017-01-30T20:04:20+08:00 ] 222.186.3.90 /FMirserver.zip
INFO: [ app_init ] --START--
INFO: Run Behavior\BuildLiteBehavior [ RunTime:0.000027s ]
INFO: [ app_init ] --END-- [ RunTime:0.000393s ]
ERR: æ— æ³•åŠ è½½æ¨¡å—:FMirserver

[ 2017-01-30T20:04:20+08:00 ] 222.186.3.90 /gmirserver.zip
INFO: [ app_init ] --START--
INFO: Run Behavior\BuildLiteBehavior [ RunTime:0.000024s ]
INFO: [ app_init ] --END-- [ RunTime:0.000376s ]
ERR: æ— æ³•åŠ è½½æ¨¡å—:Gmirserver

[ 2017-01-30T20:04:20+08:00 ] 222.186.3.90 /mirserver.zip
INFO: [ app_init ] --START--
INFO: Run Behavior\BuildLiteBehavior [ RunTime:0.000023s ]
INFO: [ app_init ] --END-- [ RunTime:0.000378s ]
ERR: æ— æ³•åŠ è½½æ¨¡å—:Mirserver

[ 2017-01-30T20:04:20+08:00 ] 222.186.3.90 /Mirservera.zip
INFO: [ app_init ] --START--
INFO: Run Behavior\BuildLiteBehavior [ RunTime:0.000025s ]
INFO: [ app_init ] --END-- [ RunTime:0.000527s ]
ERR: æ— æ³•åŠ è½½æ¨¡å—:Mirservera

[ 2017-01-30T20:04:20+08:00 ] 222.186.3.90 /mirserver0.zip
INFO: [ app_init ] --START--
INFO: Run Behavior\BuildLiteBehavior [ RunTime:0.000022s ]
INFO: [ app_init ] --END-- [ RunTime:0.000644s ]
ERR: æ— æ³•åŠ è½½æ¨¡å—:Mirserver0

[ 2017-01-30T20:04:20+08:00 ] 222.186.3.90 /mirserver01.zip
INFO: [ app_init ] --START--
INFO: Run Behavior\BuildLiteBehavior [ RunTime:0.000025s ]
INFO: [ app_init ] --END-- [ RunTime:0.000399s ]
ERR: æ— æ³•åŠ è½½æ¨¡å—:Mirserver01

[ 2017-01-30T20:04:20+08:00 ] 222.186.3.90 /mirserver02.zip
INFO: [ app_init ] --START--
INFO: Run Behavior\BuildLiteBehavior [ RunTime:0.000022s ]
INFO: [ app_init ] --END-- [ RunTime:0.000340s ]
ERR: æ— æ³•åŠ è½½æ¨¡å—:Mirserver02

[ 2017-01-30T20:04:20+08:00 ] 222.186.3.90 /mirserver03.zip
INFO: [ app_init ] --START--
INFO: Run Behavior\BuildLiteBehavior [ RunTime:0.000021s ]
INFO: [ app_init ] --END-- [ RunTime:0.000333s ]
ERR: æ— æ³•åŠ è½½æ¨¡å—:Mirserver03

[ 2017-01-30T20:04:21+08:00 ] 222.186.3.90 /mirserver176.zip
INFO: [ app_init ] --START--
INFO: Run Behavior\BuildLiteBehavior [ RunTime:0.000022s ]
INFO: [ app_init ] --END-- [ RunTime:0.000425s ]
ERR: æ— æ³•åŠ è½½æ¨¡å—:Mirserver176

[ 2017-01-30T20:04:21+08:00 ] 222.186.3.90 /mirserver180.zip
INFO: [ app_init ] --START--
INFO: Run Behavior\BuildLiteBehavior [ RunTime:0.000021s ]
INFO: [ app_init ] --END-- [ RunTime:0.000357s ]
ERR: æ— æ³•åŠ è½½æ¨¡å—:Mirserver180

[ 2017-01-30T20:04:21+08:00 ] 222.186.3.90 /Mirserver76.zip
INFO: [ app_init ] --START--
INFO: Run Behavior\BuildLiteBehavior [ RunTime:0.000079s ]
INFO: [ app_init ] --END-- [ RunTime:0.000412s ]
ERR: æ— æ³•åŠ è½½æ¨¡å—:Mirserver76

[ 2017-01-30T20:04:21+08:00 ] 222.186.3.90 /Mirserver80.zip
INFO: [ app_init ] --START--
INFO: Run Behavior\BuildLiteBehavior [ RunTime:0.000023s ]
INFO: [ app_init ] --END-- [ RunTime:0.000538s ]
ERR: æ— æ³•åŠ è½½æ¨¡å—:Mirserver80

[ 2017-01-30T20:04:21+08:00 ] 222.186.3.90 /Mirserver85.zip
INFO: [ app_init ] --START--
INFO: Run Behavior\BuildLiteBehavior [ RunTime:0.000023s ]
INFO: [ app_init ] --END-- [ RunTime:0.000423s ]
ERR: æ— æ³•åŠ è½½æ¨¡å—:Mirserver85

[ 2017-01-30T20:04:21+08:00 ] 222.186.3.90 /mirserver1.zip
INFO: [ app_init ] --START--
INFO: Run Behavior\BuildLiteBehavior [ RunTime:0.000025s ]
INFO: [ app_init ] --END-- [ RunTime:0.000395s ]
ERR: æ— æ³•åŠ è½½æ¨¡å—:Mirserver1

[ 2017-01-30T20:04:21+08:00 ] 222.186.3.90 /mirserver2.zip
INFO: [ app_init ] --START--
INFO: Run Behavior\BuildLiteBehavior [ RunTime:0.000024s ]
INFO: [ app_init ] --END-- [ RunTime:0.000443s ]
ERR: æ— æ³•åŠ è½½æ¨¡å—:Mirserver2

[ 2017-01-30T20:04:21+08:00 ] 222.186.3.90 /Mirserver2.zip
INFO: [ app_init ] --START--
INFO: Run Behavior\BuildLiteBehavior [ RunTime:0.000024s ]
INFO: [ app_init ] --END-- [ RunTime:0.000463s ]
ERR: æ— æ³•åŠ è½½æ¨¡å—:Mirserver2

[ 2017-01-30T20:04:21+08:00 ] 222.186.3.90 /Mirserver3.zip
INFO: [ app_init ] --START--
INFO: Run Behavior\BuildLiteBehavior [ RunTime:0.000023s ]
INFO: [ app_init ] --END-- [ RunTime:0.000392s ]
ERR: æ— æ³•åŠ è½½æ¨¡å—:Mirserver3

[ 2017-01-30T20:04:21+08:00 ] 222.186.3.90 /Mirserver4.zip
INFO: [ app_init ] --START--
INFO: Run Behavior\BuildLiteBehavior [ RunTime:0.000023s ]
INFO: [ app_init ] --END-- [ RunTime:0.000412s ]
ERR: æ— æ³•åŠ è½½æ¨¡å—:Mirserver4

[ 2017-01-30T20:04:21+08:00 ] 222.186.3.90 /Mirserver5.zip
INFO: [ app_init ] --START--
INFO: Run Behavior\BuildLiteBehavior [ RunTime:0.000019s ]
INFO: [ app_init ] --END-- [ RunTime:0.000379s ]
ERR: æ— æ³•åŠ è½½æ¨¡å—:Mirserver5

[ 2017-01-30T20:04:21+08:00 ] 222.186.3.90 /Mirserver6.zip
INFO: [ app_init ] --START--
INFO: Run Behavior\BuildLiteBehavior [ RunTime:0.000030s ]
INFO: [ app_init ] --END-- [ RunTime:0.000608s ]
ERR: æ— æ³•åŠ è½½æ¨¡å—:Mirserver6

[ 2017-01-30T20:04:21+08:00 ] 222.186.3.90 /Mirserver7.zip
INFO: [ app_init ] --START--
INFO: Run Behavior\BuildLiteBehavior [ RunTime:0.000032s ]
INFO: [ app_init ] --END-- [ RunTime:0.000557s ]
ERR: æ— æ³•åŠ è½½æ¨¡å—:Mirserver7

[ 2017-01-30T20:04:21+08:00 ] 222.186.3.90 /Mirserver8.zip
INFO: [ app_init ] --START--
INFO: Run Behavior\BuildLiteBehavior [ RunTime:0.000023s ]
INFO: [ app_init ] --END-- [ RunTime:0.000354s ]
ERR: æ— æ³•åŠ è½½æ¨¡å—:Mirserver8

[ 2017-01-30T20:04:21+08:00 ] 222.186.3.90 /Mirserver9.zip
INFO: [ app_init ] --START--
INFO: Run Behavior\BuildLiteBehavior [ RunTime:0.000021s ]
INFO: [ app_init ] --END-- [ RunTime:0.000334s ]
ERR: æ— æ³•åŠ è½½æ¨¡å—:Mirserver9

[ 2017-01-30T20:04:21+08:00 ] 222.186.3.90 /Mirserver10.zip
INFO: [ app_init ] --START--
INFO: Run Behavior\BuildLiteBehavior [ RunTime:0.000021s ]
INFO: [ app_init ] --END-- [ RunTime:0.000353s ]
ERR: æ— æ³•åŠ è½½æ¨¡å—:Mirserver10

[ 2017-01-30T20:04:21+08:00 ] 222.186.3.90 /mirserver11.zip
INFO: [ app_init ] --START--
INFO: Run Behavior\BuildLiteBehavior [ RunTime:0.000021s ]
INFO: [ app_init ] --END-- [ RunTime:0.000332s ]
ERR: æ— æ³•åŠ è½½æ¨¡å—:Mirserver11

[ 2017-01-30T20:04:21+08:00 ] 222.186.3.90 /mirserver12.zip
INFO: [ app_init ] --START--
INFO: Run Behavior\BuildLiteBehavior [ RunTime:0.000025s ]
INFO: [ app_init ] --END-- [ RunTime:0.000388s ]
ERR: æ— æ³•åŠ è½½æ¨¡å—:Mirserver12

[ 2017-01-30T20:04:21+08:00 ] 222.186.3.90 /mirserver22.zip
INFO: [ app_init ] --START--
INFO: Run Behavior\BuildLiteBehavior [ RunTime:0.000023s ]
INFO: [ app_init ] --END-- [ RunTime:0.000371s ]
ERR: æ— æ³•åŠ è½½æ¨¡å—:Mirserver22

[ 2017-01-30T20:04:21+08:00 ] 222.186.3.90 /mirserver33.zip
INFO: [ app_init ] --START--
INFO: Run Behavior\BuildLiteBehavior [ RunTime:0.000019s ]
INFO: [ app_init ] --END-- [ RunTime:0.000404s ]
ERR: æ— æ³•åŠ è½½æ¨¡å—:Mirserver33

[ 2017-01-30T20:04:21+08:00 ] 222.186.3.90 /mirserver44.zip
INFO: [ app_init ] --START--
INFO: Run Behavior\BuildLiteBehavior [ RunTime:0.000022s ]
INFO: [ app_init ] --END-- [ RunTime:0.000436s ]
ERR: æ— æ³•åŠ è½½æ¨¡å—:Mirserver44

[ 2017-01-30T20:04:21+08:00 ] 222.186.3.90 /mirserver55.zip
INFO: [ app_init ] --START--
INFO: Run Behavior\BuildLiteBehavior [ RunTime:0.000021s ]
INFO: [ app_init ] --END-- [ RunTime:0.000337s ]
ERR: æ— æ³•åŠ è½½æ¨¡å—:Mirserver55

[ 2017-01-30T20:04:21+08:00 ] 222.186.3.90 /mirserver100.zip
INFO: [ app_init ] --START--
INFO: Run Behavior\BuildLiteBehavior [ RunTime:0.000024s ]
INFO: [ app_init ] --END-- [ RunTime:0.000366s ]
ERR: æ— æ³•åŠ è½½æ¨¡å—:Mirserver100

[ 2017-01-30T20:04:21+08:00 ] 222.186.3.90 /mirserver111.zip
INFO: [ app_init ] --START--
INFO: Run Behavior\BuildLiteBehavior [ RunTime:0.000019s ]
INFO: [ app_init ] --END-- [ RunTime:0.000324s ]
ERR: æ— æ³•åŠ è½½æ¨¡å—:Mirserver111

[ 2017-01-30T20:04:21+08:00 ] 222.186.3.90 /Mirserver123.zip
INFO: [ app_init ] --START--
INFO: Run Behavior\BuildLiteBehavior [ RunTime:0.000016s ]
INFO: [ app_init ] --END-- [ RunTime:0.000317s ]
ERR: æ— æ³•åŠ è½½æ¨¡å—:Mirserver123

[ 2017-01-30T20:04:21+08:00 ] 222.186.3.90 /mirserver456.zip
INFO: [ app_init ] --START--
INFO: Run Behavior\BuildLiteBehavior [ RunTime:0.000022s ]
INFO: [ app_init ] --END-- [ RunTime:0.000447s ]
ERR: æ— æ³•åŠ è½½æ¨¡å—:Mirserver456

[ 2017-01-30T20:04:21+08:00 ] 222.186.3.90 /mirserver789.zip
INFO: [ app_init ] --START--
INFO: Run Behavior\BuildLiteBehavior [ RunTime:0.000023s ]
INFO: [ app_init ] --END-- [ RunTime:0.000462s ]
ERR: æ— æ³•åŠ è½½æ¨¡å—:Mirserver789

[ 2017-01-30T20:04:22+08:00 ] 222.186.3.90 /mirserver1111.zip
INFO: [ app_init ] --START--
INFO: Run Behavior\BuildLiteBehavior [ RunTime:0.000031s ]
INFO: [ app_init ] --END-- [ RunTime:0.000516s ]
ERR: æ— æ³•åŠ è½½æ¨¡å—:Mirserver1111

[ 2017-01-30T20:04:22+08:00 ] 222.186.3.90 /mirserver11111.zip
INFO: [ app_init ] --START--
INFO: Run Behavior\BuildLiteBehavior [ RunTime:0.000023s ]
INFO: [ app_init ] --END-- [ RunTime:0.000358s ]
ERR: æ— æ³•åŠ è½½æ¨¡å—:Mirserver11111

[ 2017-01-30T20:04:22+08:00 ] 222.186.3.90 /mirserver111111.zip
INFO: [ app_init ] --START--
INFO: Run Behavior\BuildLiteBehavior [ RunTime:0.000021s ]
INFO: [ app_init ] --END-- [ RunTime:0.000354s ]
ERR: æ— æ³•åŠ è½½æ¨¡å—:Mirserver111111

[ 2017-01-30T20:04:22+08:00 ] 222.186.3.90 /Mirserver123456.zip
INFO: [ app_init ] --START--
INFO: Run Behavior\BuildLiteBehavior [ RunTime:0.000022s ]
INFO: [ app_init ] --END-- [ RunTime:0.000366s ]
ERR: æ— æ³•åŠ è½½æ¨¡å—:Mirserver123456

[ 2017-01-30T20:04:22+08:00 ] 222.186.3.90 /mirserver123456789.zip
INFO: [ app_init ] --START--
INFO: Run Behavior\BuildLiteBehavior [ RunTime:0.000030s ]
INFO: [ app_init ] --END-- [ RunTime:0.000467s ]
ERR: æ— æ³•åŠ è½½æ¨¡å—:Mirserver123456789

[ 2017-01-30T20:04:22+08:00 ] 222.186.3.90 /mirserver¸´¹Å.zip
INFO: [ app_init ] --START--
INFO: Run Behavior\BuildLiteBehavior [ RunTime:0.000020s ]
INFO: [ app_init ] --END-- [ RunTime:0.000333s ]
ERR: æ— æ³•åŠ è½½æ¨¡å—:Mirserver¸´¹Å

[ 2017-01-30T20:04:22+08:00 ] 222.186.3.90 /1mirserver.zip
INFO: [ app_init ] --START--
INFO: Run Behavior\BuildLiteBehavior [ RunTime:0.000017s ]
INFO: [ app_init ] --END-- [ RunTime:0.000312s ]
ERR: æ— æ³•åŠ è½½æ¨¡å—:1mirserver

[ 2017-01-30T20:04:22+08:00 ] 222.186.3.90 /°æ±¾.zip
INFO: [ app_init ] --START--
INFO: Run Behavior\BuildLiteBehavior [ RunTime:0.000020s ]
INFO: [ app_init ] --END-- [ RunTime:0.000328s ]
ERR: æ— æ³•åŠ è½½æ¨¡å—:°æ±¾

[ 2017-01-30T20:04:22+08:00 ] 222.186.3.90 /°æ±¾1.zip
INFO: [ app_init ] --START--
INFO: Run Behavior\BuildLiteBehavior [ RunTime:0.000020s ]
INFO: [ app_init ] --END-- [ RunTime:0.000389s ]
ERR: æ— æ³•åŠ è½½æ¨¡å—:°æ±¾1

[ 2017-01-30T20:04:22+08:00 ] 222.186.3.90 /±¸·İ.zip
INFO: [ app_init ] --START--
INFO: Run Behavior\BuildLiteBehavior [ RunTime:0.000021s ]
INFO: [ app_init ] --END-- [ RunTime:0.000331s ]
ERR: æ— æ³•åŠ è½½æ¨¡å—:±¸·İ

[ 2017-01-30T20:04:22+08:00 ] 222.186.3.90 /²âÊÔ.zip
INFO: [ app_init ] --START--
INFO: Run Behavior\BuildLiteBehavior [ RunTime:0.000023s ]
INFO: [ app_init ] --END-- [ RunTime:0.000336s ]
ERR: æ— æ³•åŠ è½½æ¨¡å—:²âÊÔ

[ 2017-01-30T20:04:22+08:00 ] 222.186.3.90 /²âÊÔ°æ±¾.zip
INFO: [ app_init ] --START--
INFO: Run Behavior\BuildLiteBehavior [ RunTime:0.000021s ]
INFO: [ app_init ] --END-- [ RunTime:0.000336s ]
ERR: æ— æ³•åŠ è½½æ¨¡å—:²âÊÔ°æ±¾

[ 2017-01-30T20:04:22+08:00 ] 222.186.3.90 /¸´¹Å.zip
INFO: [ app_init ] --START--
INFO: Run Behavior\BuildLiteBehavior [ RunTime:0.000022s ]
INFO: [ app_init ] --END-- [ RunTime:0.000349s ]
ERR: æ— æ³•åŠ è½½æ¨¡å—:¸´¹Å

[ 2017-01-30T20:04:22+08:00 ] 222.186.3.90 /¸´¼ş%20ĞÂ½¨ÎÄ¼ş¼Ğ.zip
INFO: [ app_init ] --START--
INFO: Run Behavior\BuildLiteBehavior [ RunTime:0.000023s ]
INFO: [ app_init ] --END-- [ RunTime:0.000363s ]
ERR: æ— æ³•åŠ è½½æ¨¡å—:¸´¼ş ĞÂ½¨ÎÄ¼ş¼Ğ

[ 2017-01-30T20:04:22+08:00 ] 222.186.3.90 /¸´¼ş%20ĞÂ½¨ÎÄ¼ş¼Ğ1.zip
INFO: [ app_init ] --START--
INFO: Run Behavior\BuildLiteBehavior [ RunTime:0.000023s ]
INFO: [ app_init ] --END-- [ RunTime:0.000504s ]
ERR: æ— æ³•åŠ è½½æ¨¡å—:¸´¼ş ĞÂ½¨ÎÄ¼ş¼Ğ1

[ 2017-01-30T20:04:22+08:00 ] 222.186.3.90 /¸´¼ş%20ĞÂ½¨ÎÄ¼ş¼Ğ2.zip
INFO: [ app_init ] --START--
INFO: Run Behavior\BuildLiteBehavior [ RunTime:0.000023s ]
INFO: [ app_init ] --END-- [ RunTime:0.000346s ]
ERR: æ— æ³•åŠ è½½æ¨¡å—:¸´¼ş ĞÂ½¨ÎÄ¼ş¼Ğ2

[ 2017-01-30T20:04:22+08:00 ] 222.186.3.90 /¸´¼ş%20ĞÂ½¨ÎÄ¼ş¼Ğ3.zip
INFO: [ app_init ] --START--
INFO: Run Behavior\BuildLiteBehavior [ RunTime:0.000021s ]
INFO: [ app_init ] --END-- [ RunTime:0.000433s ]
ERR: æ— æ³•åŠ è½½æ¨¡å—:¸´¼ş ĞÂ½¨ÎÄ¼ş¼Ğ3

[ 2017-01-30T20:04:22+08:00 ] 222.186.3.90 /¸´¼ş.zip
INFO: [ app_init ] --START--
INFO: Run Behavior\BuildLiteBehavior [ RunTime:0.000022s ]
INFO: [ app_init ] --END-- [ RunTime:0.000405s ]
ERR: æ— æ³•åŠ è½½æ¨¡å—:¸´¼ş

[ 2017-01-30T20:04:22+08:00 ] 222.186.3.90 /¸´¼ş1.zip
INFO: [ app_init ] --START--
INFO: Run Behavior\BuildLiteBehavior [ RunTime:0.000019s ]
INFO: [ app_init ] --END-- [ RunTime:0.000319s ]
ERR: æ— æ³•åŠ è½½æ¨¡å—:¸´¼ş1

[ 2017-01-30T20:04:22+08:00 ] 222.186.3.90 /¸´¼şmirserver.zip
INFO: [ app_init ] --START--
INFO: Run Behavior\BuildLiteBehavior [ RunTime:0.000023s ]
INFO: [ app_init ] --END-- [ RunTime:0.000349s ]
ERR: æ— æ³•åŠ è½½æ¨¡å—:¸´¼şmirserver

[ 2017-01-30T20:04:22+08:00 ] 222.186.3.90 /¾«Æ·.zip
INFO: [ app_init ] --START--
INFO: Run Behavior\BuildLiteBehavior [ RunTime:0.000019s ]
INFO: [ app_init ] --END-- [ RunTime:0.000320s ]
ERR: æ— æ³•åŠ è½½æ¨¡å—:¾«Æ·

[ 2017-01-30T20:04:22+08:00 ] 222.186.3.90 /ÀÏ°æ±¾.zip
INFO: [ app_init ] --START--
INFO: Run Behavior\BuildLiteBehavior [ RunTime:0.000023s ]
INFO: [ app_init ] --END-- [ RunTime:0.000437s ]
ERR: æ— æ³•åŠ è½½æ¨¡å—:ÀÏ°æ±¾

[ 2017-01-30T20:04:22+08:00 ] 222.186.3.90 /ÀÏ°æ±¾Mirserver.zip
INFO: [ app_init ] --START--
INFO: Run Behavior\BuildLiteBehavior [ RunTime:0.000033s ]
INFO: [ app_init ] --END-- [ RunTime:0.000589s ]
ERR: æ— æ³•åŠ è½½æ¨¡å—:ÀÏ°æ±¾Mirserver

[ 2017-01-30T20:04:22+08:00 ] 222.186.3.90 /ÀÏÇø.zip
INFO: [ app_init ] --START--
INFO: Run Behavior\BuildLiteBehavior [ RunTime:0.000024s ]
INFO: [ app_init ] --END-- [ RunTime:0.000361s ]
ERR: æ— æ³•åŠ è½½æ¨¡å—:ÀÏÇø

[ 2017-01-30T20:04:22+08:00 ] 222.186.3.90 /Çá±ä.zip
INFO: [ app_init ] --START--
INFO: Run Behavior\BuildLiteBehavior [ RunTime:0.000022s ]
INFO: [ app_init ] --END-- [ RunTime:0.000334s ]
ERR: æ— æ³•åŠ è½½æ¨¡å—:Çá±ä

[ 2017-01-30T20:04:23+08:00 ] 222.186.3.90 /ĞÂ°æ±¾.zip
INFO: [ app_init ] --START--
INFO: Run Behavior\BuildLiteBehavior [ RunTime:0.000023s ]
INFO: [ app_init ] --END-- [ RunTime:0.000477s ]
ERR: æ— æ³•åŠ è½½æ¨¡å—:ĞÂ°æ±¾

[ 2017-01-30T20:04:23+08:00 ] 222.186.3.90 /ĞÂ°æ±¾Mirserver.zip
INFO: [ app_init ] --START--
INFO: Run Behavior\BuildLiteBehavior [ RunTime:0.000028s ]
INFO: [ app_init ] --END-- [ RunTime:0.000529s ]
ERR: æ— æ³•åŠ è½½æ¨¡å—:ĞÂ°æ±¾Mirserver

[ 2017-01-30T20:04:23+08:00 ] 222.186.3.90 /ĞÂ½¨ÎÄ¼ş¼Ğ.zip
INFO: [ app_init ] --START--
INFO: Run Behavior\BuildLiteBehavior [ RunTime:0.000023s ]
INFO: [ app_init ] --END-- [ RunTime:0.000418s ]
ERR: æ— æ³•åŠ è½½æ¨¡å—:ĞÂ½¨ÎÄ¼ş¼Ğ

[ 2017-01-30T20:04:23+08:00 ] 222.186.3.90 /ĞÂ½¨ÎÄ¼ş¼Ğ1.zip
INFO: [ app_init ] --START--
INFO: Run Behavior\BuildLiteBehavior [ RunTime:0.000024s ]
INFO: [ app_init ] --END-- [ RunTime:0.000364s ]
ERR: æ— æ³•åŠ è½½æ¨¡å—:ĞÂ½¨ÎÄ¼ş¼Ğ1

[ 2017-01-30T20:04:23+08:00 ] 222.186.3.90 /GOM.zip
INFO: [ app_init ] --START--
INFO: Run Behavior\BuildLiteBehavior [ RunTime:0.000023s ]
INFO: [ app_init ] --END-- [ RunTime:0.000368s ]
ERR: æ— æ³•åŠ è½½æ¨¡å—:GOM

[ 2017-01-30T20:04:23+08:00 ] 222.186.3.90 /hero.zip
INFO: [ app_init ] --START--
INFO: Run Behavior\BuildLiteBehavior [ RunTime:0.000024s ]
INFO: [ app_init ] --END-- [ RunTime:0.000450s ]
ERR: æ— æ³•åŠ è½½æ¨¡å—:Hero

[ 2017-01-30T20:04:23+08:00 ] 222.186.3.90 /blue.zip
INFO: [ app_init ] --START--
INFO: Run Behavior\BuildLiteBehavior [ RunTime:0.000025s ]
INFO: [ app_init ] --END-- [ RunTime:0.000388s ]
ERR: æ— æ³•åŠ è½½æ¨¡å—:Blue

[ 2017-01-30T20:04:23+08:00 ] 222.186.3.90 /ĞÂÇø.zip
INFO: [ app_init ] --START--
INFO: Run Behavior\BuildLiteBehavior [ RunTime:0.000099s ]
INFO: [ app_init ] --END-- [ RunTime:0.000595s ]
ERR: æ— æ³•åŠ è½½æ¨¡å—:ĞÂÇø

[ 2017-01-30T20:04:23+08:00 ] 222.186.3.90 /ÖĞ±ä.zip
INFO: [ app_init ] --START--
INFO: Run Behavior\BuildLiteBehavior [ RunTime:0.000020s ]
INFO: [ app_init ] --END-- [ RunTime:0.000391s ]
ERR: æ— æ³•åŠ è½½æ¨¡å—:ÖĞ±ä

[ 2017-01-30T20:04:23+08:00 ] 222.186.3.90 /cmirserver.zip
INFO: [ app_init ] --START--
INFO: Run Behavior\BuildLiteBehavior [ RunTime:0.000021s ]
INFO: [ app_init ] --END-- [ RunTime:0.000411s ]
ERR: æ— æ³•åŠ è½½æ¨¡å—:Cmirserver

[ 2017-01-30T20:04:23+08:00 ] 222.186.3.90 /cmirserver01.zip
INFO: [ app_init ] --START--
INFO: Run Behavior\BuildLiteBehavior [ RunTime:0.000021s ]
INFO: [ app_init ] --END-- [ RunTime:0.000383s ]
ERR: æ— æ³•åŠ è½½æ¨¡å—:Cmirserver01

[ 2017-01-30T20:04:23+08:00 ] 222.186.3.90 /cmirserver1.zip
INFO: [ app_init ] --START--
INFO: Run Behavior\BuildLiteBehavior [ RunTime:0.000021s ]
INFO: [ app_init ] --END-- [ RunTime:0.000403s ]
ERR: æ— æ³•åŠ è½½æ¨¡å—:Cmirserver1

[ 2017-01-30T20:04:23+08:00 ] 222.186.3.90 /cmirserver11.zip
INFO: [ app_init ] --START--
INFO: Run Behavior\BuildLiteBehavior [ RunTime:0.000019s ]
INFO: [ app_init ] --END-- [ RunTime:0.000380s ]
ERR: æ— æ³•åŠ è½½æ¨¡å—:Cmirserver11

[ 2017-01-30T20:04:23+08:00 ] 222.186.3.90 /cmirserver2.zip
INFO: [ app_init ] --START--
INFO: Run Behavior\BuildLiteBehavior [ RunTime:0.000019s ]
INFO: [ app_init ] --END-- [ RunTime:0.000318s ]
ERR: æ— æ³•åŠ è½½æ¨¡å—:Cmirserver2

[ 2017-01-30T20:04:23+08:00 ] 222.186.3.90 /cmirserver3.zip
INFO: [ app_init ] --START--
INFO: Run Behavior\BuildLiteBehavior [ RunTime:0.000022s ]
INFO: [ app_init ] --END-- [ RunTime:0.000345s ]
ERR: æ— æ³•åŠ è½½æ¨¡å—:Cmirserver3

[ 2017-01-30T20:40:05+08:00 ] 123.126.94.252 http://106.2.112.147/proxyip/check
INFO: [ app_init ] --START--
INFO: Run Behavior\BuildLiteBehavior [ RunTime:0.000124s ]
INFO: [ app_init ] --END-- [ RunTime:0.000509s ]
ERR: æ— æ³•åŠ è½½æ¨¡å—:Proxyip

[ 2017-01-30T22:07:51+08:00 ] 63.243.252.193 /forum.php?mod=viewthread&tid=13953
INFO: [ app_init ] --START--
INFO: Run Behavior\BuildLiteBehavior [ RunTime:0.000016s ]
INFO: [ app_init ] --END-- [ RunTime:0.000309s ]
ERR: æ— æ³•åŠ è½½æ¨¡å—:Forum

[ 2017-01-30T22:08:42+08:00 ] 106.38.231.219 http://106.2.112.147/proxyip/check
INFO: [ app_init ] --START--
INFO: Run Behavior\BuildLiteBehavior [ RunTime:0.000029s ]
INFO: [ app_init ] --END-- [ RunTime:0.000548s ]
ERR: æ— æ³•åŠ è½½æ¨¡å—:Proxyip

[ 2017-01-30T22:08:56+08:00 ] 123.56.233.103 /admin
INFO: [ app_init ] --START--
INFO: Run Behavior\BuildLiteBehavior [ RunTime:0.000022s ]
INFO: [ app_init ] --END-- [ RunTime:0.000345s ]
ERR: æ— æ³•åŠ è½½æ¨¡å—:Admin

[ 2017-01-30T23:37:29+08:00 ] 106.38.231.220 http://106.2.112.147/proxyip/check
INFO: [ app_init ] --START--
INFO: Run Behavior\BuildLiteBehavior [ RunTime:0.000021s ]
INFO: [ app_init ] --END-- [ RunTime:0.000393s ]
ERR: æ— æ³•åŠ è½½æ¨¡å—:Proxyip

