[ 2017-02-14T00:30:32+08:00 ] 123.126.94.201 http://106.2.112.147/proxyip/check
INFO: [ app_init ] --START--
INFO: Run Behavior\BuildLiteBehavior [ RunTime:0.000032s ]
INFO: [ app_init ] --END-- [ RunTime:0.000636s ]
ERR: æ— æ³•åŠ è½½æ¨¡å—:Proxyip

[ 2017-02-14T00:40:09+08:00 ] 42.120.161.65 /forum.php?mod=viewthread&tid=45257
INFO: [ app_init ] --START--
INFO: Run Behavior\BuildLiteBehavior [ RunTime:0.000023s ]
INFO: [ app_init ] --END-- [ RunTime:0.000412s ]
ERR: æ— æ³•åŠ è½½æ¨¡å—:Forum

[ 2017-02-14T01:38:15+08:00 ] 119.57.158.72 /robots.txt
INFO: [ app_init ] --START--
INFO: Run Behavior\BuildLiteBehavior [ RunTime:0.000021s ]
INFO: [ app_init ] --END-- [ RunTime:0.000347s ]
ERR: æ— æ³•åŠ è½½æ¨¡å—:Robots

[ 2017-02-14T01:42:39+08:00 ] 66.249.65.157 /robots.txt
INFO: [ app_init ] --START--
INFO: Run Behavior\BuildLiteBehavior [ RunTime:0.000023s ]
INFO: [ app_init ] --END-- [ RunTime:0.000367s ]
ERR: æ— æ³•åŠ è½½æ¨¡å—:Robots

[ 2017-02-14T01:42:40+08:00 ] 66.249.65.153 /Topic/
INFO: [ app_init ] --START--
INFO: Run Behavior\BuildLiteBehavior [ RunTime:0.000018s ]
INFO: [ app_init ] --END-- [ RunTime:0.000313s ]
ERR: æ— æ³•åŠ è½½æ¨¡å—:Topic

[ 2017-02-14T02:13:05+08:00 ] 93.158.152.11 /favicon.ico
INFO: [ app_init ] --START--
INFO: Run Behavior\BuildLiteBehavior [ RunTime:0.000022s ]
INFO: [ app_init ] --END-- [ RunTime:0.000362s ]
ERR: æ— æ³•åŠ è½½æ¨¡å—:Favicon

[ 2017-02-14T02:33:15+08:00 ] 106.38.231.219 http://106.2.112.147/proxyip/check
INFO: [ app_init ] --START--
INFO: Run Behavior\BuildLiteBehavior [ RunTime:0.000021s ]
INFO: [ app_init ] --END-- [ RunTime:0.000397s ]
ERR: æ— æ³•åŠ è½½æ¨¡å—:Proxyip

[ 2017-02-14T03:21:48+08:00 ] 139.162.88.63 http://clientapi.ipip.net/echo.php?info=1234567890
INFO: [ app_init ] --START--
INFO: Run Behavior\BuildLiteBehavior [ RunTime:0.000071s ]
INFO: [ app_init ] --END-- [ RunTime:0.000380s ]
ERR: æ— æ³•åŠ è½½æ¨¡å—:Echo

[ 2017-02-14T03:55:11+08:00 ] 66.249.65.56 /robots.txt
INFO: [ app_init ] --START--
INFO: Run Behavior\BuildLiteBehavior [ RunTime:0.000022s ]
INFO: [ app_init ] --END-- [ RunTime:0.000402s ]
ERR: æ— æ³•åŠ è½½æ¨¡å—:Robots

[ 2017-02-14T03:55:12+08:00 ] 66.249.65.58 /forum.php?mod=viewthread&tid=20547&extra=
INFO: [ app_init ] --START--
INFO: Run Behavior\BuildLiteBehavior [ RunTime:0.000019s ]
INFO: [ app_init ] --END-- [ RunTime:0.000339s ]
ERR: æ— æ³•åŠ è½½æ¨¡å—:Forum

[ 2017-02-14T04:05:11+08:00 ] 141.8.142.166 /favicon.ico
INFO: [ app_init ] --START--
INFO: Run Behavior\BuildLiteBehavior [ RunTime:0.000019s ]
INFO: [ app_init ] --END-- [ RunTime:0.000332s ]
ERR: æ— æ³•åŠ è½½æ¨¡å—:Favicon

[ 2017-02-14T04:15:30+08:00 ] 66.249.65.58 /forum.php?mod=viewthread&tid=72&extra=
INFO: [ app_init ] --START--
INFO: Run Behavior\BuildLiteBehavior [ RunTime:0.000018s ]
INFO: [ app_init ] --END-- [ RunTime:0.000323s ]
ERR: æ— æ³•åŠ è½½æ¨¡å—:Forum

[ 2017-02-14T04:37:12+08:00 ] 106.38.230.190 http://106.2.112.147/proxyip/check
INFO: [ app_init ] --START--
INFO: Run Behavior\BuildLiteBehavior [ RunTime:0.000023s ]
INFO: [ app_init ] --END-- [ RunTime:0.000404s ]
ERR: æ— æ³•åŠ è½½æ¨¡å—:Proxyip

[ 2017-02-14T04:45:48+08:00 ] 120.132.3.151 http://www.qq.com/404/search_children.js
INFO: [ app_init ] --START--
INFO: Run Behavior\BuildLiteBehavior [ RunTime:0.000022s ]
INFO: [ app_init ] --END-- [ RunTime:0.000348s ]
ERR: æ— æ³•åŠ è½½æ¨¡å—:404

[ 2017-02-14T04:56:39+08:00 ] 66.249.65.57 /forum.php?mod=viewthread&tid=24421&extra=
INFO: [ app_init ] --START--
INFO: Run Behavior\BuildLiteBehavior [ RunTime:0.000021s ]
INFO: [ app_init ] --END-- [ RunTime:0.000340s ]
ERR: æ— æ³•åŠ è½½æ¨¡å—:Forum

[ 2017-02-14T05:07:14+08:00 ] 180.76.15.136 /forum.php?mod=viewthread&tid=52475
INFO: [ app_init ] --START--
INFO: Run Behavior\BuildLiteBehavior [ RunTime:0.000022s ]
INFO: [ app_init ] --END-- [ RunTime:0.000335s ]
ERR: æ— æ³•åŠ è½½æ¨¡å—:Forum

[ 2017-02-14T05:52:37+08:00 ] 59.56.110.234 /mirserver.rar
INFO: [ app_init ] --START--
INFO: Run Behavior\BuildLiteBehavior [ RunTime:0.000026s ]
INFO: [ app_init ] --END-- [ RunTime:0.000359s ]
ERR: æ— æ³•åŠ è½½æ¨¡å—:Mirserver

[ 2017-02-14T05:52:37+08:00 ] 59.56.110.234 /Mirserver1.rar
INFO: [ app_init ] --START--
INFO: Run Behavior\BuildLiteBehavior [ RunTime:0.000024s ]
INFO: [ app_init ] --END-- [ RunTime:0.000432s ]
ERR: æ— æ³•åŠ è½½æ¨¡å—:Mirserver1

[ 2017-02-14T05:52:37+08:00 ] 59.56.110.234 /Mirserver2.rar
INFO: [ app_init ] --START--
INFO: Run Behavior\BuildLiteBehavior [ RunTime:0.000018s ]
INFO: [ app_init ] --END-- [ RunTime:0.000323s ]
ERR: æ— æ³•åŠ è½½æ¨¡å—:Mirserver2

[ 2017-02-14T05:52:37+08:00 ] 59.56.110.234 /Mirserver3.rar
INFO: [ app_init ] --START--
INFO: Run Behavior\BuildLiteBehavior [ RunTime:0.000020s ]
INFO: [ app_init ] --END-- [ RunTime:0.000325s ]
ERR: æ— æ³•åŠ è½½æ¨¡å—:Mirserver3

[ 2017-02-14T05:52:37+08:00 ] 59.56.110.234 /Mirserver4.rar
INFO: [ app_init ] --START--
INFO: Run Behavior\BuildLiteBehavior [ RunTime:0.000019s ]
INFO: [ app_init ] --END-- [ RunTime:0.000385s ]
ERR: æ— æ³•åŠ è½½æ¨¡å—:Mirserver4

[ 2017-02-14T05:52:38+08:00 ] 59.56.110.234 /Mirserver6.rar
INFO: [ app_init ] --START--
INFO: Run Behavior\BuildLiteBehavior [ RunTime:0.000067s ]
INFO: [ app_init ] --END-- [ RunTime:0.000395s ]
ERR: æ— æ³•åŠ è½½æ¨¡å—:Mirserver6

[ 2017-02-14T05:52:38+08:00 ] 59.56.110.234 /Mirserver7.rar
INFO: [ app_init ] --START--
INFO: Run Behavior\BuildLiteBehavior [ RunTime:0.000022s ]
INFO: [ app_init ] --END-- [ RunTime:0.000321s ]
ERR: æ— æ³•åŠ è½½æ¨¡å—:Mirserver7

[ 2017-02-14T05:52:38+08:00 ] 59.56.110.234 /Mirserver8.rar
INFO: [ app_init ] --START--
INFO: Run Behavior\BuildLiteBehavior [ RunTime:0.000021s ]
INFO: [ app_init ] --END-- [ RunTime:0.000331s ]
ERR: æ— æ³•åŠ è½½æ¨¡å—:Mirserver8

[ 2017-02-14T05:52:38+08:00 ] 59.56.110.234 /Mirserver9.rar
INFO: [ app_init ] --START--
INFO: Run Behavior\BuildLiteBehavior [ RunTime:0.000024s ]
INFO: [ app_init ] --END-- [ RunTime:0.000422s ]
ERR: æ— æ³•åŠ è½½æ¨¡å—:Mirserver9

[ 2017-02-14T05:52:38+08:00 ] 59.56.110.234 /Mirserver10.rar
INFO: [ app_init ] --START--
INFO: Run Behavior\BuildLiteBehavior [ RunTime:0.000021s ]
INFO: [ app_init ] --END-- [ RunTime:0.000398s ]
ERR: æ— æ³•åŠ è½½æ¨¡å—:Mirserver10

[ 2017-02-14T05:52:38+08:00 ] 59.56.110.234 /¸´¼ş%20mirserver.rar
INFO: [ app_init ] --START--
INFO: Run Behavior\BuildLiteBehavior [ RunTime:0.000021s ]
INFO: [ app_init ] --END-- [ RunTime:0.000381s ]
ERR: æ— æ³•åŠ è½½æ¨¡å—:¸´¼ş mirserver

[ 2017-02-14T05:52:38+08:00 ] 59.56.110.234 /¸´¼ş%20(1)%20Mirserver.rar
INFO: [ app_init ] --START--
INFO: Run Behavior\BuildLiteBehavior [ RunTime:0.000016s ]
INFO: [ app_init ] --END-- [ RunTime:0.000314s ]
ERR: æ— æ³•åŠ è½½æ¨¡å—:¸´¼ş (1) Mirserver

[ 2017-02-14T05:52:38+08:00 ] 59.56.110.234 /¸´¼ş%20(2)%20Mirserver.rar
INFO: [ app_init ] --START--
INFO: Run Behavior\BuildLiteBehavior [ RunTime:0.000021s ]
INFO: [ app_init ] --END-- [ RunTime:0.000384s ]
ERR: æ— æ³•åŠ è½½æ¨¡å—:¸´¼ş (2) Mirserver

[ 2017-02-14T05:52:38+08:00 ] 59.56.110.234 /¸´¼ş%20Mirserver1.rar
INFO: [ app_init ] --START--
INFO: Run Behavior\BuildLiteBehavior [ RunTime:0.000023s ]
INFO: [ app_init ] --END-- [ RunTime:0.000434s ]
ERR: æ— æ³•åŠ è½½æ¨¡å—:¸´¼ş Mirserver1

[ 2017-02-14T05:52:38+08:00 ] 59.56.110.234 /¸´¼ş%20Mirserver2.rar
INFO: [ app_init ] --START--
INFO: Run Behavior\BuildLiteBehavior [ RunTime:0.000020s ]
INFO: [ app_init ] --END-- [ RunTime:0.000340s ]
ERR: æ— æ³•åŠ è½½æ¨¡å—:¸´¼ş Mirserver2

[ 2017-02-14T05:52:38+08:00 ] 59.56.110.234 /¸´¼ş%20Mirserver3.rar
INFO: [ app_init ] --START--
INFO: Run Behavior\BuildLiteBehavior [ RunTime:0.000030s ]
INFO: [ app_init ] --END-- [ RunTime:0.000553s ]
ERR: æ— æ³•åŠ è½½æ¨¡å—:¸´¼ş Mirserver3

[ 2017-02-14T05:52:38+08:00 ] 59.56.110.234 /¸´¼ş%20mirserver.zip
INFO: [ app_init ] --START--
INFO: Run Behavior\BuildLiteBehavior [ RunTime:0.000020s ]
INFO: [ app_init ] --END-- [ RunTime:0.000320s ]
ERR: æ— æ³•åŠ è½½æ¨¡å—:¸´¼ş mirserver

[ 2017-02-14T05:52:38+08:00 ] 59.56.110.234 /¸´¼ş%20mirserver1.zip
INFO: [ app_init ] --START--
INFO: Run Behavior\BuildLiteBehavior [ RunTime:0.000019s ]
INFO: [ app_init ] --END-- [ RunTime:0.000321s ]
ERR: æ— æ³•åŠ è½½æ¨¡å—:¸´¼ş mirserver1

[ 2017-02-14T05:52:38+08:00 ] 59.56.110.234 /¸´¼ş%20mirserver2.zip
INFO: [ app_init ] --START--
INFO: Run Behavior\BuildLiteBehavior [ RunTime:0.000020s ]
INFO: [ app_init ] --END-- [ RunTime:0.000334s ]
ERR: æ— æ³•åŠ è½½æ¨¡å—:¸´¼ş mirserver2

[ 2017-02-14T05:52:38+08:00 ] 59.56.110.234 /¸´¼ş%20mirserver3.zip
INFO: [ app_init ] --START--
INFO: Run Behavior\BuildLiteBehavior [ RunTime:0.000022s ]
INFO: [ app_init ] --END-- [ RunTime:0.000337s ]
ERR: æ— æ³•åŠ è½½æ¨¡å—:¸´¼ş mirserver3

[ 2017-02-14T05:52:38+08:00 ] 59.56.110.234 /¸´¼ş%20(1)%20Mirserver.zip
INFO: [ app_init ] --START--
INFO: Run Behavior\BuildLiteBehavior [ RunTime:0.000016s ]
INFO: [ app_init ] --END-- [ RunTime:0.000399s ]
ERR: æ— æ³•åŠ è½½æ¨¡å—:¸´¼ş (1) Mirserver

[ 2017-02-14T05:52:38+08:00 ] 59.56.110.234 /mirserver.zip
INFO: [ app_init ] --START--
INFO: Run Behavior\BuildLiteBehavior [ RunTime:0.000022s ]
INFO: [ app_init ] --END-- [ RunTime:0.000322s ]
ERR: æ— æ³•åŠ è½½æ¨¡å—:Mirserver

[ 2017-02-14T05:52:38+08:00 ] 59.56.110.234 /Mirserver1.zip
INFO: [ app_init ] --START--
INFO: Run Behavior\BuildLiteBehavior [ RunTime:0.000016s ]
INFO: [ app_init ] --END-- [ RunTime:0.000357s ]
ERR: æ— æ³•åŠ è½½æ¨¡å—:Mirserver1

[ 2017-02-14T05:52:38+08:00 ] 59.56.110.234 /Mirserver2.zip
INFO: [ app_init ] --START--
INFO: Run Behavior\BuildLiteBehavior [ RunTime:0.000022s ]
INFO: [ app_init ] --END-- [ RunTime:0.000489s ]
ERR: æ— æ³•åŠ è½½æ¨¡å—:Mirserver2

[ 2017-02-14T05:52:38+08:00 ] 59.56.110.234 /Mirserver3.zip
INFO: [ app_init ] --START--
INFO: Run Behavior\BuildLiteBehavior [ RunTime:0.000020s ]
INFO: [ app_init ] --END-- [ RunTime:0.000465s ]
ERR: æ— æ³•åŠ è½½æ¨¡å—:Mirserver3

[ 2017-02-14T05:52:39+08:00 ] 59.56.110.234 /00.rar
INFO: [ app_init ] --START--
INFO: Run Behavior\BuildLiteBehavior [ RunTime:0.000021s ]
INFO: [ app_init ] --END-- [ RunTime:0.000327s ]
ERR: æ— æ³•åŠ è½½æ¨¡å—:00

[ 2017-02-14T05:52:39+08:00 ] 59.56.110.234 /000.rar
INFO: [ app_init ] --START--
INFO: Run Behavior\BuildLiteBehavior [ RunTime:0.000034s ]
INFO: [ app_init ] --END-- [ RunTime:0.000574s ]
ERR: æ— æ³•åŠ è½½æ¨¡å—:000

[ 2017-02-14T05:52:39+08:00 ] 59.56.110.234 /0000.rar
INFO: [ app_init ] --START--
INFO: Run Behavior\BuildLiteBehavior [ RunTime:0.000021s ]
INFO: [ app_init ] --END-- [ RunTime:0.000366s ]
ERR: æ— æ³•åŠ è½½æ¨¡å—:0000

[ 2017-02-14T05:52:39+08:00 ] 59.56.110.234 /00.zip
INFO: [ app_init ] --START--
INFO: Run Behavior\BuildLiteBehavior [ RunTime:0.000025s ]
INFO: [ app_init ] --END-- [ RunTime:0.000472s ]
ERR: æ— æ³•åŠ è½½æ¨¡å—:00

[ 2017-02-14T05:52:39+08:00 ] 59.56.110.234 /000.zip
INFO: [ app_init ] --START--
INFO: Run Behavior\BuildLiteBehavior [ RunTime:0.000017s ]
INFO: [ app_init ] --END-- [ RunTime:0.000324s ]
ERR: æ— æ³•åŠ è½½æ¨¡å—:000

[ 2017-02-14T05:52:39+08:00 ] 59.56.110.234 /1.rar
INFO: [ app_init ] --START--
INFO: Run Behavior\BuildLiteBehavior [ RunTime:0.000016s ]
INFO: [ app_init ] --END-- [ RunTime:0.000310s ]
ERR: æ— æ³•åŠ è½½æ¨¡å—:1

[ 2017-02-14T05:52:39+08:00 ] 59.56.110.234 /11.rar
INFO: [ app_init ] --START--
INFO: Run Behavior\BuildLiteBehavior [ RunTime:0.000021s ]
INFO: [ app_init ] --END-- [ RunTime:0.000335s ]
ERR: æ— æ³•åŠ è½½æ¨¡å—:11

[ 2017-02-14T05:52:39+08:00 ] 59.56.110.234 /111.rar
INFO: [ app_init ] --START--
INFO: Run Behavior\BuildLiteBehavior [ RunTime:0.000017s ]
INFO: [ app_init ] --END-- [ RunTime:0.000387s ]
ERR: æ— æ³•åŠ è½½æ¨¡å—:111

[ 2017-02-14T05:52:39+08:00 ] 59.56.110.234 /1111.rar
INFO: [ app_init ] --START--
INFO: Run Behavior\BuildLiteBehavior [ RunTime:0.000026s ]
INFO: [ app_init ] --END-- [ RunTime:0.000431s ]
ERR: æ— æ³•åŠ è½½æ¨¡å—:1111

[ 2017-02-14T05:52:39+08:00 ] 59.56.110.234 /1.zip
INFO: [ app_init ] --START--
INFO: Run Behavior\BuildLiteBehavior [ RunTime:0.000024s ]
INFO: [ app_init ] --END-- [ RunTime:0.000377s ]
ERR: æ— æ³•åŠ è½½æ¨¡å—:1

[ 2017-02-14T05:52:39+08:00 ] 59.56.110.234 /11.zip
INFO: [ app_init ] --START--
INFO: Run Behavior\BuildLiteBehavior [ RunTime:0.000019s ]
INFO: [ app_init ] --END-- [ RunTime:0.000323s ]
ERR: æ— æ³•åŠ è½½æ¨¡å—:11

[ 2017-02-14T05:52:39+08:00 ] 59.56.110.234 /111.zip
INFO: [ app_init ] --START--
INFO: Run Behavior\BuildLiteBehavior [ RunTime:0.000019s ]
INFO: [ app_init ] --END-- [ RunTime:0.000319s ]
ERR: æ— æ³•åŠ è½½æ¨¡å—:111

[ 2017-02-14T05:52:39+08:00 ] 59.56.110.234 /1111.zip
INFO: [ app_init ] --START--
INFO: Run Behavior\BuildLiteBehavior [ RunTime:0.000022s ]
INFO: [ app_init ] --END-- [ RunTime:0.000350s ]
ERR: æ— æ³•åŠ è½½æ¨¡å—:1111

[ 2017-02-14T05:52:39+08:00 ] 59.56.110.234 /2.rar
INFO: [ app_init ] --START--
INFO: Run Behavior\BuildLiteBehavior [ RunTime:0.000029s ]
INFO: [ app_init ] --END-- [ RunTime:0.000360s ]
ERR: æ— æ³•åŠ è½½æ¨¡å—:2

[ 2017-02-14T05:52:39+08:00 ] 59.56.110.234 /22.rar
INFO: [ app_init ] --START--
INFO: Run Behavior\BuildLiteBehavior [ RunTime:0.000023s ]
INFO: [ app_init ] --END-- [ RunTime:0.000353s ]
ERR: æ— æ³•åŠ è½½æ¨¡å—:22

[ 2017-02-14T05:52:39+08:00 ] 59.56.110.234 /222.rar
INFO: [ app_init ] --START--
INFO: Run Behavior\BuildLiteBehavior [ RunTime:0.000019s ]
INFO: [ app_init ] --END-- [ RunTime:0.000379s ]
ERR: æ— æ³•åŠ è½½æ¨¡å—:222

[ 2017-02-14T05:52:39+08:00 ] 59.56.110.234 /2222.rar
INFO: [ app_init ] --START--
INFO: Run Behavior\BuildLiteBehavior [ RunTime:0.000020s ]
INFO: [ app_init ] --END-- [ RunTime:0.000477s ]
ERR: æ— æ³•åŠ è½½æ¨¡å—:2222

[ 2017-02-14T05:52:40+08:00 ] 59.56.110.234 /2.zip
INFO: [ app_init ] --START--
INFO: Run Behavior\BuildLiteBehavior [ RunTime:0.000021s ]
INFO: [ app_init ] --END-- [ RunTime:0.000387s ]
ERR: æ— æ³•åŠ è½½æ¨¡å—:2

[ 2017-02-14T05:52:40+08:00 ] 59.56.110.234 /22.zip
INFO: [ app_init ] --START--
INFO: Run Behavior\BuildLiteBehavior [ RunTime:0.000021s ]
INFO: [ app_init ] --END-- [ RunTime:0.000344s ]
ERR: æ— æ³•åŠ è½½æ¨¡å—:22

[ 2017-02-14T05:52:40+08:00 ] 59.56.110.234 /222.zip
INFO: [ app_init ] --START--
INFO: Run Behavior\BuildLiteBehavior [ RunTime:0.000023s ]
INFO: [ app_init ] --END-- [ RunTime:0.000364s ]
ERR: æ— æ³•åŠ è½½æ¨¡å—:222

[ 2017-02-14T05:52:40+08:00 ] 59.56.110.234 /2222.zip
INFO: [ app_init ] --START--
INFO: Run Behavior\BuildLiteBehavior [ RunTime:0.000023s ]
INFO: [ app_init ] --END-- [ RunTime:0.000463s ]
ERR: æ— æ³•åŠ è½½æ¨¡å—:2222

[ 2017-02-14T05:52:40+08:00 ] 59.56.110.234 /3.rar
INFO: [ app_init ] --START--
INFO: Run Behavior\BuildLiteBehavior [ RunTime:0.000019s ]
INFO: [ app_init ] --END-- [ RunTime:0.000323s ]
ERR: æ— æ³•åŠ è½½æ¨¡å—:3

[ 2017-02-14T05:52:40+08:00 ] 59.56.110.234 /33.rar
INFO: [ app_init ] --START--
INFO: Run Behavior\BuildLiteBehavior [ RunTime:0.000019s ]
INFO: [ app_init ] --END-- [ RunTime:0.000333s ]
ERR: æ— æ³•åŠ è½½æ¨¡å—:33

[ 2017-02-14T05:52:40+08:00 ] 59.56.110.234 /333.rar
INFO: [ app_init ] --START--
INFO: Run Behavior\BuildLiteBehavior [ RunTime:0.000022s ]
INFO: [ app_init ] --END-- [ RunTime:0.000342s ]
ERR: æ— æ³•åŠ è½½æ¨¡å—:333

[ 2017-02-14T05:52:40+08:00 ] 59.56.110.234 /3333.rar
INFO: [ app_init ] --START--
INFO: Run Behavior\BuildLiteBehavior [ RunTime:0.000023s ]
INFO: [ app_init ] --END-- [ RunTime:0.000359s ]
ERR: æ— æ³•åŠ è½½æ¨¡å—:3333

[ 2017-02-14T05:52:40+08:00 ] 59.56.110.234 /3.zip
INFO: [ app_init ] --START--
INFO: Run Behavior\BuildLiteBehavior [ RunTime:0.000021s ]
INFO: [ app_init ] --END-- [ RunTime:0.000334s ]
ERR: æ— æ³•åŠ è½½æ¨¡å—:3

[ 2017-02-14T05:52:40+08:00 ] 59.56.110.234 /33.zip
INFO: [ app_init ] --START--
INFO: Run Behavior\BuildLiteBehavior [ RunTime:0.000019s ]
INFO: [ app_init ] --END-- [ RunTime:0.000321s ]
ERR: æ— æ³•åŠ è½½æ¨¡å—:33

[ 2017-02-14T05:52:40+08:00 ] 59.56.110.234 /333.zip
INFO: [ app_init ] --START--
INFO: Run Behavior\BuildLiteBehavior [ RunTime:0.000023s ]
INFO: [ app_init ] --END-- [ RunTime:0.000418s ]
ERR: æ— æ³•åŠ è½½æ¨¡å—:333

[ 2017-02-14T05:52:40+08:00 ] 59.56.110.234 /3333.zip
INFO: [ app_init ] --START--
INFO: Run Behavior\BuildLiteBehavior [ RunTime:0.000020s ]
INFO: [ app_init ] --END-- [ RunTime:0.000325s ]
ERR: æ— æ³•åŠ è½½æ¨¡å—:3333

[ 2017-02-14T05:52:40+08:00 ] 59.56.110.234 /4.rar
INFO: [ app_init ] --START--
INFO: Run Behavior\BuildLiteBehavior [ RunTime:0.000020s ]
INFO: [ app_init ] --END-- [ RunTime:0.000324s ]
ERR: æ— æ³•åŠ è½½æ¨¡å—:4

[ 2017-02-14T05:52:40+08:00 ] 59.56.110.234 /44.rar
INFO: [ app_init ] --START--
INFO: Run Behavior\BuildLiteBehavior [ RunTime:0.000022s ]
INFO: [ app_init ] --END-- [ RunTime:0.000329s ]
ERR: æ— æ³•åŠ è½½æ¨¡å—:44

[ 2017-02-14T05:52:40+08:00 ] 59.56.110.234 /444.rar
INFO: [ app_init ] --START--
INFO: Run Behavior\BuildLiteBehavior [ RunTime:0.000021s ]
INFO: [ app_init ] --END-- [ RunTime:0.000335s ]
ERR: æ— æ³•åŠ è½½æ¨¡å—:444

[ 2017-02-14T05:52:40+08:00 ] 59.56.110.234 /4444.rar
INFO: [ app_init ] --START--
INFO: Run Behavior\BuildLiteBehavior [ RunTime:0.000017s ]
INFO: [ app_init ] --END-- [ RunTime:0.000315s ]
ERR: æ— æ³•åŠ è½½æ¨¡å—:4444

[ 2017-02-14T05:52:40+08:00 ] 59.56.110.234 /4.zip
INFO: [ app_init ] --START--
INFO: Run Behavior\BuildLiteBehavior [ RunTime:0.000021s ]
INFO: [ app_init ] --END-- [ RunTime:0.000336s ]
ERR: æ— æ³•åŠ è½½æ¨¡å—:4

[ 2017-02-14T05:52:40+08:00 ] 59.56.110.234 /44.zip
INFO: [ app_init ] --START--
INFO: Run Behavior\BuildLiteBehavior [ RunTime:0.000021s ]
INFO: [ app_init ] --END-- [ RunTime:0.000431s ]
ERR: æ— æ³•åŠ è½½æ¨¡å—:44

[ 2017-02-14T05:52:40+08:00 ] 59.56.110.234 /444.zip
INFO: [ app_init ] --START--
INFO: Run Behavior\BuildLiteBehavior [ RunTime:0.000033s ]
INFO: [ app_init ] --END-- [ RunTime:0.000537s ]
ERR: æ— æ³•åŠ è½½æ¨¡å—:444

[ 2017-02-14T05:52:40+08:00 ] 59.56.110.234 /4444.zip
INFO: [ app_init ] --START--
INFO: Run Behavior\BuildLiteBehavior [ RunTime:0.000026s ]
INFO: [ app_init ] --END-- [ RunTime:0.000421s ]
ERR: æ— æ³•åŠ è½½æ¨¡å—:4444

[ 2017-02-14T05:52:41+08:00 ] 59.56.110.234 /5.rar
INFO: [ app_init ] --START--
INFO: Run Behavior\BuildLiteBehavior [ RunTime:0.000019s ]
INFO: [ app_init ] --END-- [ RunTime:0.000323s ]
ERR: æ— æ³•åŠ è½½æ¨¡å—:5

[ 2017-02-14T05:52:41+08:00 ] 59.56.110.234 /55.rar
INFO: [ app_init ] --START--
INFO: Run Behavior\BuildLiteBehavior [ RunTime:0.000020s ]
INFO: [ app_init ] --END-- [ RunTime:0.000387s ]
ERR: æ— æ³•åŠ è½½æ¨¡å—:55

[ 2017-02-14T05:52:41+08:00 ] 59.56.110.234 /555.rar
INFO: [ app_init ] --START--
INFO: Run Behavior\BuildLiteBehavior [ RunTime:0.000020s ]
INFO: [ app_init ] --END-- [ RunTime:0.000331s ]
ERR: æ— æ³•åŠ è½½æ¨¡å—:555

[ 2017-02-14T05:52:41+08:00 ] 59.56.110.234 /5555.rar
INFO: [ app_init ] --START--
INFO: Run Behavior\BuildLiteBehavior [ RunTime:0.000021s ]
INFO: [ app_init ] --END-- [ RunTime:0.000329s ]
ERR: æ— æ³•åŠ è½½æ¨¡å—:5555

[ 2017-02-14T05:52:41+08:00 ] 59.56.110.234 /5.zip
INFO: [ app_init ] --START--
INFO: Run Behavior\BuildLiteBehavior [ RunTime:0.000018s ]
INFO: [ app_init ] --END-- [ RunTime:0.000366s ]
ERR: æ— æ³•åŠ è½½æ¨¡å—:5

[ 2017-02-14T05:52:41+08:00 ] 59.56.110.234 /55.zip
INFO: [ app_init ] --START--
INFO: Run Behavior\BuildLiteBehavior [ RunTime:0.000017s ]
INFO: [ app_init ] --END-- [ RunTime:0.000317s ]
ERR: æ— æ³•åŠ è½½æ¨¡å—:55

[ 2017-02-14T05:52:41+08:00 ] 59.56.110.234 /555.zip
INFO: [ app_init ] --START--
INFO: Run Behavior\BuildLiteBehavior [ RunTime:0.000022s ]
INFO: [ app_init ] --END-- [ RunTime:0.000357s ]
ERR: æ— æ³•åŠ è½½æ¨¡å—:555

[ 2017-02-14T05:52:41+08:00 ] 59.56.110.234 /5555.zip
INFO: [ app_init ] --START--
INFO: Run Behavior\BuildLiteBehavior [ RunTime:0.000019s ]
INFO: [ app_init ] --END-- [ RunTime:0.000347s ]
ERR: æ— æ³•åŠ è½½æ¨¡å—:5555

[ 2017-02-14T05:52:41+08:00 ] 59.56.110.234 /6.rar
INFO: [ app_init ] --START--
INFO: Run Behavior\BuildLiteBehavior [ RunTime:0.000020s ]
INFO: [ app_init ] --END-- [ RunTime:0.000377s ]
ERR: æ— æ³•åŠ è½½æ¨¡å—:6

[ 2017-02-14T05:52:41+08:00 ] 59.56.110.234 /66.rar
INFO: [ app_init ] --START--
INFO: Run Behavior\BuildLiteBehavior [ RunTime:0.000022s ]
INFO: [ app_init ] --END-- [ RunTime:0.000428s ]
ERR: æ— æ³•åŠ è½½æ¨¡å—:66

[ 2017-02-14T05:52:41+08:00 ] 59.56.110.234 /666.rar
INFO: [ app_init ] --START--
INFO: Run Behavior\BuildLiteBehavior [ RunTime:0.000020s ]
INFO: [ app_init ] --END-- [ RunTime:0.000328s ]
ERR: æ— æ³•åŠ è½½æ¨¡å—:666

[ 2017-02-14T05:52:41+08:00 ] 59.56.110.234 /6666.rar
INFO: [ app_init ] --START--
INFO: Run Behavior\BuildLiteBehavior [ RunTime:0.000019s ]
INFO: [ app_init ] --END-- [ RunTime:0.000397s ]
ERR: æ— æ³•åŠ è½½æ¨¡å—:6666

[ 2017-02-14T05:52:41+08:00 ] 59.56.110.234 /6.zip
INFO: [ app_init ] --START--
INFO: Run Behavior\BuildLiteBehavior [ RunTime:0.000018s ]
INFO: [ app_init ] --END-- [ RunTime:0.000393s ]
ERR: æ— æ³•åŠ è½½æ¨¡å—:6

[ 2017-02-14T05:52:41+08:00 ] 59.56.110.234 /66.zip
INFO: [ app_init ] --START--
INFO: Run Behavior\BuildLiteBehavior [ RunTime:0.000024s ]
INFO: [ app_init ] --END-- [ RunTime:0.000346s ]
ERR: æ— æ³•åŠ è½½æ¨¡å—:66

[ 2017-02-14T05:52:41+08:00 ] 59.56.110.234 /666.zip
INFO: [ app_init ] --START--
INFO: Run Behavior\BuildLiteBehavior [ RunTime:0.000024s ]
INFO: [ app_init ] --END-- [ RunTime:0.000395s ]
ERR: æ— æ³•åŠ è½½æ¨¡å—:666

[ 2017-02-14T05:52:41+08:00 ] 59.56.110.234 /6666.zip
INFO: [ app_init ] --START--
INFO: Run Behavior\BuildLiteBehavior [ RunTime:0.000021s ]
INFO: [ app_init ] --END-- [ RunTime:0.000334s ]
ERR: æ— æ³•åŠ è½½æ¨¡å—:6666

[ 2017-02-14T05:52:41+08:00 ] 59.56.110.234 /7.rar
INFO: [ app_init ] --START--
INFO: Run Behavior\BuildLiteBehavior [ RunTime:0.000021s ]
INFO: [ app_init ] --END-- [ RunTime:0.000435s ]
ERR: æ— æ³•åŠ è½½æ¨¡å—:7

[ 2017-02-14T05:52:41+08:00 ] 59.56.110.234 /77.rar
INFO: [ app_init ] --START--
INFO: Run Behavior\BuildLiteBehavior [ RunTime:0.000020s ]
INFO: [ app_init ] --END-- [ RunTime:0.000326s ]
ERR: æ— æ³•åŠ è½½æ¨¡å—:77

[ 2017-02-14T05:52:41+08:00 ] 59.56.110.234 /777.rar
INFO: [ app_init ] --START--
INFO: Run Behavior\BuildLiteBehavior [ RunTime:0.000020s ]
INFO: [ app_init ] --END-- [ RunTime:0.000445s ]
ERR: æ— æ³•åŠ è½½æ¨¡å—:777

[ 2017-02-14T05:52:42+08:00 ] 59.56.110.234 /7777.rar
INFO: [ app_init ] --START--
INFO: Run Behavior\BuildLiteBehavior [ RunTime:0.000021s ]
INFO: [ app_init ] --END-- [ RunTime:0.000331s ]
ERR: æ— æ³•åŠ è½½æ¨¡å—:7777

[ 2017-02-14T05:52:42+08:00 ] 59.56.110.234 /7.zip
INFO: [ app_init ] --START--
INFO: Run Behavior\BuildLiteBehavior [ RunTime:0.000024s ]
INFO: [ app_init ] --END-- [ RunTime:0.001446s ]
ERR: æ— æ³•åŠ è½½æ¨¡å—:7

[ 2017-02-14T05:52:42+08:00 ] 59.56.110.234 /77.zip
INFO: [ app_init ] --START--
INFO: Run Behavior\BuildLiteBehavior [ RunTime:0.000020s ]
INFO: [ app_init ] --END-- [ RunTime:0.000370s ]
ERR: æ— æ³•åŠ è½½æ¨¡å—:77

[ 2017-02-14T05:52:42+08:00 ] 59.56.110.234 /777.zip
INFO: [ app_init ] --START--
INFO: Run Behavior\BuildLiteBehavior [ RunTime:0.000029s ]
INFO: [ app_init ] --END-- [ RunTime:0.000508s ]
ERR: æ— æ³•åŠ è½½æ¨¡å—:777

[ 2017-02-14T05:52:42+08:00 ] 59.56.110.234 /7777.zip
INFO: [ app_init ] --START--
INFO: Run Behavior\BuildLiteBehavior [ RunTime:0.000024s ]
INFO: [ app_init ] --END-- [ RunTime:0.000341s ]
ERR: æ— æ³•åŠ è½½æ¨¡å—:7777

[ 2017-02-14T05:52:42+08:00 ] 59.56.110.234 /8.rar
INFO: [ app_init ] --START--
INFO: Run Behavior\BuildLiteBehavior [ RunTime:0.000023s ]
INFO: [ app_init ] --END-- [ RunTime:0.000344s ]
ERR: æ— æ³•åŠ è½½æ¨¡å—:8

[ 2017-02-14T05:52:42+08:00 ] 59.56.110.234 /88.rar
INFO: [ app_init ] --START--
INFO: Run Behavior\BuildLiteBehavior [ RunTime:0.000024s ]
INFO: [ app_init ] --END-- [ RunTime:0.000488s ]
ERR: æ— æ³•åŠ è½½æ¨¡å—:88

[ 2017-02-14T05:52:42+08:00 ] 59.56.110.234 /888.rar
INFO: [ app_init ] --START--
INFO: Run Behavior\BuildLiteBehavior [ RunTime:0.000016s ]
INFO: [ app_init ] --END-- [ RunTime:0.000316s ]
ERR: æ— æ³•åŠ è½½æ¨¡å—:888

[ 2017-02-14T05:52:42+08:00 ] 59.56.110.234 /8888.rar
INFO: [ app_init ] --START--
INFO: Run Behavior\BuildLiteBehavior [ RunTime:0.000022s ]
INFO: [ app_init ] --END-- [ RunTime:0.000417s ]
ERR: æ— æ³•åŠ è½½æ¨¡å—:8888

[ 2017-02-14T05:52:42+08:00 ] 59.56.110.234 /8.zip
INFO: [ app_init ] --START--
INFO: Run Behavior\BuildLiteBehavior [ RunTime:0.000021s ]
INFO: [ app_init ] --END-- [ RunTime:0.000337s ]
ERR: æ— æ³•åŠ è½½æ¨¡å—:8

[ 2017-02-14T05:52:42+08:00 ] 59.56.110.234 /88.zip
INFO: [ app_init ] --START--
INFO: Run Behavior\BuildLiteBehavior [ RunTime:0.000020s ]
INFO: [ app_init ] --END-- [ RunTime:0.000387s ]
ERR: æ— æ³•åŠ è½½æ¨¡å—:88

[ 2017-02-14T05:52:42+08:00 ] 59.56.110.234 /888.zip
INFO: [ app_init ] --START--
INFO: Run Behavior\BuildLiteBehavior [ RunTime:0.000022s ]
INFO: [ app_init ] --END-- [ RunTime:0.000343s ]
ERR: æ— æ³•åŠ è½½æ¨¡å—:888

[ 2017-02-14T05:52:42+08:00 ] 59.56.110.234 /8888.zip
INFO: [ app_init ] --START--
INFO: Run Behavior\BuildLiteBehavior [ RunTime:0.000021s ]
INFO: [ app_init ] --END-- [ RunTime:0.000332s ]
ERR: æ— æ³•åŠ è½½æ¨¡å—:8888

[ 2017-02-14T05:52:42+08:00 ] 59.56.110.234 /9.rar
INFO: [ app_init ] --START--
INFO: Run Behavior\BuildLiteBehavior [ RunTime:0.000023s ]
INFO: [ app_init ] --END-- [ RunTime:0.000431s ]
ERR: æ— æ³•åŠ è½½æ¨¡å—:9

[ 2017-02-14T05:52:42+08:00 ] 59.56.110.234 /99.rar
INFO: [ app_init ] --START--
INFO: Run Behavior\BuildLiteBehavior [ RunTime:0.000022s ]
INFO: [ app_init ] --END-- [ RunTime:0.000358s ]
ERR: æ— æ³•åŠ è½½æ¨¡å—:99

[ 2017-02-14T05:52:42+08:00 ] 59.56.110.234 /999.rar
INFO: [ app_init ] --START--
INFO: Run Behavior\BuildLiteBehavior [ RunTime:0.000020s ]
INFO: [ app_init ] --END-- [ RunTime:0.000428s ]
ERR: æ— æ³•åŠ è½½æ¨¡å—:999

[ 2017-02-14T05:52:42+08:00 ] 59.56.110.234 /9999.rar
INFO: [ app_init ] --START--
INFO: Run Behavior\BuildLiteBehavior [ RunTime:0.000027s ]
INFO: [ app_init ] --END-- [ RunTime:0.000596s ]
ERR: æ— æ³•åŠ è½½æ¨¡å—:9999

[ 2017-02-14T05:52:42+08:00 ] 59.56.110.234 /9.zip
INFO: [ app_init ] --START--
INFO: Run Behavior\BuildLiteBehavior [ RunTime:0.000022s ]
INFO: [ app_init ] --END-- [ RunTime:0.000340s ]
ERR: æ— æ³•åŠ è½½æ¨¡å—:9

[ 2017-02-14T05:52:43+08:00 ] 59.56.110.234 /99.zip
INFO: [ app_init ] --START--
INFO: Run Behavior\BuildLiteBehavior [ RunTime:0.000020s ]
INFO: [ app_init ] --END-- [ RunTime:0.000397s ]
ERR: æ— æ³•åŠ è½½æ¨¡å—:99

[ 2017-02-14T05:52:43+08:00 ] 59.56.110.234 /bb.rar
INFO: [ app_init ] --START--
INFO: Run Behavior\BuildLiteBehavior [ RunTime:0.000022s ]
INFO: [ app_init ] --END-- [ RunTime:0.000397s ]
ERR: æ— æ³•åŠ è½½æ¨¡å—:Bb

[ 2017-02-14T05:52:43+08:00 ] 59.56.110.234 /123.rar
INFO: [ app_init ] --START--
INFO: Run Behavior\BuildLiteBehavior [ RunTime:0.000021s ]
INFO: [ app_init ] --END-- [ RunTime:0.000390s ]
ERR: æ— æ³•åŠ è½½æ¨¡å—:123

[ 2017-02-14T05:52:43+08:00 ] 59.56.110.234 /1234.rar
INFO: [ app_init ] --START--
INFO: Run Behavior\BuildLiteBehavior [ RunTime:0.000018s ]
INFO: [ app_init ] --END-- [ RunTime:0.000321s ]
ERR: æ— æ³•åŠ è½½æ¨¡å—:1234

[ 2017-02-14T05:52:43+08:00 ] 59.56.110.234 /°æ±¾.rar
INFO: [ app_init ] --START--
INFO: Run Behavior\BuildLiteBehavior [ RunTime:0.000020s ]
INFO: [ app_init ] --END-- [ RunTime:0.000338s ]
ERR: æ— æ³•åŠ è½½æ¨¡å—:°æ±¾

[ 2017-02-14T05:52:43+08:00 ] 59.56.110.234 /bb.zip
INFO: [ app_init ] --START--
INFO: Run Behavior\BuildLiteBehavior [ RunTime:0.000021s ]
INFO: [ app_init ] --END-- [ RunTime:0.000382s ]
ERR: æ— æ³•åŠ è½½æ¨¡å—:Bb

[ 2017-02-14T05:52:43+08:00 ] 59.56.110.234 /123.zip
INFO: [ app_init ] --START--
INFO: Run Behavior\BuildLiteBehavior [ RunTime:0.000021s ]
INFO: [ app_init ] --END-- [ RunTime:0.000326s ]
ERR: æ— æ³•åŠ è½½æ¨¡å—:123

[ 2017-02-14T05:52:43+08:00 ] 59.56.110.234 /1234.zip
INFO: [ app_init ] --START--
INFO: Run Behavior\BuildLiteBehavior [ RunTime:0.000021s ]
INFO: [ app_init ] --END-- [ RunTime:0.000360s ]
ERR: æ— æ³•åŠ è½½æ¨¡å—:1234

[ 2017-02-14T05:52:43+08:00 ] 59.56.110.234 /°æ±¾.zip
INFO: [ app_init ] --START--
INFO: Run Behavior\BuildLiteBehavior [ RunTime:0.000025s ]
INFO: [ app_init ] --END-- [ RunTime:0.000493s ]
ERR: æ— æ³•åŠ è½½æ¨¡å—:°æ±¾

[ 2017-02-14T06:46:00+08:00 ] 106.38.231.219 http://106.2.112.147/proxyip/check
INFO: [ app_init ] --START--
INFO: Run Behavior\BuildLiteBehavior [ RunTime:0.000021s ]
INFO: [ app_init ] --END-- [ RunTime:0.000393s ]
ERR: æ— æ³•åŠ è½½æ¨¡å—:Proxyip

[ 2017-02-14T06:56:37+08:00 ] 42.236.99.178 /forum.php?mod=viewthread&tid=30683
INFO: [ app_init ] --START--
INFO: Run Behavior\BuildLiteBehavior [ RunTime:0.000021s ]
INFO: [ app_init ] --END-- [ RunTime:0.000341s ]
ERR: æ— æ³•åŠ è½½æ¨¡å—:Forum

[ 2017-02-14T06:56:37+08:00 ] 180.163.220.61 /forum.php?mod=viewthread&tid=33666
INFO: [ app_init ] --START--
INFO: Run Behavior\BuildLiteBehavior [ RunTime:0.000022s ]
INFO: [ app_init ] --END-- [ RunTime:0.000502s ]
ERR: æ— æ³•åŠ è½½æ¨¡å—:Forum

[ 2017-02-14T06:56:37+08:00 ] 180.163.220.124 /forum.php?mod=viewthread&tid=29583
INFO: [ app_init ] --START--
INFO: Run Behavior\BuildLiteBehavior [ RunTime:0.000019s ]
INFO: [ app_init ] --END-- [ RunTime:0.000316s ]
ERR: æ— æ³•åŠ è½½æ¨¡å—:Forum

[ 2017-02-14T06:56:37+08:00 ] 180.163.220.126 /forum.php?fromuid=63819&mod=viewthread&tid=58865
INFO: [ app_init ] --START--
INFO: Run Behavior\BuildLiteBehavior [ RunTime:0.000017s ]
INFO: [ app_init ] --END-- [ RunTime:0.000332s ]
ERR: æ— æ³•åŠ è½½æ¨¡å—:Forum

[ 2017-02-14T06:56:37+08:00 ] 180.163.220.126 /forum.php?fromuid=18226&mod=viewthread&tid=18618
INFO: [ app_init ] --START--
INFO: Run Behavior\BuildLiteBehavior [ RunTime:0.000021s ]
INFO: [ app_init ] --END-- [ RunTime:0.001387s ]
ERR: æ— æ³•åŠ è½½æ¨¡å—:Forum

[ 2017-02-14T06:56:37+08:00 ] 180.163.220.126 /forum.php?mod=viewthread&tid=6464
INFO: [ app_init ] --START--
INFO: Run Behavior\BuildLiteBehavior [ RunTime:0.000016s ]
INFO: [ app_init ] --END-- [ RunTime:0.000308s ]
ERR: æ— æ³•åŠ è½½æ¨¡å—:Forum

[ 2017-02-14T06:56:37+08:00 ] 180.163.220.125 /forum.php?mod=viewthread&tid=11303
INFO: [ app_init ] --START--
INFO: Run Behavior\BuildLiteBehavior [ RunTime:0.000016s ]
INFO: [ app_init ] --END-- [ RunTime:0.000363s ]
ERR: æ— æ³•åŠ è½½æ¨¡å—:Forum

[ 2017-02-14T06:56:38+08:00 ] 42.236.99.218 /forum.php?mod=viewthread&tid=23212
INFO: [ app_init ] --START--
INFO: Run Behavior\BuildLiteBehavior [ RunTime:0.000030s ]
INFO: [ app_init ] --END-- [ RunTime:0.000401s ]
ERR: æ— æ³•åŠ è½½æ¨¡å—:Forum

[ 2017-02-14T06:56:38+08:00 ] 180.163.220.126 /forum.php?mod=viewthread&tid=68223
INFO: [ app_init ] --START--
INFO: Run Behavior\BuildLiteBehavior [ RunTime:0.001083s ]
INFO: [ app_init ] --END-- [ RunTime:0.001618s ]
ERR: æ— æ³•åŠ è½½æ¨¡å—:Forum

[ 2017-02-14T06:56:38+08:00 ] 180.163.220.126 /forum.php?fromuid=51442&mod=viewthread&tid=51333
INFO: [ app_init ] --START--
INFO: Run Behavior\BuildLiteBehavior [ RunTime:0.000026s ]
INFO: [ app_init ] --END-- [ RunTime:0.001497s ]
ERR: æ— æ³•åŠ è½½æ¨¡å—:Forum

[ 2017-02-14T06:56:38+08:00 ] 180.163.220.124 /forum.php?fromuid=63343&mod=viewthread&tid=60075
INFO: [ app_init ] --START--
INFO: Run Behavior\BuildLiteBehavior [ RunTime:0.000023s ]
INFO: [ app_init ] --END-- [ RunTime:0.000397s ]
ERR: æ— æ³•åŠ è½½æ¨¡å—:Forum

[ 2017-02-14T06:56:38+08:00 ] 180.163.220.62 /forum.php?mod=viewthread&tid=23857
INFO: [ app_init ] --START--
INFO: Run Behavior\BuildLiteBehavior [ RunTime:0.000023s ]
INFO: [ app_init ] --END-- [ RunTime:0.000351s ]
ERR: æ— æ³•åŠ è½½æ¨¡å—:Forum

[ 2017-02-14T08:10:04+08:00 ] 66.249.65.50 /robots.txt
INFO: [ app_init ] --START--
INFO: Run Behavior\BuildLiteBehavior [ RunTime:0.000026s ]
INFO: [ app_init ] --END-- [ RunTime:0.000391s ]
ERR: æ— æ³•åŠ è½½æ¨¡å—:Robots

[ 2017-02-14T08:10:05+08:00 ] 66.249.65.50 /post/243.html
INFO: [ app_init ] --START--
INFO: Run Behavior\BuildLiteBehavior [ RunTime:0.000024s ]
INFO: [ app_init ] --END-- [ RunTime:0.000452s ]
ERR: æ— æ³•åŠ è½½æ¨¡å—:Post

[ 2017-02-14T08:53:13+08:00 ] 123.126.94.252 http://106.2.112.147/proxyip/check
INFO: [ app_init ] --START--
INFO: Run Behavior\BuildLiteBehavior [ RunTime:0.000025s ]
INFO: [ app_init ] --END-- [ RunTime:0.000476s ]
ERR: æ— æ³•åŠ è½½æ¨¡å—:Proxyip

[ 2017-02-14T09:25:55+08:00 ] 66.249.65.57 /forum.php?mod=viewthread&tid=31807&extra=
INFO: [ app_init ] --START--
INFO: Run Behavior\BuildLiteBehavior [ RunTime:0.000022s ]
INFO: [ app_init ] --END-- [ RunTime:0.000353s ]
ERR: æ— æ³•åŠ è½½æ¨¡å—:Forum

