[ 2017-02-06T01:02:34+08:00 ] 36.57.149.219 /member.php?mod=logging&action=login
INFO: [ app_init ] --START--
INFO: Run Behavior\BuildLiteBehavior [ RunTime:0.000024s ]
INFO: [ app_init ] --END-- [ RunTime:0.000429s ]
ERR: 娉杞芥ā:Member

[ 2017-02-06T01:02:34+08:00 ] 36.57.149.219 /member.php?mod=register
INFO: [ app_init ] --START--
INFO: Run Behavior\BuildLiteBehavior [ RunTime:0.000020s ]
INFO: [ app_init ] --END-- [ RunTime:0.000366s ]
ERR: 娉杞芥ā:Member

[ 2017-02-06T01:33:28+08:00 ] 175.22.22.32 /robots.txt
INFO: [ app_init ] --START--
INFO: Run Behavior\BuildLiteBehavior [ RunTime:0.000019s ]
INFO: [ app_init ] --END-- [ RunTime:0.000377s ]
ERR: 娉杞芥ā:Robots

[ 2017-02-06T01:42:15+08:00 ] 106.38.230.19 http://106.2.112.147/proxyip/check
INFO: [ app_init ] --START--
INFO: Run Behavior\BuildLiteBehavior [ RunTime:0.000025s ]
INFO: [ app_init ] --END-- [ RunTime:0.000446s ]
ERR: 娉杞芥ā:Proxyip

[ 2017-02-06T01:57:36+08:00 ] 36.57.149.219 /member.php?mod=logging&action=login
INFO: [ app_init ] --START--
INFO: Run Behavior\BuildLiteBehavior [ RunTime:0.000021s ]
INFO: [ app_init ] --END-- [ RunTime:0.000380s ]
ERR: 娉杞芥ā:Member

[ 2017-02-06T01:57:36+08:00 ] 36.57.149.219 /member.php?mod=register
INFO: [ app_init ] --START--
INFO: Run Behavior\BuildLiteBehavior [ RunTime:0.000021s ]
INFO: [ app_init ] --END-- [ RunTime:0.000339s ]
ERR: 娉杞芥ā:Member

[ 2017-02-06T02:40:43+08:00 ] 78.46.156.169 /forum.php?mod=viewthread&tid=30506&extra=page%3D1
INFO: [ app_init ] --START--
INFO: Run Behavior\BuildLiteBehavior [ RunTime:0.000018s ]
INFO: [ app_init ] --END-- [ RunTime:0.000321s ]
ERR: 娉杞芥ā:Forum

[ 2017-02-06T02:47:25+08:00 ] 36.57.149.219 /member.php?mod=logging&action=login
INFO: [ app_init ] --START--
INFO: Run Behavior\BuildLiteBehavior [ RunTime:0.000021s ]
INFO: [ app_init ] --END-- [ RunTime:0.000359s ]
ERR: 娉杞芥ā:Member

[ 2017-02-06T02:47:25+08:00 ] 36.57.149.219 /member.php?mod=register
INFO: [ app_init ] --START--
INFO: Run Behavior\BuildLiteBehavior [ RunTime:0.000017s ]
INFO: [ app_init ] --END-- [ RunTime:0.000322s ]
ERR: 娉杞芥ā:Member

[ 2017-02-06T03:27:45+08:00 ] 123.126.94.252 http://106.2.112.147/proxyip/check
INFO: [ app_init ] --START--
INFO: Run Behavior\BuildLiteBehavior [ RunTime:0.000021s ]
INFO: [ app_init ] --END-- [ RunTime:0.000391s ]
ERR: 娉杞芥ā:Proxyip

[ 2017-02-06T03:28:52+08:00 ] 222.186.3.90 /Mirserver%20-%20副本.rar
INFO: [ app_init ] --START--
INFO: Run Behavior\BuildLiteBehavior [ RunTime:0.000018s ]
INFO: [ app_init ] --END-- [ RunTime:0.000317s ]
ERR: 娉杞芥ā:Mirserver - 副本

[ 2017-02-06T03:28:52+08:00 ] 222.186.3.90 /Mirserver0%20-%20副本.rar
INFO: [ app_init ] --START--
INFO: Run Behavior\BuildLiteBehavior [ RunTime:0.000071s ]
INFO: [ app_init ] --END-- [ RunTime:0.000376s ]
ERR: 娉杞芥ā:Mirserver0 - 副本

[ 2017-02-06T03:28:52+08:00 ] 222.186.3.90 /Mirserver1%20-%20副本.rar
INFO: [ app_init ] --START--
INFO: Run Behavior\BuildLiteBehavior [ RunTime:0.000020s ]
INFO: [ app_init ] --END-- [ RunTime:0.000381s ]
ERR: 娉杞芥ā:Mirserver1 - 副本

[ 2017-02-06T03:28:52+08:00 ] 222.186.3.90 /Mirserver2%20-%20副本.rar
INFO: [ app_init ] --START--
INFO: Run Behavior\BuildLiteBehavior [ RunTime:0.000021s ]
INFO: [ app_init ] --END-- [ RunTime:0.000383s ]
ERR: 娉杞芥ā:Mirserver2 - 副本

[ 2017-02-06T03:28:52+08:00 ] 222.186.3.90 /Mirserver3%20-%20副本.rar
INFO: [ app_init ] --START--
INFO: Run Behavior\BuildLiteBehavior [ RunTime:0.000017s ]
INFO: [ app_init ] --END-- [ RunTime:0.000311s ]
ERR: 娉杞芥ā:Mirserver3 - 副本

[ 2017-02-06T03:28:52+08:00 ] 222.186.3.90 /Mirserver4%20-%20副本.rar
INFO: [ app_init ] --START--
INFO: Run Behavior\BuildLiteBehavior [ RunTime:0.000020s ]
INFO: [ app_init ] --END-- [ RunTime:0.000327s ]
ERR: 娉杞芥ā:Mirserver4 - 副本

[ 2017-02-06T03:28:52+08:00 ] 222.186.3.90 /Mirserver5%20-%20副本.rar
INFO: [ app_init ] --START--
INFO: Run Behavior\BuildLiteBehavior [ RunTime:0.000016s ]
INFO: [ app_init ] --END-- [ RunTime:0.000379s ]
ERR: 娉杞芥ā:Mirserver5 - 副本

[ 2017-02-06T03:28:52+08:00 ] 222.186.3.90 /Mirserver6%20-%20副本.rar
INFO: [ app_init ] --START--
INFO: Run Behavior\BuildLiteBehavior [ RunTime:0.000020s ]
INFO: [ app_init ] --END-- [ RunTime:0.000394s ]
ERR: 娉杞芥ā:Mirserver6 - 副本

[ 2017-02-06T03:28:52+08:00 ] 222.186.3.90 /Mirserver7%20-%20副本.rar
INFO: [ app_init ] --START--
INFO: Run Behavior\BuildLiteBehavior [ RunTime:0.000024s ]
INFO: [ app_init ] --END-- [ RunTime:0.000386s ]
ERR: 娉杞芥ā:Mirserver7 - 副本

[ 2017-02-06T03:28:52+08:00 ] 222.186.3.90 /Mirserver8%20-%20副本.rar
INFO: [ app_init ] --START--
INFO: Run Behavior\BuildLiteBehavior [ RunTime:0.000022s ]
INFO: [ app_init ] --END-- [ RunTime:0.000414s ]
ERR: 娉杞芥ā:Mirserver8 - 副本

[ 2017-02-06T03:28:52+08:00 ] 222.186.3.90 /Mirserver9%20-%20副本.rar
INFO: [ app_init ] --START--
INFO: Run Behavior\BuildLiteBehavior [ RunTime:0.000017s ]
INFO: [ app_init ] --END-- [ RunTime:0.000344s ]
ERR: 娉杞芥ā:Mirserver9 - 副本

[ 2017-02-06T03:28:52+08:00 ] 222.186.3.90 /Mirserver10%20-%20副本.rar
INFO: [ app_init ] --START--
INFO: Run Behavior\BuildLiteBehavior [ RunTime:0.000021s ]
INFO: [ app_init ] --END-- [ RunTime:0.000334s ]
ERR: 娉杞芥ā:Mirserver10 - 副本

[ 2017-02-06T03:28:52+08:00 ] 222.186.3.90 /Mirserver11%20-%20副本.rar
INFO: [ app_init ] --START--
INFO: Run Behavior\BuildLiteBehavior [ RunTime:0.000020s ]
INFO: [ app_init ] --END-- [ RunTime:0.000329s ]
ERR: 娉杞芥ā:Mirserver11 - 副本

[ 2017-02-06T03:28:52+08:00 ] 222.186.3.90 /Mirserver12%20-%20副本.rar
INFO: [ app_init ] --START--
INFO: Run Behavior\BuildLiteBehavior [ RunTime:0.000017s ]
INFO: [ app_init ] --END-- [ RunTime:0.000519s ]
ERR: 娉杞芥ā:Mirserver12 - 副本

[ 2017-02-06T03:28:52+08:00 ] 222.186.3.90 /Mirserver13%20-%20副本.rar
INFO: [ app_init ] --START--
INFO: Run Behavior\BuildLiteBehavior [ RunTime:0.000019s ]
INFO: [ app_init ] --END-- [ RunTime:0.000340s ]
ERR: 娉杞芥ā:Mirserver13 - 副本

[ 2017-02-06T03:28:52+08:00 ] 222.186.3.90 /Mirserver14%20-%20副本.rar
INFO: [ app_init ] --START--
INFO: Run Behavior\BuildLiteBehavior [ RunTime:0.000022s ]
INFO: [ app_init ] --END-- [ RunTime:0.000509s ]
ERR: 娉杞芥ā:Mirserver14 - 副本

[ 2017-02-06T03:28:52+08:00 ] 222.186.3.90 /Mirserver15%20-%20副本.rar
INFO: [ app_init ] --START--
INFO: Run Behavior\BuildLiteBehavior [ RunTime:0.000029s ]
INFO: [ app_init ] --END-- [ RunTime:0.000585s ]
ERR: 娉杞芥ā:Mirserver15 - 副本

[ 2017-02-06T03:28:53+08:00 ] 222.186.3.90 /复件%20MirServer.rar
INFO: [ app_init ] --START--
INFO: Run Behavior\BuildLiteBehavior [ RunTime:0.000024s ]
INFO: [ app_init ] --END-- [ RunTime:0.000517s ]
ERR: 娉杞芥ā:复件 MirServer

[ 2017-02-06T03:28:53+08:00 ] 222.186.3.90 /复件%20MirServer0.rar
INFO: [ app_init ] --START--
INFO: Run Behavior\BuildLiteBehavior [ RunTime:0.000021s ]
INFO: [ app_init ] --END-- [ RunTime:0.000352s ]
ERR: 娉杞芥ā:复件 MirServer0

[ 2017-02-06T03:28:53+08:00 ] 222.186.3.90 /复件%20MirServer1.rar
INFO: [ app_init ] --START--
INFO: Run Behavior\BuildLiteBehavior [ RunTime:0.000021s ]
INFO: [ app_init ] --END-- [ RunTime:0.000335s ]
ERR: 娉杞芥ā:复件 MirServer1

[ 2017-02-06T03:28:53+08:00 ] 222.186.3.90 /复件%20MirServer2.rar
INFO: [ app_init ] --START--
INFO: Run Behavior\BuildLiteBehavior [ RunTime:0.000020s ]
INFO: [ app_init ] --END-- [ RunTime:0.000348s ]
ERR: 娉杞芥ā:复件 MirServer2

[ 2017-02-06T03:28:53+08:00 ] 222.186.3.90 /复件%20MirServer3.rar
INFO: [ app_init ] --START--
INFO: Run Behavior\BuildLiteBehavior [ RunTime:0.000015s ]
INFO: [ app_init ] --END-- [ RunTime:0.000308s ]
ERR: 娉杞芥ā:复件 MirServer3

[ 2017-02-06T03:28:53+08:00 ] 222.186.3.90 /复件%20MirServer4.rar
INFO: [ app_init ] --START--
INFO: Run Behavior\BuildLiteBehavior [ RunTime:0.000017s ]
INFO: [ app_init ] --END-- [ RunTime:0.000316s ]
ERR: 娉杞芥ā:复件 MirServer4

[ 2017-02-06T03:28:53+08:00 ] 222.186.3.90 /复件%20MirServer5.rar
INFO: [ app_init ] --START--
INFO: Run Behavior\BuildLiteBehavior [ RunTime:0.000021s ]
INFO: [ app_init ] --END-- [ RunTime:0.000329s ]
ERR: 娉杞芥ā:复件 MirServer5

[ 2017-02-06T03:28:53+08:00 ] 222.186.3.90 /复件%20MirServer6.rar
INFO: [ app_init ] --START--
INFO: Run Behavior\BuildLiteBehavior [ RunTime:0.000021s ]
INFO: [ app_init ] --END-- [ RunTime:0.000346s ]
ERR: 娉杞芥ā:复件 MirServer6

[ 2017-02-06T03:28:53+08:00 ] 222.186.3.90 /复件%20MirServer7.rar
INFO: [ app_init ] --START--
INFO: Run Behavior\BuildLiteBehavior [ RunTime:0.000019s ]
INFO: [ app_init ] --END-- [ RunTime:0.000320s ]
ERR: 娉杞芥ā:复件 MirServer7

[ 2017-02-06T03:28:53+08:00 ] 222.186.3.90 /复件%20MirServer8.rar
INFO: [ app_init ] --START--
INFO: Run Behavior\BuildLiteBehavior [ RunTime:0.000020s ]
INFO: [ app_init ] --END-- [ RunTime:0.000336s ]
ERR: 娉杞芥ā:复件 MirServer8

[ 2017-02-06T03:28:53+08:00 ] 222.186.3.90 /复件%20MirServer9.rar
INFO: [ app_init ] --START--
INFO: Run Behavior\BuildLiteBehavior [ RunTime:0.000031s ]
INFO: [ app_init ] --END-- [ RunTime:0.000570s ]
ERR: 娉杞芥ā:复件 MirServer9

[ 2017-02-06T03:28:53+08:00 ] 222.186.3.90 /复件%20MirServer10.rar
INFO: [ app_init ] --START--
INFO: Run Behavior\BuildLiteBehavior [ RunTime:0.000022s ]
INFO: [ app_init ] --END-- [ RunTime:0.000354s ]
ERR: 娉杞芥ā:复件 MirServer10

[ 2017-02-06T03:28:53+08:00 ] 222.186.3.90 /复件%20MirServer11.rar
INFO: [ app_init ] --START--
INFO: Run Behavior\BuildLiteBehavior [ RunTime:0.000020s ]
INFO: [ app_init ] --END-- [ RunTime:0.000382s ]
ERR: 娉杞芥ā:复件 MirServer11

[ 2017-02-06T03:28:53+08:00 ] 222.186.3.90 /复件%20MirServer12.rar
INFO: [ app_init ] --START--
INFO: Run Behavior\BuildLiteBehavior [ RunTime:0.000016s ]
INFO: [ app_init ] --END-- [ RunTime:0.000362s ]
ERR: 娉杞芥ā:复件 MirServer12

[ 2017-02-06T03:28:53+08:00 ] 222.186.3.90 /复件%20MirServer13.rar
INFO: [ app_init ] --START--
INFO: Run Behavior\BuildLiteBehavior [ RunTime:0.000016s ]
INFO: [ app_init ] --END-- [ RunTime:0.000306s ]
ERR: 娉杞芥ā:复件 MirServer13

[ 2017-02-06T03:28:53+08:00 ] 222.186.3.90 /复件%20MirServer14.rar
INFO: [ app_init ] --START--
INFO: Run Behavior\BuildLiteBehavior [ RunTime:0.000016s ]
INFO: [ app_init ] --END-- [ RunTime:0.000306s ]
ERR: 娉杞芥ā:复件 MirServer14

[ 2017-02-06T03:28:53+08:00 ] 222.186.3.90 /1.70Mirserver.rar
INFO: [ app_init ] --START--
INFO: Run Behavior\BuildLiteBehavior [ RunTime:0.000021s ]
INFO: [ app_init ] --END-- [ RunTime:0.000336s ]
ERR: 娉杞芥ā:1.70Mirserver

[ 2017-02-06T03:28:53+08:00 ] 222.186.3.90 /1.76Mirserver.rar
INFO: [ app_init ] --START--
INFO: Run Behavior\BuildLiteBehavior [ RunTime:0.000021s ]
INFO: [ app_init ] --END-- [ RunTime:0.000339s ]
ERR: 娉杞芥ā:1.76Mirserver

[ 2017-02-06T03:28:53+08:00 ] 222.186.3.90 /1.80Mirserver.rar
INFO: [ app_init ] --START--
INFO: Run Behavior\BuildLiteBehavior [ RunTime:0.000019s ]
INFO: [ app_init ] --END-- [ RunTime:0.000372s ]
ERR: 娉杞芥ā:1.80Mirserver

[ 2017-02-06T03:28:53+08:00 ] 222.186.3.90 /1.85Mirserver.rar
INFO: [ app_init ] --START--
INFO: Run Behavior\BuildLiteBehavior [ RunTime:0.000018s ]
INFO: [ app_init ] --END-- [ RunTime:0.000381s ]
ERR: 娉杞芥ā:1.85Mirserver

[ 2017-02-06T03:28:54+08:00 ] 222.186.3.90 /1.90Mirserver.rar
INFO: [ app_init ] --START--
INFO: Run Behavior\BuildLiteBehavior [ RunTime:0.000023s ]
INFO: [ app_init ] --END-- [ RunTime:0.000410s ]
ERR: 娉杞芥ā:1.90Mirserver

[ 2017-02-06T03:28:54+08:00 ] 222.186.3.90 /1.96Mirserver.rar
INFO: [ app_init ] --START--
INFO: Run Behavior\BuildLiteBehavior [ RunTime:0.000023s ]
INFO: [ app_init ] --END-- [ RunTime:0.000428s ]
ERR: 娉杞芥ā:1.96Mirserver

[ 2017-02-06T03:28:54+08:00 ] 222.186.3.90 /1.99Mirserver.rar
INFO: [ app_init ] --START--
INFO: Run Behavior\BuildLiteBehavior [ RunTime:0.000020s ]
INFO: [ app_init ] --END-- [ RunTime:0.000394s ]
ERR: 娉杞芥ā:1.99Mirserver

[ 2017-02-06T03:28:54+08:00 ] 222.186.3.90 /1.70.rar
INFO: [ app_init ] --START--
INFO: Run Behavior\BuildLiteBehavior [ RunTime:0.000021s ]
INFO: [ app_init ] --END-- [ RunTime:0.000332s ]
ERR: 娉杞芥ā:1.70

[ 2017-02-06T03:28:54+08:00 ] 222.186.3.90 /1.76.rar
INFO: [ app_init ] --START--
INFO: Run Behavior\BuildLiteBehavior [ RunTime:0.000022s ]
INFO: [ app_init ] --END-- [ RunTime:0.000346s ]
ERR: 娉杞芥ā:1.76

[ 2017-02-06T03:28:54+08:00 ] 222.186.3.90 /1.80.rar
INFO: [ app_init ] --START--
INFO: Run Behavior\BuildLiteBehavior [ RunTime:0.000021s ]
INFO: [ app_init ] --END-- [ RunTime:0.000357s ]
ERR: 娉杞芥ā:1.80

[ 2017-02-06T03:28:54+08:00 ] 222.186.3.90 /1.85.rar
INFO: [ app_init ] --START--
INFO: Run Behavior\BuildLiteBehavior [ RunTime:0.000034s ]
INFO: [ app_init ] --END-- [ RunTime:0.000615s ]
ERR: 娉杞芥ā:1.85

[ 2017-02-06T03:28:54+08:00 ] 222.186.3.90 /1.90.rar
INFO: [ app_init ] --START--
INFO: Run Behavior\BuildLiteBehavior [ RunTime:0.000020s ]
INFO: [ app_init ] --END-- [ RunTime:0.000333s ]
ERR: 娉杞芥ā:1.90

[ 2017-02-06T03:28:54+08:00 ] 222.186.3.90 /1.96.rar
INFO: [ app_init ] --START--
INFO: Run Behavior\BuildLiteBehavior [ RunTime:0.000016s ]
INFO: [ app_init ] --END-- [ RunTime:0.000313s ]
ERR: 娉杞芥ā:1.96

[ 2017-02-06T03:28:54+08:00 ] 222.186.3.90 /1.99.rar
INFO: [ app_init ] --START--
INFO: Run Behavior\BuildLiteBehavior [ RunTime:0.000024s ]
INFO: [ app_init ] --END-- [ RunTime:0.000459s ]
ERR: 娉杞芥ā:1.99

[ 2017-02-06T03:28:54+08:00 ] 222.186.3.90 /176.rar
INFO: [ app_init ] --START--
INFO: Run Behavior\BuildLiteBehavior [ RunTime:0.000022s ]
INFO: [ app_init ] --END-- [ RunTime:0.000410s ]
ERR: 娉杞芥ā:176

[ 2017-02-06T03:28:54+08:00 ] 222.186.3.90 /180.rar
INFO: [ app_init ] --START--
INFO: Run Behavior\BuildLiteBehavior [ RunTime:0.000018s ]
INFO: [ app_init ] --END-- [ RunTime:0.000364s ]
ERR: 娉杞芥ā:180

[ 2017-02-06T03:28:54+08:00 ] 222.186.3.90 /185.rar
INFO: [ app_init ] --START--
INFO: Run Behavior\BuildLiteBehavior [ RunTime:0.000016s ]
INFO: [ app_init ] --END-- [ RunTime:0.000494s ]
ERR: 娉杞芥ā:185

[ 2017-02-06T03:28:54+08:00 ] 222.186.3.90 /189.rar
INFO: [ app_init ] --START--
INFO: Run Behavior\BuildLiteBehavior [ RunTime:0.000017s ]
INFO: [ app_init ] --END-- [ RunTime:0.000367s ]
ERR: 娉杞芥ā:189

[ 2017-02-06T03:28:54+08:00 ] 222.186.3.90 /195.rar
INFO: [ app_init ] --START--
INFO: Run Behavior\BuildLiteBehavior [ RunTime:0.000021s ]
INFO: [ app_init ] --END-- [ RunTime:0.000418s ]
ERR: 娉杞芥ā:195

[ 2017-02-06T03:28:54+08:00 ] 222.186.3.90 /199.rar
INFO: [ app_init ] --START--
INFO: Run Behavior\BuildLiteBehavior [ RunTime:0.000017s ]
INFO: [ app_init ] --END-- [ RunTime:0.000311s ]
ERR: 娉杞芥ā:199

[ 2017-02-06T03:28:54+08:00 ] 222.186.3.90 /1.rar
INFO: [ app_init ] --START--
INFO: Run Behavior\BuildLiteBehavior [ RunTime:0.000025s ]
INFO: [ app_init ] --END-- [ RunTime:0.000395s ]
ERR: 娉杞芥ā:1

[ 2017-02-06T03:28:54+08:00 ] 222.186.3.90 /2.rar
INFO: [ app_init ] --START--
INFO: Run Behavior\BuildLiteBehavior [ RunTime:0.000021s ]
INFO: [ app_init ] --END-- [ RunTime:0.000330s ]
ERR: 娉杞芥ā:2

[ 2017-02-06T03:28:54+08:00 ] 222.186.3.90 /3.rar
INFO: [ app_init ] --START--
INFO: Run Behavior\BuildLiteBehavior [ RunTime:0.000027s ]
INFO: [ app_init ] --END-- [ RunTime:0.000535s ]
ERR: 娉杞芥ā:3

[ 2017-02-06T03:28:54+08:00 ] 222.186.3.90 /4.rar
INFO: [ app_init ] --START--
INFO: Run Behavior\BuildLiteBehavior [ RunTime:0.000019s ]
INFO: [ app_init ] --END-- [ RunTime:0.000387s ]
ERR: 娉杞芥ā:4

[ 2017-02-06T03:28:55+08:00 ] 222.186.3.90 /5.rar
INFO: [ app_init ] --START--
INFO: Run Behavior\BuildLiteBehavior [ RunTime:0.000018s ]
INFO: [ app_init ] --END-- [ RunTime:0.000322s ]
ERR: 娉杞芥ā:5

[ 2017-02-06T03:28:55+08:00 ] 222.186.3.90 /6.rar
INFO: [ app_init ] --START--
INFO: Run Behavior\BuildLiteBehavior [ RunTime:0.000015s ]
INFO: [ app_init ] --END-- [ RunTime:0.000306s ]
ERR: 娉杞芥ā:6

[ 2017-02-06T03:28:55+08:00 ] 222.186.3.90 /7.rar
INFO: [ app_init ] --START--
INFO: Run Behavior\BuildLiteBehavior [ RunTime:0.000019s ]
INFO: [ app_init ] --END-- [ RunTime:0.000381s ]
ERR: 娉杞芥ā:7

[ 2017-02-06T03:28:55+08:00 ] 222.186.3.90 /8.rar
INFO: [ app_init ] --START--
INFO: Run Behavior\BuildLiteBehavior [ RunTime:0.000020s ]
INFO: [ app_init ] --END-- [ RunTime:0.000334s ]
ERR: 娉杞芥ā:8

[ 2017-02-06T03:28:55+08:00 ] 222.186.3.90 /9.rar
INFO: [ app_init ] --START--
INFO: Run Behavior\BuildLiteBehavior [ RunTime:0.000024s ]
INFO: [ app_init ] --END-- [ RunTime:0.000441s ]
ERR: 娉杞芥ā:9

[ 2017-02-06T03:28:55+08:00 ] 222.186.3.90 /11.rar
INFO: [ app_init ] --START--
INFO: Run Behavior\BuildLiteBehavior [ RunTime:0.000015s ]
INFO: [ app_init ] --END-- [ RunTime:0.000373s ]
ERR: 娉杞芥ā:11

[ 2017-02-06T03:28:55+08:00 ] 222.186.3.90 /12.rar
INFO: [ app_init ] --START--
INFO: Run Behavior\BuildLiteBehavior [ RunTime:0.000018s ]
INFO: [ app_init ] --END-- [ RunTime:0.000438s ]
ERR: 娉杞芥ā:12

[ 2017-02-06T03:28:55+08:00 ] 222.186.3.90 /22.rar
INFO: [ app_init ] --START--
INFO: Run Behavior\BuildLiteBehavior [ RunTime:0.000024s ]
INFO: [ app_init ] --END-- [ RunTime:0.000418s ]
ERR: 娉杞芥ā:22

[ 2017-02-06T03:28:55+08:00 ] 222.186.3.90 /33.rar
INFO: [ app_init ] --START--
INFO: Run Behavior\BuildLiteBehavior [ RunTime:0.000022s ]
INFO: [ app_init ] --END-- [ RunTime:0.000328s ]
ERR: 娉杞芥ā:33

[ 2017-02-06T03:28:55+08:00 ] 222.186.3.90 /44.rar
INFO: [ app_init ] --START--
INFO: Run Behavior\BuildLiteBehavior [ RunTime:0.000017s ]
INFO: [ app_init ] --END-- [ RunTime:0.000315s ]
ERR: 娉杞芥ā:44

[ 2017-02-06T03:28:55+08:00 ] 222.186.3.90 /76.rar
INFO: [ app_init ] --START--
INFO: Run Behavior\BuildLiteBehavior [ RunTime:0.000019s ]
INFO: [ app_init ] --END-- [ RunTime:0.000320s ]
ERR: 娉杞芥ā:76

[ 2017-02-06T03:28:55+08:00 ] 222.186.3.90 /80.rar
INFO: [ app_init ] --START--
INFO: Run Behavior\BuildLiteBehavior [ RunTime:0.000021s ]
INFO: [ app_init ] --END-- [ RunTime:0.000360s ]
ERR: 娉杞芥ā:80

[ 2017-02-06T03:28:55+08:00 ] 222.186.3.90 /00.rar
INFO: [ app_init ] --START--
INFO: Run Behavior\BuildLiteBehavior [ RunTime:0.000022s ]
INFO: [ app_init ] --END-- [ RunTime:0.000349s ]
ERR: 娉杞芥ā:00

[ 2017-02-06T03:28:55+08:00 ] 222.186.3.90 /000.rar
INFO: [ app_init ] --START--
INFO: Run Behavior\BuildLiteBehavior [ RunTime:0.000017s ]
INFO: [ app_init ] --END-- [ RunTime:0.000416s ]
ERR: 娉杞芥ā:000

[ 2017-02-06T03:28:55+08:00 ] 222.186.3.90 /111.rar
INFO: [ app_init ] --START--
INFO: Run Behavior\BuildLiteBehavior [ RunTime:0.000018s ]
INFO: [ app_init ] --END-- [ RunTime:0.000364s ]
ERR: 娉杞芥ā:111

[ 2017-02-06T03:28:55+08:00 ] 222.186.3.90 /112.rar
INFO: [ app_init ] --START--
INFO: Run Behavior\BuildLiteBehavior [ RunTime:0.000023s ]
INFO: [ app_init ] --END-- [ RunTime:0.000362s ]
ERR: 娉杞芥ā:112

[ 2017-02-06T03:28:55+08:00 ] 222.186.3.90 /120.rar
INFO: [ app_init ] --START--
INFO: Run Behavior\BuildLiteBehavior [ RunTime:0.000022s ]
INFO: [ app_init ] --END-- [ RunTime:0.000350s ]
ERR: 娉杞芥ā:120

[ 2017-02-06T03:28:56+08:00 ] 222.186.3.90 /123.rar
INFO: [ app_init ] --START--
INFO: Run Behavior\BuildLiteBehavior [ RunTime:0.000021s ]
INFO: [ app_init ] --END-- [ RunTime:0.000393s ]
ERR: 娉杞芥ā:123

[ 2017-02-06T03:28:56+08:00 ] 222.186.3.90 /222.rar
INFO: [ app_init ] --START--
INFO: Run Behavior\BuildLiteBehavior [ RunTime:0.000019s ]
INFO: [ app_init ] --END-- [ RunTime:0.000318s ]
ERR: 娉杞芥ā:222

[ 2017-02-06T03:28:56+08:00 ] 222.186.3.90 /321.rar
INFO: [ app_init ] --START--
INFO: Run Behavior\BuildLiteBehavior [ RunTime:0.000019s ]
INFO: [ app_init ] --END-- [ RunTime:0.000370s ]
ERR: 娉杞芥ā:321

[ 2017-02-06T03:28:56+08:00 ] 222.186.3.90 /333.rar
INFO: [ app_init ] --START--
INFO: Run Behavior\BuildLiteBehavior [ RunTime:0.000019s ]
INFO: [ app_init ] --END-- [ RunTime:0.000383s ]
ERR: 娉杞芥ā:333

[ 2017-02-06T03:28:56+08:00 ] 222.186.3.90 /1111.rar
INFO: [ app_init ] --START--
INFO: Run Behavior\BuildLiteBehavior [ RunTime:0.000019s ]
INFO: [ app_init ] --END-- [ RunTime:0.000370s ]
ERR: 娉杞芥ā:1111

[ 2017-02-06T03:28:56+08:00 ] 222.186.3.90 /1122.rar
INFO: [ app_init ] --START--
INFO: Run Behavior\BuildLiteBehavior [ RunTime:0.000024s ]
INFO: [ app_init ] --END-- [ RunTime:0.000410s ]
ERR: 娉杞芥ā:1122

[ 2017-02-06T03:28:56+08:00 ] 222.186.3.90 /1234.rar
INFO: [ app_init ] --START--
INFO: Run Behavior\BuildLiteBehavior [ RunTime:0.000021s ]
INFO: [ app_init ] --END-- [ RunTime:0.000403s ]
ERR: 娉杞芥ā:1234

[ 2017-02-06T03:28:56+08:00 ] 222.186.3.90 /123456.rar
INFO: [ app_init ] --START--
INFO: Run Behavior\BuildLiteBehavior [ RunTime:0.000027s ]
INFO: [ app_init ] --END-- [ RunTime:0.000340s ]
ERR: 娉杞芥ā:123456

[ 2017-02-06T03:28:56+08:00 ] 222.186.3.90 /123456789.rar
INFO: [ app_init ] --START--
INFO: Run Behavior\BuildLiteBehavior [ RunTime:0.000021s ]
INFO: [ app_init ] --END-- [ RunTime:0.000420s ]
ERR: 娉杞芥ā:123456789

[ 2017-02-06T03:28:56+08:00 ] 222.186.3.90 /2222.rar
INFO: [ app_init ] --START--
INFO: Run Behavior\BuildLiteBehavior [ RunTime:0.000071s ]
INFO: [ app_init ] --END-- [ RunTime:0.000409s ]
ERR: 娉杞芥ā:2222

[ 2017-02-06T03:28:56+08:00 ] 222.186.3.90 /11111.rar
INFO: [ app_init ] --START--
INFO: Run Behavior\BuildLiteBehavior [ RunTime:0.000019s ]
INFO: [ app_init ] --END-- [ RunTime:0.000322s ]
ERR: 娉杞芥ā:11111

[ 2017-02-06T03:28:56+08:00 ] 222.186.3.90 /a.rar
INFO: [ app_init ] --START--
INFO: Run Behavior\BuildLiteBehavior [ RunTime:0.000017s ]
INFO: [ app_init ] --END-- [ RunTime:0.000308s ]
ERR: 娉杞芥ā:A

[ 2017-02-06T03:28:56+08:00 ] 222.186.3.90 /aa.rar
INFO: [ app_init ] --START--
INFO: Run Behavior\BuildLiteBehavior [ RunTime:0.000024s ]
INFO: [ app_init ] --END-- [ RunTime:0.000345s ]
ERR: 娉杞芥ā:Aa

[ 2017-02-06T03:28:56+08:00 ] 222.186.3.90 /aaa.rar
INFO: [ app_init ] --START--
INFO: Run Behavior\BuildLiteBehavior [ RunTime:0.000023s ]
INFO: [ app_init ] --END-- [ RunTime:0.000433s ]
ERR: 娉杞芥ā:Aaa

[ 2017-02-06T03:28:56+08:00 ] 222.186.3.90 /amirserver.rar
INFO: [ app_init ] --START--
INFO: Run Behavior\BuildLiteBehavior [ RunTime:0.000022s ]
INFO: [ app_init ] --END-- [ RunTime:0.000408s ]
ERR: 娉杞芥ā:Amirserver

[ 2017-02-06T03:28:56+08:00 ] 222.186.3.90 /DMirserver.rar
INFO: [ app_init ] --START--
INFO: Run Behavior\BuildLiteBehavior [ RunTime:0.000019s ]
INFO: [ app_init ] --END-- [ RunTime:0.000329s ]
ERR: 娉杞芥ā:DMirserver

[ 2017-02-06T03:28:56+08:00 ] 222.186.3.90 /EMirserver.rar
INFO: [ app_init ] --START--
INFO: Run Behavior\BuildLiteBehavior [ RunTime:0.000020s ]
INFO: [ app_init ] --END-- [ RunTime:0.000329s ]
ERR: 娉杞芥ā:EMirserver

[ 2017-02-06T03:28:56+08:00 ] 222.186.3.90 /FMirserver.rar
INFO: [ app_init ] --START--
INFO: Run Behavior\BuildLiteBehavior [ RunTime:0.000015s ]
INFO: [ app_init ] --END-- [ RunTime:0.000362s ]
ERR: 娉杞芥ā:FMirserver

[ 2017-02-06T03:28:56+08:00 ] 222.186.3.90 /gmirserver.rar
INFO: [ app_init ] --START--
INFO: Run Behavior\BuildLiteBehavior [ RunTime:0.000014s ]
INFO: [ app_init ] --END-- [ RunTime:0.000287s ]
ERR: 娉杞芥ā:Gmirserver

[ 2017-02-06T03:28:56+08:00 ] 222.186.3.90 /Mirserver.rar
INFO: [ app_init ] --START--
INFO: Run Behavior\BuildLiteBehavior [ RunTime:0.000020s ]
INFO: [ app_init ] --END-- [ RunTime:0.000337s ]
ERR: 娉杞芥ā:Mirserver

[ 2017-02-06T03:28:56+08:00 ] 222.186.3.90 /Mirservera.rar
INFO: [ app_init ] --START--
INFO: Run Behavior\BuildLiteBehavior [ RunTime:0.000022s ]
INFO: [ app_init ] --END-- [ RunTime:0.000334s ]
ERR: 娉杞芥ā:Mirservera

[ 2017-02-06T03:28:56+08:00 ] 222.186.3.90 /mirserver0.rar
INFO: [ app_init ] --START--
INFO: Run Behavior\BuildLiteBehavior [ RunTime:0.000021s ]
INFO: [ app_init ] --END-- [ RunTime:0.000386s ]
ERR: 娉杞芥ā:Mirserver0

[ 2017-02-06T03:28:57+08:00 ] 222.186.3.90 /mirserver01.rar
INFO: [ app_init ] --START--
INFO: Run Behavior\BuildLiteBehavior [ RunTime:0.000017s ]
INFO: [ app_init ] --END-- [ RunTime:0.000367s ]
ERR: 娉杞芥ā:Mirserver01

[ 2017-02-06T03:28:57+08:00 ] 222.186.3.90 /mirserver02.rar
INFO: [ app_init ] --START--
INFO: Run Behavior\BuildLiteBehavior [ RunTime:0.000019s ]
INFO: [ app_init ] --END-- [ RunTime:0.000375s ]
ERR: 娉杞芥ā:Mirserver02

[ 2017-02-06T03:28:57+08:00 ] 222.186.3.90 /mirserver03.rar
INFO: [ app_init ] --START--
INFO: Run Behavior\BuildLiteBehavior [ RunTime:0.000020s ]
INFO: [ app_init ] --END-- [ RunTime:0.000324s ]
ERR: 娉杞芥ā:Mirserver03

[ 2017-02-06T03:28:57+08:00 ] 222.186.3.90 /mirserver176.rar
INFO: [ app_init ] --START--
INFO: Run Behavior\BuildLiteBehavior [ RunTime:0.000016s ]
INFO: [ app_init ] --END-- [ RunTime:0.000314s ]
ERR: 娉杞芥ā:Mirserver176

[ 2017-02-06T03:28:57+08:00 ] 222.186.3.90 /mirserver180.rar
INFO: [ app_init ] --START--
INFO: Run Behavior\BuildLiteBehavior [ RunTime:0.000017s ]
INFO: [ app_init ] --END-- [ RunTime:0.000312s ]
ERR: 娉杞芥ā:Mirserver180

[ 2017-02-06T03:28:57+08:00 ] 222.186.3.90 /Mirserver76.rar
INFO: [ app_init ] --START--
INFO: Run Behavior\BuildLiteBehavior [ RunTime:0.000023s ]
INFO: [ app_init ] --END-- [ RunTime:0.000413s ]
ERR: 娉杞芥ā:Mirserver76

[ 2017-02-06T03:28:57+08:00 ] 222.186.3.90 /Mirserver80.rar
INFO: [ app_init ] --START--
INFO: Run Behavior\BuildLiteBehavior [ RunTime:0.000024s ]
INFO: [ app_init ] --END-- [ RunTime:0.000356s ]
ERR: 娉杞芥ā:Mirserver80

[ 2017-02-06T03:28:57+08:00 ] 222.186.3.90 /Mirserver85.rar
INFO: [ app_init ] --START--
INFO: Run Behavior\BuildLiteBehavior [ RunTime:0.000031s ]
INFO: [ app_init ] --END-- [ RunTime:0.000391s ]
ERR: 娉杞芥ā:Mirserver85

[ 2017-02-06T03:28:57+08:00 ] 222.186.3.90 /mirserver1.rar
INFO: [ app_init ] --START--
INFO: Run Behavior\BuildLiteBehavior [ RunTime:0.000022s ]
INFO: [ app_init ] --END-- [ RunTime:0.000394s ]
ERR: 娉杞芥ā:Mirserver1

[ 2017-02-06T03:28:57+08:00 ] 222.186.3.90 /mirserver2.rar
INFO: [ app_init ] --START--
INFO: Run Behavior\BuildLiteBehavior [ RunTime:0.000030s ]
INFO: [ app_init ] --END-- [ RunTime:0.000388s ]
ERR: 娉杞芥ā:Mirserver2

[ 2017-02-06T03:28:57+08:00 ] 222.186.3.90 /Mirserver2.rar
INFO: [ app_init ] --START--
INFO: Run Behavior\BuildLiteBehavior [ RunTime:0.000024s ]
INFO: [ app_init ] --END-- [ RunTime:0.000438s ]
ERR: 娉杞芥ā:Mirserver2

[ 2017-02-06T03:28:57+08:00 ] 222.186.3.90 /Mirserver3.rar
INFO: [ app_init ] --START--
INFO: Run Behavior\BuildLiteBehavior [ RunTime:0.000023s ]
INFO: [ app_init ] --END-- [ RunTime:0.000363s ]
ERR: 娉杞芥ā:Mirserver3

[ 2017-02-06T03:28:57+08:00 ] 222.186.3.90 /Mirserver4.rar
INFO: [ app_init ] --START--
INFO: Run Behavior\BuildLiteBehavior [ RunTime:0.000022s ]
INFO: [ app_init ] --END-- [ RunTime:0.000332s ]
ERR: 娉杞芥ā:Mirserver4

[ 2017-02-06T03:28:57+08:00 ] 222.186.3.90 /Mirserver5.rar
INFO: [ app_init ] --START--
INFO: Run Behavior\BuildLiteBehavior [ RunTime:0.000019s ]
INFO: [ app_init ] --END-- [ RunTime:0.000384s ]
ERR: 娉杞芥ā:Mirserver5

[ 2017-02-06T03:28:57+08:00 ] 222.186.3.90 /Mirserver6.rar
INFO: [ app_init ] --START--
INFO: Run Behavior\BuildLiteBehavior [ RunTime:0.000021s ]
INFO: [ app_init ] --END-- [ RunTime:0.000328s ]
ERR: 娉杞芥ā:Mirserver6

[ 2017-02-06T03:28:57+08:00 ] 222.186.3.90 /Mirserver7.rar
INFO: [ app_init ] --START--
INFO: Run Behavior\BuildLiteBehavior [ RunTime:0.000021s ]
INFO: [ app_init ] --END-- [ RunTime:0.000387s ]
ERR: 娉杞芥ā:Mirserver7

[ 2017-02-06T03:28:57+08:00 ] 222.186.3.90 /Mirserver8.rar
INFO: [ app_init ] --START--
INFO: Run Behavior\BuildLiteBehavior [ RunTime:0.000019s ]
INFO: [ app_init ] --END-- [ RunTime:0.000331s ]
ERR: 娉杞芥ā:Mirserver8

[ 2017-02-06T03:28:57+08:00 ] 222.186.3.90 /Mirserver9.rar
INFO: [ app_init ] --START--
INFO: Run Behavior\BuildLiteBehavior [ RunTime:0.000019s ]
INFO: [ app_init ] --END-- [ RunTime:0.000387s ]
ERR: 娉杞芥ā:Mirserver9

[ 2017-02-06T03:28:57+08:00 ] 222.186.3.90 /Mirserver10.rar
INFO: [ app_init ] --START--
INFO: Run Behavior\BuildLiteBehavior [ RunTime:0.000020s ]
INFO: [ app_init ] --END-- [ RunTime:0.000325s ]
ERR: 娉杞芥ā:Mirserver10

[ 2017-02-06T03:28:57+08:00 ] 222.186.3.90 /mirserver11.rar
INFO: [ app_init ] --START--
INFO: Run Behavior\BuildLiteBehavior [ RunTime:0.000022s ]
INFO: [ app_init ] --END-- [ RunTime:0.000339s ]
ERR: 娉杞芥ā:Mirserver11

[ 2017-02-06T03:28:57+08:00 ] 222.186.3.90 /mirserver12.rar
INFO: [ app_init ] --START--
INFO: Run Behavior\BuildLiteBehavior [ RunTime:0.000089s ]
INFO: [ app_init ] --END-- [ RunTime:0.000424s ]
ERR: 娉杞芥ā:Mirserver12

[ 2017-02-06T03:28:57+08:00 ] 222.186.3.90 /mirserver22.rar
INFO: [ app_init ] --START--
INFO: Run Behavior\BuildLiteBehavior [ RunTime:0.000019s ]
INFO: [ app_init ] --END-- [ RunTime:0.000325s ]
ERR: 娉杞芥ā:Mirserver22

[ 2017-02-06T03:28:58+08:00 ] 222.186.3.90 /mirserver33.rar
INFO: [ app_init ] --START--
INFO: Run Behavior\BuildLiteBehavior [ RunTime:0.000032s ]
INFO: [ app_init ] --END-- [ RunTime:0.000738s ]
ERR: 娉杞芥ā:Mirserver33

[ 2017-02-06T03:28:58+08:00 ] 222.186.3.90 /mirserver44.rar
INFO: [ app_init ] --START--
INFO: Run Behavior\BuildLiteBehavior [ RunTime:0.000020s ]
INFO: [ app_init ] --END-- [ RunTime:0.000338s ]
ERR: 娉杞芥ā:Mirserver44

[ 2017-02-06T03:28:58+08:00 ] 222.186.3.90 /mirserver55.rar
INFO: [ app_init ] --START--
INFO: Run Behavior\BuildLiteBehavior [ RunTime:0.000020s ]
INFO: [ app_init ] --END-- [ RunTime:0.000400s ]
ERR: 娉杞芥ā:Mirserver55

[ 2017-02-06T03:28:58+08:00 ] 222.186.3.90 /mirserver66.rar
INFO: [ app_init ] --START--
INFO: Run Behavior\BuildLiteBehavior [ RunTime:0.000023s ]
INFO: [ app_init ] --END-- [ RunTime:0.000375s ]
ERR: 娉杞芥ā:Mirserver66

[ 2017-02-06T03:28:58+08:00 ] 222.186.3.90 /mirserver100.rar
INFO: [ app_init ] --START--
INFO: Run Behavior\BuildLiteBehavior [ RunTime:0.000033s ]
INFO: [ app_init ] --END-- [ RunTime:0.000601s ]
ERR: 娉杞芥ā:Mirserver100

[ 2017-02-06T03:28:58+08:00 ] 222.186.3.90 /mirserver111.rar
INFO: [ app_init ] --START--
INFO: Run Behavior\BuildLiteBehavior [ RunTime:0.000020s ]
INFO: [ app_init ] --END-- [ RunTime:0.000324s ]
ERR: 娉杞芥ā:Mirserver111

[ 2017-02-06T03:28:58+08:00 ] 222.186.3.90 /Mirserver123.rar
INFO: [ app_init ] --START--
INFO: Run Behavior\BuildLiteBehavior [ RunTime:0.000020s ]
INFO: [ app_init ] --END-- [ RunTime:0.000326s ]
ERR: 娉杞芥ā:Mirserver123

[ 2017-02-06T03:28:58+08:00 ] 222.186.3.90 /mirserver456.rar
INFO: [ app_init ] --START--
INFO: Run Behavior\BuildLiteBehavior [ RunTime:0.000021s ]
INFO: [ app_init ] --END-- [ RunTime:0.000323s ]
ERR: 娉杞芥ā:Mirserver456

[ 2017-02-06T03:28:58+08:00 ] 222.186.3.90 /mirserver789.rar
INFO: [ app_init ] --START--
INFO: Run Behavior\BuildLiteBehavior [ RunTime:0.000019s ]
INFO: [ app_init ] --END-- [ RunTime:0.000324s ]
ERR: 娉杞芥ā:Mirserver789

[ 2017-02-06T03:28:58+08:00 ] 222.186.3.90 /mirserver1111.rar
INFO: [ app_init ] --START--
INFO: Run Behavior\BuildLiteBehavior [ RunTime:0.000016s ]
INFO: [ app_init ] --END-- [ RunTime:0.000301s ]
ERR: 娉杞芥ā:Mirserver1111

[ 2017-02-06T03:28:58+08:00 ] 222.186.3.90 /mirserver11111.rar
INFO: [ app_init ] --START--
INFO: Run Behavior\BuildLiteBehavior [ RunTime:0.000014s ]
INFO: [ app_init ] --END-- [ RunTime:0.000337s ]
ERR: 娉杞芥ā:Mirserver11111

[ 2017-02-06T03:28:58+08:00 ] 222.186.3.90 /mirserver111111.rar
INFO: [ app_init ] --START--
INFO: Run Behavior\BuildLiteBehavior [ RunTime:0.000016s ]
INFO: [ app_init ] --END-- [ RunTime:0.000307s ]
ERR: 娉杞芥ā:Mirserver111111

[ 2017-02-06T03:28:58+08:00 ] 222.186.3.90 /Mirserver123456.rar
INFO: [ app_init ] --START--
INFO: Run Behavior\BuildLiteBehavior [ RunTime:0.000020s ]
INFO: [ app_init ] --END-- [ RunTime:0.000332s ]
ERR: 娉杞芥ā:Mirserver123456

[ 2017-02-06T03:28:58+08:00 ] 222.186.3.90 /mirserver123456789.rar
INFO: [ app_init ] --START--
INFO: Run Behavior\BuildLiteBehavior [ RunTime:0.000022s ]
INFO: [ app_init ] --END-- [ RunTime:0.000343s ]
ERR: 娉杞芥ā:Mirserver123456789

[ 2017-02-06T03:28:58+08:00 ] 222.186.3.90 /mirserver复古.rar
INFO: [ app_init ] --START--
INFO: Run Behavior\BuildLiteBehavior [ RunTime:0.000023s ]
INFO: [ app_init ] --END-- [ RunTime:0.000350s ]
ERR: 娉杞芥ā:Mirserver复古

[ 2017-02-06T03:28:58+08:00 ] 222.186.3.90 /1mirserver.rar
INFO: [ app_init ] --START--
INFO: Run Behavior\BuildLiteBehavior [ RunTime:0.000027s ]
INFO: [ app_init ] --END-- [ RunTime:0.000421s ]
ERR: 娉杞芥ā:1mirserver

[ 2017-02-06T03:28:58+08:00 ] 222.186.3.90 /版本.rar
INFO: [ app_init ] --START--
INFO: Run Behavior\BuildLiteBehavior [ RunTime:0.000025s ]
INFO: [ app_init ] --END-- [ RunTime:0.000420s ]
ERR: 娉杞芥ā:版本

[ 2017-02-06T03:28:58+08:00 ] 222.186.3.90 /版本1.rar
INFO: [ app_init ] --START--
INFO: Run Behavior\BuildLiteBehavior [ RunTime:0.000020s ]
INFO: [ app_init ] --END-- [ RunTime:0.000322s ]
ERR: 娉杞芥ā:版本1

[ 2017-02-06T03:28:58+08:00 ] 222.186.3.90 /备份.rar
INFO: [ app_init ] --START--
INFO: Run Behavior\BuildLiteBehavior [ RunTime:0.000021s ]
INFO: [ app_init ] --END-- [ RunTime:0.000379s ]
ERR: 娉杞芥ā:备份

[ 2017-02-06T03:28:58+08:00 ] 222.186.3.90 /测试.rar
INFO: [ app_init ] --START--
INFO: Run Behavior\BuildLiteBehavior [ RunTime:0.000016s ]
INFO: [ app_init ] --END-- [ RunTime:0.000309s ]
ERR: 娉杞芥ā:测试

[ 2017-02-06T03:28:58+08:00 ] 222.186.3.90 /测试版本.rar
INFO: [ app_init ] --START--
INFO: Run Behavior\BuildLiteBehavior [ RunTime:0.000023s ]
INFO: [ app_init ] --END-- [ RunTime:0.000347s ]
ERR: 娉杞芥ā:测试版本

[ 2017-02-06T03:28:58+08:00 ] 222.186.3.90 /复古.rar
INFO: [ app_init ] --START--
INFO: Run Behavior\BuildLiteBehavior [ RunTime:0.000015s ]
INFO: [ app_init ] --END-- [ RunTime:0.000351s ]
ERR: 娉杞芥ā:复古

[ 2017-02-06T03:28:58+08:00 ] 222.186.3.90 /复件%20新建文件夹.rar
INFO: [ app_init ] --START--
INFO: Run Behavior\BuildLiteBehavior [ RunTime:0.000016s ]
INFO: [ app_init ] --END-- [ RunTime:0.000302s ]
ERR: 娉杞芥ā:复件 新建文件夹

[ 2017-02-06T03:28:58+08:00 ] 222.186.3.90 /复件%20新建文件夹1.rar
INFO: [ app_init ] --START--
INFO: Run Behavior\BuildLiteBehavior [ RunTime:0.000013s ]
INFO: [ app_init ] --END-- [ RunTime:0.000365s ]
ERR: 娉杞芥ā:复件 新建文件夹1

[ 2017-02-06T03:28:59+08:00 ] 222.186.3.90 /复件%20新建文件夹2.rar
INFO: [ app_init ] --START--
INFO: Run Behavior\BuildLiteBehavior [ RunTime:0.000020s ]
INFO: [ app_init ] --END-- [ RunTime:0.000323s ]
ERR: 娉杞芥ā:复件 新建文件夹2

[ 2017-02-06T03:28:59+08:00 ] 222.186.3.90 /复件%20新建文件夹3.rar
INFO: [ app_init ] --START--
INFO: Run Behavior\BuildLiteBehavior [ RunTime:0.000025s ]
INFO: [ app_init ] --END-- [ RunTime:0.000450s ]
ERR: 娉杞芥ā:复件 新建文件夹3

[ 2017-02-06T03:28:59+08:00 ] 222.186.3.90 /复件.rar
INFO: [ app_init ] --START--
INFO: Run Behavior\BuildLiteBehavior [ RunTime:0.000019s ]
INFO: [ app_init ] --END-- [ RunTime:0.000379s ]
ERR: 娉杞芥ā:复件

[ 2017-02-06T03:28:59+08:00 ] 222.186.3.90 /复件1.rar
INFO: [ app_init ] --START--
INFO: Run Behavior\BuildLiteBehavior [ RunTime:0.000018s ]
INFO: [ app_init ] --END-- [ RunTime:0.000319s ]
ERR: 娉杞芥ā:复件1

[ 2017-02-06T03:28:59+08:00 ] 222.186.3.90 /复件mirserver.rar
INFO: [ app_init ] --START--
INFO: Run Behavior\BuildLiteBehavior [ RunTime:0.000019s ]
INFO: [ app_init ] --END-- [ RunTime:0.000351s ]
ERR: 娉杞芥ā:复件mirserver

[ 2017-02-06T03:28:59+08:00 ] 222.186.3.90 /精品.rar
INFO: [ app_init ] --START--
INFO: Run Behavior\BuildLiteBehavior [ RunTime:0.000022s ]
INFO: [ app_init ] --END-- [ RunTime:0.000453s ]
ERR: 娉杞芥ā:精品

[ 2017-02-06T03:28:59+08:00 ] 222.186.3.90 /老版本.rar
INFO: [ app_init ] --START--
INFO: Run Behavior\BuildLiteBehavior [ RunTime:0.000021s ]
INFO: [ app_init ] --END-- [ RunTime:0.000384s ]
ERR: 娉杞芥ā:老版本

[ 2017-02-06T03:28:59+08:00 ] 222.186.3.90 /老版本Mirserver.rar
INFO: [ app_init ] --START--
INFO: Run Behavior\BuildLiteBehavior [ RunTime:0.000021s ]
INFO: [ app_init ] --END-- [ RunTime:0.000337s ]
ERR: 娉杞芥ā:老版本Mirserver

[ 2017-02-06T03:28:59+08:00 ] 222.186.3.90 /老区.rar
INFO: [ app_init ] --START--
INFO: Run Behavior\BuildLiteBehavior [ RunTime:0.000018s ]
INFO: [ app_init ] --END-- [ RunTime:0.000329s ]
ERR: 娉杞芥ā:老区

[ 2017-02-06T03:28:59+08:00 ] 222.186.3.90 /轻变.rar
INFO: [ app_init ] --START--
INFO: Run Behavior\BuildLiteBehavior [ RunTime:0.000019s ]
INFO: [ app_init ] --END-- [ RunTime:0.000394s ]
ERR: 娉杞芥ā:轻变

[ 2017-02-06T03:28:59+08:00 ] 222.186.3.90 /新版本.rar
INFO: [ app_init ] --START--
INFO: Run Behavior\BuildLiteBehavior [ RunTime:0.000025s ]
INFO: [ app_init ] --END-- [ RunTime:0.000434s ]
ERR: 娉杞芥ā:新版本

[ 2017-02-06T03:28:59+08:00 ] 222.186.3.90 /新版本Mirserver.rar
INFO: [ app_init ] --START--
INFO: Run Behavior\BuildLiteBehavior [ RunTime:0.000016s ]
INFO: [ app_init ] --END-- [ RunTime:0.000361s ]
ERR: 娉杞芥ā:新版本Mirserver

[ 2017-02-06T03:28:59+08:00 ] 222.186.3.90 /新建文件夹.rar
INFO: [ app_init ] --START--
INFO: Run Behavior\BuildLiteBehavior [ RunTime:0.000021s ]
INFO: [ app_init ] --END-- [ RunTime:0.000383s ]
ERR: 娉杞芥ā:新建文件夹

[ 2017-02-06T03:28:59+08:00 ] 222.186.3.90 /新建文件夹1.rar
INFO: [ app_init ] --START--
INFO: Run Behavior\BuildLiteBehavior [ RunTime:0.000022s ]
INFO: [ app_init ] --END-- [ RunTime:0.000335s ]
ERR: 娉杞芥ā:新建文件夹1

[ 2017-02-06T03:28:59+08:00 ] 222.186.3.90 /GOM.rar
INFO: [ app_init ] --START--
INFO: Run Behavior\BuildLiteBehavior [ RunTime:0.000025s ]
INFO: [ app_init ] --END-- [ RunTime:0.000391s ]
ERR: 娉杞芥ā:GOM

[ 2017-02-06T03:28:59+08:00 ] 222.186.3.90 /hero.rar
INFO: [ app_init ] --START--
INFO: Run Behavior\BuildLiteBehavior [ RunTime:0.000022s ]
INFO: [ app_init ] --END-- [ RunTime:0.000365s ]
ERR: 娉杞芥ā:Hero

[ 2017-02-06T03:28:59+08:00 ] 222.186.3.90 /blue.rar
INFO: [ app_init ] --START--
INFO: Run Behavior\BuildLiteBehavior [ RunTime:0.000023s ]
INFO: [ app_init ] --END-- [ RunTime:0.000351s ]
ERR: 娉杞芥ā:Blue

[ 2017-02-06T03:28:59+08:00 ] 222.186.3.90 /新区.rar
INFO: [ app_init ] --START--
INFO: Run Behavior\BuildLiteBehavior [ RunTime:0.000025s ]
INFO: [ app_init ] --END-- [ RunTime:0.000386s ]
ERR: 娉杞芥ā:新区

[ 2017-02-06T03:28:59+08:00 ] 222.186.3.90 /中变.rar
INFO: [ app_init ] --START--
INFO: Run Behavior\BuildLiteBehavior [ RunTime:0.000020s ]
INFO: [ app_init ] --END-- [ RunTime:0.000328s ]
ERR: 娉杞芥ā:中变

[ 2017-02-06T03:28:59+08:00 ] 222.186.3.90 /cmirserver.rar
INFO: [ app_init ] --START--
INFO: Run Behavior\BuildLiteBehavior [ RunTime:0.000020s ]
INFO: [ app_init ] --END-- [ RunTime:0.000379s ]
ERR: 娉杞芥ā:Cmirserver

[ 2017-02-06T03:28:59+08:00 ] 222.186.3.90 /cmirserver01.rar
INFO: [ app_init ] --START--
INFO: Run Behavior\BuildLiteBehavior [ RunTime:0.000021s ]
INFO: [ app_init ] --END-- [ RunTime:0.000358s ]
ERR: 娉杞芥ā:Cmirserver01

[ 2017-02-06T03:28:59+08:00 ] 222.186.3.90 /cmirserver1.rar
INFO: [ app_init ] --START--
INFO: Run Behavior\BuildLiteBehavior [ RunTime:0.000021s ]
INFO: [ app_init ] --END-- [ RunTime:0.000417s ]
ERR: 娉杞芥ā:Cmirserver1

[ 2017-02-06T03:28:59+08:00 ] 222.186.3.90 /cmirserver11.rar
INFO: [ app_init ] --START--
INFO: Run Behavior\BuildLiteBehavior [ RunTime:0.000018s ]
INFO: [ app_init ] --END-- [ RunTime:0.000316s ]
ERR: 娉杞芥ā:Cmirserver11

[ 2017-02-06T03:29:00+08:00 ] 222.186.3.90 /cmirserver2.rar
INFO: [ app_init ] --START--
INFO: Run Behavior\BuildLiteBehavior [ RunTime:0.000020s ]
INFO: [ app_init ] --END-- [ RunTime:0.000323s ]
ERR: 娉杞芥ā:Cmirserver2

[ 2017-02-06T03:29:00+08:00 ] 222.186.3.90 /cmirserver3.rar
INFO: [ app_init ] --START--
INFO: Run Behavior\BuildLiteBehavior [ RunTime:0.000021s ]
INFO: [ app_init ] --END-- [ RunTime:0.000335s ]
ERR: 娉杞芥ā:Cmirserver3

[ 2017-02-06T03:29:00+08:00 ] 222.186.3.90 /Mirserver%20-%20副本.zip
INFO: [ app_init ] --START--
INFO: Run Behavior\BuildLiteBehavior [ RunTime:0.000023s ]
INFO: [ app_init ] --END-- [ RunTime:0.000367s ]
ERR: 娉杞芥ā:Mirserver - 副本

[ 2017-02-06T03:29:00+08:00 ] 222.186.3.90 /Mirserver0%20-%20副本.zip
INFO: [ app_init ] --START--
INFO: Run Behavior\BuildLiteBehavior [ RunTime:0.001029s ]
INFO: [ app_init ] --END-- [ RunTime:0.001485s ]
ERR: 娉杞芥ā:Mirserver0 - 副本

[ 2017-02-06T03:29:00+08:00 ] 222.186.3.90 /Mirserver1%20-%20副本.zip
INFO: [ app_init ] --START--
INFO: Run Behavior\BuildLiteBehavior [ RunTime:0.000016s ]
INFO: [ app_init ] --END-- [ RunTime:0.000358s ]
ERR: 娉杞芥ā:Mirserver1 - 副本

[ 2017-02-06T03:29:00+08:00 ] 222.186.3.90 /Mirserver2%20-%20副本.zip
INFO: [ app_init ] --START--
INFO: Run Behavior\BuildLiteBehavior [ RunTime:0.000023s ]
INFO: [ app_init ] --END-- [ RunTime:0.000425s ]
ERR: 娉杞芥ā:Mirserver2 - 副本

[ 2017-02-06T03:29:00+08:00 ] 222.186.3.90 /Mirserver3%20-%20副本.zip
INFO: [ app_init ] --START--
INFO: Run Behavior\BuildLiteBehavior [ RunTime:0.000021s ]
INFO: [ app_init ] --END-- [ RunTime:0.000333s ]
ERR: 娉杞芥ā:Mirserver3 - 副本

[ 2017-02-06T03:29:00+08:00 ] 222.186.3.90 /Mirserver4%20-%20副本.zip
INFO: [ app_init ] --START--
INFO: Run Behavior\BuildLiteBehavior [ RunTime:0.000021s ]
INFO: [ app_init ] --END-- [ RunTime:0.000344s ]
ERR: 娉杞芥ā:Mirserver4 - 副本

[ 2017-02-06T03:29:00+08:00 ] 222.186.3.90 /Mirserver5%20-%20副本.zip
INFO: [ app_init ] --START--
INFO: Run Behavior\BuildLiteBehavior [ RunTime:0.000020s ]
INFO: [ app_init ] --END-- [ RunTime:0.000362s ]
ERR: 娉杞芥ā:Mirserver5 - 副本

[ 2017-02-06T03:29:00+08:00 ] 222.186.3.90 /Mirserver6%20-%20副本.zip
INFO: [ app_init ] --START--
INFO: Run Behavior\BuildLiteBehavior [ RunTime:0.000021s ]
INFO: [ app_init ] --END-- [ RunTime:0.000404s ]
ERR: 娉杞芥ā:Mirserver6 - 副本

[ 2017-02-06T03:29:00+08:00 ] 222.186.3.90 /Mirserver7%20-%20副本.zip
INFO: [ app_init ] --START--
INFO: Run Behavior\BuildLiteBehavior [ RunTime:0.000016s ]
INFO: [ app_init ] --END-- [ RunTime:0.000304s ]
ERR: 娉杞芥ā:Mirserver7 - 副本

[ 2017-02-06T03:29:00+08:00 ] 222.186.3.90 /Mirserver8%20-%20副本.zip
INFO: [ app_init ] --START--
INFO: Run Behavior\BuildLiteBehavior [ RunTime:0.000016s ]
INFO: [ app_init ] --END-- [ RunTime:0.000313s ]
ERR: 娉杞芥ā:Mirserver8 - 副本

[ 2017-02-06T03:29:00+08:00 ] 222.186.3.90 /Mirserver9%20-%20副本.zip
INFO: [ app_init ] --START--
INFO: Run Behavior\BuildLiteBehavior [ RunTime:0.000021s ]
INFO: [ app_init ] --END-- [ RunTime:0.000338s ]
ERR: 娉杞芥ā:Mirserver9 - 副本

[ 2017-02-06T03:29:00+08:00 ] 222.186.3.90 /Mirserver10%20-%20副本.zip
INFO: [ app_init ] --START--
INFO: Run Behavior\BuildLiteBehavior [ RunTime:0.000020s ]
INFO: [ app_init ] --END-- [ RunTime:0.000323s ]
ERR: 娉杞芥ā:Mirserver10 - 副本

[ 2017-02-06T03:29:00+08:00 ] 222.186.3.90 /Mirserver11%20-%20副本.zip
INFO: [ app_init ] --START--
INFO: Run Behavior\BuildLiteBehavior [ RunTime:0.000022s ]
INFO: [ app_init ] --END-- [ RunTime:0.000334s ]
ERR: 娉杞芥ā:Mirserver11 - 副本

[ 2017-02-06T03:29:00+08:00 ] 222.186.3.90 /Mirserver12%20-%20副本.zip
INFO: [ app_init ] --START--
INFO: Run Behavior\BuildLiteBehavior [ RunTime:0.000024s ]
INFO: [ app_init ] --END-- [ RunTime:0.000355s ]
ERR: 娉杞芥ā:Mirserver12 - 副本

[ 2017-02-06T03:29:00+08:00 ] 222.186.3.90 /Mirserver13%20-%20副本.zip
INFO: [ app_init ] --START--
INFO: Run Behavior\BuildLiteBehavior [ RunTime:0.000019s ]
INFO: [ app_init ] --END-- [ RunTime:0.000328s ]
ERR: 娉杞芥ā:Mirserver13 - 副本

[ 2017-02-06T03:29:00+08:00 ] 222.186.3.90 /Mirserver14%20-%20副本.zip
INFO: [ app_init ] --START--
INFO: Run Behavior\BuildLiteBehavior [ RunTime:0.000022s ]
INFO: [ app_init ] --END-- [ RunTime:0.000333s ]
ERR: 娉杞芥ā:Mirserver14 - 副本

[ 2017-02-06T03:29:00+08:00 ] 222.186.3.90 /Mirserver15%20-%20副本.zip
INFO: [ app_init ] --START--
INFO: Run Behavior\BuildLiteBehavior [ RunTime:0.000021s ]
INFO: [ app_init ] --END-- [ RunTime:0.000497s ]
ERR: 娉杞芥ā:Mirserver15 - 副本

[ 2017-02-06T03:29:00+08:00 ] 222.186.3.90 /复件%20MirServer.zip
INFO: [ app_init ] --START--
INFO: Run Behavior\BuildLiteBehavior [ RunTime:0.000023s ]
INFO: [ app_init ] --END-- [ RunTime:0.000386s ]
ERR: 娉杞芥ā:复件 MirServer

[ 2017-02-06T03:29:01+08:00 ] 222.186.3.90 /复件%20MirServer0.zip
INFO: [ app_init ] --START--
INFO: Run Behavior\BuildLiteBehavior [ RunTime:0.000023s ]
INFO: [ app_init ] --END-- [ RunTime:0.000426s ]
ERR: 娉杞芥ā:复件 MirServer0

[ 2017-02-06T03:29:01+08:00 ] 222.186.3.90 /复件%20MirServer1.zip
INFO: [ app_init ] --START--
INFO: Run Behavior\BuildLiteBehavior [ RunTime:0.000032s ]
INFO: [ app_init ] --END-- [ RunTime:0.000657s ]
ERR: 娉杞芥ā:复件 MirServer1

[ 2017-02-06T03:29:01+08:00 ] 222.186.3.90 /复件%20MirServer2.zip
INFO: [ app_init ] --START--
INFO: Run Behavior\BuildLiteBehavior [ RunTime:0.000021s ]
INFO: [ app_init ] --END-- [ RunTime:0.000377s ]
ERR: 娉杞芥ā:复件 MirServer2

[ 2017-02-06T03:29:01+08:00 ] 222.186.3.90 /复件%20MirServer3.zip
INFO: [ app_init ] --START--
INFO: Run Behavior\BuildLiteBehavior [ RunTime:0.000083s ]
INFO: [ app_init ] --END-- [ RunTime:0.000398s ]
ERR: 娉杞芥ā:复件 MirServer3

[ 2017-02-06T03:29:01+08:00 ] 222.186.3.90 /复件%20MirServer4.zip
INFO: [ app_init ] --START--
INFO: Run Behavior\BuildLiteBehavior [ RunTime:0.000019s ]
INFO: [ app_init ] --END-- [ RunTime:0.000316s ]
ERR: 娉杞芥ā:复件 MirServer4

[ 2017-02-06T03:29:01+08:00 ] 222.186.3.90 /复件%20MirServer5.zip
INFO: [ app_init ] --START--
INFO: Run Behavior\BuildLiteBehavior [ RunTime:0.000027s ]
INFO: [ app_init ] --END-- [ RunTime:0.000528s ]
ERR: 娉杞芥ā:复件 MirServer5

[ 2017-02-06T03:29:01+08:00 ] 222.186.3.90 /复件%20MirServer6.zip
INFO: [ app_init ] --START--
INFO: Run Behavior\BuildLiteBehavior [ RunTime:0.000020s ]
INFO: [ app_init ] --END-- [ RunTime:0.000351s ]
ERR: 娉杞芥ā:复件 MirServer6

[ 2017-02-06T03:29:01+08:00 ] 222.186.3.90 /复件%20MirServer7.zip
INFO: [ app_init ] --START--
INFO: Run Behavior\BuildLiteBehavior [ RunTime:0.000024s ]
INFO: [ app_init ] --END-- [ RunTime:0.000436s ]
ERR: 娉杞芥ā:复件 MirServer7

[ 2017-02-06T03:29:01+08:00 ] 222.186.3.90 /复件%20MirServer8.zip
INFO: [ app_init ] --START--
INFO: Run Behavior\BuildLiteBehavior [ RunTime:0.000018s ]
INFO: [ app_init ] --END-- [ RunTime:0.000323s ]
ERR: 娉杞芥ā:复件 MirServer8

[ 2017-02-06T03:29:01+08:00 ] 222.186.3.90 /复件%20MirServer9.zip
INFO: [ app_init ] --START--
INFO: Run Behavior\BuildLiteBehavior [ RunTime:0.000018s ]
INFO: [ app_init ] --END-- [ RunTime:0.000372s ]
ERR: 娉杞芥ā:复件 MirServer9

[ 2017-02-06T03:29:01+08:00 ] 222.186.3.90 /复件%20MirServer10.zip
INFO: [ app_init ] --START--
INFO: Run Behavior\BuildLiteBehavior [ RunTime:0.000020s ]
INFO: [ app_init ] --END-- [ RunTime:0.000381s ]
ERR: 娉杞芥ā:复件 MirServer10

[ 2017-02-06T03:29:01+08:00 ] 222.186.3.90 /复件%20MirServer11.zip
INFO: [ app_init ] --START--
INFO: Run Behavior\BuildLiteBehavior [ RunTime:0.000017s ]
INFO: [ app_init ] --END-- [ RunTime:0.000310s ]
ERR: 娉杞芥ā:复件 MirServer11

[ 2017-02-06T03:29:01+08:00 ] 222.186.3.90 /复件%20MirServer12.zip
INFO: [ app_init ] --START--
INFO: Run Behavior\BuildLiteBehavior [ RunTime:0.000022s ]
INFO: [ app_init ] --END-- [ RunTime:0.000337s ]
ERR: 娉杞芥ā:复件 MirServer12

[ 2017-02-06T03:29:01+08:00 ] 222.186.3.90 /复件%20MirServer13.zip
INFO: [ app_init ] --START--
INFO: Run Behavior\BuildLiteBehavior [ RunTime:0.000022s ]
INFO: [ app_init ] --END-- [ RunTime:0.000426s ]
ERR: 娉杞芥ā:复件 MirServer13

[ 2017-02-06T03:29:01+08:00 ] 222.186.3.90 /复件%20MirServer14.zip
INFO: [ app_init ] --START--
INFO: Run Behavior\BuildLiteBehavior [ RunTime:0.000021s ]
INFO: [ app_init ] --END-- [ RunTime:0.000349s ]
ERR: 娉杞芥ā:复件 MirServer14

[ 2017-02-06T03:29:01+08:00 ] 222.186.3.90 /1.70Mirserver.zip
INFO: [ app_init ] --START--
INFO: Run Behavior\BuildLiteBehavior [ RunTime:0.000022s ]
INFO: [ app_init ] --END-- [ RunTime:0.000335s ]
ERR: 娉杞芥ā:1.70Mirserver

[ 2017-02-06T03:29:01+08:00 ] 222.186.3.90 /1.76Mirserver.zip
INFO: [ app_init ] --START--
INFO: Run Behavior\BuildLiteBehavior [ RunTime:0.000017s ]
INFO: [ app_init ] --END-- [ RunTime:0.000398s ]
ERR: 娉杞芥ā:1.76Mirserver

[ 2017-02-06T03:29:01+08:00 ] 222.186.3.90 /1.80Mirserver.zip
INFO: [ app_init ] --START--
INFO: Run Behavior\BuildLiteBehavior [ RunTime:0.000022s ]
INFO: [ app_init ] --END-- [ RunTime:0.000428s ]
ERR: 娉杞芥ā:1.80Mirserver

[ 2017-02-06T03:29:01+08:00 ] 222.186.3.90 /1.85Mirserver.zip
INFO: [ app_init ] --START--
INFO: Run Behavior\BuildLiteBehavior [ RunTime:0.000018s ]
INFO: [ app_init ] --END-- [ RunTime:0.000324s ]
ERR: 娉杞芥ā:1.85Mirserver

[ 2017-02-06T03:29:01+08:00 ] 222.186.3.90 /1.90Mirserver.zip
INFO: [ app_init ] --START--
INFO: Run Behavior\BuildLiteBehavior [ RunTime:0.000022s ]
INFO: [ app_init ] --END-- [ RunTime:0.000355s ]
ERR: 娉杞芥ā:1.90Mirserver

[ 2017-02-06T03:29:01+08:00 ] 222.186.3.90 /1.96Mirserver.zip
INFO: [ app_init ] --START--
INFO: Run Behavior\BuildLiteBehavior [ RunTime:0.000021s ]
INFO: [ app_init ] --END-- [ RunTime:0.000336s ]
ERR: 娉杞芥ā:1.96Mirserver

[ 2017-02-06T03:29:01+08:00 ] 222.186.3.90 /1.99Mirserver.zip
INFO: [ app_init ] --START--
INFO: Run Behavior\BuildLiteBehavior [ RunTime:0.000020s ]
INFO: [ app_init ] --END-- [ RunTime:0.000391s ]
ERR: 娉杞芥ā:1.99Mirserver

[ 2017-02-06T03:29:01+08:00 ] 222.186.3.90 /1.70.zip
INFO: [ app_init ] --START--
INFO: Run Behavior\BuildLiteBehavior [ RunTime:0.000031s ]
INFO: [ app_init ] --END-- [ RunTime:0.000517s ]
ERR: 娉杞芥ā:1.70

[ 2017-02-06T03:29:02+08:00 ] 222.186.3.90 /1.76.zip
INFO: [ app_init ] --START--
INFO: Run Behavior\BuildLiteBehavior [ RunTime:0.000026s ]
INFO: [ app_init ] --END-- [ RunTime:0.000524s ]
ERR: 娉杞芥ā:1.76

[ 2017-02-06T03:29:02+08:00 ] 222.186.3.90 /1.80.zip
INFO: [ app_init ] --START--
INFO: Run Behavior\BuildLiteBehavior [ RunTime:0.000020s ]
INFO: [ app_init ] --END-- [ RunTime:0.000339s ]
ERR: 娉杞芥ā:1.80

[ 2017-02-06T03:29:02+08:00 ] 222.186.3.90 /1.85.zip
INFO: [ app_init ] --START--
INFO: Run Behavior\BuildLiteBehavior [ RunTime:0.000021s ]
INFO: [ app_init ] --END-- [ RunTime:0.000332s ]
ERR: 娉杞芥ā:1.85

[ 2017-02-06T03:29:02+08:00 ] 222.186.3.90 /1.90.zip
INFO: [ app_init ] --START--
INFO: Run Behavior\BuildLiteBehavior [ RunTime:0.000020s ]
INFO: [ app_init ] --END-- [ RunTime:0.000404s ]
ERR: 娉杞芥ā:1.90

[ 2017-02-06T03:29:02+08:00 ] 222.186.3.90 /1.96.zip
INFO: [ app_init ] --START--
INFO: Run Behavior\BuildLiteBehavior [ RunTime:0.000022s ]
INFO: [ app_init ] --END-- [ RunTime:0.000338s ]
ERR: 娉杞芥ā:1.96

[ 2017-02-06T03:29:02+08:00 ] 222.186.3.90 /1.99.zip
INFO: [ app_init ] --START--
INFO: Run Behavior\BuildLiteBehavior [ RunTime:0.000017s ]
INFO: [ app_init ] --END-- [ RunTime:0.000312s ]
ERR: 娉杞芥ā:1.99

[ 2017-02-06T03:29:02+08:00 ] 222.186.3.90 /176.zip
INFO: [ app_init ] --START--
INFO: Run Behavior\BuildLiteBehavior [ RunTime:0.000016s ]
INFO: [ app_init ] --END-- [ RunTime:0.000322s ]
ERR: 娉杞芥ā:176

[ 2017-02-06T03:29:02+08:00 ] 222.186.3.90 /180.zip
INFO: [ app_init ] --START--
INFO: Run Behavior\BuildLiteBehavior [ RunTime:0.000025s ]
INFO: [ app_init ] --END-- [ RunTime:0.000535s ]
ERR: 娉杞芥ā:180

[ 2017-02-06T03:29:02+08:00 ] 222.186.3.90 /185.zip
INFO: [ app_init ] --START--
INFO: Run Behavior\BuildLiteBehavior [ RunTime:0.000022s ]
INFO: [ app_init ] --END-- [ RunTime:0.000418s ]
ERR: 娉杞芥ā:185

[ 2017-02-06T03:29:02+08:00 ] 222.186.3.90 /189.zip
INFO: [ app_init ] --START--
INFO: Run Behavior\BuildLiteBehavior [ RunTime:0.000017s ]
INFO: [ app_init ] --END-- [ RunTime:0.000308s ]
ERR: 娉杞芥ā:189

[ 2017-02-06T03:29:02+08:00 ] 222.186.3.90 /195.zip
INFO: [ app_init ] --START--
INFO: Run Behavior\BuildLiteBehavior [ RunTime:0.000019s ]
INFO: [ app_init ] --END-- [ RunTime:0.000320s ]
ERR: 娉杞芥ā:195

[ 2017-02-06T03:29:02+08:00 ] 222.186.3.90 /199.zip
INFO: [ app_init ] --START--
INFO: Run Behavior\BuildLiteBehavior [ RunTime:0.000024s ]
INFO: [ app_init ] --END-- [ RunTime:0.001025s ]
ERR: 娉杞芥ā:199

[ 2017-02-06T03:29:02+08:00 ] 222.186.3.90 /1.zip
INFO: [ app_init ] --START--
INFO: Run Behavior\BuildLiteBehavior [ RunTime:0.000022s ]
INFO: [ app_init ] --END-- [ RunTime:0.000397s ]
ERR: 娉杞芥ā:1

[ 2017-02-06T03:29:02+08:00 ] 222.186.3.90 /2.zip
INFO: [ app_init ] --START--
INFO: Run Behavior\BuildLiteBehavior [ RunTime:0.000018s ]
INFO: [ app_init ] --END-- [ RunTime:0.000315s ]
ERR: 娉杞芥ā:2

[ 2017-02-06T03:29:02+08:00 ] 222.186.3.90 /3.zip
INFO: [ app_init ] --START--
INFO: Run Behavior\BuildLiteBehavior [ RunTime:0.000021s ]
INFO: [ app_init ] --END-- [ RunTime:0.000393s ]
ERR: 娉杞芥ā:3

[ 2017-02-06T03:29:02+08:00 ] 222.186.3.90 /4.zip
INFO: [ app_init ] --START--
INFO: Run Behavior\BuildLiteBehavior [ RunTime:0.000023s ]
INFO: [ app_init ] --END-- [ RunTime:0.000352s ]
ERR: 娉杞芥ā:4

[ 2017-02-06T03:29:02+08:00 ] 222.186.3.90 /5.zip
INFO: [ app_init ] --START--
INFO: Run Behavior\BuildLiteBehavior [ RunTime:0.000022s ]
INFO: [ app_init ] --END-- [ RunTime:0.000356s ]
ERR: 娉杞芥ā:5

[ 2017-02-06T03:29:02+08:00 ] 222.186.3.90 /6.zip
INFO: [ app_init ] --START--
INFO: Run Behavior\BuildLiteBehavior [ RunTime:0.000018s ]
INFO: [ app_init ] --END-- [ RunTime:0.000334s ]
ERR: 娉杞芥ā:6

[ 2017-02-06T03:29:02+08:00 ] 222.186.3.90 /7.zip
INFO: [ app_init ] --START--
INFO: Run Behavior\BuildLiteBehavior [ RunTime:0.000019s ]
INFO: [ app_init ] --END-- [ RunTime:0.000376s ]
ERR: 娉杞芥ā:7

[ 2017-02-06T03:29:02+08:00 ] 222.186.3.90 /8.zip
INFO: [ app_init ] --START--
INFO: Run Behavior\BuildLiteBehavior [ RunTime:0.000016s ]
INFO: [ app_init ] --END-- [ RunTime:0.000354s ]
ERR: 娉杞芥ā:8

[ 2017-02-06T03:29:02+08:00 ] 222.186.3.90 /9.zip
INFO: [ app_init ] --START--
INFO: Run Behavior\BuildLiteBehavior [ RunTime:0.000013s ]
INFO: [ app_init ] --END-- [ RunTime:0.000279s ]
ERR: 娉杞芥ā:9

[ 2017-02-06T03:29:02+08:00 ] 222.186.3.90 /11.zip
INFO: [ app_init ] --START--
INFO: Run Behavior\BuildLiteBehavior [ RunTime:0.000023s ]
INFO: [ app_init ] --END-- [ RunTime:0.000371s ]
ERR: 娉杞芥ā:11

[ 2017-02-06T03:29:02+08:00 ] 222.186.3.90 /12.zip
INFO: [ app_init ] --START--
INFO: Run Behavior\BuildLiteBehavior [ RunTime:0.000020s ]
INFO: [ app_init ] --END-- [ RunTime:0.000340s ]
ERR: 娉杞芥ā:12

[ 2017-02-06T03:29:02+08:00 ] 222.186.3.90 /22.zip
INFO: [ app_init ] --START--
INFO: Run Behavior\BuildLiteBehavior [ RunTime:0.000073s ]
INFO: [ app_init ] --END-- [ RunTime:0.000613s ]
ERR: 娉杞芥ā:22

[ 2017-02-06T03:29:02+08:00 ] 222.186.3.90 /33.zip
INFO: [ app_init ] --START--
INFO: Run Behavior\BuildLiteBehavior [ RunTime:0.000023s ]
INFO: [ app_init ] --END-- [ RunTime:0.000362s ]
ERR: 娉杞芥ā:33

[ 2017-02-06T03:29:02+08:00 ] 222.186.3.90 /44.zip
INFO: [ app_init ] --START--
INFO: Run Behavior\BuildLiteBehavior [ RunTime:0.000018s ]
INFO: [ app_init ] --END-- [ RunTime:0.000320s ]
ERR: 娉杞芥ā:44

[ 2017-02-06T03:29:02+08:00 ] 222.186.3.90 /76.zip
INFO: [ app_init ] --START--
INFO: Run Behavior\BuildLiteBehavior [ RunTime:0.000024s ]
INFO: [ app_init ] --END-- [ RunTime:0.000434s ]
ERR: 娉杞芥ā:76

[ 2017-02-06T03:29:03+08:00 ] 222.186.3.90 /80.zip
INFO: [ app_init ] --START--
INFO: Run Behavior\BuildLiteBehavior [ RunTime:0.000023s ]
INFO: [ app_init ] --END-- [ RunTime:0.000334s ]
ERR: 娉杞芥ā:80

[ 2017-02-06T03:29:03+08:00 ] 222.186.3.90 /00.zip
INFO: [ app_init ] --START--
INFO: Run Behavior\BuildLiteBehavior [ RunTime:0.000018s ]
INFO: [ app_init ] --END-- [ RunTime:0.000319s ]
ERR: 娉杞芥ā:00

[ 2017-02-06T03:29:03+08:00 ] 222.186.3.90 /000.zip
INFO: [ app_init ] --START--
INFO: Run Behavior\BuildLiteBehavior [ RunTime:0.000014s ]
INFO: [ app_init ] --END-- [ RunTime:0.000301s ]
ERR: 娉杞芥ā:000

[ 2017-02-06T03:29:03+08:00 ] 222.186.3.90 /111.zip
INFO: [ app_init ] --START--
INFO: Run Behavior\BuildLiteBehavior [ RunTime:0.000021s ]
INFO: [ app_init ] --END-- [ RunTime:0.000384s ]
ERR: 娉杞芥ā:111

[ 2017-02-06T03:29:03+08:00 ] 222.186.3.90 /112.zip
INFO: [ app_init ] --START--
INFO: Run Behavior\BuildLiteBehavior [ RunTime:0.000019s ]
INFO: [ app_init ] --END-- [ RunTime:0.000372s ]
ERR: 娉杞芥ā:112

[ 2017-02-06T03:29:03+08:00 ] 222.186.3.90 /120.zip
INFO: [ app_init ] --START--
INFO: Run Behavior\BuildLiteBehavior [ RunTime:0.000019s ]
INFO: [ app_init ] --END-- [ RunTime:0.000323s ]
ERR: 娉杞芥ā:120

[ 2017-02-06T03:29:03+08:00 ] 222.186.3.90 /123.zip
INFO: [ app_init ] --START--
INFO: Run Behavior\BuildLiteBehavior [ RunTime:0.000016s ]
INFO: [ app_init ] --END-- [ RunTime:0.000377s ]
ERR: 娉杞芥ā:123

[ 2017-02-06T03:29:03+08:00 ] 222.186.3.90 /222.zip
INFO: [ app_init ] --START--
INFO: Run Behavior\BuildLiteBehavior [ RunTime:0.000018s ]
INFO: [ app_init ] --END-- [ RunTime:0.000381s ]
ERR: 娉杞芥ā:222

[ 2017-02-06T03:29:03+08:00 ] 222.186.3.90 /321.zip
INFO: [ app_init ] --START--
INFO: Run Behavior\BuildLiteBehavior [ RunTime:0.000022s ]
INFO: [ app_init ] --END-- [ RunTime:0.000405s ]
ERR: 娉杞芥ā:321

[ 2017-02-06T03:29:03+08:00 ] 222.186.3.90 /333.zip
INFO: [ app_init ] --START--
INFO: Run Behavior\BuildLiteBehavior [ RunTime:0.000021s ]
INFO: [ app_init ] --END-- [ RunTime:0.000334s ]
ERR: 娉杞芥ā:333

[ 2017-02-06T03:29:03+08:00 ] 222.186.3.90 /1111.zip
INFO: [ app_init ] --START--
INFO: Run Behavior\BuildLiteBehavior [ RunTime:0.000016s ]
INFO: [ app_init ] --END-- [ RunTime:0.000361s ]
ERR: 娉杞芥ā:1111

[ 2017-02-06T03:29:03+08:00 ] 222.186.3.90 /1122.zip
INFO: [ app_init ] --START--
INFO: Run Behavior\BuildLiteBehavior [ RunTime:0.000018s ]
INFO: [ app_init ] --END-- [ RunTime:0.000322s ]
ERR: 娉杞芥ā:1122

[ 2017-02-06T03:29:03+08:00 ] 222.186.3.90 /1234.zip
INFO: [ app_init ] --START--
INFO: Run Behavior\BuildLiteBehavior [ RunTime:0.000019s ]
INFO: [ app_init ] --END-- [ RunTime:0.000328s ]
ERR: 娉杞芥ā:1234

[ 2017-02-06T03:29:03+08:00 ] 222.186.3.90 /123456.zip
INFO: [ app_init ] --START--
INFO: Run Behavior\BuildLiteBehavior [ RunTime:0.000013s ]
INFO: [ app_init ] --END-- [ RunTime:0.000337s ]
ERR: 娉杞芥ā:123456

[ 2017-02-06T03:29:03+08:00 ] 222.186.3.90 /123456789.zip
INFO: [ app_init ] --START--
INFO: Run Behavior\BuildLiteBehavior [ RunTime:0.000069s ]
INFO: [ app_init ] --END-- [ RunTime:0.000370s ]
ERR: 娉杞芥ā:123456789

[ 2017-02-06T03:29:03+08:00 ] 222.186.3.90 /2222.zip
INFO: [ app_init ] --START--
INFO: Run Behavior\BuildLiteBehavior [ RunTime:0.000016s ]
INFO: [ app_init ] --END-- [ RunTime:0.000366s ]
ERR: 娉杞芥ā:2222

[ 2017-02-06T03:29:03+08:00 ] 222.186.3.90 /11111.zip
INFO: [ app_init ] --START--
INFO: Run Behavior\BuildLiteBehavior [ RunTime:0.000026s ]
INFO: [ app_init ] --END-- [ RunTime:0.000390s ]
ERR: 娉杞芥ā:11111

[ 2017-02-06T03:29:03+08:00 ] 222.186.3.90 /a.zip
INFO: [ app_init ] --START--
INFO: Run Behavior\BuildLiteBehavior [ RunTime:0.000021s ]
INFO: [ app_init ] --END-- [ RunTime:0.000351s ]
ERR: 娉杞芥ā:A

[ 2017-02-06T03:29:03+08:00 ] 222.186.3.90 /aa.zip
INFO: [ app_init ] --START--
INFO: Run Behavior\BuildLiteBehavior [ RunTime:0.000021s ]
INFO: [ app_init ] --END-- [ RunTime:0.000336s ]
ERR: 娉杞芥ā:Aa

[ 2017-02-06T03:29:03+08:00 ] 222.186.3.90 /aaa.zip
INFO: [ app_init ] --START--
INFO: Run Behavior\BuildLiteBehavior [ RunTime:0.000018s ]
INFO: [ app_init ] --END-- [ RunTime:0.000373s ]
ERR: 娉杞芥ā:Aaa

[ 2017-02-06T03:29:04+08:00 ] 222.186.3.90 /amirserver.zip
INFO: [ app_init ] --START--
INFO: Run Behavior\BuildLiteBehavior [ RunTime:0.000021s ]
INFO: [ app_init ] --END-- [ RunTime:0.000343s ]
ERR: 娉杞芥ā:Amirserver

[ 2017-02-06T03:29:04+08:00 ] 222.186.3.90 /DMirserver.zip
INFO: [ app_init ] --START--
INFO: Run Behavior\BuildLiteBehavior [ RunTime:0.000023s ]
INFO: [ app_init ] --END-- [ RunTime:0.000356s ]
ERR: 娉杞芥ā:DMirserver

[ 2017-02-06T03:29:04+08:00 ] 222.186.3.90 /EMirserver.zip
INFO: [ app_init ] --START--
INFO: Run Behavior\BuildLiteBehavior [ RunTime:0.000021s ]
INFO: [ app_init ] --END-- [ RunTime:0.000357s ]
ERR: 娉杞芥ā:EMirserver

[ 2017-02-06T03:29:04+08:00 ] 222.186.3.90 /FMirserver.zip
INFO: [ app_init ] --START--
INFO: Run Behavior\BuildLiteBehavior [ RunTime:0.000020s ]
INFO: [ app_init ] --END-- [ RunTime:0.000333s ]
ERR: 娉杞芥ā:FMirserver

[ 2017-02-06T03:29:04+08:00 ] 222.186.3.90 /gmirserver.zip
INFO: [ app_init ] --START--
INFO: Run Behavior\BuildLiteBehavior [ RunTime:0.000021s ]
INFO: [ app_init ] --END-- [ RunTime:0.000330s ]
ERR: 娉杞芥ā:Gmirserver

[ 2017-02-06T03:29:04+08:00 ] 222.186.3.90 /mirserver.zip
INFO: [ app_init ] --START--
INFO: Run Behavior\BuildLiteBehavior [ RunTime:0.000020s ]
INFO: [ app_init ] --END-- [ RunTime:0.000335s ]
ERR: 娉杞芥ā:Mirserver

[ 2017-02-06T03:29:04+08:00 ] 222.186.3.90 /Mirservera.zip
INFO: [ app_init ] --START--
INFO: Run Behavior\BuildLiteBehavior [ RunTime:0.000021s ]
INFO: [ app_init ] --END-- [ RunTime:0.000336s ]
ERR: 娉杞芥ā:Mirservera

[ 2017-02-06T03:29:04+08:00 ] 222.186.3.90 /mirserver0.zip
INFO: [ app_init ] --START--
INFO: Run Behavior\BuildLiteBehavior [ RunTime:0.000020s ]
INFO: [ app_init ] --END-- [ RunTime:0.000326s ]
ERR: 娉杞芥ā:Mirserver0

[ 2017-02-06T03:29:04+08:00 ] 222.186.3.90 /mirserver01.zip
INFO: [ app_init ] --START--
INFO: Run Behavior\BuildLiteBehavior [ RunTime:0.000062s ]
INFO: [ app_init ] --END-- [ RunTime:0.000384s ]
ERR: 娉杞芥ā:Mirserver01

[ 2017-02-06T03:29:04+08:00 ] 222.186.3.90 /mirserver02.zip
INFO: [ app_init ] --START--
INFO: Run Behavior\BuildLiteBehavior [ RunTime:0.000022s ]
INFO: [ app_init ] --END-- [ RunTime:0.000339s ]
ERR: 娉杞芥ā:Mirserver02

[ 2017-02-06T03:29:04+08:00 ] 222.186.3.90 /mirserver03.zip
INFO: [ app_init ] --START--
INFO: Run Behavior\BuildLiteBehavior [ RunTime:0.000019s ]
INFO: [ app_init ] --END-- [ RunTime:0.000319s ]
ERR: 娉杞芥ā:Mirserver03

[ 2017-02-06T03:29:04+08:00 ] 222.186.3.90 /mirserver176.zip
INFO: [ app_init ] --START--
INFO: Run Behavior\BuildLiteBehavior [ RunTime:0.000020s ]
INFO: [ app_init ] --END-- [ RunTime:0.000399s ]
ERR: 娉杞芥ā:Mirserver176

[ 2017-02-06T03:29:04+08:00 ] 222.186.3.90 /mirserver180.zip
INFO: [ app_init ] --START--
INFO: Run Behavior\BuildLiteBehavior [ RunTime:0.000023s ]
INFO: [ app_init ] --END-- [ RunTime:0.000352s ]
ERR: 娉杞芥ā:Mirserver180

[ 2017-02-06T03:29:04+08:00 ] 222.186.3.90 /Mirserver76.zip
INFO: [ app_init ] --START--
INFO: Run Behavior\BuildLiteBehavior [ RunTime:0.000017s ]
INFO: [ app_init ] --END-- [ RunTime:0.000315s ]
ERR: 娉杞芥ā:Mirserver76

[ 2017-02-06T03:29:04+08:00 ] 222.186.3.90 /Mirserver80.zip
INFO: [ app_init ] --START--
INFO: Run Behavior\BuildLiteBehavior [ RunTime:0.000022s ]
INFO: [ app_init ] --END-- [ RunTime:0.000351s ]
ERR: 娉杞芥ā:Mirserver80

[ 2017-02-06T03:29:04+08:00 ] 222.186.3.90 /Mirserver85.zip
INFO: [ app_init ] --START--
INFO: Run Behavior\BuildLiteBehavior [ RunTime:0.000028s ]
INFO: [ app_init ] --END-- [ RunTime:0.000548s ]
ERR: 娉杞芥ā:Mirserver85

[ 2017-02-06T03:29:04+08:00 ] 222.186.3.90 /mirserver1.zip
INFO: [ app_init ] --START--
INFO: Run Behavior\BuildLiteBehavior [ RunTime:0.000019s ]
INFO: [ app_init ] --END-- [ RunTime:0.000380s ]
ERR: 娉杞芥ā:Mirserver1

[ 2017-02-06T03:29:04+08:00 ] 222.186.3.90 /mirserver2.zip
INFO: [ app_init ] --START--
INFO: Run Behavior\BuildLiteBehavior [ RunTime:0.000052s ]
INFO: [ app_init ] --END-- [ RunTime:0.000428s ]
ERR: 娉杞芥ā:Mirserver2

[ 2017-02-06T03:29:04+08:00 ] 222.186.3.90 /Mirserver2.zip
INFO: [ app_init ] --START--
INFO: Run Behavior\BuildLiteBehavior [ RunTime:0.000016s ]
INFO: [ app_init ] --END-- [ RunTime:0.000307s ]
ERR: 娉杞芥ā:Mirserver2

[ 2017-02-06T03:29:04+08:00 ] 222.186.3.90 /Mirserver3.zip
INFO: [ app_init ] --START--
INFO: Run Behavior\BuildLiteBehavior [ RunTime:0.000019s ]
INFO: [ app_init ] --END-- [ RunTime:0.000325s ]
ERR: 娉杞芥ā:Mirserver3

[ 2017-02-06T03:29:04+08:00 ] 222.186.3.90 /Mirserver4.zip
INFO: [ app_init ] --START--
INFO: Run Behavior\BuildLiteBehavior [ RunTime:0.000024s ]
INFO: [ app_init ] --END-- [ RunTime:0.000396s ]
ERR: 娉杞芥ā:Mirserver4

[ 2017-02-06T03:29:04+08:00 ] 222.186.3.90 /Mirserver5.zip
INFO: [ app_init ] --START--
INFO: Run Behavior\BuildLiteBehavior [ RunTime:0.000018s ]
INFO: [ app_init ] --END-- [ RunTime:0.000390s ]
ERR: 娉杞芥ā:Mirserver5

[ 2017-02-06T03:29:04+08:00 ] 222.186.3.90 /Mirserver6.zip
INFO: [ app_init ] --START--
INFO: Run Behavior\BuildLiteBehavior [ RunTime:0.000028s ]
INFO: [ app_init ] --END-- [ RunTime:0.000394s ]
ERR: 娉杞芥ā:Mirserver6

[ 2017-02-06T03:29:04+08:00 ] 222.186.3.90 /Mirserver7.zip
INFO: [ app_init ] --START--
INFO: Run Behavior\BuildLiteBehavior [ RunTime:0.000020s ]
INFO: [ app_init ] --END-- [ RunTime:0.000325s ]
ERR: 娉杞芥ā:Mirserver7

[ 2017-02-06T03:29:04+08:00 ] 222.186.3.90 /Mirserver8.zip
INFO: [ app_init ] --START--
INFO: Run Behavior\BuildLiteBehavior [ RunTime:0.000012s ]
INFO: [ app_init ] --END-- [ RunTime:0.000280s ]
ERR: 娉杞芥ā:Mirserver8

[ 2017-02-06T03:29:04+08:00 ] 222.186.3.90 /Mirserver9.zip
INFO: [ app_init ] --START--
INFO: Run Behavior\BuildLiteBehavior [ RunTime:0.000015s ]
INFO: [ app_init ] --END-- [ RunTime:0.000294s ]
ERR: 娉杞芥ā:Mirserver9

[ 2017-02-06T03:29:04+08:00 ] 222.186.3.90 /Mirserver10.zip
INFO: [ app_init ] --START--
INFO: Run Behavior\BuildLiteBehavior [ RunTime:0.000015s ]
INFO: [ app_init ] --END-- [ RunTime:0.001349s ]
ERR: 娉杞芥ā:Mirserver10

[ 2017-02-06T03:29:04+08:00 ] 222.186.3.90 /mirserver11.zip
INFO: [ app_init ] --START--
INFO: Run Behavior\BuildLiteBehavior [ RunTime:0.000019s ]
INFO: [ app_init ] --END-- [ RunTime:0.000503s ]
ERR: 娉杞芥ā:Mirserver11

[ 2017-02-06T03:29:05+08:00 ] 222.186.3.90 /mirserver12.zip
INFO: [ app_init ] --START--
INFO: Run Behavior\BuildLiteBehavior [ RunTime:0.000020s ]
INFO: [ app_init ] --END-- [ RunTime:0.000324s ]
ERR: 娉杞芥ā:Mirserver12

[ 2017-02-06T03:29:05+08:00 ] 222.186.3.90 /mirserver22.zip
INFO: [ app_init ] --START--
INFO: Run Behavior\BuildLiteBehavior [ RunTime:0.000022s ]
INFO: [ app_init ] --END-- [ RunTime:0.000346s ]
ERR: 娉杞芥ā:Mirserver22

[ 2017-02-06T03:29:05+08:00 ] 222.186.3.90 /mirserver33.zip
INFO: [ app_init ] --START--
INFO: Run Behavior\BuildLiteBehavior [ RunTime:0.000020s ]
INFO: [ app_init ] --END-- [ RunTime:0.000383s ]
ERR: 娉杞芥ā:Mirserver33

[ 2017-02-06T03:29:05+08:00 ] 222.186.3.90 /mirserver44.zip
INFO: [ app_init ] --START--
INFO: Run Behavior\BuildLiteBehavior [ RunTime:0.000025s ]
INFO: [ app_init ] --END-- [ RunTime:0.000348s ]
ERR: 娉杞芥ā:Mirserver44

[ 2017-02-06T03:29:05+08:00 ] 222.186.3.90 /mirserver55.zip
INFO: [ app_init ] --START--
INFO: Run Behavior\BuildLiteBehavior [ RunTime:0.000020s ]
INFO: [ app_init ] --END-- [ RunTime:0.000373s ]
ERR: 娉杞芥ā:Mirserver55

[ 2017-02-06T03:29:05+08:00 ] 222.186.3.90 /mirserver100.zip
INFO: [ app_init ] --START--
INFO: Run Behavior\BuildLiteBehavior [ RunTime:0.000020s ]
INFO: [ app_init ] --END-- [ RunTime:0.000333s ]
ERR: 娉杞芥ā:Mirserver100

[ 2017-02-06T03:29:05+08:00 ] 222.186.3.90 /mirserver111.zip
INFO: [ app_init ] --START--
INFO: Run Behavior\BuildLiteBehavior [ RunTime:0.000021s ]
INFO: [ app_init ] --END-- [ RunTime:0.000397s ]
ERR: 娉杞芥ā:Mirserver111

[ 2017-02-06T03:29:05+08:00 ] 222.186.3.90 /Mirserver123.zip
INFO: [ app_init ] --START--
INFO: Run Behavior\BuildLiteBehavior [ RunTime:0.000017s ]
INFO: [ app_init ] --END-- [ RunTime:0.000329s ]
ERR: 娉杞芥ā:Mirserver123

[ 2017-02-06T03:29:05+08:00 ] 222.186.3.90 /mirserver456.zip
INFO: [ app_init ] --START--
INFO: Run Behavior\BuildLiteBehavior [ RunTime:0.000017s ]
INFO: [ app_init ] --END-- [ RunTime:0.000336s ]
ERR: 娉杞芥ā:Mirserver456

[ 2017-02-06T03:29:05+08:00 ] 222.186.3.90 /mirserver789.zip
INFO: [ app_init ] --START--
INFO: Run Behavior\BuildLiteBehavior [ RunTime:0.000016s ]
INFO: [ app_init ] --END-- [ RunTime:0.000363s ]
ERR: 娉杞芥ā:Mirserver789

[ 2017-02-06T03:29:05+08:00 ] 222.186.3.90 /mirserver1111.zip
INFO: [ app_init ] --START--
INFO: Run Behavior\BuildLiteBehavior [ RunTime:0.000018s ]
INFO: [ app_init ] --END-- [ RunTime:0.000326s ]
ERR: 娉杞芥ā:Mirserver1111

[ 2017-02-06T03:29:05+08:00 ] 222.186.3.90 /mirserver11111.zip
INFO: [ app_init ] --START--
INFO: Run Behavior\BuildLiteBehavior [ RunTime:0.000019s ]
INFO: [ app_init ] --END-- [ RunTime:0.000331s ]
ERR: 娉杞芥ā:Mirserver11111

[ 2017-02-06T03:29:05+08:00 ] 222.186.3.90 /mirserver111111.zip
INFO: [ app_init ] --START--
INFO: Run Behavior\BuildLiteBehavior [ RunTime:0.000020s ]
INFO: [ app_init ] --END-- [ RunTime:0.000326s ]
ERR: 娉杞芥ā:Mirserver111111

[ 2017-02-06T03:29:05+08:00 ] 222.186.3.90 /Mirserver123456.zip
INFO: [ app_init ] --START--
INFO: Run Behavior\BuildLiteBehavior [ RunTime:0.000016s ]
INFO: [ app_init ] --END-- [ RunTime:0.000315s ]
ERR: 娉杞芥ā:Mirserver123456

[ 2017-02-06T03:29:05+08:00 ] 222.186.3.90 /mirserver123456789.zip
INFO: [ app_init ] --START--
INFO: Run Behavior\BuildLiteBehavior [ RunTime:0.000028s ]
INFO: [ app_init ] --END-- [ RunTime:0.000382s ]
ERR: 娉杞芥ā:Mirserver123456789

[ 2017-02-06T03:29:05+08:00 ] 222.186.3.90 /mirserver复古.zip
INFO: [ app_init ] --START--
INFO: Run Behavior\BuildLiteBehavior [ RunTime:0.000021s ]
INFO: [ app_init ] --END-- [ RunTime:0.000329s ]
ERR: 娉杞芥ā:Mirserver复古

[ 2017-02-06T03:29:05+08:00 ] 222.186.3.90 /1mirserver.zip
INFO: [ app_init ] --START--
INFO: Run Behavior\BuildLiteBehavior [ RunTime:0.000019s ]
INFO: [ app_init ] --END-- [ RunTime:0.000329s ]
ERR: 娉杞芥ā:1mirserver

[ 2017-02-06T03:29:05+08:00 ] 222.186.3.90 /版本.zip
INFO: [ app_init ] --START--
INFO: Run Behavior\BuildLiteBehavior [ RunTime:0.000017s ]
INFO: [ app_init ] --END-- [ RunTime:0.000322s ]
ERR: 娉杞芥ā:版本

[ 2017-02-06T03:29:05+08:00 ] 222.186.3.90 /版本1.zip
INFO: [ app_init ] --START--
INFO: Run Behavior\BuildLiteBehavior [ RunTime:0.000023s ]
INFO: [ app_init ] --END-- [ RunTime:0.000323s ]
ERR: 娉杞芥ā:版本1

[ 2017-02-06T03:29:05+08:00 ] 222.186.3.90 /备份.zip
INFO: [ app_init ] --START--
INFO: Run Behavior\BuildLiteBehavior [ RunTime:0.000019s ]
INFO: [ app_init ] --END-- [ RunTime:0.001380s ]
ERR: 娉杞芥ā:备份

[ 2017-02-06T03:29:05+08:00 ] 222.186.3.90 /测试.zip
INFO: [ app_init ] --START--
INFO: Run Behavior\BuildLiteBehavior [ RunTime:0.000016s ]
INFO: [ app_init ] --END-- [ RunTime:0.000302s ]
ERR: 娉杞芥ā:测试

[ 2017-02-06T03:29:05+08:00 ] 222.186.3.90 /测试版本.zip
INFO: [ app_init ] --START--
INFO: Run Behavior\BuildLiteBehavior [ RunTime:0.000018s ]
INFO: [ app_init ] --END-- [ RunTime:0.000439s ]
ERR: 娉杞芥ā:测试版本

[ 2017-02-06T03:29:05+08:00 ] 222.186.3.90 /复古.zip
INFO: [ app_init ] --START--
INFO: Run Behavior\BuildLiteBehavior [ RunTime:0.000016s ]
INFO: [ app_init ] --END-- [ RunTime:0.000326s ]
ERR: 娉杞芥ā:复古

[ 2017-02-06T03:29:06+08:00 ] 222.186.3.90 /复件%20新建文件夹.zip
INFO: [ app_init ] --START--
INFO: Run Behavior\BuildLiteBehavior [ RunTime:0.000019s ]
INFO: [ app_init ] --END-- [ RunTime:0.000385s ]
ERR: 娉杞芥ā:复件 新建文件夹

[ 2017-02-06T03:29:06+08:00 ] 222.186.3.90 /复件%20新建文件夹1.zip
INFO: [ app_init ] --START--
INFO: Run Behavior\BuildLiteBehavior [ RunTime:0.000019s ]
INFO: [ app_init ] --END-- [ RunTime:0.000328s ]
ERR: 娉杞芥ā:复件 新建文件夹1

[ 2017-02-06T03:29:06+08:00 ] 222.186.3.90 /复件%20新建文件夹2.zip
INFO: [ app_init ] --START--
INFO: Run Behavior\BuildLiteBehavior [ RunTime:0.000019s ]
INFO: [ app_init ] --END-- [ RunTime:0.000389s ]
ERR: 娉杞芥ā:复件 新建文件夹2

[ 2017-02-06T03:29:06+08:00 ] 222.186.3.90 /复件%20新建文件夹3.zip
INFO: [ app_init ] --START--
INFO: Run Behavior\BuildLiteBehavior [ RunTime:0.000020s ]
INFO: [ app_init ] --END-- [ RunTime:0.000328s ]
ERR: 娉杞芥ā:复件 新建文件夹3

[ 2017-02-06T03:29:06+08:00 ] 222.186.3.90 /复件.zip
INFO: [ app_init ] --START--
INFO: Run Behavior\BuildLiteBehavior [ RunTime:0.000016s ]
INFO: [ app_init ] --END-- [ RunTime:0.000308s ]
ERR: 娉杞芥ā:复件

[ 2017-02-06T03:29:06+08:00 ] 222.186.3.90 /复件1.zip
INFO: [ app_init ] --START--
INFO: Run Behavior\BuildLiteBehavior [ RunTime:0.000095s ]
INFO: [ app_init ] --END-- [ RunTime:0.001362s ]
ERR: 娉杞芥ā:复件1

[ 2017-02-06T03:29:06+08:00 ] 222.186.3.90 /复件mirserver.zip
INFO: [ app_init ] --START--
INFO: Run Behavior\BuildLiteBehavior [ RunTime:0.000018s ]
INFO: [ app_init ] --END-- [ RunTime:0.000318s ]
ERR: 娉杞芥ā:复件mirserver

[ 2017-02-06T03:29:06+08:00 ] 222.186.3.90 /精品.zip
INFO: [ app_init ] --START--
INFO: Run Behavior\BuildLiteBehavior [ RunTime:0.000024s ]
INFO: [ app_init ] --END-- [ RunTime:0.000421s ]
ERR: 娉杞芥ā:精品

[ 2017-02-06T03:29:06+08:00 ] 222.186.3.90 /老版本.zip
INFO: [ app_init ] --START--
INFO: Run Behavior\BuildLiteBehavior [ RunTime:0.000022s ]
INFO: [ app_init ] --END-- [ RunTime:0.000355s ]
ERR: 娉杞芥ā:老版本

[ 2017-02-06T03:29:06+08:00 ] 222.186.3.90 /老版本Mirserver.zip
INFO: [ app_init ] --START--
INFO: Run Behavior\BuildLiteBehavior [ RunTime:0.000027s ]
INFO: [ app_init ] --END-- [ RunTime:0.000412s ]
ERR: 娉杞芥ā:老版本Mirserver

[ 2017-02-06T03:29:06+08:00 ] 222.186.3.90 /老区.zip
INFO: [ app_init ] --START--
INFO: Run Behavior\BuildLiteBehavior [ RunTime:0.000022s ]
INFO: [ app_init ] --END-- [ RunTime:0.000338s ]
ERR: 娉杞芥ā:老区

[ 2017-02-06T03:29:06+08:00 ] 222.186.3.90 /轻变.zip
INFO: [ app_init ] --START--
INFO: Run Behavior\BuildLiteBehavior [ RunTime:0.000016s ]
INFO: [ app_init ] --END-- [ RunTime:0.000358s ]
ERR: 娉杞芥ā:轻变

[ 2017-02-06T03:29:06+08:00 ] 222.186.3.90 /新版本.zip
INFO: [ app_init ] --START--
INFO: Run Behavior\BuildLiteBehavior [ RunTime:0.000018s ]
INFO: [ app_init ] --END-- [ RunTime:0.000316s ]
ERR: 娉杞芥ā:新版本

[ 2017-02-06T03:29:06+08:00 ] 222.186.3.90 /新版本Mirserver.zip
INFO: [ app_init ] --START--
INFO: Run Behavior\BuildLiteBehavior [ RunTime:0.000020s ]
INFO: [ app_init ] --END-- [ RunTime:0.000334s ]
ERR: 娉杞芥ā:新版本Mirserver

[ 2017-02-06T03:29:06+08:00 ] 222.186.3.90 /新建文件夹.zip
INFO: [ app_init ] --START--
INFO: Run Behavior\BuildLiteBehavior [ RunTime:0.000015s ]
INFO: [ app_init ] --END-- [ RunTime:0.000304s ]
ERR: 娉杞芥ā:新建文件夹

[ 2017-02-06T03:29:06+08:00 ] 222.186.3.90 /新建文件夹1.zip
INFO: [ app_init ] --START--
INFO: Run Behavior\BuildLiteBehavior [ RunTime:0.000019s ]
INFO: [ app_init ] --END-- [ RunTime:0.000318s ]
ERR: 娉杞芥ā:新建文件夹1

[ 2017-02-06T03:29:06+08:00 ] 222.186.3.90 /GOM.zip
INFO: [ app_init ] --START--
INFO: Run Behavior\BuildLiteBehavior [ RunTime:0.000066s ]
INFO: [ app_init ] --END-- [ RunTime:0.000359s ]
ERR: 娉杞芥ā:GOM

[ 2017-02-06T03:29:07+08:00 ] 222.186.3.90 /hero.zip
INFO: [ app_init ] --START--
INFO: Run Behavior\BuildLiteBehavior [ RunTime:0.000017s ]
INFO: [ app_init ] --END-- [ RunTime:0.000335s ]
ERR: 娉杞芥ā:Hero

[ 2017-02-06T03:29:07+08:00 ] 222.186.3.90 /blue.zip
INFO: [ app_init ] --START--
INFO: Run Behavior\BuildLiteBehavior [ RunTime:0.000013s ]
INFO: [ app_init ] --END-- [ RunTime:0.000280s ]
ERR: 娉杞芥ā:Blue

[ 2017-02-06T03:29:07+08:00 ] 222.186.3.90 /新区.zip
INFO: [ app_init ] --START--
INFO: Run Behavior\BuildLiteBehavior [ RunTime:0.000017s ]
INFO: [ app_init ] --END-- [ RunTime:0.000317s ]
ERR: 娉杞芥ā:新区

[ 2017-02-06T03:29:07+08:00 ] 222.186.3.90 /中变.zip
INFO: [ app_init ] --START--
INFO: Run Behavior\BuildLiteBehavior [ RunTime:0.000020s ]
INFO: [ app_init ] --END-- [ RunTime:0.000332s ]
ERR: 娉杞芥ā:中变

[ 2017-02-06T03:29:07+08:00 ] 222.186.3.90 /cmirserver.zip
INFO: [ app_init ] --START--
INFO: Run Behavior\BuildLiteBehavior [ RunTime:0.000027s ]
INFO: [ app_init ] --END-- [ RunTime:0.005031s ]
ERR: 娉杞芥ā:Cmirserver

[ 2017-02-06T03:29:07+08:00 ] 222.186.3.90 /cmirserver01.zip
INFO: [ app_init ] --START--
INFO: Run Behavior\BuildLiteBehavior [ RunTime:0.000017s ]
INFO: [ app_init ] --END-- [ RunTime:0.000331s ]
ERR: 娉杞芥ā:Cmirserver01

[ 2017-02-06T03:29:07+08:00 ] 222.186.3.90 /cmirserver1.zip
INFO: [ app_init ] --START--
INFO: Run Behavior\BuildLiteBehavior [ RunTime:0.000022s ]
INFO: [ app_init ] --END-- [ RunTime:0.000398s ]
ERR: 娉杞芥ā:Cmirserver1

[ 2017-02-06T03:29:07+08:00 ] 222.186.3.90 /cmirserver11.zip
INFO: [ app_init ] --START--
INFO: Run Behavior\BuildLiteBehavior [ RunTime:0.000020s ]
INFO: [ app_init ] --END-- [ RunTime:0.000332s ]
ERR: 娉杞芥ā:Cmirserver11

[ 2017-02-06T03:29:07+08:00 ] 222.186.3.90 /cmirserver2.zip
INFO: [ app_init ] --START--
INFO: Run Behavior\BuildLiteBehavior [ RunTime:0.000021s ]
INFO: [ app_init ] --END-- [ RunTime:0.000396s ]
ERR: 娉杞芥ā:Cmirserver2

[ 2017-02-06T03:29:07+08:00 ] 222.186.3.90 /cmirserver3.zip
INFO: [ app_init ] --START--
INFO: Run Behavior\BuildLiteBehavior [ RunTime:0.000021s ]
INFO: [ app_init ] --END-- [ RunTime:0.000392s ]
ERR: 娉杞芥ā:Cmirserver3

[ 2017-02-06T03:36:04+08:00 ] 36.57.149.219 /member.php?mod=logging&action=login
INFO: [ app_init ] --START--
INFO: Run Behavior\BuildLiteBehavior [ RunTime:0.000028s ]
INFO: [ app_init ] --END-- [ RunTime:0.000574s ]
ERR: 娉杞芥ā:Member

[ 2017-02-06T03:36:05+08:00 ] 36.57.149.219 /member.php?mod=register
INFO: [ app_init ] --START--
INFO: Run Behavior\BuildLiteBehavior [ RunTime:0.000018s ]
INFO: [ app_init ] --END-- [ RunTime:0.000319s ]
ERR: 娉杞芥ā:Member

[ 2017-02-06T04:13:42+08:00 ] 139.162.88.63 http://clientapi.ipip.net/echo.php?info=1234567890
INFO: [ app_init ] --START--
INFO: Run Behavior\BuildLiteBehavior [ RunTime:0.000020s ]
INFO: [ app_init ] --END-- [ RunTime:0.000592s ]
ERR: 娉杞芥ā:Echo

[ 2017-02-06T05:00:01+08:00 ] 42.236.10.111 /robots.txt
INFO: [ app_init ] --START--
INFO: Run Behavior\BuildLiteBehavior [ RunTime:0.000028s ]
INFO: [ app_init ] --END-- [ RunTime:0.000577s ]
ERR: 娉杞芥ā:Robots

[ 2017-02-06T05:00:02+08:00 ] 42.236.99.16 /forum.php?mod=viewthread&tid=28148
INFO: [ app_init ] --START--
INFO: Run Behavior\BuildLiteBehavior [ RunTime:0.000022s ]
INFO: [ app_init ] --END-- [ RunTime:0.000330s ]
ERR: 娉杞芥ā:Forum

[ 2017-02-06T05:00:03+08:00 ] 42.236.10.82 /forum.php?mod=viewthread&tid=25188
INFO: [ app_init ] --START--
INFO: Run Behavior\BuildLiteBehavior [ RunTime:0.000026s ]
INFO: [ app_init ] --END-- [ RunTime:0.000366s ]
ERR: 娉杞芥ā:Forum

[ 2017-02-06T05:12:50+08:00 ] 106.38.231.219 http://106.2.112.147/proxyip/check
INFO: [ app_init ] --START--
INFO: Run Behavior\BuildLiteBehavior [ RunTime:0.000022s ]
INFO: [ app_init ] --END-- [ RunTime:0.000410s ]
ERR: 娉杞芥ā:Proxyip

[ 2017-02-06T06:57:37+08:00 ] 106.38.231.220 http://106.2.112.147/proxyip/check
INFO: [ app_init ] --START--
INFO: Run Behavior\BuildLiteBehavior [ RunTime:0.000022s ]
INFO: [ app_init ] --END-- [ RunTime:0.000353s ]
ERR: 娉杞芥ā:Proxyip

[ 2017-02-06T07:18:38+08:00 ] 46.229.164.101 /robots.txt
INFO: [ app_init ] --START--
INFO: Run Behavior\BuildLiteBehavior [ RunTime:0.000019s ]
INFO: [ app_init ] --END-- [ RunTime:0.000327s ]
ERR: 娉杞芥ā:Robots

[ 2017-02-06T08:41:34+08:00 ] 106.38.231.219 http://106.2.112.147/proxyip/check
INFO: [ app_init ] --START--
INFO: Run Behavior\BuildLiteBehavior [ RunTime:0.000019s ]
INFO: [ app_init ] --END-- [ RunTime:0.000319s ]
ERR: 娉杞芥ā:Proxyip

[ 2017-02-06T09:07:20+08:00 ] 91.196.50.33 http://testp1.piwo.pila.pl/testproxy.php
INFO: [ app_init ] --START--
INFO: Run Behavior\BuildLiteBehavior [ RunTime:0.000095s ]
INFO: [ app_init ] --END-- [ RunTime:0.000442s ]
ERR: 娉杞芥ā:Testproxy

[ 2017-02-06T09:58:49+08:00 ] 220.181.108.142 /robots.txt
INFO: [ app_init ] --START--
INFO: Run Behavior\BuildLiteBehavior [ RunTime:0.000017s ]
INFO: [ app_init ] --END-- [ RunTime:0.000325s ]
ERR: 娉杞芥ā:Robots

[ 2017-02-06T10:12:50+08:00 ] 180.76.15.11 /forum.php?mod=viewthread&tid=45463
INFO: [ app_init ] --START--
INFO: Run Behavior\BuildLiteBehavior [ RunTime:0.000022s ]
INFO: [ app_init ] --END-- [ RunTime:0.000335s ]
ERR: 娉杞芥ā:Forum

[ 2017-02-06T10:26:06+08:00 ] 123.125.51.231 http://106.2.112.147/proxyip/check
INFO: [ app_init ] --START--
INFO: Run Behavior\BuildLiteBehavior [ RunTime:0.000018s ]
INFO: [ app_init ] --END-- [ RunTime:0.000379s ]
ERR: 娉杞芥ā:Proxyip

[ 2017-02-06T11:15:37+08:00 ] 106.38.230.190 http://106.2.112.147/proxyip/check
INFO: [ app_init ] --START--
INFO: Run Behavior\BuildLiteBehavior [ RunTime:0.000019s ]
INFO: [ app_init ] --END-- [ RunTime:0.000384s ]
ERR: 娉杞芥ā:Proxyip

[ 2017-02-06T12:12:23+08:00 ] 140.205.201.32 /cdakqvrnlbtg
INFO: [ app_init ] --START--
INFO: Run Behavior\BuildLiteBehavior [ RunTime:0.000021s ]
INFO: [ app_init ] --END-- [ RunTime:0.000339s ]
ERR: 娉杞芥ā:Cdakqvrnlbtg

[ 2017-02-06T12:12:23+08:00 ] 140.205.201.32 /cdakqvrnlbtg
INFO: [ app_init ] --START--
INFO: Run Behavior\BuildLiteBehavior [ RunTime:0.000020s ]
INFO: [ app_init ] --END-- [ RunTime:0.000331s ]
ERR: 娉杞芥ā:Cdakqvrnlbtg

[ 2017-02-06T12:12:23+08:00 ] 140.205.201.32 /cdakqvrnlbtg
INFO: [ app_init ] --START--
INFO: Run Behavior\BuildLiteBehavior [ RunTime:0.000021s ]
INFO: [ app_init ] --END-- [ RunTime:0.000353s ]
ERR: 娉杞芥ā:Cdakqvrnlbtg

[ 2017-02-06T12:12:34+08:00 ] 140.205.201.32 /about/
INFO: [ app_init ] --START--
INFO: Run Behavior\BuildLiteBehavior [ RunTime:0.000016s ]
INFO: [ app_init ] --END-- [ RunTime:0.000379s ]
ERR: 娉杞芥ā:About

[ 2017-02-06T12:15:09+08:00 ] 140.205.201.32 /clusters.jsf
INFO: [ app_init ] --START--
INFO: Run Behavior\BuildLiteBehavior [ RunTime:0.000020s ]
INFO: [ app_init ] --END-- [ RunTime:0.000380s ]
ERR: 娉杞芥ā:Clusters

[ 2017-02-06T12:24:30+08:00 ] 140.205.201.32 /hwi/
INFO: [ app_init ] --START--
INFO: Run Behavior\BuildLiteBehavior [ RunTime:0.000020s ]
INFO: [ app_init ] --END-- [ RunTime:0.000333s ]
ERR: 娉杞芥ā:Hwi

[ 2017-02-06T12:52:29+08:00 ] 123.125.51.231 http://106.2.112.147/proxyip/check
INFO: [ app_init ] --START--
INFO: Run Behavior\BuildLiteBehavior [ RunTime:0.000032s ]
INFO: [ app_init ] --END-- [ RunTime:0.000537s ]
ERR: 娉杞芥ā:Proxyip

[ 2017-02-06T13:01:02+08:00 ] 42.236.99.9 /robots.txt
INFO: [ app_init ] --START--
INFO: Run Behavior\BuildLiteBehavior [ RunTime:0.000019s ]
INFO: [ app_init ] --END-- [ RunTime:0.000326s ]
ERR: 娉杞芥ā:Robots

[ 2017-02-06T13:13:56+08:00 ] 203.208.60.235 /robots.txt
INFO: [ app_init ] --START--
INFO: Run Behavior\BuildLiteBehavior [ RunTime:0.000020s ]
INFO: [ app_init ] --END-- [ RunTime:0.000330s ]
ERR: 娉杞芥ā:Robots

[ 2017-02-06T13:16:59+08:00 ] 140.205.201.32 /jobs/
INFO: [ app_init ] --START--
INFO: Run Behavior\BuildLiteBehavior [ RunTime:0.000018s ]
INFO: [ app_init ] --END-- [ RunTime:0.000315s ]
ERR: 娉杞芥ā:Jobs

[ 2017-02-06T13:20:17+08:00 ] 140.205.201.32 /ganglia/index.php
INFO: [ app_init ] --START--
INFO: Run Behavior\BuildLiteBehavior [ RunTime:0.000015s ]
INFO: [ app_init ] --END-- [ RunTime:0.000307s ]
ERR: 娉杞芥ā:Ganglia

[ 2017-02-06T13:36:10+08:00 ] 140.205.201.32 /rs-status
INFO: [ app_init ] --START--
INFO: Run Behavior\BuildLiteBehavior [ RunTime:0.000022s ]
INFO: [ app_init ] --END-- [ RunTime:0.000374s ]
ERR: 娉杞芥ā:Rs-status

[ 2017-02-06T13:48:19+08:00 ] 140.205.201.32 /master-status
INFO: [ app_init ] --START--
INFO: Run Behavior\BuildLiteBehavior [ RunTime:0.000021s ]
INFO: [ app_init ] --END-- [ RunTime:0.000377s ]
ERR: 娉杞芥ā:Master-status

[ 2017-02-06T13:50:09+08:00 ] 140.205.201.32 /warning
INFO: [ app_init ] --START--
INFO: Run Behavior\BuildLiteBehavior [ RunTime:0.000019s ]
INFO: [ app_init ] --END-- [ RunTime:0.000322s ]
ERR: 娉杞芥ā:Warning

[ 2017-02-06T13:50:12+08:00 ] 140.205.201.32 /pleasereadthis
INFO: [ app_init ] --START--
INFO: Run Behavior\BuildLiteBehavior [ RunTime:0.000017s ]
INFO: [ app_init ] --END-- [ RunTime:0.000315s ]
ERR: 娉杞芥ā:Pleasereadthis

[ 2017-02-06T13:50:14+08:00 ] 140.205.201.32 /please_read/_search
INFO: [ app_init ] --START--
INFO: Run Behavior\BuildLiteBehavior [ RunTime:0.000020s ]
INFO: [ app_init ] --END-- [ RunTime:0.000328s ]
ERR: 娉杞芥ā:Please_read

[ 2017-02-06T13:50:15+08:00 ] 140.205.201.32 /dfshealth.jsp
INFO: [ app_init ] --START--
INFO: Run Behavior\BuildLiteBehavior [ RunTime:0.000015s ]
INFO: [ app_init ] --END-- [ RunTime:0.000380s ]
ERR: 娉杞芥ā:Dfshealth

[ 2017-02-06T13:50:18+08:00 ] 140.205.201.32 /hadoop/dfshealth.jsp
INFO: [ app_init ] --START--
INFO: Run Behavior\BuildLiteBehavior [ RunTime:0.000019s ]
INFO: [ app_init ] --END-- [ RunTime:0.000326s ]
ERR: 娉杞芥ā:Hadoop

[ 2017-02-06T13:50:20+08:00 ] 140.205.201.32 /solr/
INFO: [ app_init ] --START--
INFO: Run Behavior\BuildLiteBehavior [ RunTime:0.000023s ]
INFO: [ app_init ] --END-- [ RunTime:0.000352s ]
ERR: 娉杞芥ā:Solr

[ 2017-02-06T13:50:25+08:00 ] 140.205.201.32 /info
INFO: [ app_init ] --START--
INFO: Run Behavior\BuildLiteBehavior [ RunTime:0.000020s ]
INFO: [ app_init ] --END-- [ RunTime:0.000326s ]
ERR: 娉杞芥ā:Info

[ 2017-02-06T13:50:29+08:00 ] 140.205.201.32 /dfshealth.html
INFO: [ app_init ] --START--
INFO: Run Behavior\BuildLiteBehavior [ RunTime:0.000021s ]
INFO: [ app_init ] --END-- [ RunTime:0.000329s ]
ERR: 娉杞芥ā:Dfshealth

[ 2017-02-06T13:50:33+08:00 ] 140.205.201.32 /admin/
INFO: [ app_init ] --START--
INFO: Run Behavior\BuildLiteBehavior [ RunTime:0.000015s ]
INFO: [ app_init ] --END-- [ RunTime:0.000304s ]
ERR: 娉杞芥ā:Admin

[ 2017-02-06T14:27:42+08:00 ] 123.125.51.231 http://106.2.112.147/proxyip/check
INFO: [ app_init ] --START--
INFO: Run Behavior\BuildLiteBehavior [ RunTime:0.000103s ]
INFO: [ app_init ] --END-- [ RunTime:0.000481s ]
ERR: 娉杞芥ā:Proxyip

[ 2017-02-06T14:30:48+08:00 ] 114.215.239.201 /admin
INFO: [ app_init ] --START--
INFO: Run Behavior\BuildLiteBehavior [ RunTime:0.000021s ]
INFO: [ app_init ] --END-- [ RunTime:0.000340s ]
ERR: 娉杞芥ā:Admin

[ 2017-02-06T14:55:05+08:00 ] 120.76.127.109 /manager/html
INFO: [ app_init ] --START--
INFO: Run Behavior\BuildLiteBehavior [ RunTime:0.000024s ]
INFO: [ app_init ] --END-- [ RunTime:0.000417s ]
ERR: 娉杞芥ā:Manager

[ 2017-02-06T15:35:14+08:00 ] 80.82.78.38 http://www.baidu.com/cache/global/img/gs.gif
INFO: [ app_init ] --START--
INFO: Run Behavior\BuildLiteBehavior [ RunTime:0.000021s ]
INFO: [ app_init ] --END-- [ RunTime:0.000335s ]
ERR: 娉杞芥ā:Cache

[ 2017-02-06T16:02:38+08:00 ] 106.38.230.190 http://106.2.112.147/proxyip/check
INFO: [ app_init ] --START--
INFO: Run Behavior\BuildLiteBehavior [ RunTime:0.000017s ]
INFO: [ app_init ] --END-- [ RunTime:0.000355s ]
ERR: 娉杞芥ā:Proxyip

[ 2017-02-06T16:06:18+08:00 ] 106.120.173.109 /robots.txt
INFO: [ app_init ] --START--
INFO: Run Behavior\BuildLiteBehavior [ RunTime:0.000020s ]
INFO: [ app_init ] --END-- [ RunTime:0.000349s ]
ERR: 娉杞芥ā:Robots

[ 2017-02-06T17:30:07+08:00 ] 46.17.99.88 /forum.php?mod=viewthread
INFO: [ app_init ] --START--
INFO: Run Behavior\BuildLiteBehavior [ RunTime:0.000016s ]
INFO: [ app_init ] --END-- [ RunTime:0.000404s ]
ERR: 娉杞芥ā:Forum

[ 2017-02-06T17:36:42+08:00 ] 27.153.159.63 /member.php?mod=logging&action=login&infloat=yes&handlekey=login&inajax=1&ajaxtarget=fwin_content_login
INFO: [ app_init ] --START--
INFO: Run Behavior\BuildLiteBehavior [ RunTime:0.000025s ]
INFO: [ app_init ] --END-- [ RunTime:0.000491s ]
ERR: 娉杞芥ā:Member

[ 2017-02-06T17:36:42+08:00 ] 27.153.159.63 /member.php?mod=logging&action=login&infloat=yes&handlekey=login&inajax=1&ajaxtarget=fwin_content_login
INFO: [ app_init ] --START--
INFO: Run Behavior\BuildLiteBehavior [ RunTime:0.000023s ]
INFO: [ app_init ] --END-- [ RunTime:0.000359s ]
ERR: 娉杞芥ā:Member

[ 2017-02-06T17:36:42+08:00 ] 27.153.159.63 /member.php?mod=logging&action=login&infloat=yes&handlekey=login&inajax=1&ajaxtarget=fwin_content_login
INFO: [ app_init ] --START--
INFO: Run Behavior\BuildLiteBehavior [ RunTime:0.000028s ]
INFO: [ app_init ] --END-- [ RunTime:0.000477s ]
ERR: 娉杞芥ā:Member

[ 2017-02-06T17:36:43+08:00 ] 27.153.159.63 /member.php?mod=logging&action=login&infloat=yes&handlekey=login&inajax=1&ajaxtarget=fwin_content_login
INFO: [ app_init ] --START--
INFO: Run Behavior\BuildLiteBehavior [ RunTime:0.000021s ]
INFO: [ app_init ] --END-- [ RunTime:0.000387s ]
ERR: 娉杞芥ā:Member

[ 2017-02-06T17:36:43+08:00 ] 27.153.159.63 /member.php?mod=logging&action=login&infloat=yes&handlekey=login&inajax=1&ajaxtarget=fwin_content_login
INFO: [ app_init ] --START--
INFO: Run Behavior\BuildLiteBehavior [ RunTime:0.000019s ]
INFO: [ app_init ] --END-- [ RunTime:0.000372s ]
ERR: 娉杞芥ā:Member

[ 2017-02-06T17:36:43+08:00 ] 27.153.159.63 /member.php?mod=logging&action=login&infloat=yes&handlekey=login&inajax=1&ajaxtarget=fwin_content_login
INFO: [ app_init ] --START--
INFO: Run Behavior\BuildLiteBehavior [ RunTime:0.000022s ]
INFO: [ app_init ] --END-- [ RunTime:0.000352s ]
ERR: 娉杞芥ā:Member

[ 2017-02-06T17:39:11+08:00 ] 106.38.230.190 http://106.2.112.147/proxyip/check
INFO: [ app_init ] --START--
INFO: Run Behavior\BuildLiteBehavior [ RunTime:0.000028s ]
INFO: [ app_init ] --END-- [ RunTime:0.000579s ]
ERR: 娉杞芥ā:Proxyip

[ 2017-02-06T18:01:46+08:00 ] 207.46.13.228 /robots.txt
INFO: [ app_init ] --START--
INFO: Run Behavior\BuildLiteBehavior [ RunTime:0.000022s ]
INFO: [ app_init ] --END-- [ RunTime:0.000364s ]
ERR: 娉杞芥ā:Robots

[ 2017-02-06T18:46:46+08:00 ] 106.38.231.218 http://106.2.112.147/proxyip/check
INFO: [ app_init ] --START--
INFO: Run Behavior\BuildLiteBehavior [ RunTime:0.000021s ]
INFO: [ app_init ] --END-- [ RunTime:0.000385s ]
ERR: 娉杞芥ā:Proxyip

[ 2017-02-06T20:26:15+08:00 ] 123.126.94.201 http://106.2.112.147/proxyip/check
INFO: [ app_init ] --START--
INFO: Run Behavior\BuildLiteBehavior [ RunTime:0.000022s ]
INFO: [ app_init ] --END-- [ RunTime:0.000492s ]
ERR: 娉杞芥ā:Proxyip

[ 2017-02-06T20:33:11+08:00 ] 171.115.192.228 /favicon.ico
INFO: [ app_init ] --START--
INFO: Run Behavior\BuildLiteBehavior [ RunTime:0.000019s ]
INFO: [ app_init ] --END-- [ RunTime:0.000348s ]
ERR: 娉杞芥ā:Favicon

[ 2017-02-06T20:46:28+08:00 ] 118.193.212.124 /script
INFO: [ app_init ] --START--
INFO: Run Behavior\BuildLiteBehavior [ RunTime:0.000038s ]
INFO: [ app_init ] --END-- [ RunTime:0.000655s ]
ERR: 娉杞芥ā:Script

[ 2017-02-06T21:22:25+08:00 ] 180.76.15.135 /forum.php?mod=viewthread&tid=43803
INFO: [ app_init ] --START--
INFO: Run Behavior\BuildLiteBehavior [ RunTime:0.000023s ]
INFO: [ app_init ] --END-- [ RunTime:0.000438s ]
ERR: 娉杞芥ā:Forum

[ 2017-02-06T22:02:10+08:00 ] 76.9.5.174 /recordings/
INFO: [ app_init ] --START--
INFO: Run Behavior\BuildLiteBehavior [ RunTime:0.000020s ]
INFO: [ app_init ] --END-- [ RunTime:0.000331s ]
ERR: 娉杞芥ā:Recordings

[ 2017-02-06T22:06:29+08:00 ] 123.126.94.252 http://106.2.112.147/proxyip/check
INFO: [ app_init ] --START--
INFO: Run Behavior\BuildLiteBehavior [ RunTime:0.000020s ]
INFO: [ app_init ] --END-- [ RunTime:0.000369s ]
ERR: 娉杞芥ā:Proxyip

[ 2017-02-06T22:45:56+08:00 ] 185.25.148.240 http://testp3.pospr.waw.pl/testproxy.php
INFO: [ app_init ] --START--
INFO: Run Behavior\BuildLiteBehavior [ RunTime:0.000021s ]
INFO: [ app_init ] --END-- [ RunTime:0.000322s ]
ERR: 娉杞芥ā:Testproxy

[ 2017-02-06T23:12:42+08:00 ] 36.57.146.186 /member.php?mod=logging&action=login
INFO: [ app_init ] --START--
INFO: Run Behavior\BuildLiteBehavior [ RunTime:0.000022s ]
INFO: [ app_init ] --END-- [ RunTime:0.000334s ]
ERR: 娉杞芥ā:Member

[ 2017-02-06T23:12:42+08:00 ] 36.57.146.186 /member.php?mod=register
INFO: [ app_init ] --START--
INFO: Run Behavior\BuildLiteBehavior [ RunTime:0.000022s ]
INFO: [ app_init ] --END-- [ RunTime:0.000351s ]
ERR: 娉杞芥ā:Member

[ 2017-02-06T23:41:01+08:00 ] 36.57.146.186 /member.php?mod=logging&action=login
INFO: [ app_init ] --START--
INFO: Run Behavior\BuildLiteBehavior [ RunTime:0.000016s ]
INFO: [ app_init ] --END-- [ RunTime:0.000323s ]
ERR: 娉杞芥ā:Member

[ 2017-02-06T23:41:01+08:00 ] 36.57.146.186 /member.php?mod=register
INFO: [ app_init ] --START--
INFO: Run Behavior\BuildLiteBehavior [ RunTime:0.000022s ]
INFO: [ app_init ] --END-- [ RunTime:0.000356s ]
ERR: 娉杞芥ā:Member

[ 2017-02-06T23:46:41+08:00 ] 123.126.94.252 http://106.2.112.147/proxyip/check
INFO: [ app_init ] --START--
INFO: Run Behavior\BuildLiteBehavior [ RunTime:0.000016s ]
INFO: [ app_init ] --END-- [ RunTime:0.000374s ]
ERR: 娉杞芥ā:Proxyip

